<?xml version="1.0" encoding="UTF-8"?>
<testsuite xmlns:xsi="http://www.w3.org/2001/XMLSchema-instance" xsi:noNamespaceSchemaLocation="https://maven.apache.org/surefire/maven-surefire-plugin/xsd/surefire-test-report-3.0.xsd" version="3.0" name="com.apiTests.runner.RunCucumberTest" time="40.474" tests="39" errors="0" skipped="0" failures="2">
  <properties>
    <property name="java.specification.version" value="22"/>
    <property name="sun.cpu.isalist" value="amd64"/>
    <property name="sun.jnu.encoding" value="Cp1254"/>
    <property name="java.class.path" value="C:\Users\ALIRIZA\Desktop\api-test-otomasyonu\target\test-classes;C:\Users\ALIRIZA\Desktop\api-test-otomasyonu\target\classes;C:\Users\ALIRIZA\.m2\repository\io\cucumber\messages\24.0.0\messages-24.0.0.jar;C:\Users\ALIRIZA\.m2\repository\io\cucumber\gherkin\26.2.0\gherkin-26.2.0.jar;C:\Users\ALIRIZA\.m2\repository\io\cucumber\cucumber-java\7.20.1\cucumber-java-7.20.1.jar;C:\Users\ALIRIZA\.m2\repository\io\cucumber\cucumber-core\7.20.1\cucumber-core-7.20.1.jar;C:\Users\ALIRIZA\.m2\repository\io\cucumber\cucumber-gherkin\7.20.1\cucumber-gherkin-7.20.1.jar;C:\Users\ALIRIZA\.m2\repository\io\cucumber\cucumber-gherkin-messages\7.20.1\cucumber-gherkin-messages-7.20.1.jar;C:\Users\ALIRIZA\.m2\repository\io\cucumber\testng-xml-formatter\0.2.0\testng-xml-formatter-0.2.0.jar;C:\Users\ALIRIZA\.m2\repository\io\cucumber\query\12.2.0\query-12.2.0.jar;C:\Users\ALIRIZA\.m2\repository\io\cucumber\tag-expressions\6.1.0\tag-expressions-6.1.0.jar;C:\Users\ALIRIZA\.m2\repository\io\cucumber\cucumber-expressions\17.1.0\cucumber-expressions-17.1.0.jar;C:\Users\ALIRIZA\.m2\repository\io\cucumber\datatable\7.20.1\datatable-7.20.1.jar;C:\Users\ALIRIZA\.m2\repository\io\cucumber\cucumber-plugin\7.20.1\cucumber-plugin-7.20.1.jar;C:\Users\ALIRIZA\.m2\repository\io\cucumber\docstring\7.20.1\docstring-7.20.1.jar;C:\Users\ALIRIZA\.m2\repository\io\cucumber\html-formatter\21.7.0\html-formatter-21.7.0.jar;C:\Users\ALIRIZA\.m2\repository\io\cucumber\junit-xml-formatter\0.5.0\junit-xml-formatter-0.5.0.jar;C:\Users\ALIRIZA\.m2\repository\io\cucumber\ci-environment\10.0.1\ci-environment-10.0.1.jar;C:\Users\ALIRIZA\.m2\repository\org\apiguardian\apiguardian-api\1.1.2\apiguardian-api-1.1.2.jar;C:\Users\ALIRIZA\.m2\repository\io\cucumber\cucumber-junit\7.20.1\cucumber-junit-7.20.1.jar;C:\Users\ALIRIZA\.m2\repository\io\rest-assured\rest-assured\5.3.0\rest-assured-5.3.0.jar;C:\Users\ALIRIZA\.m2\repository\org\apache\groovy\groovy\4.0.6\groovy-4.0.6.jar;C:\Users\ALIRIZA\.m2\repository\org\apache\groovy\groovy-xml\4.0.6\groovy-xml-4.0.6.jar;C:\Users\ALIRIZA\.m2\repository\org\apache\httpcomponents\httpclient\4.5.13\httpclient-4.5.13.jar;C:\Users\ALIRIZA\.m2\repository\org\apache\httpcomponents\httpcore\4.4.13\httpcore-4.4.13.jar;C:\Users\ALIRIZA\.m2\repository\commons-logging\commons-logging\1.2\commons-logging-1.2.jar;C:\Users\ALIRIZA\.m2\repository\commons-codec\commons-codec\1.11\commons-codec-1.11.jar;C:\Users\ALIRIZA\.m2\repository\org\apache\httpcomponents\httpmime\4.5.13\httpmime-4.5.13.jar;C:\Users\ALIRIZA\.m2\repository\org\hamcrest\hamcrest\2.1\hamcrest-2.1.jar;C:\Users\ALIRIZA\.m2\repository\org\ccil\cowan\tagsoup\tagsoup\1.2.1\tagsoup-1.2.1.jar;C:\Users\ALIRIZA\.m2\repository\io\rest-assured\json-path\5.3.0\json-path-5.3.0.jar;C:\Users\ALIRIZA\.m2\repository\org\apache\groovy\groovy-json\4.0.6\groovy-json-4.0.6.jar;C:\Users\ALIRIZA\.m2\repository\io\rest-assured\rest-assured-common\5.3.0\rest-assured-common-5.3.0.jar;C:\Users\ALIRIZA\.m2\repository\io\rest-assured\xml-path\5.3.0\xml-path-5.3.0.jar;C:\Users\ALIRIZA\.m2\repository\io\rest-assured\json-schema-validator\5.3.0\json-schema-validator-5.3.0.jar;C:\Users\ALIRIZA\.m2\repository\com\github\java-json-tools\json-schema-validator\2.2.14\json-schema-validator-2.2.14.jar;C:\Users\ALIRIZA\.m2\repository\com\github\java-json-tools\jackson-coreutils-equivalence\1.0\jackson-coreutils-equivalence-1.0.jar;C:\Users\ALIRIZA\.m2\repository\com\github\java-json-tools\jackson-coreutils\2.0\jackson-coreutils-2.0.jar;C:\Users\ALIRIZA\.m2\repository\com\github\java-json-tools\msg-simple\1.2\msg-simple-1.2.jar;C:\Users\ALIRIZA\.m2\repository\com\github\java-json-tools\btf\1.3\btf-1.3.jar;C:\Users\ALIRIZA\.m2\repository\com\github\java-json-tools\json-schema-core\1.2.14\json-schema-core-1.2.14.jar;C:\Users\ALIRIZA\.m2\repository\com\github\java-json-tools\uri-template\0.10\uri-template-0.10.jar;C:\Users\ALIRIZA\.m2\repository\org\mozilla\rhino\1.7.7.2\rhino-1.7.7.2.jar;C:\Users\ALIRIZA\.m2\repository\com\sun\mail\mailapi\1.6.2\mailapi-1.6.2.jar;C:\Users\ALIRIZA\.m2\repository\joda-time\joda-time\2.10.5\joda-time-2.10.5.jar;C:\Users\ALIRIZA\.m2\repository\com\googlecode\libphonenumber\libphonenumber\8.11.1\libphonenumber-8.11.1.jar;C:\Users\ALIRIZA\.m2\repository\com\google\code\findbugs\jsr305\3.0.2\jsr305-3.0.2.jar;C:\Users\ALIRIZA\.m2\repository\net\sf\jopt-simple\jopt-simple\5.0.4\jopt-simple-5.0.4.jar;C:\Users\ALIRIZA\.m2\repository\junit\junit\4.13.2\junit-4.13.2.jar;C:\Users\ALIRIZA\.m2\repository\org\hamcrest\hamcrest-core\1.3\hamcrest-core-1.3.jar;C:\Users\ALIRIZA\.m2\repository\io\qameta\allure\allure-cucumber7-jvm\2.27.0\allure-cucumber7-jvm-2.27.0.jar;C:\Users\ALIRIZA\.m2\repository\io\qameta\allure\allure-java-commons\2.27.0\allure-java-commons-2.27.0.jar;C:\Users\ALIRIZA\.m2\repository\io\qameta\allure\allure-model\2.27.0\allure-model-2.27.0.jar;C:\Users\ALIRIZA\.m2\repository\io\qameta\allure\allure-junit5\2.27.0\allure-junit5-2.27.0.jar;C:\Users\ALIRIZA\.m2\repository\io\qameta\allure\allure-junit-platform\2.27.0\allure-junit-platform-2.27.0.jar;C:\Users\ALIRIZA\.m2\repository\io\qameta\allure\allure-test-filter\2.27.0\allure-test-filter-2.27.0.jar;C:\Users\ALIRIZA\.m2\repository\org\junit\jupiter\junit-jupiter-api\5.9.2\junit-jupiter-api-5.9.2.jar;C:\Users\ALIRIZA\.m2\repository\org\opentest4j\opentest4j\1.2.0\opentest4j-1.2.0.jar;C:\Users\ALIRIZA\.m2\repository\org\junit\platform\junit-platform-commons\1.9.2\junit-platform-commons-1.9.2.jar;C:\Users\ALIRIZA\.m2\repository\org\junit\platform\junit-platform-launcher\1.9.2\junit-platform-launcher-1.9.2.jar;C:\Users\ALIRIZA\.m2\repository\org\junit\platform\junit-platform-engine\1.9.2\junit-platform-engine-1.9.2.jar;C:\Users\ALIRIZA\.m2\repository\io\qameta\allure\allure-rest-assured\2.27.0\allure-rest-assured-2.27.0.jar;C:\Users\ALIRIZA\.m2\repository\io\qameta\allure\allure-attachments\2.27.0\allure-attachments-2.27.0.jar;C:\Users\ALIRIZA\.m2\repository\org\freemarker\freemarker\2.3.31\freemarker-2.3.31.jar;C:\Users\ALIRIZA\.m2\repository\org\apache\logging\log4j\log4j-api\2.23.1\log4j-api-2.23.1.jar;C:\Users\ALIRIZA\.m2\repository\org\apache\logging\log4j\log4j-core\2.23.1\log4j-core-2.23.1.jar;C:\Users\ALIRIZA\.m2\repository\org\apache\logging\log4j\log4j-slf4j-impl\2.23.1\log4j-slf4j-impl-2.23.1.jar;C:\Users\ALIRIZA\.m2\repository\org\slf4j\slf4j-api\1.7.36\slf4j-api-1.7.36.jar;C:\Users\ALIRIZA\.m2\repository\org\json\json\20231013\json-20231013.jar;C:\Users\ALIRIZA\.m2\repository\com\fasterxml\jackson\core\jackson-databind\2.17.2\jackson-databind-2.17.2.jar;C:\Users\ALIRIZA\.m2\repository\com\fasterxml\jackson\core\jackson-annotations\2.17.2\jackson-annotations-2.17.2.jar;C:\Users\ALIRIZA\.m2\repository\com\fasterxml\jackson\core\jackson-core\2.17.2\jackson-core-2.17.2.jar;C:\Users\ALIRIZA\.m2\repository\org\mock-server\mockserver-netty\5.13.2\mockserver-netty-5.13.2.jar;C:\Users\ALIRIZA\.m2\repository\org\mock-server\mockserver-core\5.13.2\mockserver-core-5.13.2.jar;C:\Users\ALIRIZA\.m2\repository\com\lmax\disruptor\3.4.4\disruptor-3.4.4.jar;C:\Users\ALIRIZA\.m2\repository\javax\servlet\javax.servlet-api\4.0.1\javax.servlet-api-4.0.1.jar;C:\Users\ALIRIZA\.m2\repository\io\netty\netty-codec-socks\4.1.75.Final\netty-codec-socks-4.1.75.Final.jar;C:\Users\ALIRIZA\.m2\repository\io\netty\netty-handler-proxy\4.1.75.Final\netty-handler-proxy-4.1.75.Final.jar;C:\Users\ALIRIZA\.m2\repository\com\jcraft\jzlib\1.1.3\jzlib-1.1.3.jar;C:\Users\ALIRIZA\.m2\repository\com\fasterxml\uuid\java-uuid-generator\4.0.1\java-uuid-generator-4.0.1.jar;C:\Users\ALIRIZA\.m2\repository\org\bouncycastle\bcprov-jdk15on\1.70\bcprov-jdk15on-1.70.jar;C:\Users\ALIRIZA\.m2\repository\org\bouncycastle\bcpkix-jdk15on\1.70\bcpkix-jdk15on-1.70.jar;C:\Users\ALIRIZA\.m2\repository\org\bouncycastle\bcutil-jdk15on\1.70\bcutil-jdk15on-1.70.jar;C:\Users\ALIRIZA\.m2\repository\com\nimbusds\nimbus-jose-jwt\9.21\nimbus-jose-jwt-9.21.jar;C:\Users\ALIRIZA\.m2\repository\com\github\stephenc\jcip\jcip-annotations\1.0-1\jcip-annotations-1.0-1.jar;C:\Users\ALIRIZA\.m2\repository\org\apache\velocity\velocity-engine-scripting\2.3\velocity-engine-scripting-2.3.jar;C:\Users\ALIRIZA\.m2\repository\org\apache\velocity\velocity-engine-core\2.3\velocity-engine-core-2.3.jar;C:\Users\ALIRIZA\.m2\repository\org\apache\velocity\tools\velocity-tools-generic\3.1\velocity-tools-generic-3.1.jar;C:\Users\ALIRIZA\.m2\repository\org\apache\commons\commons-digester3\3.2\commons-digester3-3.2.jar;C:\Users\ALIRIZA\.m2\repository\com\github\cliftonlabs\json-simple\3.0.2\json-simple-3.0.2.jar;C:\Users\ALIRIZA\.m2\repository\com\samskivert\jmustache\1.15\jmustache-1.15.jar;C:\Users\ALIRIZA\.m2\repository\net\javacrumbs\json-unit\json-unit-core\2.33.0\json-unit-core-2.33.0.jar;C:\Users\ALIRIZA\.m2\repository\com\networknt\json-schema-validator\1.0.68\json-schema-validator-1.0.68.jar;C:\Users\ALIRIZA\.m2\repository\com\ethlo\time\itu\1.5.1\itu-1.5.1.jar;C:\Users\ALIRIZA\.m2\repository\com\jayway\jsonpath\json-path\2.7.0\json-path-2.7.0.jar;C:\Users\ALIRIZA\.m2\repository\net\minidev\json-smart\2.4.7\json-smart-2.4.7.jar;C:\Users\ALIRIZA\.m2\repository\net\minidev\accessors-smart\2.4.7\accessors-smart-2.4.7.jar;C:\Users\ALIRIZA\.m2\repository\org\ow2\asm\asm\9.1\asm-9.1.jar;C:\Users\ALIRIZA\.m2\repository\io\swagger\parser\v3\swagger-parser\2.0.32\swagger-parser-2.0.32.jar;C:\Users\ALIRIZA\.m2\repository\io\swagger\parser\v3\swagger-parser-v2-converter\2.0.32\swagger-parser-v2-converter-2.0.32.jar;C:\Users\ALIRIZA\.m2\repository\io\swagger\swagger-core\1.6.6\swagger-core-1.6.6.jar;C:\Users\ALIRIZA\.m2\repository\io\swagger\swagger-models\1.6.6\swagger-models-1.6.6.jar;C:\Users\ALIRIZA\.m2\repository\io\swagger\swagger-annotations\1.6.6\swagger-annotations-1.6.6.jar;C:\Users\ALIRIZA\.m2\repository\io\swagger\swagger-parser\1.0.59\swagger-parser-1.0.59.jar;C:\Users\ALIRIZA\.m2\repository\io\swagger\swagger-compat-spec-parser\1.0.59\swagger-compat-spec-parser-1.0.59.jar;C:\Users\ALIRIZA\.m2\repository\com\github\java-json-tools\json-patch\1.13\json-patch-1.13.jar;C:\Users\ALIRIZA\.m2\repository\io\swagger\core\v3\swagger-models\2.2.0\swagger-models-2.2.0.jar;C:\Users\ALIRIZA\.m2\repository\io\swagger\parser\v3\swagger-parser-core\2.0.32\swagger-parser-core-2.0.32.jar;C:\Users\ALIRIZA\.m2\repository\io\swagger\parser\v3\swagger-parser-v3\2.0.32\swagger-parser-v3-2.0.32.jar;C:\Users\ALIRIZA\.m2\repository\io\swagger\core\v3\swagger-core\2.2.0\swagger-core-2.2.0.jar;C:\Users\ALIRIZA\.m2\repository\com\fasterxml\jackson\datatype\jackson-datatype-jsr310\2.13.2\jackson-datatype-jsr310-2.13.2.jar;C:\Users\ALIRIZA\.m2\repository\io\swagger\core\v3\swagger-annotations\2.2.0\swagger-annotations-2.2.0.jar;C:\Users\ALIRIZA\.m2\repository\jakarta\validation\jakarta.validation-api\2.0.2\jakarta.validation-api-2.0.2.jar;C:\Users\ALIRIZA\.m2\repository\com\fasterxml\jackson\dataformat\jackson-dataformat-yaml\2.13.2\jackson-dataformat-yaml-2.13.2.jar;C:\Users\ALIRIZA\.m2\repository\org\yaml\snakeyaml\1.30\snakeyaml-1.30.jar;C:\Users\ALIRIZA\.m2\repository\jakarta\xml\bind\jakarta.xml.bind-api\3.0.1\jakarta.xml.bind-api-3.0.1.jar;C:\Users\ALIRIZA\.m2\repository\com\sun\activation\jakarta.activation\2.0.1\jakarta.activation-2.0.1.jar;C:\Users\ALIRIZA\.m2\repository\com\sun\xml\bind\jaxb-impl\3.0.2\jaxb-impl-3.0.2.jar;C:\Users\ALIRIZA\.m2\repository\com\sun\xml\bind\jaxb-core\3.0.2\jaxb-core-3.0.2.jar;C:\Users\ALIRIZA\.m2\repository\org\xmlunit\xmlunit-core\2.9.0\xmlunit-core-2.9.0.jar;C:\Users\ALIRIZA\.m2\repository\org\xmlunit\xmlunit-placeholders\2.9.0\xmlunit-placeholders-2.9.0.jar;C:\Users\ALIRIZA\.m2\repository\io\github\classgraph\classgraph\4.8.143\classgraph-4.8.143.jar;C:\Users\ALIRIZA\.m2\repository\io\netty\netty-buffer\4.1.75.Final\netty-buffer-4.1.75.Final.jar;C:\Users\ALIRIZA\.m2\repository\io\netty\netty-codec\4.1.75.Final\netty-codec-4.1.75.Final.jar;C:\Users\ALIRIZA\.m2\repository\io\netty\netty-codec-http\4.1.75.Final\netty-codec-http-4.1.75.Final.jar;C:\Users\ALIRIZA\.m2\repository\io\netty\netty-common\4.1.75.Final\netty-common-4.1.75.Final.jar;C:\Users\ALIRIZA\.m2\repository\io\netty\netty-handler\4.1.75.Final\netty-handler-4.1.75.Final.jar;C:\Users\ALIRIZA\.m2\repository\io\netty\netty-resolver\4.1.75.Final\netty-resolver-4.1.75.Final.jar;C:\Users\ALIRIZA\.m2\repository\io\netty\netty-transport\4.1.75.Final\netty-transport-4.1.75.Final.jar;C:\Users\ALIRIZA\.m2\repository\io\netty\netty-tcnative-boringssl-static\2.0.51.Final\netty-tcnative-boringssl-static-2.0.51.Final.jar;C:\Users\ALIRIZA\.m2\repository\io\netty\netty-tcnative-classes\2.0.51.Final\netty-tcnative-classes-2.0.51.Final.jar;C:\Users\ALIRIZA\.m2\repository\io\netty\netty-tcnative-boringssl-static\2.0.51.Final\netty-tcnative-boringssl-static-2.0.51.Final-linux-x86_64.jar;C:\Users\ALIRIZA\.m2\repository\io\netty\netty-tcnative-boringssl-static\2.0.51.Final\netty-tcnative-boringssl-static-2.0.51.Final-linux-aarch_64.jar;C:\Users\ALIRIZA\.m2\repository\io\netty\netty-tcnative-boringssl-static\2.0.51.Final\netty-tcnative-boringssl-static-2.0.51.Final-osx-x86_64.jar;C:\Users\ALIRIZA\.m2\repository\io\netty\netty-tcnative-boringssl-static\2.0.51.Final\netty-tcnative-boringssl-static-2.0.51.Final-osx-aarch_64.jar;C:\Users\ALIRIZA\.m2\repository\io\netty\netty-tcnative-boringssl-static\2.0.51.Final\netty-tcnative-boringssl-static-2.0.51.Final-windows-x86_64.jar;C:\Users\ALIRIZA\.m2\repository\commons-io\commons-io\2.11.0\commons-io-2.11.0.jar;C:\Users\ALIRIZA\.m2\repository\com\google\guava\guava\31.1-jre\guava-31.1-jre.jar;C:\Users\ALIRIZA\.m2\repository\com\google\guava\failureaccess\1.0.1\failureaccess-1.0.1.jar;C:\Users\ALIRIZA\.m2\repository\com\google\guava\listenablefuture\9999.0-empty-to-avoid-conflict-with-guava\listenablefuture-9999.0-empty-to-avoid-conflict-with-guava.jar;C:\Users\ALIRIZA\.m2\repository\org\checkerframework\checker-qual\3.12.0\checker-qual-3.12.0.jar;C:\Users\ALIRIZA\.m2\repository\com\google\errorprone\error_prone_annotations\2.11.0\error_prone_annotations-2.11.0.jar;C:\Users\ALIRIZA\.m2\repository\com\google\j2objc\j2objc-annotations\1.3\j2objc-annotations-1.3.jar;C:\Users\ALIRIZA\.m2\repository\org\mock-server\mockserver-client-java\5.13.2\mockserver-client-java-5.13.2.jar;C:\Users\ALIRIZA\.m2\repository\org\apache\commons\commons-lang3\3.12.0\commons-lang3-3.12.0.jar;C:\Users\ALIRIZA\.m2\repository\com\opencsv\opencsv\5.7.1\opencsv-5.7.1.jar;C:\Users\ALIRIZA\.m2\repository\org\apache\commons\commons-text\1.10.0\commons-text-1.10.0.jar;C:\Users\ALIRIZA\.m2\repository\commons-beanutils\commons-beanutils\1.9.4\commons-beanutils-1.9.4.jar;C:\Users\ALIRIZA\.m2\repository\commons-collections\commons-collections\3.2.2\commons-collections-3.2.2.jar;C:\Users\ALIRIZA\.m2\repository\org\apache\commons\commons-collections4\4.4\commons-collections4-4.4.jar;C:\Users\ALIRIZA\.m2\repository\org\testng\testng\7.7.0\testng-7.7.0.jar;C:\Users\ALIRIZA\.m2\repository\com\beust\jcommander\1.82\jcommander-1.82.jar;C:\Users\ALIRIZA\.m2\repository\org\webjars\jquery\3.6.1\jquery-3.6.1.jar;"/>
    <property name="java.vm.vendor" value="Oracle Corporation"/>
    <property name="sun.arch.data.model" value="64"/>
    <property name="user.variant" value=""/>
    <property name="java.vendor.url" value="https://java.oracle.com/"/>
    <property name="user.timezone" value="Asia/Baghdad"/>
    <property name="user.country.format" value="TR"/>
    <property name="os.name" value="Windows 10"/>
    <property name="java.vm.specification.version" value="22"/>
    <property name="sun.java.launcher" value="SUN_STANDARD"/>
    <property name="user.country" value="US"/>
    <property name="sun.boot.library.path" value="C:\Users\ALIRIZA\.jdks\openjdk-22.0.2\bin"/>
    <property name="sun.java.command" value="C:\Users\ALIRIZA\AppData\Local\Temp\surefire6871484834474551436\surefirebooter-20241205132019376_3.jar C:\Users\ALIRIZA\AppData\Local\Temp\surefire6871484834474551436 2024-12-05T13-20-19_098-jvmRun1 surefire-20241205132019376_1tmp surefire_0-20241205132019376_2tmp"/>
    <property name="jdk.debug" value="release"/>
    <property name="surefire.test.class.path" value="C:\Users\ALIRIZA\Desktop\api-test-otomasyonu\target\test-classes;C:\Users\ALIRIZA\Desktop\api-test-otomasyonu\target\classes;C:\Users\ALIRIZA\.m2\repository\io\cucumber\messages\24.0.0\messages-24.0.0.jar;C:\Users\ALIRIZA\.m2\repository\io\cucumber\gherkin\26.2.0\gherkin-26.2.0.jar;C:\Users\ALIRIZA\.m2\repository\io\cucumber\cucumber-java\7.20.1\cucumber-java-7.20.1.jar;C:\Users\ALIRIZA\.m2\repository\io\cucumber\cucumber-core\7.20.1\cucumber-core-7.20.1.jar;C:\Users\ALIRIZA\.m2\repository\io\cucumber\cucumber-gherkin\7.20.1\cucumber-gherkin-7.20.1.jar;C:\Users\ALIRIZA\.m2\repository\io\cucumber\cucumber-gherkin-messages\7.20.1\cucumber-gherkin-messages-7.20.1.jar;C:\Users\ALIRIZA\.m2\repository\io\cucumber\testng-xml-formatter\0.2.0\testng-xml-formatter-0.2.0.jar;C:\Users\ALIRIZA\.m2\repository\io\cucumber\query\12.2.0\query-12.2.0.jar;C:\Users\ALIRIZA\.m2\repository\io\cucumber\tag-expressions\6.1.0\tag-expressions-6.1.0.jar;C:\Users\ALIRIZA\.m2\repository\io\cucumber\cucumber-expressions\17.1.0\cucumber-expressions-17.1.0.jar;C:\Users\ALIRIZA\.m2\repository\io\cucumber\datatable\7.20.1\datatable-7.20.1.jar;C:\Users\ALIRIZA\.m2\repository\io\cucumber\cucumber-plugin\7.20.1\cucumber-plugin-7.20.1.jar;C:\Users\ALIRIZA\.m2\repository\io\cucumber\docstring\7.20.1\docstring-7.20.1.jar;C:\Users\ALIRIZA\.m2\repository\io\cucumber\html-formatter\21.7.0\html-formatter-21.7.0.jar;C:\Users\ALIRIZA\.m2\repository\io\cucumber\junit-xml-formatter\0.5.0\junit-xml-formatter-0.5.0.jar;C:\Users\ALIRIZA\.m2\repository\io\cucumber\ci-environment\10.0.1\ci-environment-10.0.1.jar;C:\Users\ALIRIZA\.m2\repository\org\apiguardian\apiguardian-api\1.1.2\apiguardian-api-1.1.2.jar;C:\Users\ALIRIZA\.m2\repository\io\cucumber\cucumber-junit\7.20.1\cucumber-junit-7.20.1.jar;C:\Users\ALIRIZA\.m2\repository\io\rest-assured\rest-assured\5.3.0\rest-assured-5.3.0.jar;C:\Users\ALIRIZA\.m2\repository\org\apache\groovy\groovy\4.0.6\groovy-4.0.6.jar;C:\Users\ALIRIZA\.m2\repository\org\apache\groovy\groovy-xml\4.0.6\groovy-xml-4.0.6.jar;C:\Users\ALIRIZA\.m2\repository\org\apache\httpcomponents\httpclient\4.5.13\httpclient-4.5.13.jar;C:\Users\ALIRIZA\.m2\repository\org\apache\httpcomponents\httpcore\4.4.13\httpcore-4.4.13.jar;C:\Users\ALIRIZA\.m2\repository\commons-logging\commons-logging\1.2\commons-logging-1.2.jar;C:\Users\ALIRIZA\.m2\repository\commons-codec\commons-codec\1.11\commons-codec-1.11.jar;C:\Users\ALIRIZA\.m2\repository\org\apache\httpcomponents\httpmime\4.5.13\httpmime-4.5.13.jar;C:\Users\ALIRIZA\.m2\repository\org\hamcrest\hamcrest\2.1\hamcrest-2.1.jar;C:\Users\ALIRIZA\.m2\repository\org\ccil\cowan\tagsoup\tagsoup\1.2.1\tagsoup-1.2.1.jar;C:\Users\ALIRIZA\.m2\repository\io\rest-assured\json-path\5.3.0\json-path-5.3.0.jar;C:\Users\ALIRIZA\.m2\repository\org\apache\groovy\groovy-json\4.0.6\groovy-json-4.0.6.jar;C:\Users\ALIRIZA\.m2\repository\io\rest-assured\rest-assured-common\5.3.0\rest-assured-common-5.3.0.jar;C:\Users\ALIRIZA\.m2\repository\io\rest-assured\xml-path\5.3.0\xml-path-5.3.0.jar;C:\Users\ALIRIZA\.m2\repository\io\rest-assured\json-schema-validator\5.3.0\json-schema-validator-5.3.0.jar;C:\Users\ALIRIZA\.m2\repository\com\github\java-json-tools\json-schema-validator\2.2.14\json-schema-validator-2.2.14.jar;C:\Users\ALIRIZA\.m2\repository\com\github\java-json-tools\jackson-coreutils-equivalence\1.0\jackson-coreutils-equivalence-1.0.jar;C:\Users\ALIRIZA\.m2\repository\com\github\java-json-tools\jackson-coreutils\2.0\jackson-coreutils-2.0.jar;C:\Users\ALIRIZA\.m2\repository\com\github\java-json-tools\msg-simple\1.2\msg-simple-1.2.jar;C:\Users\ALIRIZA\.m2\repository\com\github\java-json-tools\btf\1.3\btf-1.3.jar;C:\Users\ALIRIZA\.m2\repository\com\github\java-json-tools\json-schema-core\1.2.14\json-schema-core-1.2.14.jar;C:\Users\ALIRIZA\.m2\repository\com\github\java-json-tools\uri-template\0.10\uri-template-0.10.jar;C:\Users\ALIRIZA\.m2\repository\org\mozilla\rhino\1.7.7.2\rhino-1.7.7.2.jar;C:\Users\ALIRIZA\.m2\repository\com\sun\mail\mailapi\1.6.2\mailapi-1.6.2.jar;C:\Users\ALIRIZA\.m2\repository\joda-time\joda-time\2.10.5\joda-time-2.10.5.jar;C:\Users\ALIRIZA\.m2\repository\com\googlecode\libphonenumber\libphonenumber\8.11.1\libphonenumber-8.11.1.jar;C:\Users\ALIRIZA\.m2\repository\com\google\code\findbugs\jsr305\3.0.2\jsr305-3.0.2.jar;C:\Users\ALIRIZA\.m2\repository\net\sf\jopt-simple\jopt-simple\5.0.4\jopt-simple-5.0.4.jar;C:\Users\ALIRIZA\.m2\repository\junit\junit\4.13.2\junit-4.13.2.jar;C:\Users\ALIRIZA\.m2\repository\org\hamcrest\hamcrest-core\1.3\hamcrest-core-1.3.jar;C:\Users\ALIRIZA\.m2\repository\io\qameta\allure\allure-cucumber7-jvm\2.27.0\allure-cucumber7-jvm-2.27.0.jar;C:\Users\ALIRIZA\.m2\repository\io\qameta\allure\allure-java-commons\2.27.0\allure-java-commons-2.27.0.jar;C:\Users\ALIRIZA\.m2\repository\io\qameta\allure\allure-model\2.27.0\allure-model-2.27.0.jar;C:\Users\ALIRIZA\.m2\repository\io\qameta\allure\allure-junit5\2.27.0\allure-junit5-2.27.0.jar;C:\Users\ALIRIZA\.m2\repository\io\qameta\allure\allure-junit-platform\2.27.0\allure-junit-platform-2.27.0.jar;C:\Users\ALIRIZA\.m2\repository\io\qameta\allure\allure-test-filter\2.27.0\allure-test-filter-2.27.0.jar;C:\Users\ALIRIZA\.m2\repository\org\junit\jupiter\junit-jupiter-api\5.9.2\junit-jupiter-api-5.9.2.jar;C:\Users\ALIRIZA\.m2\repository\org\opentest4j\opentest4j\1.2.0\opentest4j-1.2.0.jar;C:\Users\ALIRIZA\.m2\repository\org\junit\platform\junit-platform-commons\1.9.2\junit-platform-commons-1.9.2.jar;C:\Users\ALIRIZA\.m2\repository\org\junit\platform\junit-platform-launcher\1.9.2\junit-platform-launcher-1.9.2.jar;C:\Users\ALIRIZA\.m2\repository\org\junit\platform\junit-platform-engine\1.9.2\junit-platform-engine-1.9.2.jar;C:\Users\ALIRIZA\.m2\repository\io\qameta\allure\allure-rest-assured\2.27.0\allure-rest-assured-2.27.0.jar;C:\Users\ALIRIZA\.m2\repository\io\qameta\allure\allure-attachments\2.27.0\allure-attachments-2.27.0.jar;C:\Users\ALIRIZA\.m2\repository\org\freemarker\freemarker\2.3.31\freemarker-2.3.31.jar;C:\Users\ALIRIZA\.m2\repository\org\apache\logging\log4j\log4j-api\2.23.1\log4j-api-2.23.1.jar;C:\Users\ALIRIZA\.m2\repository\org\apache\logging\log4j\log4j-core\2.23.1\log4j-core-2.23.1.jar;C:\Users\ALIRIZA\.m2\repository\org\apache\logging\log4j\log4j-slf4j-impl\2.23.1\log4j-slf4j-impl-2.23.1.jar;C:\Users\ALIRIZA\.m2\repository\org\slf4j\slf4j-api\1.7.36\slf4j-api-1.7.36.jar;C:\Users\ALIRIZA\.m2\repository\org\json\json\20231013\json-20231013.jar;C:\Users\ALIRIZA\.m2\repository\com\fasterxml\jackson\core\jackson-databind\2.17.2\jackson-databind-2.17.2.jar;C:\Users\ALIRIZA\.m2\repository\com\fasterxml\jackson\core\jackson-annotations\2.17.2\jackson-annotations-2.17.2.jar;C:\Users\ALIRIZA\.m2\repository\com\fasterxml\jackson\core\jackson-core\2.17.2\jackson-core-2.17.2.jar;C:\Users\ALIRIZA\.m2\repository\org\mock-server\mockserver-netty\5.13.2\mockserver-netty-5.13.2.jar;C:\Users\ALIRIZA\.m2\repository\org\mock-server\mockserver-core\5.13.2\mockserver-core-5.13.2.jar;C:\Users\ALIRIZA\.m2\repository\com\lmax\disruptor\3.4.4\disruptor-3.4.4.jar;C:\Users\ALIRIZA\.m2\repository\javax\servlet\javax.servlet-api\4.0.1\javax.servlet-api-4.0.1.jar;C:\Users\ALIRIZA\.m2\repository\io\netty\netty-codec-socks\4.1.75.Final\netty-codec-socks-4.1.75.Final.jar;C:\Users\ALIRIZA\.m2\repository\io\netty\netty-handler-proxy\4.1.75.Final\netty-handler-proxy-4.1.75.Final.jar;C:\Users\ALIRIZA\.m2\repository\com\jcraft\jzlib\1.1.3\jzlib-1.1.3.jar;C:\Users\ALIRIZA\.m2\repository\com\fasterxml\uuid\java-uuid-generator\4.0.1\java-uuid-generator-4.0.1.jar;C:\Users\ALIRIZA\.m2\repository\org\bouncycastle\bcprov-jdk15on\1.70\bcprov-jdk15on-1.70.jar;C:\Users\ALIRIZA\.m2\repository\org\bouncycastle\bcpkix-jdk15on\1.70\bcpkix-jdk15on-1.70.jar;C:\Users\ALIRIZA\.m2\repository\org\bouncycastle\bcutil-jdk15on\1.70\bcutil-jdk15on-1.70.jar;C:\Users\ALIRIZA\.m2\repository\com\nimbusds\nimbus-jose-jwt\9.21\nimbus-jose-jwt-9.21.jar;C:\Users\ALIRIZA\.m2\repository\com\github\stephenc\jcip\jcip-annotations\1.0-1\jcip-annotations-1.0-1.jar;C:\Users\ALIRIZA\.m2\repository\org\apache\velocity\velocity-engine-scripting\2.3\velocity-engine-scripting-2.3.jar;C:\Users\ALIRIZA\.m2\repository\org\apache\velocity\velocity-engine-core\2.3\velocity-engine-core-2.3.jar;C:\Users\ALIRIZA\.m2\repository\org\apache\velocity\tools\velocity-tools-generic\3.1\velocity-tools-generic-3.1.jar;C:\Users\ALIRIZA\.m2\repository\org\apache\commons\commons-digester3\3.2\commons-digester3-3.2.jar;C:\Users\ALIRIZA\.m2\repository\com\github\cliftonlabs\json-simple\3.0.2\json-simple-3.0.2.jar;C:\Users\ALIRIZA\.m2\repository\com\samskivert\jmustache\1.15\jmustache-1.15.jar;C:\Users\ALIRIZA\.m2\repository\net\javacrumbs\json-unit\json-unit-core\2.33.0\json-unit-core-2.33.0.jar;C:\Users\ALIRIZA\.m2\repository\com\networknt\json-schema-validator\1.0.68\json-schema-validator-1.0.68.jar;C:\Users\ALIRIZA\.m2\repository\com\ethlo\time\itu\1.5.1\itu-1.5.1.jar;C:\Users\ALIRIZA\.m2\repository\com\jayway\jsonpath\json-path\2.7.0\json-path-2.7.0.jar;C:\Users\ALIRIZA\.m2\repository\net\minidev\json-smart\2.4.7\json-smart-2.4.7.jar;C:\Users\ALIRIZA\.m2\repository\net\minidev\accessors-smart\2.4.7\accessors-smart-2.4.7.jar;C:\Users\ALIRIZA\.m2\repository\org\ow2\asm\asm\9.1\asm-9.1.jar;C:\Users\ALIRIZA\.m2\repository\io\swagger\parser\v3\swagger-parser\2.0.32\swagger-parser-2.0.32.jar;C:\Users\ALIRIZA\.m2\repository\io\swagger\parser\v3\swagger-parser-v2-converter\2.0.32\swagger-parser-v2-converter-2.0.32.jar;C:\Users\ALIRIZA\.m2\repository\io\swagger\swagger-core\1.6.6\swagger-core-1.6.6.jar;C:\Users\ALIRIZA\.m2\repository\io\swagger\swagger-models\1.6.6\swagger-models-1.6.6.jar;C:\Users\ALIRIZA\.m2\repository\io\swagger\swagger-annotations\1.6.6\swagger-annotations-1.6.6.jar;C:\Users\ALIRIZA\.m2\repository\io\swagger\swagger-parser\1.0.59\swagger-parser-1.0.59.jar;C:\Users\ALIRIZA\.m2\repository\io\swagger\swagger-compat-spec-parser\1.0.59\swagger-compat-spec-parser-1.0.59.jar;C:\Users\ALIRIZA\.m2\repository\com\github\java-json-tools\json-patch\1.13\json-patch-1.13.jar;C:\Users\ALIRIZA\.m2\repository\io\swagger\core\v3\swagger-models\2.2.0\swagger-models-2.2.0.jar;C:\Users\ALIRIZA\.m2\repository\io\swagger\parser\v3\swagger-parser-core\2.0.32\swagger-parser-core-2.0.32.jar;C:\Users\ALIRIZA\.m2\repository\io\swagger\parser\v3\swagger-parser-v3\2.0.32\swagger-parser-v3-2.0.32.jar;C:\Users\ALIRIZA\.m2\repository\io\swagger\core\v3\swagger-core\2.2.0\swagger-core-2.2.0.jar;C:\Users\ALIRIZA\.m2\repository\com\fasterxml\jackson\datatype\jackson-datatype-jsr310\2.13.2\jackson-datatype-jsr310-2.13.2.jar;C:\Users\ALIRIZA\.m2\repository\io\swagger\core\v3\swagger-annotations\2.2.0\swagger-annotations-2.2.0.jar;C:\Users\ALIRIZA\.m2\repository\jakarta\validation\jakarta.validation-api\2.0.2\jakarta.validation-api-2.0.2.jar;C:\Users\ALIRIZA\.m2\repository\com\fasterxml\jackson\dataformat\jackson-dataformat-yaml\2.13.2\jackson-dataformat-yaml-2.13.2.jar;C:\Users\ALIRIZA\.m2\repository\org\yaml\snakeyaml\1.30\snakeyaml-1.30.jar;C:\Users\ALIRIZA\.m2\repository\jakarta\xml\bind\jakarta.xml.bind-api\3.0.1\jakarta.xml.bind-api-3.0.1.jar;C:\Users\ALIRIZA\.m2\repository\com\sun\activation\jakarta.activation\2.0.1\jakarta.activation-2.0.1.jar;C:\Users\ALIRIZA\.m2\repository\com\sun\xml\bind\jaxb-impl\3.0.2\jaxb-impl-3.0.2.jar;C:\Users\ALIRIZA\.m2\repository\com\sun\xml\bind\jaxb-core\3.0.2\jaxb-core-3.0.2.jar;C:\Users\ALIRIZA\.m2\repository\org\xmlunit\xmlunit-core\2.9.0\xmlunit-core-2.9.0.jar;C:\Users\ALIRIZA\.m2\repository\org\xmlunit\xmlunit-placeholders\2.9.0\xmlunit-placeholders-2.9.0.jar;C:\Users\ALIRIZA\.m2\repository\io\github\classgraph\classgraph\4.8.143\classgraph-4.8.143.jar;C:\Users\ALIRIZA\.m2\repository\io\netty\netty-buffer\4.1.75.Final\netty-buffer-4.1.75.Final.jar;C:\Users\ALIRIZA\.m2\repository\io\netty\netty-codec\4.1.75.Final\netty-codec-4.1.75.Final.jar;C:\Users\ALIRIZA\.m2\repository\io\netty\netty-codec-http\4.1.75.Final\netty-codec-http-4.1.75.Final.jar;C:\Users\ALIRIZA\.m2\repository\io\netty\netty-common\4.1.75.Final\netty-common-4.1.75.Final.jar;C:\Users\ALIRIZA\.m2\repository\io\netty\netty-handler\4.1.75.Final\netty-handler-4.1.75.Final.jar;C:\Users\ALIRIZA\.m2\repository\io\netty\netty-resolver\4.1.75.Final\netty-resolver-4.1.75.Final.jar;C:\Users\ALIRIZA\.m2\repository\io\netty\netty-transport\4.1.75.Final\netty-transport-4.1.75.Final.jar;C:\Users\ALIRIZA\.m2\repository\io\netty\netty-tcnative-boringssl-static\2.0.51.Final\netty-tcnative-boringssl-static-2.0.51.Final.jar;C:\Users\ALIRIZA\.m2\repository\io\netty\netty-tcnative-classes\2.0.51.Final\netty-tcnative-classes-2.0.51.Final.jar;C:\Users\ALIRIZA\.m2\repository\io\netty\netty-tcnative-boringssl-static\2.0.51.Final\netty-tcnative-boringssl-static-2.0.51.Final-linux-x86_64.jar;C:\Users\ALIRIZA\.m2\repository\io\netty\netty-tcnative-boringssl-static\2.0.51.Final\netty-tcnative-boringssl-static-2.0.51.Final-linux-aarch_64.jar;C:\Users\ALIRIZA\.m2\repository\io\netty\netty-tcnative-boringssl-static\2.0.51.Final\netty-tcnative-boringssl-static-2.0.51.Final-osx-x86_64.jar;C:\Users\ALIRIZA\.m2\repository\io\netty\netty-tcnative-boringssl-static\2.0.51.Final\netty-tcnative-boringssl-static-2.0.51.Final-osx-aarch_64.jar;C:\Users\ALIRIZA\.m2\repository\io\netty\netty-tcnative-boringssl-static\2.0.51.Final\netty-tcnative-boringssl-static-2.0.51.Final-windows-x86_64.jar;C:\Users\ALIRIZA\.m2\repository\commons-io\commons-io\2.11.0\commons-io-2.11.0.jar;C:\Users\ALIRIZA\.m2\repository\com\google\guava\guava\31.1-jre\guava-31.1-jre.jar;C:\Users\ALIRIZA\.m2\repository\com\google\guava\failureaccess\1.0.1\failureaccess-1.0.1.jar;C:\Users\ALIRIZA\.m2\repository\com\google\guava\listenablefuture\9999.0-empty-to-avoid-conflict-with-guava\listenablefuture-9999.0-empty-to-avoid-conflict-with-guava.jar;C:\Users\ALIRIZA\.m2\repository\org\checkerframework\checker-qual\3.12.0\checker-qual-3.12.0.jar;C:\Users\ALIRIZA\.m2\repository\com\google\errorprone\error_prone_annotations\2.11.0\error_prone_annotations-2.11.0.jar;C:\Users\ALIRIZA\.m2\repository\com\google\j2objc\j2objc-annotations\1.3\j2objc-annotations-1.3.jar;C:\Users\ALIRIZA\.m2\repository\org\mock-server\mockserver-client-java\5.13.2\mockserver-client-java-5.13.2.jar;C:\Users\ALIRIZA\.m2\repository\org\apache\commons\commons-lang3\3.12.0\commons-lang3-3.12.0.jar;C:\Users\ALIRIZA\.m2\repository\com\opencsv\opencsv\5.7.1\opencsv-5.7.1.jar;C:\Users\ALIRIZA\.m2\repository\org\apache\commons\commons-text\1.10.0\commons-text-1.10.0.jar;C:\Users\ALIRIZA\.m2\repository\commons-beanutils\commons-beanutils\1.9.4\commons-beanutils-1.9.4.jar;C:\Users\ALIRIZA\.m2\repository\commons-collections\commons-collections\3.2.2\commons-collections-3.2.2.jar;C:\Users\ALIRIZA\.m2\repository\org\apache\commons\commons-collections4\4.4\commons-collections4-4.4.jar;C:\Users\ALIRIZA\.m2\repository\org\testng\testng\7.7.0\testng-7.7.0.jar;C:\Users\ALIRIZA\.m2\repository\com\beust\jcommander\1.82\jcommander-1.82.jar;C:\Users\ALIRIZA\.m2\repository\org\webjars\jquery\3.6.1\jquery-3.6.1.jar;"/>
    <property name="allure.results.directory" value="target/allure-results"/>
    <property name="sun.cpu.endian" value="little"/>
    <property name="user.home" value="C:\Users\ALIRIZA"/>
    <property name="user.language" value="en"/>
    <property name="java.specification.vendor" value="Oracle Corporation"/>
    <property name="java.version.date" value="2024-07-16"/>
    <property name="java.home" value="C:\Users\ALIRIZA\.jdks\openjdk-22.0.2"/>
    <property name="file.separator" value="\"/>
    <property name="basedir" value="C:\Users\ALIRIZA\Desktop\api-test-otomasyonu"/>
    <property name="java.vm.compressedOopsMode" value="Zero based"/>
    <property name="line.separator" value="&#10;"/>
    <property name="java.vm.specification.vendor" value="Oracle Corporation"/>
    <property name="java.specification.name" value="Java Platform API Specification"/>
    <property name="surefire.real.class.path" value="C:\Users\ALIRIZA\AppData\Local\Temp\surefire6871484834474551436\surefirebooter-20241205132019376_3.jar"/>
    <property name="user.script" value=""/>
    <property name="sun.management.compiler" value="HotSpot 64-Bit Tiered Compilers"/>
    <property name="java.runtime.version" value="22.0.2+9-70"/>
    <property name="user.name" value="ALIRIZA"/>
    <property name="stdout.encoding" value="Cp1254"/>
    <property name="path.separator" value=";"/>
    <property name="os.version" value="10.0"/>
    <property name="java.runtime.name" value="OpenJDK Runtime Environment"/>
    <property name="file.encoding" value="UTF-8"/>
    <property name="java.vm.name" value="OpenJDK 64-Bit Server VM"/>
    <property name="localRepository" value="C:\Users\ALIRIZA\.m2\repository"/>
    <property name="java.vendor.url.bug" value="https://bugreport.java.com/bugreport/"/>
    <property name="java.io.tmpdir" value="C:\Users\ALIRIZA\AppData\Local\Temp\"/>
    <property name="java.version" value="22.0.2"/>
    <property name="user.dir" value="C:\Users\ALIRIZA\Desktop\api-test-otomasyonu"/>
    <property name="os.arch" value="amd64"/>
    <property name="java.vm.specification.name" value="Java Virtual Machine Specification"/>
    <property name="user.language.format" value="tr"/>
    <property name="sun.os.patch.level" value=""/>
    <property name="native.encoding" value="Cp1254"/>
    <property name="java.library.path" value="C:\Users\ALIRIZA\.jdks\openjdk-22.0.2\bin;C:\WINDOWS\Sun\Java\bin;C:\WINDOWS\system32;C:\WINDOWS;C:\Program Files (x86)\Common Files\Oracle\Java\javapath;C:\WINDOWS\system32;C:\WINDOWS;C:\WINDOWS\System32\Wbem;C:\WINDOWS\System32\WindowsPowerShell\v1.0\;C:\WINDOWS\System32\OpenSSH\;C:\Program Files\Git\cmd;C:\Program Files\PuTTY\;C:\Users\ALIRIZA\Desktop\allure-2.30.0\bin;C:\Program Files\Apache\Maven\apache-maven-3.9.9\bin;;C:\Program Files\Docker\Docker\resources\bin;C:\Users\ALIRIZA\AppData\Local\Programs\Python\Python313\Scripts\;C:\Users\ALIRIZA\AppData\Local\Programs\Python\Python313\;C:\Users\ALIRIZA\AppData\Local\Microsoft\WindowsApps;C:\Users\ALIRIZA\AppData\Local\Programs\Microsoft VS Code\bin;C:\Users\ALIRIZA\CTOOLS\bin;C:\Users\ALIRIZA\CTOOLS\mingw32\bin;C:\Program Files\JetBrains\IntelliJ IDEA 2024.1.4\bin;;C:\Program Files\JetBrains\IntelliJ IDEA Community Edition 2024.2.1\bin;;C:\Program Files\Apache\Maven\apache-maven-3.9.9\bin;;."/>
    <property name="java.vm.info" value="mixed mode, sharing"/>
    <property name="stderr.encoding" value="Cp1254"/>
    <property name="java.vendor" value="Oracle Corporation"/>
    <property name="java.vm.version" value="22.0.2+9-70"/>
    <property name="sun.io.unicode.encoding" value="UnicodeLittle"/>
    <property name="java.class.version" value="66.0"/>
  </properties>
  <testcase name="User tries to log in with a valid username and an invalid password #1" classname="User Login" time="2.499">
    <system-out><![CDATA[2024-12-05T10:20:20.713108400Z main ERROR Policies has no parameter that matches element Delete
2024-12-05 13:20:24.256 [main] INFO  com.apiTests.requests.serviceRequests.user_controller.LoginTests - Response received: User is unauthorized
2024-12-05 13:20:24.272 [main] INFO  com.apiTests.requests.serviceRequests.user_controller.LoginTests - Status Code: 401
2024-12-05 13:20:24.272 [main] ERROR com.apiTests.requests.serviceRequests.user_controller.LoginTests - Unexpected content type: text/plain;charset=UTF-8
2024-12-05 13:20:24.272 [main] INFO  com.apiTests.serviceSteps.serviceTestSteps.userController.LoginSteps - The system has not logged in with a valid username and invalid password
]]></system-out>
  </testcase>
  <testcase name="User tries to log in with a valid username and an invalid password #2" classname="User Login" time="0.392">
    <system-out><![CDATA[2024-12-05 13:20:24.758 [main] INFO  com.apiTests.requests.serviceRequests.user_controller.LoginTests - Response received: User is unauthorized
2024-12-05 13:20:24.758 [main] INFO  com.apiTests.requests.serviceRequests.user_controller.LoginTests - Status Code: 401
2024-12-05 13:20:24.758 [main] ERROR com.apiTests.requests.serviceRequests.user_controller.LoginTests - Unexpected content type: text/plain;charset=UTF-8
2024-12-05 13:20:24.758 [main] INFO  com.apiTests.serviceSteps.serviceTestSteps.userController.LoginSteps - The system has not logged in with a valid username and invalid password
]]></system-out>
  </testcase>
  <testcase name="User tries to log in with a valid username and an invalid password #3" classname="User Login" time="0.942">
    <system-out><![CDATA[2024-12-05 13:20:25.716 [main] INFO  com.apiTests.requests.serviceRequests.user_controller.LoginTests - Response received: User is unauthorized
2024-12-05 13:20:25.716 [main] INFO  com.apiTests.requests.serviceRequests.user_controller.LoginTests - Status Code: 401
2024-12-05 13:20:25.716 [main] ERROR com.apiTests.requests.serviceRequests.user_controller.LoginTests - Unexpected content type: text/plain;charset=UTF-8
2024-12-05 13:20:25.716 [main] INFO  com.apiTests.serviceSteps.serviceTestSteps.userController.LoginSteps - The system has not logged in with a valid username and invalid password
]]></system-out>
  </testcase>
  <testcase name="User tries to log in with a valid username and an invalid password #4" classname="User Login" time="0.283">
    <system-out><![CDATA[2024-12-05 13:20:26.016 [main] INFO  com.apiTests.requests.serviceRequests.user_controller.LoginTests - Response received: User is unauthorized
2024-12-05 13:20:26.016 [main] INFO  com.apiTests.requests.serviceRequests.user_controller.LoginTests - Status Code: 401
2024-12-05 13:20:26.016 [main] ERROR com.apiTests.requests.serviceRequests.user_controller.LoginTests - Unexpected content type: text/plain;charset=UTF-8
2024-12-05 13:20:26.016 [main] INFO  com.apiTests.serviceSteps.serviceTestSteps.userController.LoginSteps - The system has not logged in with a valid username and invalid password
]]></system-out>
  </testcase>
  <testcase name="User tries to log in with a valid username and an invalid password #5" classname="User Login" time="0.251">
    <system-out><![CDATA[2024-12-05 13:20:26.267 [main] INFO  com.apiTests.requests.serviceRequests.user_controller.LoginTests - Response received: User is unauthorized
2024-12-05 13:20:26.267 [main] INFO  com.apiTests.requests.serviceRequests.user_controller.LoginTests - Status Code: 401
2024-12-05 13:20:26.267 [main] ERROR com.apiTests.requests.serviceRequests.user_controller.LoginTests - Unexpected content type: text/plain;charset=UTF-8
2024-12-05 13:20:26.267 [main] INFO  com.apiTests.serviceSteps.serviceTestSteps.userController.LoginSteps - The system has not logged in with a valid username and invalid password
]]></system-out>
  </testcase>
  <testcase name="User tries to log in with a valid username and an empty password" classname="User Login" time="0.345">
    <system-out><![CDATA[2024-12-05 13:20:26.596 [main] INFO  com.apiTests.requests.serviceRequests.user_controller.LoginTests - Response received: User is unauthorized
2024-12-05 13:20:26.596 [main] INFO  com.apiTests.requests.serviceRequests.user_controller.LoginTests - Status Code: 401
2024-12-05 13:20:26.596 [main] ERROR com.apiTests.requests.serviceRequests.user_controller.LoginTests - Unexpected content type: text/plain;charset=UTF-8
2024-12-05 13:20:26.596 [main] INFO  com.apiTests.serviceSteps.serviceTestSteps.userController.LoginSteps - The system has not logged in with a valid username and empty password
]]></system-out>
  </testcase>
  <testcase name="User tries to log in with a valid username and password" classname="User Login" time="1.394">
    <system-out><![CDATA[2024-12-05 13:20:27.415 [main] INFO  com.apiTests.requests.serviceRequests.user_controller.LoginTests - Response received: {"user":{"name":"Sistem Yöneticisi","surname":"ASELSAN","username":"aselsan","detail":{"identityNumber":null,"email":null,"phoneNumber":null,"rank":null,"profilePicture":null,"supervisor":{"name":null,"surname":null}},"pushToken":null,"userLevelId":5,"userLevelName":"Aselsan","id":10},"tokenDetails":{"accessToken":"eyJ0eXAiOiJKV1QiLCJhbGciOiJIUzUxMiJ9.eyJzdWIiOiIxOSIsImF1ZCI6ImFjY2VzcyIsInVzciI6IlNpc3RlbSBZw7ZuZXRpY2lzaSBBU0VMU0FOIiwiaXNzIjoiYXNlbHNhbi5rYXJkZWxlbiIsInJqdGkiOiJkNTBkNDRkMC01NzZiLTRhOWItODJjZS03M2IyNTM5NzdmM2QiLCJleHAiOjE3MzMzOTQ2MjUsImlhdCI6MTczMzM5NDAyNSwianRpIjoiYTVhMjY2YjEtMDMzYy00ODlkLTkyNDQtYTk1MTc1NTc3ZDI5In0.GunmyGOFXXA6Yj2BGj0yXqf8xleaeS_YclvhWLi2tIk8e1KAaM-hBJ5lg1C89EpZVJcouZmzG5qUNxBixky9mQ","refreshToken":"eyJ0eXAiOiJKV1QiLCJhbGciOiJIUzUxMiJ9.eyJzdWIiOiIxOSIsImF1ZCI6InJlZnJlc2giLCJpc3MiOiJhc2Vsc2FuLmthcmRlbGVuIiwiZXhwIjoxNzMzNDMwMDI1LCJpYXQiOjE3MzMzOTQwMjUsImp0aSI6ImQ1MGQ0NGQwLTU3NmItNGE5Yi04MmNlLTczYjI1Mzk3N2YzZCJ9.jgh6oGqSgrdgOUXZLjBt4RLid06R2g2Gs6flR_JJKGiImGwVhouL6Cq8MhTREC1t-1HBdqnwiK55GOc2Wzz4tA"},"authorities":["right.detection.createdetection","right.detection.map","right.detection.detail","right.detection.detail.read","right.detection.detail.update","right.detection.filter","right.detection.sort","right.detection.sosmessage","right.task.filter","right.task.sort","right.task.detail","right.task.detail.read","right.task.detail.starttask","right.sensor.list","right.sensor.map","right.sensor.filter","right.sensor.sort","right.profile.read","right.detection","right.task","right.sensor","right.profile","right.detection.incominglist","right.task.outgoinglist","right.detection.outgoinglist","right.task.incominglist","right.task.attachments.list","right.alarm","right.alarm.list","right.alarm.map","right.alarm.filter","right.profile.usermanagement","right.profile.usermanagement.groupauthorization","right.profile.usermanagement.usergroup","right.sensor.detail","right.sensor.detail.read","right.sensor.detail.livestream"]}
2024-12-05 13:20:27.415 [main] INFO  com.apiTests.requests.serviceRequests.user_controller.LoginTests - Status Code: 200
2024-12-05 13:20:27.989 [main] INFO  com.apiTests.serviceSteps.serviceTestSteps.userController.LoginSteps - The system has been logged in with a valid username and password
2024-12-05 13:20:27.989 [main] INFO  com.apiTests.serviceSteps.serviceTestSteps.userController.LoginSteps - The username in the response matches the request
2024-12-05 13:20:28.006 [main] INFO  com.apiTests.requests.HelperMethod - The content was successfully written to the file: src/test/resources/txtFiles/accessToken.txt
2024-12-05 13:20:28.006 [main] INFO  com.apiTests.serviceSteps.serviceTestSteps.userController.LoginSteps - The Access Token has been saved: eyJ0eXAiOiJKV1QiLCJhbGciOiJIUzUxMiJ9.eyJzdWIiOiIxOSIsImF1ZCI6ImFjY2VzcyIsInVzciI6IlNpc3RlbSBZw7ZuZXRpY2lzaSBBU0VMU0FOIiwiaXNzIjoiYXNlbHNhbi5rYXJkZWxlbiIsInJqdGkiOiJkNTBkNDRkMC01NzZiLTRhOWItODJjZS03M2IyNTM5NzdmM2QiLCJleHAiOjE3MzMzOTQ2MjUsImlhdCI6MTczMzM5NDAyNSwianRpIjoiYTVhMjY2YjEtMDMzYy00ODlkLTkyNDQtYTk1MTc1NTc3ZDI5In0.GunmyGOFXXA6Yj2BGj0yXqf8xleaeS_YclvhWLi2tIk8e1KAaM-hBJ5lg1C89EpZVJcouZmzG5qUNxBixky9mQ
]]></system-out>
  </testcase>
  <testcase name="User tries to log in with a valid username and an hashed password, and a false query" classname="User Login" time="0.401">
    <system-out><![CDATA[2024-12-05 13:20:28.360 [main] INFO  com.apiTests.requests.serviceRequests.user_controller.LoginTests - Response received: {"user":{"name":"Sistem Yöneticisi","surname":"ASELSAN","username":"aselsan","detail":{"identityNumber":null,"email":null,"phoneNumber":null,"rank":null,"profilePicture":null,"supervisor":{"name":null,"surname":null}},"pushToken":null,"userLevelId":5,"userLevelName":"Aselsan","id":10},"tokenDetails":{"accessToken":"eyJ0eXAiOiJKV1QiLCJhbGciOiJIUzUxMiJ9.eyJzdWIiOiIxOSIsImF1ZCI6ImFjY2VzcyIsInVzciI6IlNpc3RlbSBZw7ZuZXRpY2lzaSBBU0VMU0FOIiwiaXNzIjoiYXNlbHNhbi5rYXJkZWxlbiIsInJqdGkiOiI5MjkzOGE3ZC00MGIxLTQ3ZjAtOGM1Yi1lYWE0YmI1YzJlMWUiLCJleHAiOjE3MzMzOTQ2MjcsImlhdCI6MTczMzM5NDAyNywianRpIjoiMzVmY2ZiMTgtNGJhOC00ZTg1LTg0ODctYTM1NDFlNjZkZTA1In0.1vRQXvW_cnRRvdfruemwWRFGG3N9iBJ6o7GnmGDpjlSPfD3ws3_186IIW6DuKMEiPggK-jXtN_sBpF4K1tftfw","refreshToken":"eyJ0eXAiOiJKV1QiLCJhbGciOiJIUzUxMiJ9.eyJzdWIiOiIxOSIsImF1ZCI6InJlZnJlc2giLCJpc3MiOiJhc2Vsc2FuLmthcmRlbGVuIiwiZXhwIjoxNzMzNDMwMDI3LCJpYXQiOjE3MzMzOTQwMjcsImp0aSI6IjkyOTM4YTdkLTQwYjEtNDdmMC04YzViLWVhYTRiYjVjMmUxZSJ9._7d_fKrwWW2l_yKTdev2gvCkM_GGi7MyHZNE127IL0ubHVSQ4bdEyjdCprFfvZ2Rvmh5Z33MP9BEIIkDUfdLWA"},"authorities":["right.detection.createdetection","right.detection.map","right.detection.detail","right.detection.detail.read","right.detection.detail.update","right.detection.filter","right.detection.sort","right.detection.sosmessage","right.task.filter","right.task.sort","right.task.detail","right.task.detail.read","right.task.detail.starttask","right.sensor.list","right.sensor.map","right.sensor.filter","right.sensor.sort","right.profile.read","right.detection","right.task","right.sensor","right.profile","right.detection.incominglist","right.task.outgoinglist","right.detection.outgoinglist","right.task.incominglist","right.task.attachments.list","right.alarm","right.alarm.list","right.alarm.map","right.alarm.filter","right.profile.usermanagement","right.profile.usermanagement.groupauthorization","right.profile.usermanagement.usergroup","right.sensor.detail","right.sensor.detail.read","right.sensor.detail.livestream"]}
2024-12-05 13:20:28.360 [main] INFO  com.apiTests.requests.serviceRequests.user_controller.LoginTests - Status Code: 200
2024-12-05 13:20:28.391 [main] INFO  com.apiTests.serviceSteps.serviceTestSteps.userController.LoginSteps - The system has been logged in with a valid username and hashed password when query parameter is false
2024-12-05 13:20:28.391 [main] INFO  com.apiTests.serviceSteps.serviceTestSteps.userController.LoginSteps - The username in the response matches the request
2024-12-05 13:20:28.391 [main] INFO  com.apiTests.serviceSteps.serviceTestSteps.userController.LoginSteps - The Access Token has been saved: eyJ0eXAiOiJKV1QiLCJhbGciOiJIUzUxMiJ9.eyJzdWIiOiIxOSIsImF1ZCI6ImFjY2VzcyIsInVzciI6IlNpc3RlbSBZw7ZuZXRpY2lzaSBBU0VMU0FOIiwiaXNzIjoiYXNlbHNhbi5rYXJkZWxlbiIsInJqdGkiOiI5MjkzOGE3ZC00MGIxLTQ3ZjAtOGM1Yi1lYWE0YmI1YzJlMWUiLCJleHAiOjE3MzMzOTQ2MjcsImlhdCI6MTczMzM5NDAyNywianRpIjoiMzVmY2ZiMTgtNGJhOC00ZTg1LTg0ODctYTM1NDFlNjZkZTA1In0.1vRQXvW_cnRRvdfruemwWRFGG3N9iBJ6o7GnmGDpjlSPfD3ws3_186IIW6DuKMEiPggK-jXtN_sBpF4K1tftfw
]]></system-out>
  </testcase>
  <testcase name="User tries to log in with a valid username and an hashed password, and a true query" classname="User Login" time="0.281">
    <system-out><![CDATA[2024-12-05 13:20:28.688 [main] INFO  com.apiTests.requests.serviceRequests.user_controller.LoginTests - Response received: User is unauthorized
2024-12-05 13:20:28.688 [main] INFO  com.apiTests.requests.serviceRequests.user_controller.LoginTests - Status Code: 401
2024-12-05 13:20:28.688 [main] ERROR com.apiTests.requests.serviceRequests.user_controller.LoginTests - Unexpected content type: text/plain;charset=UTF-8
2024-12-05 13:20:28.688 [main] INFO  com.apiTests.serviceSteps.serviceTestSteps.userController.LoginSteps - The system has not logged in with a valid username, hashed password, and a true query
]]></system-out>
  </testcase>
  <testcase name="User logs into the system, then refresh the access token" classname="User Renew Access Token" time="0.706">
    <system-out><![CDATA[2024-12-05 13:20:29.032 [main] INFO  com.apiTests.requests.serviceRequests.user_controller.LoginTests - Response received: {"user":{"name":"Sistem Yöneticisi","surname":"ASELSAN","username":"aselsan","detail":{"identityNumber":null,"email":null,"phoneNumber":null,"rank":null,"profilePicture":null,"supervisor":{"name":null,"surname":null}},"pushToken":null,"userLevelId":5,"userLevelName":"Aselsan","id":10},"tokenDetails":{"accessToken":"eyJ0eXAiOiJKV1QiLCJhbGciOiJIUzUxMiJ9.eyJzdWIiOiIxOSIsImF1ZCI6ImFjY2VzcyIsInVzciI6IlNpc3RlbSBZw7ZuZXRpY2lzaSBBU0VMU0FOIiwiaXNzIjoiYXNlbHNhbi5rYXJkZWxlbiIsInJqdGkiOiI1NGU2NDA5Ny1mMjlmLTQyZTItOTA3NC02Y2NiOTFkMzFlNGMiLCJleHAiOjE3MzMzOTQ2MjgsImlhdCI6MTczMzM5NDAyOCwianRpIjoiOGE4YTgxNzYtNTgwNC00ZTU1LThlOWYtMDE1MmE0YjJkOWMxIn0.gcfdRY42gSScSYkLpOaghY-n2sRbRoeg4Wfp0s08Y7P0--DS2VsZxAIMRTwzEmwyvZz6fn3ElPRQsTiOJa1sTA","refreshToken":"eyJ0eXAiOiJKV1QiLCJhbGciOiJIUzUxMiJ9.eyJzdWIiOiIxOSIsImF1ZCI6InJlZnJlc2giLCJpc3MiOiJhc2Vsc2FuLmthcmRlbGVuIiwiZXhwIjoxNzMzNDMwMDI4LCJpYXQiOjE3MzMzOTQwMjgsImp0aSI6IjU0ZTY0MDk3LWYyOWYtNDJlMi05MDc0LTZjY2I5MWQzMWU0YyJ9.7QMkDq3SO9GMVpcOKiciVvLleUNqGwaKGA0gXZ1usRzrltBbUQeUcPA5CY0SDkCMfViuhPvFjDdaSKzY2tTzvQ"},"authorities":["right.detection.createdetection","right.detection.map","right.detection.detail","right.detection.detail.read","right.detection.detail.update","right.detection.filter","right.detection.sort","right.detection.sosmessage","right.task.filter","right.task.sort","right.task.detail","right.task.detail.read","right.task.detail.starttask","right.sensor.list","right.sensor.map","right.sensor.filter","right.sensor.sort","right.profile.read","right.detection","right.task","right.sensor","right.profile","right.detection.incominglist","right.task.outgoinglist","right.detection.outgoinglist","right.task.incominglist","right.task.attachments.list","right.alarm","right.alarm.list","right.alarm.map","right.alarm.filter","right.profile.usermanagement","right.profile.usermanagement.groupauthorization","right.profile.usermanagement.usergroup","right.sensor.detail","right.sensor.detail.read","right.sensor.detail.livestream"]}
2024-12-05 13:20:29.032 [main] INFO  com.apiTests.requests.serviceRequests.user_controller.LoginTests - Status Code: 200
2024-12-05 13:20:29.065 [main] INFO  com.apiTests.serviceSteps.serviceTestSteps.userController.LoginSteps - The system has been logged in with a valid username and password
2024-12-05 13:20:29.065 [main] INFO  com.apiTests.serviceSteps.serviceTestSteps.userController.LoginSteps - The username in the response matches the request
2024-12-05 13:20:29.065 [main] INFO  com.apiTests.requests.HelperMethod - The content was successfully written to the file: src/test/resources/txtFiles/accessToken.txt
2024-12-05 13:20:29.065 [main] INFO  com.apiTests.serviceSteps.serviceTestSteps.userController.LoginSteps - The Access Token has been saved: eyJ0eXAiOiJKV1QiLCJhbGciOiJIUzUxMiJ9.eyJzdWIiOiIxOSIsImF1ZCI6ImFjY2VzcyIsInVzciI6IlNpc3RlbSBZw7ZuZXRpY2lzaSBBU0VMU0FOIiwiaXNzIjoiYXNlbHNhbi5rYXJkZWxlbiIsInJqdGkiOiI1NGU2NDA5Ny1mMjlmLTQyZTItOTA3NC02Y2NiOTFkMzFlNGMiLCJleHAiOjE3MzMzOTQ2MjgsImlhdCI6MTczMzM5NDAyOCwianRpIjoiOGE4YTgxNzYtNTgwNC00ZTU1LThlOWYtMDE1MmE0YjJkOWMxIn0.gcfdRY42gSScSYkLpOaghY-n2sRbRoeg4Wfp0s08Y7P0--DS2VsZxAIMRTwzEmwyvZz6fn3ElPRQsTiOJa1sTA
2024-12-05 13:20:29.393 [main] INFO  com.apiTests.requests.serviceRequests.user_controller.RenewAccessTokenTests - Response received: {"accessToken":"eyJ0eXAiOiJKV1QiLCJhbGciOiJIUzUxMiJ9.eyJzdWIiOiIxOSIsImF1ZCI6ImFjY2VzcyIsInVzciI6IlNpc3RlbSBZw7ZuZXRpY2lzaSBBU0VMU0FOIiwiaXNzIjoiYXNlbHNhbi5rYXJkZWxlbiIsInJqdGkiOiI1NGU2NDA5Ny1mMjlmLTQyZTItOTA3NC02Y2NiOTFkMzFlNGMiLCJleHAiOjE3MzMzOTQ2MjgsImlhdCI6MTczMzM5NDAyOCwianRpIjoiMzI2NjlmNzUtMGE4Yy00OTNkLTg1ODgtMWU3YzUxZGI4MzgxIn0.UEVQ5OPVEw2G81GXsk5Qe7zFPZsfC_L8GmPY7u9HudzYORowjyg9CQF7mmBmIHiHyRBNuUkTFhATbm-5wimQOA","refreshToken":null}
2024-12-05 13:20:29.393 [main] INFO  com.apiTests.requests.serviceRequests.user_controller.RenewAccessTokenTests - Status Code: 200
2024-12-05 13:20:29.409 [main] INFO  com.apiTests.requests.HelperMethod - The content was successfully written to the file: src/test/resources/txtFiles/accessToken.txt
2024-12-05 13:20:29.409 [main] INFO  com.apiTests.serviceSteps.serviceTestSteps.userController.RenewAccessTokenSteps - The access token is refreshed and saved: eyJ0eXAiOiJKV1QiLCJhbGciOiJIUzUxMiJ9.eyJzdWIiOiIxOSIsImF1ZCI6ImFjY2VzcyIsInVzciI6IlNpc3RlbSBZw7ZuZXRpY2lzaSBBU0VMU0FOIiwiaXNzIjoiYXNlbHNhbi5rYXJkZWxlbiIsInJqdGkiOiI1NGU2NDA5Ny1mMjlmLTQyZTItOTA3NC02Y2NiOTFkMzFlNGMiLCJleHAiOjE3MzMzOTQ2MjgsImlhdCI6MTczMzM5NDAyOCwianRpIjoiMzI2NjlmNzUtMGE4Yy00OTNkLTg1ODgtMWU3YzUxZGI4MzgxIn0.UEVQ5OPVEw2G81GXsk5Qe7zFPZsfC_L8GmPY7u9HudzYORowjyg9CQF7mmBmIHiHyRBNuUkTFhATbm-5wimQOA
]]></system-out>
  </testcase>
  <testcase name="User logs into the system, then tries to refresh the access token, verifies error response #1" classname="User Renew Access Token" time="0.612">
    <system-out><![CDATA[2024-12-05 13:20:29.739 [main] INFO  com.apiTests.requests.serviceRequests.user_controller.LoginTests - Response received: {"user":{"name":"Sistem Yöneticisi","surname":"ASELSAN","username":"aselsan","detail":{"identityNumber":null,"email":null,"phoneNumber":null,"rank":null,"profilePicture":null,"supervisor":{"name":null,"surname":null}},"pushToken":null,"userLevelId":5,"userLevelName":"Aselsan","id":10},"tokenDetails":{"accessToken":"eyJ0eXAiOiJKV1QiLCJhbGciOiJIUzUxMiJ9.eyJzdWIiOiIxOSIsImF1ZCI6ImFjY2VzcyIsInVzciI6IlNpc3RlbSBZw7ZuZXRpY2lzaSBBU0VMU0FOIiwiaXNzIjoiYXNlbHNhbi5rYXJkZWxlbiIsInJqdGkiOiI5MzNhZDQwMC02ZTkxLTRmM2UtYWI5Ni1iZGMxOWY3MjgwOGMiLCJleHAiOjE3MzMzOTQ2MjgsImlhdCI6MTczMzM5NDAyOCwianRpIjoiY2E3M2IwYjItZGRhMC00NjZmLTg2OTgtNTFkNTEzNzc3ZDNhIn0.N0WEO7WIwdcG202De3w62ibzmcTvSwcsKE24y9WcbkaP3cD_Civ11GF8JkaBY4qz3Y3vbbEk4hWxHahdqQrcOA","refreshToken":"eyJ0eXAiOiJKV1QiLCJhbGciOiJIUzUxMiJ9.eyJzdWIiOiIxOSIsImF1ZCI6InJlZnJlc2giLCJpc3MiOiJhc2Vsc2FuLmthcmRlbGVuIiwiZXhwIjoxNzMzNDMwMDI4LCJpYXQiOjE3MzMzOTQwMjgsImp0aSI6IjkzM2FkNDAwLTZlOTEtNGYzZS1hYjk2LWJkYzE5ZjcyODA4YyJ9.RSZ1egdKo58FxwatRf8nu494m3DeU1go2FCjGKpE51Bkjs-lyZHu7isojJ05aqewO0RK1BepBsUd9XcjN1AdRA"},"authorities":["right.detection.createdetection","right.detection.map","right.detection.detail","right.detection.detail.read","right.detection.detail.update","right.detection.filter","right.detection.sort","right.detection.sosmessage","right.task.filter","right.task.sort","right.task.detail","right.task.detail.read","right.task.detail.starttask","right.sensor.list","right.sensor.map","right.sensor.filter","right.sensor.sort","right.profile.read","right.detection","right.task","right.sensor","right.profile","right.detection.incominglist","right.task.outgoinglist","right.detection.outgoinglist","right.task.incominglist","right.task.attachments.list","right.alarm","right.alarm.list","right.alarm.map","right.alarm.filter","right.profile.usermanagement","right.profile.usermanagement.groupauthorization","right.profile.usermanagement.usergroup","right.sensor.detail","right.sensor.detail.read","right.sensor.detail.livestream"]}
2024-12-05 13:20:29.739 [main] INFO  com.apiTests.requests.serviceRequests.user_controller.LoginTests - Status Code: 200
2024-12-05 13:20:29.754 [main] INFO  com.apiTests.serviceSteps.serviceTestSteps.userController.LoginSteps - The system has been logged in with a valid username and password
2024-12-05 13:20:29.754 [main] INFO  com.apiTests.serviceSteps.serviceTestSteps.userController.LoginSteps - The username in the response matches the request
2024-12-05 13:20:29.770 [main] INFO  com.apiTests.requests.HelperMethod - The content was successfully written to the file: src/test/resources/txtFiles/accessToken.txt
2024-12-05 13:20:29.770 [main] INFO  com.apiTests.serviceSteps.serviceTestSteps.userController.LoginSteps - The Access Token has been saved: eyJ0eXAiOiJKV1QiLCJhbGciOiJIUzUxMiJ9.eyJzdWIiOiIxOSIsImF1ZCI6ImFjY2VzcyIsInVzciI6IlNpc3RlbSBZw7ZuZXRpY2lzaSBBU0VMU0FOIiwiaXNzIjoiYXNlbHNhbi5rYXJkZWxlbiIsInJqdGkiOiI5MzNhZDQwMC02ZTkxLTRmM2UtYWI5Ni1iZGMxOWY3MjgwOGMiLCJleHAiOjE3MzMzOTQ2MjgsImlhdCI6MTczMzM5NDAyOCwianRpIjoiY2E3M2IwYjItZGRhMC00NjZmLTg2OTgtNTFkNTEzNzc3ZDNhIn0.N0WEO7WIwdcG202De3w62ibzmcTvSwcsKE24y9WcbkaP3cD_Civ11GF8JkaBY4qz3Y3vbbEk4hWxHahdqQrcOA
2024-12-05 13:20:30.005 [main] INFO  com.apiTests.requests.serviceRequests.user_controller.RenewAccessTokenTests - Response received: 
2024-12-05 13:20:30.005 [main] INFO  com.apiTests.requests.serviceRequests.user_controller.RenewAccessTokenTests - Status Code: 401
2024-12-05 13:20:30.005 [main] INFO  com.apiTests.requests.serviceRequests.user_controller.RenewAccessTokenTests - Unexpected content type: 
2024-12-05 13:20:30.005 [main] INFO  com.apiTests.serviceSteps.serviceTestSteps.userController.RenewAccessTokenSteps - The access token is not refreshed and an error message is displayed
]]></system-out>
  </testcase>
  <testcase name="User logs into the system, then tries to refresh the access token, verifies error response #2" classname="User Renew Access Token" time="0.849">
    <system-out><![CDATA[2024-12-05 13:20:30.383 [main] INFO  com.apiTests.requests.serviceRequests.user_controller.LoginTests - Response received: {"user":{"name":"Sistem Yöneticisi","surname":"ASELSAN","username":"aselsan","detail":{"identityNumber":null,"email":null,"phoneNumber":null,"rank":null,"profilePicture":null,"supervisor":{"name":null,"surname":null}},"pushToken":null,"userLevelId":5,"userLevelName":"Aselsan","id":10},"tokenDetails":{"accessToken":"eyJ0eXAiOiJKV1QiLCJhbGciOiJIUzUxMiJ9.eyJzdWIiOiIxOSIsImF1ZCI6ImFjY2VzcyIsInVzciI6IlNpc3RlbSBZw7ZuZXRpY2lzaSBBU0VMU0FOIiwiaXNzIjoiYXNlbHNhbi5rYXJkZWxlbiIsInJqdGkiOiIzZjhlMTIyOC1iZWJiLTQxZjYtODE0Ni0xMjE1MjVkYTJiMTEiLCJleHAiOjE3MzMzOTQ2MjksImlhdCI6MTczMzM5NDAyOSwianRpIjoiYmY2ZGYwYWMtNDhkNC00Mzc3LTg4ZjYtOGI0YTgyZDAxZjcyIn0.9cfmf529M5lssKJfXUOP3PFeq7htqEKDNbYSY8tXJ1jHZvTi2sKwfiaPDgForJ4H2CnO3AM15uuGpUL9X8-_Tw","refreshToken":"eyJ0eXAiOiJKV1QiLCJhbGciOiJIUzUxMiJ9.eyJzdWIiOiIxOSIsImF1ZCI6InJlZnJlc2giLCJpc3MiOiJhc2Vsc2FuLmthcmRlbGVuIiwiZXhwIjoxNzMzNDMwMDI5LCJpYXQiOjE3MzMzOTQwMjksImp0aSI6IjNmOGUxMjI4LWJlYmItNDFmNi04MTQ2LTEyMTUyNWRhMmIxMSJ9.Oswj-5pzdG1jWNBC76m1XlZRlbxMrJnAiUJ9HGtOxUXmQztlmv3rcXbU6lubkNigaLU7Y9Nh2bqQh1SXBdHPUQ"},"authorities":["right.detection.createdetection","right.detection.map","right.detection.detail","right.detection.detail.read","right.detection.detail.update","right.detection.filter","right.detection.sort","right.detection.sosmessage","right.task.filter","right.task.sort","right.task.detail","right.task.detail.read","right.task.detail.starttask","right.sensor.list","right.sensor.map","right.sensor.filter","right.sensor.sort","right.profile.read","right.detection","right.task","right.sensor","right.profile","right.detection.incominglist","right.task.outgoinglist","right.detection.outgoinglist","right.task.incominglist","right.task.attachments.list","right.alarm","right.alarm.list","right.alarm.map","right.alarm.filter","right.profile.usermanagement","right.profile.usermanagement.groupauthorization","right.profile.usermanagement.usergroup","right.sensor.detail","right.sensor.detail.read","right.sensor.detail.livestream"]}
2024-12-05 13:20:30.383 [main] INFO  com.apiTests.requests.serviceRequests.user_controller.LoginTests - Status Code: 200
2024-12-05 13:20:30.415 [main] INFO  com.apiTests.serviceSteps.serviceTestSteps.userController.LoginSteps - The system has been logged in with a valid username and password
2024-12-05 13:20:30.415 [main] INFO  com.apiTests.serviceSteps.serviceTestSteps.userController.LoginSteps - The username in the response matches the request
2024-12-05 13:20:30.415 [main] INFO  com.apiTests.requests.HelperMethod - The content was successfully written to the file: src/test/resources/txtFiles/accessToken.txt
2024-12-05 13:20:30.415 [main] INFO  com.apiTests.serviceSteps.serviceTestSteps.userController.LoginSteps - The Access Token has been saved: eyJ0eXAiOiJKV1QiLCJhbGciOiJIUzUxMiJ9.eyJzdWIiOiIxOSIsImF1ZCI6ImFjY2VzcyIsInVzciI6IlNpc3RlbSBZw7ZuZXRpY2lzaSBBU0VMU0FOIiwiaXNzIjoiYXNlbHNhbi5rYXJkZWxlbiIsInJqdGkiOiIzZjhlMTIyOC1iZWJiLTQxZjYtODE0Ni0xMjE1MjVkYTJiMTEiLCJleHAiOjE3MzMzOTQ2MjksImlhdCI6MTczMzM5NDAyOSwianRpIjoiYmY2ZGYwYWMtNDhkNC00Mzc3LTg4ZjYtOGI0YTgyZDAxZjcyIn0.9cfmf529M5lssKJfXUOP3PFeq7htqEKDNbYSY8tXJ1jHZvTi2sKwfiaPDgForJ4H2CnO3AM15uuGpUL9X8-_Tw
2024-12-05 13:20:30.870 [main] INFO  com.apiTests.requests.serviceRequests.user_controller.RenewAccessTokenTests - Response received: 
2024-12-05 13:20:30.870 [main] INFO  com.apiTests.requests.serviceRequests.user_controller.RenewAccessTokenTests - Status Code: 500
2024-12-05 13:20:30.870 [main] INFO  com.apiTests.requests.serviceRequests.user_controller.RenewAccessTokenTests - Unexpected content type: 
2024-12-05 13:20:30.870 [main] INFO  com.apiTests.serviceSteps.serviceTestSteps.userController.RenewAccessTokenSteps - The access token is not refreshed and an error message is displayed
]]></system-out>
  </testcase>
  <testcase name="User logs into the system and logs out with a valid access token" classname="User Logout" time="0.785">
    <system-out><![CDATA[2024-12-05 13:20:31.202 [main] INFO  com.apiTests.requests.serviceRequests.user_controller.LoginTests - Response received: {"user":{"name":"Sistem Yöneticisi","surname":"ASELSAN","username":"aselsan","detail":{"identityNumber":null,"email":null,"phoneNumber":null,"rank":null,"profilePicture":null,"supervisor":{"name":null,"surname":null}},"pushToken":null,"userLevelId":5,"userLevelName":"Aselsan","id":10},"tokenDetails":{"accessToken":"eyJ0eXAiOiJKV1QiLCJhbGciOiJIUzUxMiJ9.eyJzdWIiOiIxOSIsImF1ZCI6ImFjY2VzcyIsInVzciI6IlNpc3RlbSBZw7ZuZXRpY2lzaSBBU0VMU0FOIiwiaXNzIjoiYXNlbHNhbi5rYXJkZWxlbiIsInJqdGkiOiJhM2E5NWEzNi04NDIxLTQ3ZjMtOWY5YS0yYjY2YmQ2ZDI2NWIiLCJleHAiOjE3MzMzOTQ2MzAsImlhdCI6MTczMzM5NDAzMCwianRpIjoiZTY3Y2NjYjAtNjBmNi00M2Y1LThjYzktZmEyNjllMmEzOGVmIn0.H9EiRnGdCfb4OJAJsrl_i83P1XdyhROEY2NAG_HTahOu0wbmn348l5Mev-nX_WwQSObEuGSh-Srl-EdCoEeCzw","refreshToken":"eyJ0eXAiOiJKV1QiLCJhbGciOiJIUzUxMiJ9.eyJzdWIiOiIxOSIsImF1ZCI6InJlZnJlc2giLCJpc3MiOiJhc2Vsc2FuLmthcmRlbGVuIiwiZXhwIjoxNzMzNDMwMDMwLCJpYXQiOjE3MzMzOTQwMzAsImp0aSI6ImEzYTk1YTM2LTg0MjEtNDdmMy05ZjlhLTJiNjZiZDZkMjY1YiJ9.jevckrjCLErA2OC-NIPD4KVYR4D6J-TGA-Th291_DNOjIKil3ie7FRhlXjnjBpKjmKBp8R8TvfYW7hWq16e_4Q"},"authorities":["right.detection.createdetection","right.detection.map","right.detection.detail","right.detection.detail.read","right.detection.detail.update","right.detection.filter","right.detection.sort","right.detection.sosmessage","right.task.filter","right.task.sort","right.task.detail","right.task.detail.read","right.task.detail.starttask","right.sensor.list","right.sensor.map","right.sensor.filter","right.sensor.sort","right.profile.read","right.detection","right.task","right.sensor","right.profile","right.detection.incominglist","right.task.outgoinglist","right.detection.outgoinglist","right.task.incominglist","right.task.attachments.list","right.alarm","right.alarm.list","right.alarm.map","right.alarm.filter","right.profile.usermanagement","right.profile.usermanagement.groupauthorization","right.profile.usermanagement.usergroup","right.sensor.detail","right.sensor.detail.read","right.sensor.detail.livestream"]}
2024-12-05 13:20:31.202 [main] INFO  com.apiTests.requests.serviceRequests.user_controller.LoginTests - Status Code: 200
2024-12-05 13:20:31.218 [main] INFO  com.apiTests.serviceSteps.serviceTestSteps.userController.LoginSteps - The system has been logged in with a valid username and password
2024-12-05 13:20:31.218 [main] INFO  com.apiTests.serviceSteps.serviceTestSteps.userController.LoginSteps - The username in the response matches the request
2024-12-05 13:20:31.218 [main] INFO  com.apiTests.requests.HelperMethod - The content was successfully written to the file: src/test/resources/txtFiles/accessToken.txt
2024-12-05 13:20:31.233 [main] INFO  com.apiTests.serviceSteps.serviceTestSteps.userController.LoginSteps - The Access Token has been saved: eyJ0eXAiOiJKV1QiLCJhbGciOiJIUzUxMiJ9.eyJzdWIiOiIxOSIsImF1ZCI6ImFjY2VzcyIsInVzciI6IlNpc3RlbSBZw7ZuZXRpY2lzaSBBU0VMU0FOIiwiaXNzIjoiYXNlbHNhbi5rYXJkZWxlbiIsInJqdGkiOiJhM2E5NWEzNi04NDIxLTQ3ZjMtOWY5YS0yYjY2YmQ2ZDI2NWIiLCJleHAiOjE3MzMzOTQ2MzAsImlhdCI6MTczMzM5NDAzMCwianRpIjoiZTY3Y2NjYjAtNjBmNi00M2Y1LThjYzktZmEyNjllMmEzOGVmIn0.H9EiRnGdCfb4OJAJsrl_i83P1XdyhROEY2NAG_HTahOu0wbmn348l5Mev-nX_WwQSObEuGSh-Srl-EdCoEeCzw
2024-12-05 13:20:31.657 [main] INFO  com.apiTests.requests.serviceRequests.user_controller.LogoutTests - Response received: 
2024-12-05 13:20:31.657 [main] INFO  com.apiTests.requests.serviceRequests.user_controller.LogoutTests - Status Code: 200
2024-12-05 13:20:31.657 [main] INFO  com.apiTests.serviceSteps.serviceTestSteps.userController.LogoutSteps - The system has successfully logged the user out.
]]></system-out>
  </testcase>
  <testcase name="User logs into the system and tries to log out with an invalid token" classname="User Logout" time="0.593">
    <system-out><![CDATA[2024-12-05 13:20:32.002 [main] INFO  com.apiTests.requests.serviceRequests.user_controller.LoginTests - Response received: {"user":{"name":"Sistem Yöneticisi","surname":"ASELSAN","username":"aselsan","detail":{"identityNumber":null,"email":null,"phoneNumber":null,"rank":null,"profilePicture":null,"supervisor":{"name":null,"surname":null}},"pushToken":null,"userLevelId":5,"userLevelName":"Aselsan","id":10},"tokenDetails":{"accessToken":"eyJ0eXAiOiJKV1QiLCJhbGciOiJIUzUxMiJ9.eyJzdWIiOiIxOSIsImF1ZCI6ImFjY2VzcyIsInVzciI6IlNpc3RlbSBZw7ZuZXRpY2lzaSBBU0VMU0FOIiwiaXNzIjoiYXNlbHNhbi5rYXJkZWxlbiIsInJqdGkiOiJkYTdkY2VkNS04MjBlLTQyNGYtOGE1Yi1hM2NhZGVlYWMxNzYiLCJleHAiOjE3MzMzOTQ2MzAsImlhdCI6MTczMzM5NDAzMCwianRpIjoiM2YwNDVhMzMtMGY5ZC00YTE2LWJhYzAtOTA3ZmNhOGIxZDAyIn0.4Z3TDjbJSHnTYQfYzYdtrKITmdM44gdQu_aEMEDlfZToQhmigjwrNt1A4EOccXpZ2Sigm-IM72Dvmbvrj8gFKg","refreshToken":"eyJ0eXAiOiJKV1QiLCJhbGciOiJIUzUxMiJ9.eyJzdWIiOiIxOSIsImF1ZCI6InJlZnJlc2giLCJpc3MiOiJhc2Vsc2FuLmthcmRlbGVuIiwiZXhwIjoxNzMzNDMwMDMwLCJpYXQiOjE3MzMzOTQwMzAsImp0aSI6ImRhN2RjZWQ1LTgyMGUtNDI0Zi04YTViLWEzY2FkZWVhYzE3NiJ9.0wcYaXpEDYAgEMcQs5ZAt2TmbRRBMUrXQcCFfvd-OwBa7DxtKjeqm1plQkBA8jkDMMfeR68WPrSno4Vs_A9kfw"},"authorities":["right.detection.createdetection","right.detection.map","right.detection.detail","right.detection.detail.read","right.detection.detail.update","right.detection.filter","right.detection.sort","right.detection.sosmessage","right.task.filter","right.task.sort","right.task.detail","right.task.detail.read","right.task.detail.starttask","right.sensor.list","right.sensor.map","right.sensor.filter","right.sensor.sort","right.profile.read","right.detection","right.task","right.sensor","right.profile","right.detection.incominglist","right.task.outgoinglist","right.detection.outgoinglist","right.task.incominglist","right.task.attachments.list","right.alarm","right.alarm.list","right.alarm.map","right.alarm.filter","right.profile.usermanagement","right.profile.usermanagement.groupauthorization","right.profile.usermanagement.usergroup","right.sensor.detail","right.sensor.detail.read","right.sensor.detail.livestream"]}
2024-12-05 13:20:32.002 [main] INFO  com.apiTests.requests.serviceRequests.user_controller.LoginTests - Status Code: 200
2024-12-05 13:20:32.012 [main] INFO  com.apiTests.serviceSteps.serviceTestSteps.userController.LoginSteps - The system has been logged in with a valid username and password
2024-12-05 13:20:32.012 [main] INFO  com.apiTests.serviceSteps.serviceTestSteps.userController.LoginSteps - The username in the response matches the request
2024-12-05 13:20:32.027 [main] INFO  com.apiTests.requests.HelperMethod - The content was successfully written to the file: src/test/resources/txtFiles/accessToken.txt
2024-12-05 13:20:32.027 [main] INFO  com.apiTests.serviceSteps.serviceTestSteps.userController.LoginSteps - The Access Token has been saved: eyJ0eXAiOiJKV1QiLCJhbGciOiJIUzUxMiJ9.eyJzdWIiOiIxOSIsImF1ZCI6ImFjY2VzcyIsInVzciI6IlNpc3RlbSBZw7ZuZXRpY2lzaSBBU0VMU0FOIiwiaXNzIjoiYXNlbHNhbi5rYXJkZWxlbiIsInJqdGkiOiJkYTdkY2VkNS04MjBlLTQyNGYtOGE1Yi1hM2NhZGVlYWMxNzYiLCJleHAiOjE3MzMzOTQ2MzAsImlhdCI6MTczMzM5NDAzMCwianRpIjoiM2YwNDVhMzMtMGY5ZC00YTE2LWJhYzAtOTA3ZmNhOGIxZDAyIn0.4Z3TDjbJSHnTYQfYzYdtrKITmdM44gdQu_aEMEDlfZToQhmigjwrNt1A4EOccXpZ2Sigm-IM72Dvmbvrj8gFKg
2024-12-05 13:20:32.265 [main] INFO  com.apiTests.requests.serviceRequests.user_controller.LogoutTests - Response received: 
2024-12-05 13:20:32.265 [main] INFO  com.apiTests.requests.serviceRequests.user_controller.LogoutTests - Status Code: 500
2024-12-05 13:20:32.265 [main] INFO  com.apiTests.serviceSteps.serviceTestSteps.userController.LogoutSteps - The system failed to log the user out.
]]></system-out>
  </testcase>
  <testcase name="Detection controller service" classname="Get Detections" time="0.864">
    <system-out><![CDATA[2024-12-05 13:20:32.595 [main] INFO  com.apiTests.requests.serviceRequests.user_controller.LoginTests - Response received: {"user":{"name":"Sistem Yöneticisi","surname":"ASELSAN","username":"aselsan","detail":{"identityNumber":null,"email":null,"phoneNumber":null,"rank":null,"profilePicture":null,"supervisor":{"name":null,"surname":null}},"pushToken":null,"userLevelId":5,"userLevelName":"Aselsan","id":10},"tokenDetails":{"accessToken":"eyJ0eXAiOiJKV1QiLCJhbGciOiJIUzUxMiJ9.eyJzdWIiOiIxOSIsImF1ZCI6ImFjY2VzcyIsInVzciI6IlNpc3RlbSBZw7ZuZXRpY2lzaSBBU0VMU0FOIiwiaXNzIjoiYXNlbHNhbi5rYXJkZWxlbiIsInJqdGkiOiIwYjRhNmM4ZS04OTM4LTQ5ZDYtOGFjOC03ZWRmZjE0OWIxNTkiLCJleHAiOjE3MzMzOTQ2MzEsImlhdCI6MTczMzM5NDAzMSwianRpIjoiYjk0ZjIzMWYtZjQ2My00M2M5LTg3YTktZDQzYjQyNGQ0Y2IwIn0.6ISbsBGixU8Zvrj-onYt-4jtDHTE2K9qMvJPoSRCWAj8uyaifQuLC9jJvpiTi5IkhxU83jKqBSl2acd8eTrMXw","refreshToken":"eyJ0eXAiOiJKV1QiLCJhbGciOiJIUzUxMiJ9.eyJzdWIiOiIxOSIsImF1ZCI6InJlZnJlc2giLCJpc3MiOiJhc2Vsc2FuLmthcmRlbGVuIiwiZXhwIjoxNzMzNDMwMDMxLCJpYXQiOjE3MzMzOTQwMzEsImp0aSI6IjBiNGE2YzhlLTg5MzgtNDlkNi04YWM4LTdlZGZmMTQ5YjE1OSJ9.Jm6iDJlqBZn5kd-r0jcEuLNkEuzczR-OKaoMqo0CUddTbxIULqcJ8Si-q8PYESJyp9S3UhgTrSV21gcnII3ijw"},"authorities":["right.detection.createdetection","right.detection.map","right.detection.detail","right.detection.detail.read","right.detection.detail.update","right.detection.filter","right.detection.sort","right.detection.sosmessage","right.task.filter","right.task.sort","right.task.detail","right.task.detail.read","right.task.detail.starttask","right.sensor.list","right.sensor.map","right.sensor.filter","right.sensor.sort","right.profile.read","right.detection","right.task","right.sensor","right.profile","right.detection.incominglist","right.task.outgoinglist","right.detection.outgoinglist","right.task.incominglist","right.task.attachments.list","right.alarm","right.alarm.list","right.alarm.map","right.alarm.filter","right.profile.usermanagement","right.profile.usermanagement.groupauthorization","right.profile.usermanagement.usergroup","right.sensor.detail","right.sensor.detail.read","right.sensor.detail.livestream"]}
2024-12-05 13:20:32.595 [main] INFO  com.apiTests.requests.serviceRequests.user_controller.LoginTests - Status Code: 200
2024-12-05 13:20:32.610 [main] INFO  com.apiTests.serviceSteps.serviceTestSteps.userController.LoginSteps - The system has been logged in with a valid username and password
2024-12-05 13:20:32.610 [main] INFO  com.apiTests.serviceSteps.serviceTestSteps.userController.LoginSteps - The username in the response matches the request
2024-12-05 13:20:32.610 [main] INFO  com.apiTests.requests.HelperMethod - The content was successfully written to the file: src/test/resources/txtFiles/accessToken.txt
2024-12-05 13:20:32.610 [main] INFO  com.apiTests.serviceSteps.serviceTestSteps.userController.LoginSteps - The Access Token has been saved: eyJ0eXAiOiJKV1QiLCJhbGciOiJIUzUxMiJ9.eyJzdWIiOiIxOSIsImF1ZCI6ImFjY2VzcyIsInVzciI6IlNpc3RlbSBZw7ZuZXRpY2lzaSBBU0VMU0FOIiwiaXNzIjoiYXNlbHNhbi5rYXJkZWxlbiIsInJqdGkiOiIwYjRhNmM4ZS04OTM4LTQ5ZDYtOGFjOC03ZWRmZjE0OWIxNTkiLCJleHAiOjE3MzMzOTQ2MzEsImlhdCI6MTczMzM5NDAzMSwianRpIjoiYjk0ZjIzMWYtZjQ2My00M2M5LTg3YTktZDQzYjQyNGQ0Y2IwIn0.6ISbsBGixU8Zvrj-onYt-4jtDHTE2K9qMvJPoSRCWAj8uyaifQuLC9jJvpiTi5IkhxU83jKqBSl2acd8eTrMXw
2024-12-05 13:20:33.098 [main] INFO  com.apiTests.requests.serviceRequests.detection_controller.GetDetectionsTests - Response received: [{"id":"00000000-0000-000a-0000-01927a9dd092","hasImage":false,"description":"test1110","detectionCreateTime":1728634015890,"detectionUpdateTime":1731060844236,"location":{"lat":39.9647613243818,"lng":32.76964369542562},"zone":{"id":-1,"name":"K11_"},"updated":true,"signature":null,"taskId":null,"taskStatus":null,"type":{"id":2,"name":"Animal"}},{"id":"00000000-0000-000a-0000-019298dfa639","hasImage":false,"description":"GSFB","detectionCreateTime":1729141646905,"detectionUpdateTime":null,"location":{"lat":37.754223,"lng":33.569424},"zone":{"id":-1,"name":"K11_"},"updated":false,"signature":"GSFB","taskId":null,"taskStatus":null,"type":{"id":6,"name":"Malfunction"}},{"id":"00000000-0000-000a-0000-019298c4ab17","hasImage":false,"description":"descccccccc","detectionCreateTime":1729139878679,"detectionUpdateTime":null,"location":{"lat":37.754223,"lng":33.569424},"zone":{"id":-1,"name":"K11_"},"updated":false,"signature":"siggggggggg","taskId":null,"taskStatus":null,"type":{"id":255,"name":"Emergency"}},{"id":"00000000-0000-000a-0000-019298c77934","hasImage":false,"description":"descccccccc","detectionCreateTime":1729140062516,"detectionUpdateTime":null,"location":{"lat":37.754223,"lng":33.569424},"zone":{"id":-1,"name":"K11_"},"updated":false,"signature":"siggggggggg","taskId":null,"taskStatus":null,"type":{"id":6,"name":"Malfunction"}},{"id":"00000000-0000-000a-0000-019299393e29","hasImage":false,"description":"grouppp","detectionCreateTime":1729147518505,"detectionUpdateTime":null,"location":{"lat":37.754223,"lng":33.569424},"zone":{"id":-1,"name":"K11_"},"updated":false,"signature":"grouppp","taskId":null,"taskStatus":null,"type":{"id":255,"name":"Emergency"}},{"id":"00000000-0000-000a-0000-0192998c5639","hasImage":false,"description":"hakanAslan","detectionCreateTime":1729152964153,"detectionUpdateTime":null,"location":{"lat":37.754223,"lng":33.569424},"zone":{"id":-1,"name":"K11_"},"updated":false,"signature":"hakanAslan","taskId":null,"taskStatus":null,"type":{"id":255,"name":"Emergency"}},{"id":"00000000-0000-000a-0000-0192ae673531","hasImage":false,"description":"test55","detectionCreateTime":1729502852401,"detectionUpdateTime":1729502853582,"location":{"lat":39.57335835949759,"lng":32.16403650439132},"zone":{"id":-1,"name":"K11_"},"updated":true,"signature":"55sss321","taskId":null,"taskStatus":null,"type":{"id":3,"name":"Vehicle"}},{"id":"00000000-0000-000a-0000-0192ae67f0ec","hasImage":false,"description":"Acil durum bildirimidir. Lütfen iletişime geçiniz.","detectionCreateTime":1729502900460,"detectionUpdateTime":1729502901617,"location":{"lat":39.9654642,"lng":32.7665383},"zone":{"id":-1,"name":"K11_"},"updated":true,"signature":null,"taskId":null,"taskStatus":null,"type":{"id":255,"name":"Emergency"}},{"id":"00000000-0000-000a-0000-0192ae6e79f8","hasImage":false,"description":"Acil durum bildirimidir. Lütfen iletişime geçiniz.","detectionCreateTime":1729503328760,"detectionUpdateTime":1729503329926,"location":{"lat":39.9654543,"lng":32.7665293},"zone":{"id":-1,"name":"K11_"},"updated":true,"signature":null,"taskId":null,"taskStatus":null,"type":{"id":255,"name":"Emergency"}},{"id":"00000000-0000-000a-0000-0192ae682ecc","hasImage":false,"description":"Acil durum bildirimidir. Lütfen iletişime geçiniz.","detectionCreateTime":1729502916300,"detectionUpdateTime":1729502917461,"location":{"lat":39.9654559,"lng":32.76653},"zone":{"id":-1,"name":"K11_"},"updated":true,"signature":null,"taskId":null,"taskStatus":null,"type":{"id":255,"name":"Emergency"}}]
2024-12-05 13:20:33.098 [main] INFO  com.apiTests.requests.serviceRequests.detection_controller.GetDetectionsTests - Status Code: 200
2024-12-05 13:20:33.129 [main] ERROR com.apiTests.requests.serviceRequests.detection_controller.GetDetectionsTests - The classification type filter does not used!
2024-12-05 13:20:33.129 [main] ERROR com.apiTests.requests.serviceRequests.detection_controller.GetDetectionsTests - The zone filter does not used!
2024-12-05 13:20:33.129 [main] INFO  com.apiTests.requests.serviceRequests.detection_controller.GetDetectionsTests - The start time and the finish time filter do not used!
]]></system-out>
  </testcase>
  <testcase name="Detection controller service, filter classificationTyp #1" classname="Get Detections" time="1.243">
    <system-out><![CDATA[2024-12-05 13:20:33.444 [main] INFO  com.apiTests.requests.serviceRequests.user_controller.LoginTests - Response received: {"user":{"name":"Sistem Yöneticisi","surname":"ASELSAN","username":"aselsan","detail":{"identityNumber":null,"email":null,"phoneNumber":null,"rank":null,"profilePicture":null,"supervisor":{"name":null,"surname":null}},"pushToken":null,"userLevelId":5,"userLevelName":"Aselsan","id":10},"tokenDetails":{"accessToken":"eyJ0eXAiOiJKV1QiLCJhbGciOiJIUzUxMiJ9.eyJzdWIiOiIxOSIsImF1ZCI6ImFjY2VzcyIsInVzciI6IlNpc3RlbSBZw7ZuZXRpY2lzaSBBU0VMU0FOIiwiaXNzIjoiYXNlbHNhbi5rYXJkZWxlbiIsInJqdGkiOiI0NzdjNGE1Ny05YTNlLTRmYTctODhjYS1lMTA1MTdjNzA3NDMiLCJleHAiOjE3MzMzOTQ2MzIsImlhdCI6MTczMzM5NDAzMiwianRpIjoiOTUxYWE3NmEtNDlkOC00YWZjLTljNjgtN2IxNTZmMTQ2OTZlIn0.0KlJMerLAu8akh4203kh3gFybKnGaXviHtdIh3ec77L3bGlBWkcuG8uJhPvxXB7JZRu5CVkTAUwAV_7Ly7tWAg","refreshToken":"eyJ0eXAiOiJKV1QiLCJhbGciOiJIUzUxMiJ9.eyJzdWIiOiIxOSIsImF1ZCI6InJlZnJlc2giLCJpc3MiOiJhc2Vsc2FuLmthcmRlbGVuIiwiZXhwIjoxNzMzNDMwMDMyLCJpYXQiOjE3MzMzOTQwMzIsImp0aSI6IjQ3N2M0YTU3LTlhM2UtNGZhNy04OGNhLWUxMDUxN2M3MDc0MyJ9.RZH3x-e1I05vNcfbbDmSCCLE5FPI93YG58FWF3Cq6oOn8nL-L5baghL6CfY1rRLHRBGf-nUyhmXHwk7N_2QMeA"},"authorities":["right.detection.createdetection","right.detection.map","right.detection.detail","right.detection.detail.read","right.detection.detail.update","right.detection.filter","right.detection.sort","right.detection.sosmessage","right.task.filter","right.task.sort","right.task.detail","right.task.detail.read","right.task.detail.starttask","right.sensor.list","right.sensor.map","right.sensor.filter","right.sensor.sort","right.profile.read","right.detection","right.task","right.sensor","right.profile","right.detection.incominglist","right.task.outgoinglist","right.detection.outgoinglist","right.task.incominglist","right.task.attachments.list","right.alarm","right.alarm.list","right.alarm.map","right.alarm.filter","right.profile.usermanagement","right.profile.usermanagement.groupauthorization","right.profile.usermanagement.usergroup","right.sensor.detail","right.sensor.detail.read","right.sensor.detail.livestream"]}
2024-12-05 13:20:33.444 [main] INFO  com.apiTests.requests.serviceRequests.user_controller.LoginTests - Status Code: 200
2024-12-05 13:20:33.478 [main] INFO  com.apiTests.serviceSteps.serviceTestSteps.userController.LoginSteps - The system has been logged in with a valid username and password
2024-12-05 13:20:33.478 [main] INFO  com.apiTests.serviceSteps.serviceTestSteps.userController.LoginSteps - The username in the response matches the request
2024-12-05 13:20:33.478 [main] INFO  com.apiTests.requests.HelperMethod - The content was successfully written to the file: src/test/resources/txtFiles/accessToken.txt
2024-12-05 13:20:33.478 [main] INFO  com.apiTests.serviceSteps.serviceTestSteps.userController.LoginSteps - The Access Token has been saved: eyJ0eXAiOiJKV1QiLCJhbGciOiJIUzUxMiJ9.eyJzdWIiOiIxOSIsImF1ZCI6ImFjY2VzcyIsInVzciI6IlNpc3RlbSBZw7ZuZXRpY2lzaSBBU0VMU0FOIiwiaXNzIjoiYXNlbHNhbi5rYXJkZWxlbiIsInJqdGkiOiI0NzdjNGE1Ny05YTNlLTRmYTctODhjYS1lMTA1MTdjNzA3NDMiLCJleHAiOjE3MzMzOTQ2MzIsImlhdCI6MTczMzM5NDAzMiwianRpIjoiOTUxYWE3NmEtNDlkOC00YWZjLTljNjgtN2IxNTZmMTQ2OTZlIn0.0KlJMerLAu8akh4203kh3gFybKnGaXviHtdIh3ec77L3bGlBWkcuG8uJhPvxXB7JZRu5CVkTAUwAV_7Ly7tWAg
2024-12-05 13:20:33.832 [main] INFO  com.apiTests.requests.serviceRequests.detection_controller.ClassificationTypesTests - Response received: [{"id":255,"name":"ACİL DURUM"},{"id":3,"name":"ARAÇ"},{"id":6,"name":"ARIZA"},{"id":4,"name":"DİĞER"},{"id":193,"name":"DOĞRU ALARM"},{"id":2,"name":"HAYVAN"},{"id":1,"name":"İNSAN"},{"id":16,"name":"SABOTAJ"},{"id":71,"name":"YETKİSİZ"}]
2024-12-05 13:20:33.832 [main] INFO  com.apiTests.requests.serviceRequests.detection_controller.ClassificationTypesTests - Status Code: 200
2024-12-05 13:20:33.832 [main] INFO  com.apiTests.requests.serviceRequests.detection_controller.ClassificationTypesTests - 0. Classification Type: ACİL DURUM
2024-12-05 13:20:33.832 [main] INFO  com.apiTests.requests.serviceRequests.detection_controller.ClassificationTypesTests - Classification type found: ACİL DURUM
2024-12-05 13:20:34.340 [main] INFO  com.apiTests.requests.serviceRequests.detection_controller.GetDetectionsTests - Response received: [{"id":"00000000-0000-000a-0000-019298c4ab17","hasImage":false,"description":"descccccccc","detectionCreateTime":1729139878679,"detectionUpdateTime":null,"location":{"lat":37.754223,"lng":33.569424},"zone":{"id":-1,"name":"K11_"},"updated":false,"signature":"siggggggggg","taskId":null,"taskStatus":null,"type":{"id":255,"name":"Emergency"}},{"id":"00000000-0000-000a-0000-019299393e29","hasImage":false,"description":"grouppp","detectionCreateTime":1729147518505,"detectionUpdateTime":null,"location":{"lat":37.754223,"lng":33.569424},"zone":{"id":-1,"name":"K11_"},"updated":false,"signature":"grouppp","taskId":null,"taskStatus":null,"type":{"id":255,"name":"Emergency"}},{"id":"00000000-0000-000a-0000-0192998c5639","hasImage":false,"description":"hakanAslan","detectionCreateTime":1729152964153,"detectionUpdateTime":null,"location":{"lat":37.754223,"lng":33.569424},"zone":{"id":-1,"name":"K11_"},"updated":false,"signature":"hakanAslan","taskId":null,"taskStatus":null,"type":{"id":255,"name":"Emergency"}},{"id":"00000000-0000-000a-0000-0192ae67f0ec","hasImage":false,"description":"Acil durum bildirimidir. Lütfen iletişime geçiniz.","detectionCreateTime":1729502900460,"detectionUpdateTime":1729502901617,"location":{"lat":39.9654642,"lng":32.7665383},"zone":{"id":-1,"name":"K11_"},"updated":true,"signature":null,"taskId":null,"taskStatus":null,"type":{"id":255,"name":"Emergency"}},{"id":"00000000-0000-000a-0000-0192ae6e79f8","hasImage":false,"description":"Acil durum bildirimidir. Lütfen iletişime geçiniz.","detectionCreateTime":1729503328760,"detectionUpdateTime":1729503329926,"location":{"lat":39.9654543,"lng":32.7665293},"zone":{"id":-1,"name":"K11_"},"updated":true,"signature":null,"taskId":null,"taskStatus":null,"type":{"id":255,"name":"Emergency"}},{"id":"00000000-0000-000a-0000-0192ae682ecc","hasImage":false,"description":"Acil durum bildirimidir. Lütfen iletişime geçiniz.","detectionCreateTime":1729502916300,"detectionUpdateTime":1729502917461,"location":{"lat":39.9654559,"lng":32.76653},"zone":{"id":-1,"name":"K11_"},"updated":true,"signature":null,"taskId":null,"taskStatus":null,"type":{"id":255,"name":"Emergency"}},{"id":"00000000-0000-000a-0000-0192ae6897ac","hasImage":false,"description":"Acil durum bildirimidir. Lütfen iletişime geçiniz.","detectionCreateTime":1729502943148,"detectionUpdateTime":1729502944307,"location":{"lat":39.9654564,"lng":32.7665255},"zone":{"id":-1,"name":"K11_"},"updated":true,"signature":null,"taskId":null,"taskStatus":null,"type":{"id":255,"name":"Emergency"}},{"id":"00000000-0000-000a-0000-0192ae68d034","hasImage":false,"description":"Acil durum bildirimidir. Lütfen iletişime geçiniz.","detectionCreateTime":1729502957620,"detectionUpdateTime":1729502958752,"location":{"lat":39.965457,"lng":32.7665221},"zone":{"id":-1,"name":"K11_"},"updated":true,"signature":null,"taskId":null,"taskStatus":null,"type":{"id":255,"name":"Emergency"}},{"id":"00000000-0000-000a-0000-0192ae7236e2","hasImage":false,"description":"Acil durum bildirimidir. Lütfen iletişime geçiniz.","detectionCreateTime":1729503573730,"detectionUpdateTime":1729503574868,"location":{"lat":39.9654607,"lng":32.7665258},"zone":{"id":-1,"name":"K11_"},"updated":true,"signature":null,"taskId":null,"taskStatus":null,"type":{"id":255,"name":"Emergency"}},{"id":"00000000-0000-000a-0000-0192ae7179a7","hasImage":false,"description":"Acil durum bildirimidir. Lütfen iletişime geçiniz.","detectionCreateTime":1729503525287,"detectionUpdateTime":1729503526452,"location":{"lat":39.9654568,"lng":32.766523},"zone":{"id":-1,"name":"K11_"},"updated":true,"signature":null,"taskId":null,"taskStatus":null,"type":{"id":255,"name":"Emergency"}}]
2024-12-05 13:20:34.340 [main] INFO  com.apiTests.requests.serviceRequests.detection_controller.GetDetectionsTests - Status Code: 200
2024-12-05 13:20:34.356 [main] INFO  com.apiTests.requests.serviceRequests.detection_controller.GetDetectionsTests - 0. Detection: 00000000-0000-000a-0000-019298c4ab17 , Emergency
2024-12-05 13:20:34.356 [main] INFO  com.apiTests.requests.serviceRequests.detection_controller.GetDetectionsTests - 1. Detection: 00000000-0000-000a-0000-019299393e29 , Emergency
2024-12-05 13:20:34.356 [main] INFO  com.apiTests.requests.serviceRequests.detection_controller.GetDetectionsTests - 2. Detection: 00000000-0000-000a-0000-0192998c5639 , Emergency
2024-12-05 13:20:34.356 [main] INFO  com.apiTests.requests.serviceRequests.detection_controller.GetDetectionsTests - 3. Detection: 00000000-0000-000a-0000-0192ae67f0ec , Emergency
2024-12-05 13:20:34.356 [main] INFO  com.apiTests.requests.serviceRequests.detection_controller.GetDetectionsTests - 4. Detection: 00000000-0000-000a-0000-0192ae6e79f8 , Emergency
2024-12-05 13:20:34.356 [main] INFO  com.apiTests.requests.serviceRequests.detection_controller.GetDetectionsTests - 5. Detection: 00000000-0000-000a-0000-0192ae682ecc , Emergency
2024-12-05 13:20:34.356 [main] INFO  com.apiTests.requests.serviceRequests.detection_controller.GetDetectionsTests - 6. Detection: 00000000-0000-000a-0000-0192ae6897ac , Emergency
2024-12-05 13:20:34.356 [main] INFO  com.apiTests.requests.serviceRequests.detection_controller.GetDetectionsTests - 7. Detection: 00000000-0000-000a-0000-0192ae68d034 , Emergency
2024-12-05 13:20:34.356 [main] INFO  com.apiTests.requests.serviceRequests.detection_controller.GetDetectionsTests - 8. Detection: 00000000-0000-000a-0000-0192ae7236e2 , Emergency
2024-12-05 13:20:34.356 [main] INFO  com.apiTests.requests.serviceRequests.detection_controller.GetDetectionsTests - 9. Detection: 00000000-0000-000a-0000-0192ae7179a7 , Emergency
2024-12-05 13:20:34.372 [main] ERROR com.apiTests.requests.serviceRequests.detection_controller.GetDetectionsTests - The zone filter does not used!
2024-12-05 13:20:34.372 [main] INFO  com.apiTests.requests.serviceRequests.detection_controller.GetDetectionsTests - The start time and the finish time filter do not used!
]]></system-out>
  </testcase>
  <testcase name="Detection controller service, filter classificationTyp #2" classname="Get Detections" time="1.016">
    <system-out><![CDATA[2024-12-05 13:20:34.667 [main] INFO  com.apiTests.requests.serviceRequests.user_controller.LoginTests - Response received: {"user":{"name":"Sistem Yöneticisi","surname":"ASELSAN","username":"aselsan","detail":{"identityNumber":null,"email":null,"phoneNumber":null,"rank":null,"profilePicture":null,"supervisor":{"name":null,"surname":null}},"pushToken":null,"userLevelId":5,"userLevelName":"Aselsan","id":10},"tokenDetails":{"accessToken":"eyJ0eXAiOiJKV1QiLCJhbGciOiJIUzUxMiJ9.eyJzdWIiOiIxOSIsImF1ZCI6ImFjY2VzcyIsInVzciI6IlNpc3RlbSBZw7ZuZXRpY2lzaSBBU0VMU0FOIiwiaXNzIjoiYXNlbHNhbi5rYXJkZWxlbiIsInJqdGkiOiI0N2EzMmMwNC0zOWZmLTRiN2QtYTE0OS0xMjVmMjhiZTA5MGQiLCJleHAiOjE3MzMzOTQ2MzMsImlhdCI6MTczMzM5NDAzMywianRpIjoiZmExYjRiODktN2M4OC00Nzk0LWI1YjUtYmFhYjE2ZWUzZGZiIn0.SosGuBYrfbQJV_MPpPC1TgynmNq4S46EfvKgRcCudP0RT1J0CIG8jajgGp9qy4ycS6bNp-b5lm5biukWX0zgLA","refreshToken":"eyJ0eXAiOiJKV1QiLCJhbGciOiJIUzUxMiJ9.eyJzdWIiOiIxOSIsImF1ZCI6InJlZnJlc2giLCJpc3MiOiJhc2Vsc2FuLmthcmRlbGVuIiwiZXhwIjoxNzMzNDMwMDMzLCJpYXQiOjE3MzMzOTQwMzMsImp0aSI6IjQ3YTMyYzA0LTM5ZmYtNGI3ZC1hMTQ5LTEyNWYyOGJlMDkwZCJ9.wQ1T0zX_hg9mmZ2yWdI-oQn_RlkJZM9UAo8wi6w1ieVuHtxk1GLf9BIJTZN4B3X64NAiTEPdbuKZKmCoVB3hEQ"},"authorities":["right.detection.createdetection","right.detection.map","right.detection.detail","right.detection.detail.read","right.detection.detail.update","right.detection.filter","right.detection.sort","right.detection.sosmessage","right.task.filter","right.task.sort","right.task.detail","right.task.detail.read","right.task.detail.starttask","right.sensor.list","right.sensor.map","right.sensor.filter","right.sensor.sort","right.profile.read","right.detection","right.task","right.sensor","right.profile","right.detection.incominglist","right.task.outgoinglist","right.detection.outgoinglist","right.task.incominglist","right.task.attachments.list","right.alarm","right.alarm.list","right.alarm.map","right.alarm.filter","right.profile.usermanagement","right.profile.usermanagement.groupauthorization","right.profile.usermanagement.usergroup","right.sensor.detail","right.sensor.detail.read","right.sensor.detail.livestream"]}
2024-12-05 13:20:34.667 [main] INFO  com.apiTests.requests.serviceRequests.user_controller.LoginTests - Status Code: 200
2024-12-05 13:20:34.682 [main] INFO  com.apiTests.serviceSteps.serviceTestSteps.userController.LoginSteps - The system has been logged in with a valid username and password
2024-12-05 13:20:34.682 [main] INFO  com.apiTests.serviceSteps.serviceTestSteps.userController.LoginSteps - The username in the response matches the request
2024-12-05 13:20:34.682 [main] INFO  com.apiTests.requests.HelperMethod - The content was successfully written to the file: src/test/resources/txtFiles/accessToken.txt
2024-12-05 13:20:34.682 [main] INFO  com.apiTests.serviceSteps.serviceTestSteps.userController.LoginSteps - The Access Token has been saved: eyJ0eXAiOiJKV1QiLCJhbGciOiJIUzUxMiJ9.eyJzdWIiOiIxOSIsImF1ZCI6ImFjY2VzcyIsInVzciI6IlNpc3RlbSBZw7ZuZXRpY2lzaSBBU0VMU0FOIiwiaXNzIjoiYXNlbHNhbi5rYXJkZWxlbiIsInJqdGkiOiI0N2EzMmMwNC0zOWZmLTRiN2QtYTE0OS0xMjVmMjhiZTA5MGQiLCJleHAiOjE3MzMzOTQ2MzMsImlhdCI6MTczMzM5NDAzMywianRpIjoiZmExYjRiODktN2M4OC00Nzk0LWI1YjUtYmFhYjE2ZWUzZGZiIn0.SosGuBYrfbQJV_MPpPC1TgynmNq4S46EfvKgRcCudP0RT1J0CIG8jajgGp9qy4ycS6bNp-b5lm5biukWX0zgLA
2024-12-05 13:20:34.980 [main] INFO  com.apiTests.requests.serviceRequests.detection_controller.ClassificationTypesTests - Response received: [{"id":255,"name":"ACİL DURUM"},{"id":3,"name":"ARAÇ"},{"id":6,"name":"ARIZA"},{"id":4,"name":"DİĞER"},{"id":193,"name":"DOĞRU ALARM"},{"id":2,"name":"HAYVAN"},{"id":1,"name":"İNSAN"},{"id":16,"name":"SABOTAJ"},{"id":71,"name":"YETKİSİZ"}]
2024-12-05 13:20:34.980 [main] INFO  com.apiTests.requests.serviceRequests.detection_controller.ClassificationTypesTests - Status Code: 200
2024-12-05 13:20:34.980 [main] INFO  com.apiTests.requests.serviceRequests.detection_controller.ClassificationTypesTests - 0. Classification Type: ACİL DURUM
2024-12-05 13:20:34.980 [main] INFO  com.apiTests.requests.serviceRequests.detection_controller.ClassificationTypesTests - 1. Classification Type: ARAÇ
2024-12-05 13:20:34.980 [main] INFO  com.apiTests.requests.serviceRequests.detection_controller.ClassificationTypesTests - Classification type found: ARAÇ
2024-12-05 13:20:35.372 [main] INFO  com.apiTests.requests.serviceRequests.detection_controller.GetDetectionsTests - Response received: [{"id":"00000000-0000-000a-0000-0193244b444c","hasImage":false,"description":"a12","detectionCreateTime":1731480732748,"detectionUpdateTime":1731480933232,"location":{"lat":39.031,"lng":35.252},"zone":{"id":-1,"name":"K11_"},"updated":true,"signature":"a1","taskId":null,"taskStatus":null,"type":{"id":3,"name":"Vehicle"}},{"id":"00000000-0000-000a-0000-0193495fbcce","hasImage":true,"description":"test99","detectionCreateTime":1732102831310,"detectionUpdateTime":1732107511335,"location":{"lat":36.905217757446,"lng":30.71423458363418},"zone":{"id":-1,"name":"K11_"},"updated":true,"signature":"55sss321","taskId":null,"taskStatus":null,"type":{"id":3,"name":"Vehicle"}},{"id":"00000000-0000-000a-0000-01922831a6cc","hasImage":true,"description":"25.09yvyvcuyfycyc444","detectionCreateTime":1727251195596,"detectionUpdateTime":1727251311845,"location":{"lat":37.890741763098944,"lng":32.50682470993759},"zone":{"id":-1,"name":"K11_"},"updated":true,"signature":"44eee32144","taskId":null,"taskStatus":null,"type":{"id":3,"name":"Vehicle"}},{"id":"00000000-0000-000a-0000-0192ae673531","hasImage":false,"description":"test55","detectionCreateTime":1729502852401,"detectionUpdateTime":1729502853582,"location":{"lat":39.57335835949759,"lng":32.16403650439132},"zone":{"id":-1,"name":"K11_"},"updated":true,"signature":"55sss321","taskId":null,"taskStatus":null,"type":{"id":3,"name":"Vehicle"}},{"id":"00000000-0000-000a-0000-0192ae74be63","hasImage":false,"description":"kib","detectionCreateTime":1729503739491,"detectionUpdateTime":1729503740669,"location":{"lat":35.268917427926674,"lng":33.85390382433425},"zone":{"id":-1,"name":"K11_"},"updated":true,"signature":"44eee321","taskId":null,"taskStatus":null,"type":{"id":3,"name":"Vehicle"}},{"id":"00000000-0000-000a-0000-0192c3c926c7","hasImage":false,"description":"asdasd","detectionCreateTime":1729861592775,"detectionUpdateTime":1731060706014,"location":{"lat":0.0,"lng":0.0},"zone":{"id":-1,"name":"K11_"},"updated":true,"signature":"asdas","taskId":null,"taskStatus":null,"type":{"id":3,"name":"Vehicle"}},{"id":"00000000-0000-000a-0000-0192b45e1551","hasImage":true,"description":"car58","detectionCreateTime":1729602917713,"detectionUpdateTime":1731060347446,"location":{"lat":44.62059838491688,"lng":33.761569193133305},"zone":{"id":-1,"name":"K11_"},"updated":true,"signature":"06uu321","taskId":null,"taskStatus":null,"type":{"id":3,"name":"Vehicle"}}]
2024-12-05 13:20:35.372 [main] INFO  com.apiTests.requests.serviceRequests.detection_controller.GetDetectionsTests - Status Code: 200
2024-12-05 13:20:35.388 [main] INFO  com.apiTests.requests.serviceRequests.detection_controller.GetDetectionsTests - 0. Detection: 00000000-0000-000a-0000-0193244b444c , Vehicle
2024-12-05 13:20:35.388 [main] INFO  com.apiTests.requests.serviceRequests.detection_controller.GetDetectionsTests - 1. Detection: 00000000-0000-000a-0000-0193495fbcce , Vehicle
2024-12-05 13:20:35.388 [main] INFO  com.apiTests.requests.serviceRequests.detection_controller.GetDetectionsTests - 2. Detection: 00000000-0000-000a-0000-01922831a6cc , Vehicle
2024-12-05 13:20:35.388 [main] INFO  com.apiTests.requests.serviceRequests.detection_controller.GetDetectionsTests - 3. Detection: 00000000-0000-000a-0000-0192ae673531 , Vehicle
2024-12-05 13:20:35.388 [main] INFO  com.apiTests.requests.serviceRequests.detection_controller.GetDetectionsTests - 4. Detection: 00000000-0000-000a-0000-0192ae74be63 , Vehicle
2024-12-05 13:20:35.388 [main] INFO  com.apiTests.requests.serviceRequests.detection_controller.GetDetectionsTests - 5. Detection: 00000000-0000-000a-0000-0192c3c926c7 , Vehicle
2024-12-05 13:20:35.388 [main] INFO  com.apiTests.requests.serviceRequests.detection_controller.GetDetectionsTests - 6. Detection: 00000000-0000-000a-0000-0192b45e1551 , Vehicle
2024-12-05 13:20:35.388 [main] ERROR com.apiTests.requests.serviceRequests.detection_controller.GetDetectionsTests - The zone filter does not used!
2024-12-05 13:20:35.388 [main] INFO  com.apiTests.requests.serviceRequests.detection_controller.GetDetectionsTests - The start time and the finish time filter do not used!
]]></system-out>
  </testcase>
  <testcase name="Detection controller service, filter classificationTyp #3" classname="Get Detections" time="2.085">
    <system-out><![CDATA[2024-12-05 13:20:35.875 [main] INFO  com.apiTests.requests.serviceRequests.user_controller.LoginTests - Response received: {"user":{"name":"Sistem Yöneticisi","surname":"ASELSAN","username":"aselsan","detail":{"identityNumber":null,"email":null,"phoneNumber":null,"rank":null,"profilePicture":null,"supervisor":{"name":null,"surname":null}},"pushToken":null,"userLevelId":5,"userLevelName":"Aselsan","id":10},"tokenDetails":{"accessToken":"eyJ0eXAiOiJKV1QiLCJhbGciOiJIUzUxMiJ9.eyJzdWIiOiIxOSIsImF1ZCI6ImFjY2VzcyIsInVzciI6IlNpc3RlbSBZw7ZuZXRpY2lzaSBBU0VMU0FOIiwiaXNzIjoiYXNlbHNhbi5rYXJkZWxlbiIsInJqdGkiOiI3YzgzYTkwMC1lNWYxLTRlNWUtYjgwOC0wYjg2NjlhNDMyZDgiLCJleHAiOjE3MzMzOTQ2MzQsImlhdCI6MTczMzM5NDAzNCwianRpIjoiMjAwZDUyMDItMmM1MC00MGNmLTkwNzgtYjZiMDE0MzEyNjc0In0.22O0IF6Oqnlz82rfj4XJWh4IqxAepdpDAEtFsPrM__nedEgtP1Gb0qrZ-Dq30UfeyShKJz5nifU3pgQhirfTRw","refreshToken":"eyJ0eXAiOiJKV1QiLCJhbGciOiJIUzUxMiJ9.eyJzdWIiOiIxOSIsImF1ZCI6InJlZnJlc2giLCJpc3MiOiJhc2Vsc2FuLmthcmRlbGVuIiwiZXhwIjoxNzMzNDMwMDM0LCJpYXQiOjE3MzMzOTQwMzQsImp0aSI6IjdjODNhOTAwLWU1ZjEtNGU1ZS1iODA4LTBiODY2OWE0MzJkOCJ9.1TIq_poUxBPy8GiNT3DUX6IoVZQQLHA-76g570xesRnXT-EesjlcWmMD41Q_8vMhcg5hBkaiZUcCmd8wHLY8TQ"},"authorities":["right.detection.createdetection","right.detection.map","right.detection.detail","right.detection.detail.read","right.detection.detail.update","right.detection.filter","right.detection.sort","right.detection.sosmessage","right.task.filter","right.task.sort","right.task.detail","right.task.detail.read","right.task.detail.starttask","right.sensor.list","right.sensor.map","right.sensor.filter","right.sensor.sort","right.profile.read","right.detection","right.task","right.sensor","right.profile","right.detection.incominglist","right.task.outgoinglist","right.detection.outgoinglist","right.task.incominglist","right.task.attachments.list","right.alarm","right.alarm.list","right.alarm.map","right.alarm.filter","right.profile.usermanagement","right.profile.usermanagement.groupauthorization","right.profile.usermanagement.usergroup","right.sensor.detail","right.sensor.detail.read","right.sensor.detail.livestream"]}
2024-12-05 13:20:35.875 [main] INFO  com.apiTests.requests.serviceRequests.user_controller.LoginTests - Status Code: 200
2024-12-05 13:20:35.891 [main] INFO  com.apiTests.serviceSteps.serviceTestSteps.userController.LoginSteps - The system has been logged in with a valid username and password
2024-12-05 13:20:35.891 [main] INFO  com.apiTests.serviceSteps.serviceTestSteps.userController.LoginSteps - The username in the response matches the request
2024-12-05 13:20:35.891 [main] INFO  com.apiTests.requests.HelperMethod - The content was successfully written to the file: src/test/resources/txtFiles/accessToken.txt
2024-12-05 13:20:35.891 [main] INFO  com.apiTests.serviceSteps.serviceTestSteps.userController.LoginSteps - The Access Token has been saved: eyJ0eXAiOiJKV1QiLCJhbGciOiJIUzUxMiJ9.eyJzdWIiOiIxOSIsImF1ZCI6ImFjY2VzcyIsInVzciI6IlNpc3RlbSBZw7ZuZXRpY2lzaSBBU0VMU0FOIiwiaXNzIjoiYXNlbHNhbi5rYXJkZWxlbiIsInJqdGkiOiI3YzgzYTkwMC1lNWYxLTRlNWUtYjgwOC0wYjg2NjlhNDMyZDgiLCJleHAiOjE3MzMzOTQ2MzQsImlhdCI6MTczMzM5NDAzNCwianRpIjoiMjAwZDUyMDItMmM1MC00MGNmLTkwNzgtYjZiMDE0MzEyNjc0In0.22O0IF6Oqnlz82rfj4XJWh4IqxAepdpDAEtFsPrM__nedEgtP1Gb0qrZ-Dq30UfeyShKJz5nifU3pgQhirfTRw
2024-12-05 13:20:36.675 [main] INFO  com.apiTests.requests.serviceRequests.detection_controller.ClassificationTypesTests - Response received: [{"id":255,"name":"ACİL DURUM"},{"id":3,"name":"ARAÇ"},{"id":6,"name":"ARIZA"},{"id":4,"name":"DİĞER"},{"id":193,"name":"DOĞRU ALARM"},{"id":2,"name":"HAYVAN"},{"id":1,"name":"İNSAN"},{"id":16,"name":"SABOTAJ"},{"id":71,"name":"YETKİSİZ"}]
2024-12-05 13:20:36.675 [main] INFO  com.apiTests.requests.serviceRequests.detection_controller.ClassificationTypesTests - Status Code: 200
2024-12-05 13:20:36.690 [main] INFO  com.apiTests.requests.serviceRequests.detection_controller.ClassificationTypesTests - 0. Classification Type: ACİL DURUM
2024-12-05 13:20:36.690 [main] INFO  com.apiTests.requests.serviceRequests.detection_controller.ClassificationTypesTests - 1. Classification Type: ARAÇ
2024-12-05 13:20:36.690 [main] INFO  com.apiTests.requests.serviceRequests.detection_controller.ClassificationTypesTests - 2. Classification Type: ARIZA
2024-12-05 13:20:36.690 [main] INFO  com.apiTests.requests.serviceRequests.detection_controller.ClassificationTypesTests - Classification type found: ARIZA
2024-12-05 13:20:37.456 [main] INFO  com.apiTests.requests.serviceRequests.detection_controller.GetDetectionsTests - Response received: [{"id":"00000000-0000-000a-0000-019228acfc4f","hasImage":false,"description":"uvuguvugug","detectionCreateTime":1727259278415,"detectionUpdateTime":null,"location":{"lat":39.031,"lng":35.252},"zone":{"id":-1,"name":"K11_"},"updated":false,"signature":"hccuycyf","taskId":null,"taskStatus":null,"type":{"id":6,"name":"Malfunction"}},{"id":"00000000-0000-000a-0000-019298dfa639","hasImage":false,"description":"GSFB","detectionCreateTime":1729141646905,"detectionUpdateTime":null,"location":{"lat":37.754223,"lng":33.569424},"zone":{"id":-1,"name":"K11_"},"updated":false,"signature":"GSFB","taskId":null,"taskStatus":null,"type":{"id":6,"name":"Malfunction"}},{"id":"00000000-0000-000a-0000-019298c77934","hasImage":false,"description":"descccccccc","detectionCreateTime":1729140062516,"detectionUpdateTime":null,"location":{"lat":37.754223,"lng":33.569424},"zone":{"id":-1,"name":"K11_"},"updated":false,"signature":"siggggggggg","taskId":null,"taskStatus":null,"type":{"id":6,"name":"Malfunction"}},{"id":"00000000-0000-000a-0000-0192ae75e7b5","hasImage":false,"description":"84","detectionCreateTime":1729503815605,"detectionUpdateTime":1729503816809,"location":{"lat":36.92503693657357,"lng":37.55276414688582},"zone":{"id":-1,"name":"K11_"},"updated":true,"signature":"88uuu432","taskId":null,"taskStatus":null,"type":{"id":6,"name":"Malfunction"}}]
2024-12-05 13:20:37.456 [main] INFO  com.apiTests.requests.serviceRequests.detection_controller.GetDetectionsTests - Status Code: 200
2024-12-05 13:20:37.456 [main] INFO  com.apiTests.requests.serviceRequests.detection_controller.GetDetectionsTests - 0. Detection: 00000000-0000-000a-0000-019228acfc4f , Malfunction
2024-12-05 13:20:37.456 [main] INFO  com.apiTests.requests.serviceRequests.detection_controller.GetDetectionsTests - 1. Detection: 00000000-0000-000a-0000-019298dfa639 , Malfunction
2024-12-05 13:20:37.456 [main] INFO  com.apiTests.requests.serviceRequests.detection_controller.GetDetectionsTests - 2. Detection: 00000000-0000-000a-0000-019298c77934 , Malfunction
2024-12-05 13:20:37.456 [main] INFO  com.apiTests.requests.serviceRequests.detection_controller.GetDetectionsTests - 3. Detection: 00000000-0000-000a-0000-0192ae75e7b5 , Malfunction
2024-12-05 13:20:37.456 [main] ERROR com.apiTests.requests.serviceRequests.detection_controller.GetDetectionsTests - The zone filter does not used!
2024-12-05 13:20:37.456 [main] INFO  com.apiTests.requests.serviceRequests.detection_controller.GetDetectionsTests - The start time and the finish time filter do not used!
]]></system-out>
  </testcase>
  <testcase name="Detection controller service, filter classificationTyp #4" classname="Get Detections" time="1.099">
    <system-out><![CDATA[2024-12-05 13:20:37.755 [main] INFO  com.apiTests.requests.serviceRequests.user_controller.LoginTests - Response received: {"user":{"name":"Sistem Yöneticisi","surname":"ASELSAN","username":"aselsan","detail":{"identityNumber":null,"email":null,"phoneNumber":null,"rank":null,"profilePicture":null,"supervisor":{"name":null,"surname":null}},"pushToken":null,"userLevelId":5,"userLevelName":"Aselsan","id":10},"tokenDetails":{"accessToken":"eyJ0eXAiOiJKV1QiLCJhbGciOiJIUzUxMiJ9.eyJzdWIiOiIxOSIsImF1ZCI6ImFjY2VzcyIsInVzciI6IlNpc3RlbSBZw7ZuZXRpY2lzaSBBU0VMU0FOIiwiaXNzIjoiYXNlbHNhbi5rYXJkZWxlbiIsInJqdGkiOiI0MWZmN2ZmNC1kZjcwLTRlNzEtOGE1Yy1jOWVhYzVmMGY2YzciLCJleHAiOjE3MzMzOTQ2MzYsImlhdCI6MTczMzM5NDAzNiwianRpIjoiNzljMmM4NTctMzU4Zi00YmNiLThmOGYtZWM0ZmIwZDVlZjM2In0.oY3gGpT72T6c1i1ziPPlJi1ZTqa5-5aTMIS8W4yiv6aETyIqe8VCeZr6DBzOwlMaXJJXfJXBEzSHDHsUkUdVUA","refreshToken":"eyJ0eXAiOiJKV1QiLCJhbGciOiJIUzUxMiJ9.eyJzdWIiOiIxOSIsImF1ZCI6InJlZnJlc2giLCJpc3MiOiJhc2Vsc2FuLmthcmRlbGVuIiwiZXhwIjoxNzMzNDMwMDM2LCJpYXQiOjE3MzMzOTQwMzYsImp0aSI6IjQxZmY3ZmY0LWRmNzAtNGU3MS04YTVjLWM5ZWFjNWYwZjZjNyJ9.Z1Di0MrNLRG1feoEk8fMvzdo4V_DmxjYdipOXZ8fdnO9zvOyCgv_KeuBMXY30gKfnmKAnE03HI8wRKZLE7edZw"},"authorities":["right.detection.createdetection","right.detection.map","right.detection.detail","right.detection.detail.read","right.detection.detail.update","right.detection.filter","right.detection.sort","right.detection.sosmessage","right.task.filter","right.task.sort","right.task.detail","right.task.detail.read","right.task.detail.starttask","right.sensor.list","right.sensor.map","right.sensor.filter","right.sensor.sort","right.profile.read","right.detection","right.task","right.sensor","right.profile","right.detection.incominglist","right.task.outgoinglist","right.detection.outgoinglist","right.task.incominglist","right.task.attachments.list","right.alarm","right.alarm.list","right.alarm.map","right.alarm.filter","right.profile.usermanagement","right.profile.usermanagement.groupauthorization","right.profile.usermanagement.usergroup","right.sensor.detail","right.sensor.detail.read","right.sensor.detail.livestream"]}
2024-12-05 13:20:37.771 [main] INFO  com.apiTests.requests.serviceRequests.user_controller.LoginTests - Status Code: 200
2024-12-05 13:20:37.788 [main] INFO  com.apiTests.serviceSteps.serviceTestSteps.userController.LoginSteps - The system has been logged in with a valid username and password
2024-12-05 13:20:37.788 [main] INFO  com.apiTests.serviceSteps.serviceTestSteps.userController.LoginSteps - The username in the response matches the request
2024-12-05 13:20:37.788 [main] INFO  com.apiTests.requests.HelperMethod - The content was successfully written to the file: src/test/resources/txtFiles/accessToken.txt
2024-12-05 13:20:37.788 [main] INFO  com.apiTests.serviceSteps.serviceTestSteps.userController.LoginSteps - The Access Token has been saved: eyJ0eXAiOiJKV1QiLCJhbGciOiJIUzUxMiJ9.eyJzdWIiOiIxOSIsImF1ZCI6ImFjY2VzcyIsInVzciI6IlNpc3RlbSBZw7ZuZXRpY2lzaSBBU0VMU0FOIiwiaXNzIjoiYXNlbHNhbi5rYXJkZWxlbiIsInJqdGkiOiI0MWZmN2ZmNC1kZjcwLTRlNzEtOGE1Yy1jOWVhYzVmMGY2YzciLCJleHAiOjE3MzMzOTQ2MzYsImlhdCI6MTczMzM5NDAzNiwianRpIjoiNzljMmM4NTctMzU4Zi00YmNiLThmOGYtZWM0ZmIwZDVlZjM2In0.oY3gGpT72T6c1i1ziPPlJi1ZTqa5-5aTMIS8W4yiv6aETyIqe8VCeZr6DBzOwlMaXJJXfJXBEzSHDHsUkUdVUA
2024-12-05 13:20:38.102 [main] INFO  com.apiTests.requests.serviceRequests.detection_controller.ClassificationTypesTests - Response received: [{"id":255,"name":"ACİL DURUM"},{"id":3,"name":"ARAÇ"},{"id":6,"name":"ARIZA"},{"id":4,"name":"DİĞER"},{"id":193,"name":"DOĞRU ALARM"},{"id":2,"name":"HAYVAN"},{"id":1,"name":"İNSAN"},{"id":16,"name":"SABOTAJ"},{"id":71,"name":"YETKİSİZ"}]
2024-12-05 13:20:38.102 [main] INFO  com.apiTests.requests.serviceRequests.detection_controller.ClassificationTypesTests - Status Code: 200
2024-12-05 13:20:38.102 [main] INFO  com.apiTests.requests.serviceRequests.detection_controller.ClassificationTypesTests - 0. Classification Type: ACİL DURUM
2024-12-05 13:20:38.102 [main] INFO  com.apiTests.requests.serviceRequests.detection_controller.ClassificationTypesTests - 1. Classification Type: ARAÇ
2024-12-05 13:20:38.102 [main] INFO  com.apiTests.requests.serviceRequests.detection_controller.ClassificationTypesTests - 2. Classification Type: ARIZA
2024-12-05 13:20:38.102 [main] INFO  com.apiTests.requests.serviceRequests.detection_controller.ClassificationTypesTests - 3. Classification Type: DİĞER
2024-12-05 13:20:38.102 [main] INFO  com.apiTests.requests.serviceRequests.detection_controller.ClassificationTypesTests - Classification type found: DİĞER
2024-12-05 13:20:38.557 [main] INFO  com.apiTests.requests.serviceRequests.detection_controller.GetDetectionsTests - Response received: []
2024-12-05 13:20:38.557 [main] INFO  com.apiTests.requests.serviceRequests.detection_controller.GetDetectionsTests - Status Code: 200
2024-12-05 13:20:38.572 [main] ERROR com.apiTests.requests.serviceRequests.detection_controller.GetDetectionsTests - Detection List is empty!
]]></system-out>
  </testcase>
  <testcase name="Detection controller service, filter classificationTyp #5" classname="Get Detections" time="1.317">
    <system-out><![CDATA[2024-12-05 13:20:39.153 [main] INFO  com.apiTests.requests.serviceRequests.user_controller.LoginTests - Response received: {"user":{"name":"Sistem Yöneticisi","surname":"ASELSAN","username":"aselsan","detail":{"identityNumber":null,"email":null,"phoneNumber":null,"rank":null,"profilePicture":null,"supervisor":{"name":null,"surname":null}},"pushToken":null,"userLevelId":5,"userLevelName":"Aselsan","id":10},"tokenDetails":{"accessToken":"eyJ0eXAiOiJKV1QiLCJhbGciOiJIUzUxMiJ9.eyJzdWIiOiIxOSIsImF1ZCI6ImFjY2VzcyIsInVzciI6IlNpc3RlbSBZw7ZuZXRpY2lzaSBBU0VMU0FOIiwiaXNzIjoiYXNlbHNhbi5rYXJkZWxlbiIsInJqdGkiOiJmZDdmODZjYS1kNDFjLTQyMjAtODY4NS01OTJiOTBkMmYzZGMiLCJleHAiOjE3MzMzOTQ2MzgsImlhdCI6MTczMzM5NDAzOCwianRpIjoiNTA4NmZjZGUtMWNiOS00ZWZiLWE5NmItY2IxMzE2ZTY3NDUyIn0.ycTbdR3-LOUFZsdtl5ApxfYYru6dPcJkjJp2dUHrr1Tk-m-aEsmhjuUlVX8mMQ5t9xs3f9GwHGoCDav8FIVGsg","refreshToken":"eyJ0eXAiOiJKV1QiLCJhbGciOiJIUzUxMiJ9.eyJzdWIiOiIxOSIsImF1ZCI6InJlZnJlc2giLCJpc3MiOiJhc2Vsc2FuLmthcmRlbGVuIiwiZXhwIjoxNzMzNDMwMDM4LCJpYXQiOjE3MzMzOTQwMzgsImp0aSI6ImZkN2Y4NmNhLWQ0MWMtNDIyMC04Njg1LTU5MmI5MGQyZjNkYyJ9.eM6gnaC8bhbn5Dm7J-JYtQeNgAhF3QoShCMCaJCpmlNsa1cvYk6vy6Lh3u1dDlRYtrPKQF66ZJYiWP0rFlWQ7g"},"authorities":["right.detection.createdetection","right.detection.map","right.detection.detail","right.detection.detail.read","right.detection.detail.update","right.detection.filter","right.detection.sort","right.detection.sosmessage","right.task.filter","right.task.sort","right.task.detail","right.task.detail.read","right.task.detail.starttask","right.sensor.list","right.sensor.map","right.sensor.filter","right.sensor.sort","right.profile.read","right.detection","right.task","right.sensor","right.profile","right.detection.incominglist","right.task.outgoinglist","right.detection.outgoinglist","right.task.incominglist","right.task.attachments.list","right.alarm","right.alarm.list","right.alarm.map","right.alarm.filter","right.profile.usermanagement","right.profile.usermanagement.groupauthorization","right.profile.usermanagement.usergroup","right.sensor.detail","right.sensor.detail.read","right.sensor.detail.livestream"]}
2024-12-05 13:20:39.153 [main] INFO  com.apiTests.requests.serviceRequests.user_controller.LoginTests - Status Code: 200
2024-12-05 13:20:39.168 [main] INFO  com.apiTests.serviceSteps.serviceTestSteps.userController.LoginSteps - The system has been logged in with a valid username and password
2024-12-05 13:20:39.168 [main] INFO  com.apiTests.serviceSteps.serviceTestSteps.userController.LoginSteps - The username in the response matches the request
2024-12-05 13:20:39.168 [main] INFO  com.apiTests.requests.HelperMethod - The content was successfully written to the file: src/test/resources/txtFiles/accessToken.txt
2024-12-05 13:20:39.168 [main] INFO  com.apiTests.serviceSteps.serviceTestSteps.userController.LoginSteps - The Access Token has been saved: eyJ0eXAiOiJKV1QiLCJhbGciOiJIUzUxMiJ9.eyJzdWIiOiIxOSIsImF1ZCI6ImFjY2VzcyIsInVzciI6IlNpc3RlbSBZw7ZuZXRpY2lzaSBBU0VMU0FOIiwiaXNzIjoiYXNlbHNhbi5rYXJkZWxlbiIsInJqdGkiOiJmZDdmODZjYS1kNDFjLTQyMjAtODY4NS01OTJiOTBkMmYzZGMiLCJleHAiOjE3MzMzOTQ2MzgsImlhdCI6MTczMzM5NDAzOCwianRpIjoiNTA4NmZjZGUtMWNiOS00ZWZiLWE5NmItY2IxMzE2ZTY3NDUyIn0.ycTbdR3-LOUFZsdtl5ApxfYYru6dPcJkjJp2dUHrr1Tk-m-aEsmhjuUlVX8mMQ5t9xs3f9GwHGoCDav8FIVGsg
2024-12-05 13:20:39.514 [main] INFO  com.apiTests.requests.serviceRequests.detection_controller.ClassificationTypesTests - Response received: [{"id":255,"name":"ACİL DURUM"},{"id":3,"name":"ARAÇ"},{"id":6,"name":"ARIZA"},{"id":4,"name":"DİĞER"},{"id":193,"name":"DOĞRU ALARM"},{"id":2,"name":"HAYVAN"},{"id":1,"name":"İNSAN"},{"id":16,"name":"SABOTAJ"},{"id":71,"name":"YETKİSİZ"}]
2024-12-05 13:20:39.514 [main] INFO  com.apiTests.requests.serviceRequests.detection_controller.ClassificationTypesTests - Status Code: 200
2024-12-05 13:20:39.514 [main] INFO  com.apiTests.requests.serviceRequests.detection_controller.ClassificationTypesTests - 0. Classification Type: ACİL DURUM
2024-12-05 13:20:39.514 [main] INFO  com.apiTests.requests.serviceRequests.detection_controller.ClassificationTypesTests - 1. Classification Type: ARAÇ
2024-12-05 13:20:39.514 [main] INFO  com.apiTests.requests.serviceRequests.detection_controller.ClassificationTypesTests - 2. Classification Type: ARIZA
2024-12-05 13:20:39.514 [main] INFO  com.apiTests.requests.serviceRequests.detection_controller.ClassificationTypesTests - 3. Classification Type: DİĞER
2024-12-05 13:20:39.514 [main] INFO  com.apiTests.requests.serviceRequests.detection_controller.ClassificationTypesTests - 4. Classification Type: DOĞRU ALARM
2024-12-05 13:20:39.514 [main] INFO  com.apiTests.requests.serviceRequests.detection_controller.ClassificationTypesTests - Classification type found: DOĞRU ALARM
2024-12-05 13:20:39.874 [main] INFO  com.apiTests.requests.serviceRequests.detection_controller.GetDetectionsTests - Response received: [{"id":"00000000-0000-000a-0000-01930b45f2a9","hasImage":false,"description":"da","detectionCreateTime":1731060953769,"detectionUpdateTime":1731060954753,"location":{"lat":39.96669068994513,"lng":32.76807441194585},"zone":{"id":-1,"name":"K11_"},"updated":true,"signature":"da","taskId":null,"taskStatus":null,"type":{"id":193,"name":"Alarm"}},{"id":"00000000-0000-000a-0000-01930b55fece","hasImage":false,"description":"y","detectionCreateTime":1731062005454,"detectionUpdateTime":null,"location":{"lat":39.031,"lng":35.252},"zone":{"id":-1,"name":"K11_"},"updated":false,"signature":"x","taskId":"957aa425-34a7-4889-8f01-37065a60a7fb","taskStatus":6,"type":{"id":193,"name":"Alarm"}}]
2024-12-05 13:20:39.874 [main] INFO  com.apiTests.requests.serviceRequests.detection_controller.GetDetectionsTests - Status Code: 200
2024-12-05 13:20:39.889 [main] INFO  com.apiTests.requests.serviceRequests.detection_controller.GetDetectionsTests - 0. Detection: 00000000-0000-000a-0000-01930b45f2a9 , Alarm
2024-12-05 13:20:39.889 [main] INFO  com.apiTests.requests.serviceRequests.detection_controller.GetDetectionsTests - 1. Detection: 00000000-0000-000a-0000-01930b55fece , Alarm
2024-12-05 13:20:39.889 [main] ERROR com.apiTests.requests.serviceRequests.detection_controller.GetDetectionsTests - The zone filter does not used!
2024-12-05 13:20:39.889 [main] INFO  com.apiTests.requests.serviceRequests.detection_controller.GetDetectionsTests - The start time and the finish time filter do not used!
]]></system-out>
  </testcase>
  <testcase name="Detection controller service, filter classificationTyp #6" classname="Get Detections" time="1.263">
    <system-out><![CDATA[2024-12-05 13:20:40.193 [main] INFO  com.apiTests.requests.serviceRequests.user_controller.LoginTests - Response received: {"user":{"name":"Sistem Yöneticisi","surname":"ASELSAN","username":"aselsan","detail":{"identityNumber":null,"email":null,"phoneNumber":null,"rank":null,"profilePicture":null,"supervisor":{"name":null,"surname":null}},"pushToken":null,"userLevelId":5,"userLevelName":"Aselsan","id":10},"tokenDetails":{"accessToken":"eyJ0eXAiOiJKV1QiLCJhbGciOiJIUzUxMiJ9.eyJzdWIiOiIxOSIsImF1ZCI6ImFjY2VzcyIsInVzciI6IlNpc3RlbSBZw7ZuZXRpY2lzaSBBU0VMU0FOIiwiaXNzIjoiYXNlbHNhbi5rYXJkZWxlbiIsInJqdGkiOiJlNzg0MWQ1OS0wYWM2LTQyNDgtYTdhMS1kNDFmMDAwZjNlNDIiLCJleHAiOjE3MzMzOTQ2MzksImlhdCI6MTczMzM5NDAzOSwianRpIjoiMGI0YzNmZTUtZGUxNS00NjM5LTk2NzAtNTMwZGE1MTdhNmRkIn0.fclPWpQnaAXqM6sC58uOLaYPaIRqy74C8YutDS1gVHumZDdHSai2jQw1cyxcO7u2XkisRhSfHg5LT1gb_04R5w","refreshToken":"eyJ0eXAiOiJKV1QiLCJhbGciOiJIUzUxMiJ9.eyJzdWIiOiIxOSIsImF1ZCI6InJlZnJlc2giLCJpc3MiOiJhc2Vsc2FuLmthcmRlbGVuIiwiZXhwIjoxNzMzNDMwMDM5LCJpYXQiOjE3MzMzOTQwMzksImp0aSI6ImU3ODQxZDU5LTBhYzYtNDI0OC1hN2ExLWQ0MWYwMDBmM2U0MiJ9.8Vdvu-vXJh9v8CdkJx9VfF2je4pkLG6bs6soH2-VsBtoykjQWuSkVpcyIi5YhaKu8p5EDJbKesVxeIeEnCNsNg"},"authorities":["right.detection.createdetection","right.detection.map","right.detection.detail","right.detection.detail.read","right.detection.detail.update","right.detection.filter","right.detection.sort","right.detection.sosmessage","right.task.filter","right.task.sort","right.task.detail","right.task.detail.read","right.task.detail.starttask","right.sensor.list","right.sensor.map","right.sensor.filter","right.sensor.sort","right.profile.read","right.detection","right.task","right.sensor","right.profile","right.detection.incominglist","right.task.outgoinglist","right.detection.outgoinglist","right.task.incominglist","right.task.attachments.list","right.alarm","right.alarm.list","right.alarm.map","right.alarm.filter","right.profile.usermanagement","right.profile.usermanagement.groupauthorization","right.profile.usermanagement.usergroup","right.sensor.detail","right.sensor.detail.read","right.sensor.detail.livestream"]}
2024-12-05 13:20:40.193 [main] INFO  com.apiTests.requests.serviceRequests.user_controller.LoginTests - Status Code: 200
2024-12-05 13:20:40.209 [main] INFO  com.apiTests.serviceSteps.serviceTestSteps.userController.LoginSteps - The system has been logged in with a valid username and password
2024-12-05 13:20:40.224 [main] INFO  com.apiTests.serviceSteps.serviceTestSteps.userController.LoginSteps - The username in the response matches the request
2024-12-05 13:20:40.224 [main] INFO  com.apiTests.requests.HelperMethod - The content was successfully written to the file: src/test/resources/txtFiles/accessToken.txt
2024-12-05 13:20:40.224 [main] INFO  com.apiTests.serviceSteps.serviceTestSteps.userController.LoginSteps - The Access Token has been saved: eyJ0eXAiOiJKV1QiLCJhbGciOiJIUzUxMiJ9.eyJzdWIiOiIxOSIsImF1ZCI6ImFjY2VzcyIsInVzciI6IlNpc3RlbSBZw7ZuZXRpY2lzaSBBU0VMU0FOIiwiaXNzIjoiYXNlbHNhbi5rYXJkZWxlbiIsInJqdGkiOiJlNzg0MWQ1OS0wYWM2LTQyNDgtYTdhMS1kNDFmMDAwZjNlNDIiLCJleHAiOjE3MzMzOTQ2MzksImlhdCI6MTczMzM5NDAzOSwianRpIjoiMGI0YzNmZTUtZGUxNS00NjM5LTk2NzAtNTMwZGE1MTdhNmRkIn0.fclPWpQnaAXqM6sC58uOLaYPaIRqy74C8YutDS1gVHumZDdHSai2jQw1cyxcO7u2XkisRhSfHg5LT1gb_04R5w
2024-12-05 13:20:40.523 [main] INFO  com.apiTests.requests.serviceRequests.detection_controller.ClassificationTypesTests - Response received: [{"id":255,"name":"ACİL DURUM"},{"id":3,"name":"ARAÇ"},{"id":6,"name":"ARIZA"},{"id":4,"name":"DİĞER"},{"id":193,"name":"DOĞRU ALARM"},{"id":2,"name":"HAYVAN"},{"id":1,"name":"İNSAN"},{"id":16,"name":"SABOTAJ"},{"id":71,"name":"YETKİSİZ"}]
2024-12-05 13:20:40.523 [main] INFO  com.apiTests.requests.serviceRequests.detection_controller.ClassificationTypesTests - Status Code: 200
2024-12-05 13:20:40.523 [main] INFO  com.apiTests.requests.serviceRequests.detection_controller.ClassificationTypesTests - 0. Classification Type: ACİL DURUM
2024-12-05 13:20:40.523 [main] INFO  com.apiTests.requests.serviceRequests.detection_controller.ClassificationTypesTests - 1. Classification Type: ARAÇ
2024-12-05 13:20:40.523 [main] INFO  com.apiTests.requests.serviceRequests.detection_controller.ClassificationTypesTests - 2. Classification Type: ARIZA
2024-12-05 13:20:40.523 [main] INFO  com.apiTests.requests.serviceRequests.detection_controller.ClassificationTypesTests - 3. Classification Type: DİĞER
2024-12-05 13:20:40.523 [main] INFO  com.apiTests.requests.serviceRequests.detection_controller.ClassificationTypesTests - 4. Classification Type: DOĞRU ALARM
2024-12-05 13:20:40.523 [main] INFO  com.apiTests.requests.serviceRequests.detection_controller.ClassificationTypesTests - 5. Classification Type: HAYVAN
2024-12-05 13:20:40.523 [main] INFO  com.apiTests.requests.serviceRequests.detection_controller.ClassificationTypesTests - Classification type found: HAYVAN
2024-12-05 13:20:41.151 [main] INFO  com.apiTests.requests.serviceRequests.detection_controller.GetDetectionsTests - Response received: [{"id":"00000000-0000-000a-0000-01927a9dd092","hasImage":false,"description":"test1110","detectionCreateTime":1728634015890,"detectionUpdateTime":1731060844236,"location":{"lat":39.9647613243818,"lng":32.76964369542562},"zone":{"id":-1,"name":"K11_"},"updated":true,"signature":null,"taskId":null,"taskStatus":null,"type":{"id":2,"name":"Animal"}}]
2024-12-05 13:20:41.152 [main] INFO  com.apiTests.requests.serviceRequests.detection_controller.GetDetectionsTests - Status Code: 200
2024-12-05 13:20:41.152 [main] INFO  com.apiTests.requests.serviceRequests.detection_controller.GetDetectionsTests - 0. Detection: 00000000-0000-000a-0000-01927a9dd092 , Animal
2024-12-05 13:20:41.152 [main] ERROR com.apiTests.requests.serviceRequests.detection_controller.GetDetectionsTests - The zone filter does not used!
2024-12-05 13:20:41.152 [main] INFO  com.apiTests.requests.serviceRequests.detection_controller.GetDetectionsTests - The start time and the finish time filter do not used!
]]></system-out>
  </testcase>
  <testcase name="Detection controller service, filter classificationTyp #7" classname="Get Detections" time="1.727">
    <system-out><![CDATA[2024-12-05 13:20:41.888 [main] INFO  com.apiTests.requests.serviceRequests.user_controller.LoginTests - Response received: {"user":{"name":"Sistem Yöneticisi","surname":"ASELSAN","username":"aselsan","detail":{"identityNumber":null,"email":null,"phoneNumber":null,"rank":null,"profilePicture":null,"supervisor":{"name":null,"surname":null}},"pushToken":null,"userLevelId":5,"userLevelName":"Aselsan","id":10},"tokenDetails":{"accessToken":"eyJ0eXAiOiJKV1QiLCJhbGciOiJIUzUxMiJ9.eyJzdWIiOiIxOSIsImF1ZCI6ImFjY2VzcyIsInVzciI6IlNpc3RlbSBZw7ZuZXRpY2lzaSBBU0VMU0FOIiwiaXNzIjoiYXNlbHNhbi5rYXJkZWxlbiIsInJqdGkiOiI4ZjhmZTI3My0zMjAzLTRhYjItOTQxMC0xMWJiYTNhZDg4NDIiLCJleHAiOjE3MzMzOTQ2NDAsImlhdCI6MTczMzM5NDA0MCwianRpIjoiZmIzZTZiYWQtMWY2YS00ZDllLTg3YjQtMTAwMDQ5ZDkyNTY5In0.OFn3BdmxOxbRmFxXs-RvTy9IVfDVBSnTvChZfLeHLVkxTnlOYa8kuyxzuqq6e3gnN6y1tSI78ZV5pc-ydMMj5Q","refreshToken":"eyJ0eXAiOiJKV1QiLCJhbGciOiJIUzUxMiJ9.eyJzdWIiOiIxOSIsImF1ZCI6InJlZnJlc2giLCJpc3MiOiJhc2Vsc2FuLmthcmRlbGVuIiwiZXhwIjoxNzMzNDMwMDQwLCJpYXQiOjE3MzMzOTQwNDAsImp0aSI6IjhmOGZlMjczLTMyMDMtNGFiMi05NDEwLTExYmJhM2FkODg0MiJ9.3--TDOYKxctEYs6TxogcE2e2n_xS9TrjoiPj_WKpGXaAwoLujoWKjyFgux9c9m8pLpOT9IQHe43dFh5lEYS8aA"},"authorities":["right.detection.createdetection","right.detection.map","right.detection.detail","right.detection.detail.read","right.detection.detail.update","right.detection.filter","right.detection.sort","right.detection.sosmessage","right.task.filter","right.task.sort","right.task.detail","right.task.detail.read","right.task.detail.starttask","right.sensor.list","right.sensor.map","right.sensor.filter","right.sensor.sort","right.profile.read","right.detection","right.task","right.sensor","right.profile","right.detection.incominglist","right.task.outgoinglist","right.detection.outgoinglist","right.task.incominglist","right.task.attachments.list","right.alarm","right.alarm.list","right.alarm.map","right.alarm.filter","right.profile.usermanagement","right.profile.usermanagement.groupauthorization","right.profile.usermanagement.usergroup","right.sensor.detail","right.sensor.detail.read","right.sensor.detail.livestream"]}
2024-12-05 13:20:41.888 [main] INFO  com.apiTests.requests.serviceRequests.user_controller.LoginTests - Status Code: 200
2024-12-05 13:20:41.919 [main] INFO  com.apiTests.serviceSteps.serviceTestSteps.userController.LoginSteps - The system has been logged in with a valid username and password
2024-12-05 13:20:41.919 [main] INFO  com.apiTests.serviceSteps.serviceTestSteps.userController.LoginSteps - The username in the response matches the request
2024-12-05 13:20:41.919 [main] INFO  com.apiTests.requests.HelperMethod - The content was successfully written to the file: src/test/resources/txtFiles/accessToken.txt
2024-12-05 13:20:41.919 [main] INFO  com.apiTests.serviceSteps.serviceTestSteps.userController.LoginSteps - The Access Token has been saved: eyJ0eXAiOiJKV1QiLCJhbGciOiJIUzUxMiJ9.eyJzdWIiOiIxOSIsImF1ZCI6ImFjY2VzcyIsInVzciI6IlNpc3RlbSBZw7ZuZXRpY2lzaSBBU0VMU0FOIiwiaXNzIjoiYXNlbHNhbi5rYXJkZWxlbiIsInJqdGkiOiI4ZjhmZTI3My0zMjAzLTRhYjItOTQxMC0xMWJiYTNhZDg4NDIiLCJleHAiOjE3MzMzOTQ2NDAsImlhdCI6MTczMzM5NDA0MCwianRpIjoiZmIzZTZiYWQtMWY2YS00ZDllLTg3YjQtMTAwMDQ5ZDkyNTY5In0.OFn3BdmxOxbRmFxXs-RvTy9IVfDVBSnTvChZfLeHLVkxTnlOYa8kuyxzuqq6e3gnN6y1tSI78ZV5pc-ydMMj5Q
2024-12-05 13:20:42.266 [main] INFO  com.apiTests.requests.serviceRequests.detection_controller.ClassificationTypesTests - Response received: [{"id":255,"name":"ACİL DURUM"},{"id":3,"name":"ARAÇ"},{"id":6,"name":"ARIZA"},{"id":4,"name":"DİĞER"},{"id":193,"name":"DOĞRU ALARM"},{"id":2,"name":"HAYVAN"},{"id":1,"name":"İNSAN"},{"id":16,"name":"SABOTAJ"},{"id":71,"name":"YETKİSİZ"}]
2024-12-05 13:20:42.266 [main] INFO  com.apiTests.requests.serviceRequests.detection_controller.ClassificationTypesTests - Status Code: 200
2024-12-05 13:20:42.266 [main] INFO  com.apiTests.requests.serviceRequests.detection_controller.ClassificationTypesTests - 0. Classification Type: ACİL DURUM
2024-12-05 13:20:42.266 [main] INFO  com.apiTests.requests.serviceRequests.detection_controller.ClassificationTypesTests - 1. Classification Type: ARAÇ
2024-12-05 13:20:42.266 [main] INFO  com.apiTests.requests.serviceRequests.detection_controller.ClassificationTypesTests - 2. Classification Type: ARIZA
2024-12-05 13:20:42.266 [main] INFO  com.apiTests.requests.serviceRequests.detection_controller.ClassificationTypesTests - 3. Classification Type: DİĞER
2024-12-05 13:20:42.266 [main] INFO  com.apiTests.requests.serviceRequests.detection_controller.ClassificationTypesTests - 4. Classification Type: DOĞRU ALARM
2024-12-05 13:20:42.266 [main] INFO  com.apiTests.requests.serviceRequests.detection_controller.ClassificationTypesTests - 5. Classification Type: HAYVAN
2024-12-05 13:20:42.266 [main] INFO  com.apiTests.requests.serviceRequests.detection_controller.ClassificationTypesTests - 6. Classification Type: İNSAN
2024-12-05 13:20:42.266 [main] INFO  com.apiTests.requests.serviceRequests.detection_controller.ClassificationTypesTests - Classification type found: İNSAN
2024-12-05 13:20:42.864 [main] INFO  com.apiTests.requests.serviceRequests.detection_controller.GetDetectionsTests - Response received: [{"id":"00000000-0000-000a-0000-0191d646f08d","hasImage":false,"description":"a","detectionCreateTime":1725876859021,"detectionUpdateTime":1731060810669,"location":{"lat":39.9654267,"lng":32.7665285},"zone":{"id":-1,"name":"K11_"},"updated":true,"signature":"a","taskId":"eae9eb3f-a43a-44b3-82a9-e723b136a344","taskStatus":3,"type":{"id":1,"name":"Human"}}]
2024-12-05 13:20:42.864 [main] INFO  com.apiTests.requests.serviceRequests.detection_controller.GetDetectionsTests - Status Code: 200
2024-12-05 13:20:42.879 [main] INFO  com.apiTests.requests.serviceRequests.detection_controller.GetDetectionsTests - 0. Detection: 00000000-0000-000a-0000-0191d646f08d , Human
2024-12-05 13:20:42.879 [main] ERROR com.apiTests.requests.serviceRequests.detection_controller.GetDetectionsTests - The zone filter does not used!
2024-12-05 13:20:42.879 [main] INFO  com.apiTests.requests.serviceRequests.detection_controller.GetDetectionsTests - The start time and the finish time filter do not used!
]]></system-out>
  </testcase>
  <testcase name="Detection controller service, filter classificationTyp #8" classname="Get Detections" time="2.115">
    <system-out><![CDATA[2024-12-05 13:20:43.287 [main] INFO  com.apiTests.requests.serviceRequests.user_controller.LoginTests - Response received: {"user":{"name":"Sistem Yöneticisi","surname":"ASELSAN","username":"aselsan","detail":{"identityNumber":null,"email":null,"phoneNumber":null,"rank":null,"profilePicture":null,"supervisor":{"name":null,"surname":null}},"pushToken":null,"userLevelId":5,"userLevelName":"Aselsan","id":10},"tokenDetails":{"accessToken":"eyJ0eXAiOiJKV1QiLCJhbGciOiJIUzUxMiJ9.eyJzdWIiOiIxOSIsImF1ZCI6ImFjY2VzcyIsInVzciI6IlNpc3RlbSBZw7ZuZXRpY2lzaSBBU0VMU0FOIiwiaXNzIjoiYXNlbHNhbi5rYXJkZWxlbiIsInJqdGkiOiIyNGE3YzZlYS1kZTYxLTQxYzgtODczMS1iYWQyODI3NzE0MzciLCJleHAiOjE3MzMzOTQ2NDIsImlhdCI6MTczMzM5NDA0MiwianRpIjoiOGU1MzBjNDMtMWFlOC00YjNmLWE0OTktOTkxYzRhNzM4YWVjIn0.qyf-ZGl93SJ40O3n6qXfLlnvTN_v1J1vKRBo0aEMrYQpDt4uLeXkJrgxIVzUF1AKQmSW6BHSFbYXMOTM0TxDIg","refreshToken":"eyJ0eXAiOiJKV1QiLCJhbGciOiJIUzUxMiJ9.eyJzdWIiOiIxOSIsImF1ZCI6InJlZnJlc2giLCJpc3MiOiJhc2Vsc2FuLmthcmRlbGVuIiwiZXhwIjoxNzMzNDMwMDQyLCJpYXQiOjE3MzMzOTQwNDIsImp0aSI6IjI0YTdjNmVhLWRlNjEtNDFjOC04NzMxLWJhZDI4Mjc3MTQzNyJ9.TuaF3xzL0BV1sWuLnTQxMWXrbfcXThgCBu17v3RQlg9qD_SorKhuU52PkW3a0wyYmQ2yWTN6tkbJtBC6VgyPbw"},"authorities":["right.detection.createdetection","right.detection.map","right.detection.detail","right.detection.detail.read","right.detection.detail.update","right.detection.filter","right.detection.sort","right.detection.sosmessage","right.task.filter","right.task.sort","right.task.detail","right.task.detail.read","right.task.detail.starttask","right.sensor.list","right.sensor.map","right.sensor.filter","right.sensor.sort","right.profile.read","right.detection","right.task","right.sensor","right.profile","right.detection.incominglist","right.task.outgoinglist","right.detection.outgoinglist","right.task.incominglist","right.task.attachments.list","right.alarm","right.alarm.list","right.alarm.map","right.alarm.filter","right.profile.usermanagement","right.profile.usermanagement.groupauthorization","right.profile.usermanagement.usergroup","right.sensor.detail","right.sensor.detail.read","right.sensor.detail.livestream"]}
2024-12-05 13:20:43.287 [main] INFO  com.apiTests.requests.serviceRequests.user_controller.LoginTests - Status Code: 200
2024-12-05 13:20:43.302 [main] INFO  com.apiTests.serviceSteps.serviceTestSteps.userController.LoginSteps - The system has been logged in with a valid username and password
2024-12-05 13:20:43.302 [main] INFO  com.apiTests.serviceSteps.serviceTestSteps.userController.LoginSteps - The username in the response matches the request
2024-12-05 13:20:43.302 [main] INFO  com.apiTests.requests.HelperMethod - The content was successfully written to the file: src/test/resources/txtFiles/accessToken.txt
2024-12-05 13:20:43.302 [main] INFO  com.apiTests.serviceSteps.serviceTestSteps.userController.LoginSteps - The Access Token has been saved: eyJ0eXAiOiJKV1QiLCJhbGciOiJIUzUxMiJ9.eyJzdWIiOiIxOSIsImF1ZCI6ImFjY2VzcyIsInVzciI6IlNpc3RlbSBZw7ZuZXRpY2lzaSBBU0VMU0FOIiwiaXNzIjoiYXNlbHNhbi5rYXJkZWxlbiIsInJqdGkiOiIyNGE3YzZlYS1kZTYxLTQxYzgtODczMS1iYWQyODI3NzE0MzciLCJleHAiOjE3MzMzOTQ2NDIsImlhdCI6MTczMzM5NDA0MiwianRpIjoiOGU1MzBjNDMtMWFlOC00YjNmLWE0OTktOTkxYzRhNzM4YWVjIn0.qyf-ZGl93SJ40O3n6qXfLlnvTN_v1J1vKRBo0aEMrYQpDt4uLeXkJrgxIVzUF1AKQmSW6BHSFbYXMOTM0TxDIg
2024-12-05 13:20:44.355 [main] INFO  com.apiTests.requests.serviceRequests.detection_controller.ClassificationTypesTests - Response received: [{"id":255,"name":"ACİL DURUM"},{"id":3,"name":"ARAÇ"},{"id":6,"name":"ARIZA"},{"id":4,"name":"DİĞER"},{"id":193,"name":"DOĞRU ALARM"},{"id":2,"name":"HAYVAN"},{"id":1,"name":"İNSAN"},{"id":16,"name":"SABOTAJ"},{"id":71,"name":"YETKİSİZ"}]
2024-12-05 13:20:44.355 [main] INFO  com.apiTests.requests.serviceRequests.detection_controller.ClassificationTypesTests - Status Code: 200
2024-12-05 13:20:44.370 [main] INFO  com.apiTests.requests.serviceRequests.detection_controller.ClassificationTypesTests - 0. Classification Type: ACİL DURUM
2024-12-05 13:20:44.370 [main] INFO  com.apiTests.requests.serviceRequests.detection_controller.ClassificationTypesTests - 1. Classification Type: ARAÇ
2024-12-05 13:20:44.370 [main] INFO  com.apiTests.requests.serviceRequests.detection_controller.ClassificationTypesTests - 2. Classification Type: ARIZA
2024-12-05 13:20:44.370 [main] INFO  com.apiTests.requests.serviceRequests.detection_controller.ClassificationTypesTests - 3. Classification Type: DİĞER
2024-12-05 13:20:44.370 [main] INFO  com.apiTests.requests.serviceRequests.detection_controller.ClassificationTypesTests - 4. Classification Type: DOĞRU ALARM
2024-12-05 13:20:44.370 [main] INFO  com.apiTests.requests.serviceRequests.detection_controller.ClassificationTypesTests - 5. Classification Type: HAYVAN
2024-12-05 13:20:44.370 [main] INFO  com.apiTests.requests.serviceRequests.detection_controller.ClassificationTypesTests - 6. Classification Type: İNSAN
2024-12-05 13:20:44.370 [main] INFO  com.apiTests.requests.serviceRequests.detection_controller.ClassificationTypesTests - 7. Classification Type: SABOTAJ
2024-12-05 13:20:44.370 [main] INFO  com.apiTests.requests.serviceRequests.detection_controller.ClassificationTypesTests - Classification type found: SABOTAJ
2024-12-05 13:20:44.979 [main] INFO  com.apiTests.requests.serviceRequests.detection_controller.GetDetectionsTests - Response received: []
2024-12-05 13:20:44.979 [main] INFO  com.apiTests.requests.serviceRequests.detection_controller.GetDetectionsTests - Status Code: 200
2024-12-05 13:20:44.979 [main] ERROR com.apiTests.requests.serviceRequests.detection_controller.GetDetectionsTests - Detection List is empty!
]]></system-out>
  </testcase>
  <testcase name="Detection controller service, filter classificationTyp #9" classname="Get Detections" time="1.273">
    <system-out><![CDATA[2024-12-05 13:20:45.560 [main] INFO  com.apiTests.requests.serviceRequests.user_controller.LoginTests - Response received: {"user":{"name":"Sistem Yöneticisi","surname":"ASELSAN","username":"aselsan","detail":{"identityNumber":null,"email":null,"phoneNumber":null,"rank":null,"profilePicture":null,"supervisor":{"name":null,"surname":null}},"pushToken":null,"userLevelId":5,"userLevelName":"Aselsan","id":10},"tokenDetails":{"accessToken":"eyJ0eXAiOiJKV1QiLCJhbGciOiJIUzUxMiJ9.eyJzdWIiOiIxOSIsImF1ZCI6ImFjY2VzcyIsInVzciI6IlNpc3RlbSBZw7ZuZXRpY2lzaSBBU0VMU0FOIiwiaXNzIjoiYXNlbHNhbi5rYXJkZWxlbiIsInJqdGkiOiIxNDQ3MzkxYy03Mjc0LTRiMjctYmE3Ny0wOTdjYzNjYmI5ZDAiLCJleHAiOjE3MzMzOTQ2NDQsImlhdCI6MTczMzM5NDA0NCwianRpIjoiODhiYTVhZTctNTJkNy00NTExLWJiMjAtYjY2YTFjY2ZjZDhhIn0.go77J_LAO2VEzzx1bbJwAmGyg6vwn_bnDwprUEekP4q_39TJYhoM5SE28EdhQcsrUsxpCbYIyFUvROyhg9vVpg","refreshToken":"eyJ0eXAiOiJKV1QiLCJhbGciOiJIUzUxMiJ9.eyJzdWIiOiIxOSIsImF1ZCI6InJlZnJlc2giLCJpc3MiOiJhc2Vsc2FuLmthcmRlbGVuIiwiZXhwIjoxNzMzNDMwMDQ0LCJpYXQiOjE3MzMzOTQwNDQsImp0aSI6IjE0NDczOTFjLTcyNzQtNGIyNy1iYTc3LTA5N2NjM2NiYjlkMCJ9.WB-1yRXhrd6cja76glTBC_d4-DyTw9PkNzolXNbyDKI_teAFH5Ngw4YT_v39NEcLSs1hYgccwhi_ibWnIxAENA"},"authorities":["right.detection.createdetection","right.detection.map","right.detection.detail","right.detection.detail.read","right.detection.detail.update","right.detection.filter","right.detection.sort","right.detection.sosmessage","right.task.filter","right.task.sort","right.task.detail","right.task.detail.read","right.task.detail.starttask","right.sensor.list","right.sensor.map","right.sensor.filter","right.sensor.sort","right.profile.read","right.detection","right.task","right.sensor","right.profile","right.detection.incominglist","right.task.outgoinglist","right.detection.outgoinglist","right.task.incominglist","right.task.attachments.list","right.alarm","right.alarm.list","right.alarm.map","right.alarm.filter","right.profile.usermanagement","right.profile.usermanagement.groupauthorization","right.profile.usermanagement.usergroup","right.sensor.detail","right.sensor.detail.read","right.sensor.detail.livestream"]}
2024-12-05 13:20:45.560 [main] INFO  com.apiTests.requests.serviceRequests.user_controller.LoginTests - Status Code: 200
2024-12-05 13:20:45.560 [main] INFO  com.apiTests.serviceSteps.serviceTestSteps.userController.LoginSteps - The system has been logged in with a valid username and password
2024-12-05 13:20:45.575 [main] INFO  com.apiTests.serviceSteps.serviceTestSteps.userController.LoginSteps - The username in the response matches the request
2024-12-05 13:20:45.575 [main] INFO  com.apiTests.requests.HelperMethod - The content was successfully written to the file: src/test/resources/txtFiles/accessToken.txt
2024-12-05 13:20:45.575 [main] INFO  com.apiTests.serviceSteps.serviceTestSteps.userController.LoginSteps - The Access Token has been saved: eyJ0eXAiOiJKV1QiLCJhbGciOiJIUzUxMiJ9.eyJzdWIiOiIxOSIsImF1ZCI6ImFjY2VzcyIsInVzciI6IlNpc3RlbSBZw7ZuZXRpY2lzaSBBU0VMU0FOIiwiaXNzIjoiYXNlbHNhbi5rYXJkZWxlbiIsInJqdGkiOiIxNDQ3MzkxYy03Mjc0LTRiMjctYmE3Ny0wOTdjYzNjYmI5ZDAiLCJleHAiOjE3MzMzOTQ2NDQsImlhdCI6MTczMzM5NDA0NCwianRpIjoiODhiYTVhZTctNTJkNy00NTExLWJiMjAtYjY2YTFjY2ZjZDhhIn0.go77J_LAO2VEzzx1bbJwAmGyg6vwn_bnDwprUEekP4q_39TJYhoM5SE28EdhQcsrUsxpCbYIyFUvROyhg9vVpg
2024-12-05 13:20:45.889 [main] INFO  com.apiTests.requests.serviceRequests.detection_controller.ClassificationTypesTests - Response received: [{"id":255,"name":"ACİL DURUM"},{"id":3,"name":"ARAÇ"},{"id":6,"name":"ARIZA"},{"id":4,"name":"DİĞER"},{"id":193,"name":"DOĞRU ALARM"},{"id":2,"name":"HAYVAN"},{"id":1,"name":"İNSAN"},{"id":16,"name":"SABOTAJ"},{"id":71,"name":"YETKİSİZ"}]
2024-12-05 13:20:45.889 [main] INFO  com.apiTests.requests.serviceRequests.detection_controller.ClassificationTypesTests - Status Code: 200
2024-12-05 13:20:45.889 [main] INFO  com.apiTests.requests.serviceRequests.detection_controller.ClassificationTypesTests - 0. Classification Type: ACİL DURUM
2024-12-05 13:20:45.889 [main] INFO  com.apiTests.requests.serviceRequests.detection_controller.ClassificationTypesTests - 1. Classification Type: ARAÇ
2024-12-05 13:20:45.889 [main] INFO  com.apiTests.requests.serviceRequests.detection_controller.ClassificationTypesTests - 2. Classification Type: ARIZA
2024-12-05 13:20:45.889 [main] INFO  com.apiTests.requests.serviceRequests.detection_controller.ClassificationTypesTests - 3. Classification Type: DİĞER
2024-12-05 13:20:45.889 [main] INFO  com.apiTests.requests.serviceRequests.detection_controller.ClassificationTypesTests - 4. Classification Type: DOĞRU ALARM
2024-12-05 13:20:45.889 [main] INFO  com.apiTests.requests.serviceRequests.detection_controller.ClassificationTypesTests - 5. Classification Type: HAYVAN
2024-12-05 13:20:45.889 [main] INFO  com.apiTests.requests.serviceRequests.detection_controller.ClassificationTypesTests - 6. Classification Type: İNSAN
2024-12-05 13:20:45.889 [main] INFO  com.apiTests.requests.serviceRequests.detection_controller.ClassificationTypesTests - 7. Classification Type: SABOTAJ
2024-12-05 13:20:45.889 [main] INFO  com.apiTests.requests.serviceRequests.detection_controller.ClassificationTypesTests - 8. Classification Type: YETKİSİZ
2024-12-05 13:20:45.889 [main] INFO  com.apiTests.requests.serviceRequests.detection_controller.ClassificationTypesTests - Classification type found: YETKİSİZ
2024-12-05 13:20:46.235 [main] INFO  com.apiTests.requests.serviceRequests.detection_controller.GetDetectionsTests - Response received: [{"id":"00000000-0000-000a-0000-0191fe48104c","hasImage":false,"description":"upd","detectionCreateTime":1726548021324,"detectionUpdateTime":1731302021480,"location":{"lat":0.0,"lng":0.0},"zone":{"id":-1,"name":"K11_"},"updated":true,"signature":"upt","taskId":null,"taskStatus":null,"type":{"id":71,"name":"Unauthorized"}},{"id":"00000000-0000-000a-0000-0192ae738ba7","hasImage":false,"description":"upd","detectionCreateTime":1729503660967,"detectionUpdateTime":1731304535112,"location":{"lat":0.0,"lng":0.0},"zone":{"id":-1,"name":"K11_"},"updated":true,"signature":"upt","taskId":null,"taskStatus":null,"type":{"id":71,"name":"Unauthorized"}},{"id":"00000000-0000-000a-0000-0192f605e9db","hasImage":false,"description":"upp","detectionCreateTime":1730704435675,"detectionUpdateTime":1730804907029,"location":{"lat":0.0,"lng":0.0},"zone":{"id":-1,"name":"K11_"},"updated":true,"signature":"upp","taskId":null,"taskStatus":null,"type":{"id":71,"name":"Unauthorized"}},{"id":"00000000-0000-000a-0000-01931a1edcfd","hasImage":false,"description":"955","detectionCreateTime":1731310050557,"detectionUpdateTime":1731310153382,"location":{"lat":0.0,"lng":0.0},"zone":{"id":-1,"name":"K11_"},"updated":true,"signature":"955","taskId":null,"taskStatus":null,"type":{"id":71,"name":"Unauthorized"}}]
2024-12-05 13:20:46.235 [main] INFO  com.apiTests.requests.serviceRequests.detection_controller.GetDetectionsTests - Status Code: 200
2024-12-05 13:20:46.251 [main] INFO  com.apiTests.requests.serviceRequests.detection_controller.GetDetectionsTests - 0. Detection: 00000000-0000-000a-0000-0191fe48104c , Unauthorized
2024-12-05 13:20:46.251 [main] INFO  com.apiTests.requests.serviceRequests.detection_controller.GetDetectionsTests - 1. Detection: 00000000-0000-000a-0000-0192ae738ba7 , Unauthorized
2024-12-05 13:20:46.251 [main] INFO  com.apiTests.requests.serviceRequests.detection_controller.GetDetectionsTests - 2. Detection: 00000000-0000-000a-0000-0192f605e9db , Unauthorized
2024-12-05 13:20:46.251 [main] INFO  com.apiTests.requests.serviceRequests.detection_controller.GetDetectionsTests - 3. Detection: 00000000-0000-000a-0000-01931a1edcfd , Unauthorized
2024-12-05 13:20:46.251 [main] ERROR com.apiTests.requests.serviceRequests.detection_controller.GetDetectionsTests - The zone filter does not used!
2024-12-05 13:20:46.251 [main] INFO  com.apiTests.requests.serviceRequests.detection_controller.GetDetectionsTests - The start time and the finish time filter do not used!
]]></system-out>
  </testcase>
  <testcase name="Detection controller service, filter classificationTyp #10" classname="Get Detections" time="0.658">
    <failure message="No matching classification type found for: YETKİLİ" type="org.opentest4j.AssertionFailedError"><![CDATA[org.opentest4j.AssertionFailedError: No matching classification type found for: YETKİLİ
	at org.junit.jupiter.api.AssertionUtils.fail(AssertionUtils.java:38)
	at org.junit.jupiter.api.Assertions.fail(Assertions.java:135)
	at com.apiTests.requests.serviceRequests.detection_controller.ClassificationTypesTests.ClassificationType(ClassificationTypesTests.java:107)
	at com.apiTests.requests.serviceRequests.detection_controller.ClassificationTypesTests.ClassificationType(ClassificationTypesTests.java:66)
	at com.apiTests.serviceSteps.serviceTestSteps.detectionController.GetDetectionsSteps.setGetDetectionClassificationType(GetDetectionsSteps.java:31)
	at ✽.the user need to enter classificationType: "YETKİLİ"(file:///C:/Users/ALIRIZA/Desktop/api-test-otomasyonu/src/test/resources/features/02-detection-controller/01_GetDetections.feature:18)
]]></failure>
    <system-out><![CDATA[2024-12-05 13:20:46.596 [main] INFO  com.apiTests.requests.serviceRequests.user_controller.LoginTests - Response received: {"user":{"name":"Sistem Yöneticisi","surname":"ASELSAN","username":"aselsan","detail":{"identityNumber":null,"email":null,"phoneNumber":null,"rank":null,"profilePicture":null,"supervisor":{"name":null,"surname":null}},"pushToken":null,"userLevelId":5,"userLevelName":"Aselsan","id":10},"tokenDetails":{"accessToken":"eyJ0eXAiOiJKV1QiLCJhbGciOiJIUzUxMiJ9.eyJzdWIiOiIxOSIsImF1ZCI6ImFjY2VzcyIsInVzciI6IlNpc3RlbSBZw7ZuZXRpY2lzaSBBU0VMU0FOIiwiaXNzIjoiYXNlbHNhbi5rYXJkZWxlbiIsInJqdGkiOiI2YzdmYmIwZS0zODIxLTQ3YTctOTIxNS04MTBhZGIzZjI0ZDUiLCJleHAiOjE3MzMzOTQ2NDUsImlhdCI6MTczMzM5NDA0NSwianRpIjoiNTg0ZTA5NGMtZTU0ZC00YmI3LWI2ZDgtMWEwMmVmYTY2YTA1In0.H8ki0EkM0aIOGDTuB8eYSHk2OyMObnMNgOi1lYKSqN-VaOe-x9VOoIrzcm1t9sLHXIseGlk1k85g4CNl5fK-zA","refreshToken":"eyJ0eXAiOiJKV1QiLCJhbGciOiJIUzUxMiJ9.eyJzdWIiOiIxOSIsImF1ZCI6InJlZnJlc2giLCJpc3MiOiJhc2Vsc2FuLmthcmRlbGVuIiwiZXhwIjoxNzMzNDMwMDQ1LCJpYXQiOjE3MzMzOTQwNDUsImp0aSI6IjZjN2ZiYjBlLTM4MjEtNDdhNy05MjE1LTgxMGFkYjNmMjRkNSJ9.PtRy-ddEHS1NgI6oSafMC3N9ultAef5ZyHAKtlbnfaJXb6kBorE4w8gWQ-47-edYM7qxhheEcvzD_Yn7mCwgBw"},"authorities":["right.detection.createdetection","right.detection.map","right.detection.detail","right.detection.detail.read","right.detection.detail.update","right.detection.filter","right.detection.sort","right.detection.sosmessage","right.task.filter","right.task.sort","right.task.detail","right.task.detail.read","right.task.detail.starttask","right.sensor.list","right.sensor.map","right.sensor.filter","right.sensor.sort","right.profile.read","right.detection","right.task","right.sensor","right.profile","right.detection.incominglist","right.task.outgoinglist","right.detection.outgoinglist","right.task.incominglist","right.task.attachments.list","right.alarm","right.alarm.list","right.alarm.map","right.alarm.filter","right.profile.usermanagement","right.profile.usermanagement.groupauthorization","right.profile.usermanagement.usergroup","right.sensor.detail","right.sensor.detail.read","right.sensor.detail.livestream"]}
2024-12-05 13:20:46.596 [main] INFO  com.apiTests.requests.serviceRequests.user_controller.LoginTests - Status Code: 200
2024-12-05 13:20:46.612 [main] INFO  com.apiTests.serviceSteps.serviceTestSteps.userController.LoginSteps - The system has been logged in with a valid username and password
2024-12-05 13:20:46.612 [main] INFO  com.apiTests.serviceSteps.serviceTestSteps.userController.LoginSteps - The username in the response matches the request
2024-12-05 13:20:46.612 [main] INFO  com.apiTests.requests.HelperMethod - The content was successfully written to the file: src/test/resources/txtFiles/accessToken.txt
2024-12-05 13:20:46.612 [main] INFO  com.apiTests.serviceSteps.serviceTestSteps.userController.LoginSteps - The Access Token has been saved: eyJ0eXAiOiJKV1QiLCJhbGciOiJIUzUxMiJ9.eyJzdWIiOiIxOSIsImF1ZCI6ImFjY2VzcyIsInVzciI6IlNpc3RlbSBZw7ZuZXRpY2lzaSBBU0VMU0FOIiwiaXNzIjoiYXNlbHNhbi5rYXJkZWxlbiIsInJqdGkiOiI2YzdmYmIwZS0zODIxLTQ3YTctOTIxNS04MTBhZGIzZjI0ZDUiLCJleHAiOjE3MzMzOTQ2NDUsImlhdCI6MTczMzM5NDA0NSwianRpIjoiNTg0ZTA5NGMtZTU0ZC00YmI3LWI2ZDgtMWEwMmVmYTY2YTA1In0.H8ki0EkM0aIOGDTuB8eYSHk2OyMObnMNgOi1lYKSqN-VaOe-x9VOoIrzcm1t9sLHXIseGlk1k85g4CNl5fK-zA
2024-12-05 13:20:46.909 [main] INFO  com.apiTests.requests.serviceRequests.detection_controller.ClassificationTypesTests - Response received: [{"id":255,"name":"ACİL DURUM"},{"id":3,"name":"ARAÇ"},{"id":6,"name":"ARIZA"},{"id":4,"name":"DİĞER"},{"id":193,"name":"DOĞRU ALARM"},{"id":2,"name":"HAYVAN"},{"id":1,"name":"İNSAN"},{"id":16,"name":"SABOTAJ"},{"id":71,"name":"YETKİSİZ"}]
2024-12-05 13:20:46.909 [main] INFO  com.apiTests.requests.serviceRequests.detection_controller.ClassificationTypesTests - Status Code: 200
2024-12-05 13:20:46.909 [main] INFO  com.apiTests.requests.serviceRequests.detection_controller.ClassificationTypesTests - 0. Classification Type: ACİL DURUM
2024-12-05 13:20:46.909 [main] INFO  com.apiTests.requests.serviceRequests.detection_controller.ClassificationTypesTests - 1. Classification Type: ARAÇ
2024-12-05 13:20:46.909 [main] INFO  com.apiTests.requests.serviceRequests.detection_controller.ClassificationTypesTests - 2. Classification Type: ARIZA
2024-12-05 13:20:46.909 [main] INFO  com.apiTests.requests.serviceRequests.detection_controller.ClassificationTypesTests - 3. Classification Type: DİĞER
2024-12-05 13:20:46.909 [main] INFO  com.apiTests.requests.serviceRequests.detection_controller.ClassificationTypesTests - 4. Classification Type: DOĞRU ALARM
2024-12-05 13:20:46.909 [main] INFO  com.apiTests.requests.serviceRequests.detection_controller.ClassificationTypesTests - 5. Classification Type: HAYVAN
2024-12-05 13:20:46.909 [main] INFO  com.apiTests.requests.serviceRequests.detection_controller.ClassificationTypesTests - 6. Classification Type: İNSAN
2024-12-05 13:20:46.909 [main] INFO  com.apiTests.requests.serviceRequests.detection_controller.ClassificationTypesTests - 7. Classification Type: SABOTAJ
2024-12-05 13:20:46.909 [main] INFO  com.apiTests.requests.serviceRequests.detection_controller.ClassificationTypesTests - 8. Classification Type: YETKİSİZ
2024-12-05 13:20:46.909 [main] ERROR com.apiTests.requests.serviceRequests.detection_controller.ClassificationTypesTests - No matching classification type found for: YETKİLİ
]]></system-out>
  </testcase>
  <testcase name="Detection controller service, filter zone #1" classname="Get Detections" time="1.117">
    <system-out><![CDATA[2024-12-05 13:20:47.248 [main] INFO  com.apiTests.requests.serviceRequests.user_controller.LoginTests - Response received: {"user":{"name":"Sistem Yöneticisi","surname":"ASELSAN","username":"aselsan","detail":{"identityNumber":null,"email":null,"phoneNumber":null,"rank":null,"profilePicture":null,"supervisor":{"name":null,"surname":null}},"pushToken":null,"userLevelId":5,"userLevelName":"Aselsan","id":10},"tokenDetails":{"accessToken":"eyJ0eXAiOiJKV1QiLCJhbGciOiJIUzUxMiJ9.eyJzdWIiOiIxOSIsImF1ZCI6ImFjY2VzcyIsInVzciI6IlNpc3RlbSBZw7ZuZXRpY2lzaSBBU0VMU0FOIiwiaXNzIjoiYXNlbHNhbi5rYXJkZWxlbiIsInJqdGkiOiI5M2I3ZTMzYi1iNTE3LTQyZDgtYmU0Yi1lMDgyMGE5YjU4MDIiLCJleHAiOjE3MzMzOTQ2NDYsImlhdCI6MTczMzM5NDA0NiwianRpIjoiYWM5YTkxYzctMmU2Ny00NWI5LTllOTYtYWEyZTU4ZTNkYjcwIn0.4hgfqD5CGjig17LMMFrsBdLWLIuVQKZowVfGaA1Jot7hA4IbhRLzAoFjoHncb-AzSQfIJfcPeB9irEV48-18kw","refreshToken":"eyJ0eXAiOiJKV1QiLCJhbGciOiJIUzUxMiJ9.eyJzdWIiOiIxOSIsImF1ZCI6InJlZnJlc2giLCJpc3MiOiJhc2Vsc2FuLmthcmRlbGVuIiwiZXhwIjoxNzMzNDMwMDQ2LCJpYXQiOjE3MzMzOTQwNDYsImp0aSI6IjkzYjdlMzNiLWI1MTctNDJkOC1iZTRiLWUwODIwYTliNTgwMiJ9.B_LC-oRTF8nFlH4p9JEeDtJ7xJq94d5zmk-bOqZvJZri6wp6Zq5SKzNfw9TxMA3Sk0daI32-3xUMhOD2frEMsg"},"authorities":["right.detection.createdetection","right.detection.map","right.detection.detail","right.detection.detail.read","right.detection.detail.update","right.detection.filter","right.detection.sort","right.detection.sosmessage","right.task.filter","right.task.sort","right.task.detail","right.task.detail.read","right.task.detail.starttask","right.sensor.list","right.sensor.map","right.sensor.filter","right.sensor.sort","right.profile.read","right.detection","right.task","right.sensor","right.profile","right.detection.incominglist","right.task.outgoinglist","right.detection.outgoinglist","right.task.incominglist","right.task.attachments.list","right.alarm","right.alarm.list","right.alarm.map","right.alarm.filter","right.profile.usermanagement","right.profile.usermanagement.groupauthorization","right.profile.usermanagement.usergroup","right.sensor.detail","right.sensor.detail.read","right.sensor.detail.livestream"]}
2024-12-05 13:20:47.248 [main] INFO  com.apiTests.requests.serviceRequests.user_controller.LoginTests - Status Code: 200
2024-12-05 13:20:47.279 [main] INFO  com.apiTests.serviceSteps.serviceTestSteps.userController.LoginSteps - The system has been logged in with a valid username and password
2024-12-05 13:20:47.279 [main] INFO  com.apiTests.serviceSteps.serviceTestSteps.userController.LoginSteps - The username in the response matches the request
2024-12-05 13:20:47.279 [main] INFO  com.apiTests.requests.HelperMethod - The content was successfully written to the file: src/test/resources/txtFiles/accessToken.txt
2024-12-05 13:20:47.279 [main] INFO  com.apiTests.serviceSteps.serviceTestSteps.userController.LoginSteps - The Access Token has been saved: eyJ0eXAiOiJKV1QiLCJhbGciOiJIUzUxMiJ9.eyJzdWIiOiIxOSIsImF1ZCI6ImFjY2VzcyIsInVzciI6IlNpc3RlbSBZw7ZuZXRpY2lzaSBBU0VMU0FOIiwiaXNzIjoiYXNlbHNhbi5rYXJkZWxlbiIsInJqdGkiOiI5M2I3ZTMzYi1iNTE3LTQyZDgtYmU0Yi1lMDgyMGE5YjU4MDIiLCJleHAiOjE3MzMzOTQ2NDYsImlhdCI6MTczMzM5NDA0NiwianRpIjoiYWM5YTkxYzctMmU2Ny00NWI5LTllOTYtYWEyZTU4ZTNkYjcwIn0.4hgfqD5CGjig17LMMFrsBdLWLIuVQKZowVfGaA1Jot7hA4IbhRLzAoFjoHncb-AzSQfIJfcPeB9irEV48-18kw
2024-12-05 13:20:47.608 [main] INFO  com.apiTests.requests.serviceRequests.zone_controller.ZonesTests - Response received: [{"id":-1,"name":"K11_"},{"id":22,"name":"Üs"},{"id":28,"name":"Hotel Loop"},{"id":29,"name":"India Loop"},{"id":140,"name":"2125"},{"id":141,"name":"2123"},{"id":142,"name":"2121"},{"id":143,"name":"2119"},{"id":144,"name":"2111"},{"id":145,"name":"2109"},{"id":146,"name":"2107"},{"id":147,"name":"2108"},{"id":148,"name":"2101"},{"id":149,"name":"2100"},{"id":150,"name":"2102"},{"id":151,"name":"2112"},{"id":152,"name":"2116"},{"id":153,"name":"2118"},{"id":154,"name":"2120"},{"id":155,"name":"2122"},{"id":156,"name":"2124"},{"id":157,"name":"2126"},{"id":158,"name":"2131"},{"id":159,"name":"2129"},{"id":160,"name":"2127"},{"id":165,"name":"2209"},{"id":171,"name":"INDIA-1 AIRCRAFT GATE"},{"id":172,"name":"HOTEL-1 AIRCRAFT GATE"},{"id":173,"name":"V-9 VEHICLE GATE"},{"id":174,"name":"COOPS VEHICLE GATE"},{"id":175,"name":"INDIA-13 AIRCRAFT GATE"},{"id":245,"name":"merve"},{"id":246,"name":"deneme"},{"id":252,"name":"K1_"},{"id":285,"name":"K2_"},{"id":286,"name":"K3_"},{"id":287,"name":"K4_"},{"id":288,"name":"K5_"},{"id":289,"name":"K6_"},{"id":290,"name":"K7_"},{"id":291,"name":"K8_"},{"id":292,"name":"K9_"},{"id":293,"name":"K10_"},{"id":295,"name":"K12_"},{"id":298,"name":"K13_"},{"id":299,"name":"K14_"},{"id":300,"name":"K15_"},{"id":301,"name":"K16_"},{"id":306,"name":"54A_son"},{"id":307,"name":"57A_son"},{"id":308,"name":"eren1"},{"id":310,"name":"47_TG"},{"id":311,"name":"47_Cit"},{"id":314,"name":"üs_2016"},{"id":315,"name":"AK1-1"},{"id":317,"name":"AK1-2"},{"id":320,"name":"sil2"},{"id":321,"name":"sil3"},{"id":322,"name":"sil4"},{"id":323,"name":"sil"},{"id":324,"name":"merve"},{"id":327,"name":"deneme"},{"id":328,"name":"mer"},{"id":330,"name":"deneme-1"},{"id":331,"name":"sed"},{"id":332,"name":"sed"},{"id":335,"name":"K_new"},{"id":336,"name":"K-hesap"},{"id":337,"name":"poly5.3"},{"id":338,"name":"devriye2"},{"id":339,"name":"devriye3"},{"id":340,"name":"VG2_1"},{"id":341,"name":"devriye4"},{"id":342,"name":"devriye5"},{"id":343,"name":"devriye6"},{"id":344,"name":"devriye7"},{"id":345,"name":"devriye8"},{"id":346,"name":"devriye9"},{"id":347,"name":"devriye10"},{"id":348,"name":"devriye11"},{"id":349,"name":"p1"},{"id":350,"name":"p2"},{"id":351,"name":"VG2_2"},{"id":359,"name":"üs1"},{"id":361,"name":"üs2"},{"id":362,"name":"üs3"},{"id":363,"name":"üs4"},{"id":364,"name":"üs5"},{"id":365,"name":"üs6"},{"id":366,"name":"üs7"},{"id":367,"name":"AG1_1"},{"id":368,"name":"santiye"},{"id":369,"name":"üs8"},{"id":370,"name":"üs9"},{"id":371,"name":"üs10"},{"id":405,"name":"C1_LVSB13"},{"id":406,"name":"C2_LVSB7"},{"id":407,"name":"C3_LVSB13"},{"id":410,"name":"C4_LVSB46"},{"id":411,"name":"C5_LVSB43"},{"id":413,"name":"üs11"},{"id":414,"name":"AG1_2"},{"id":415,"name":"C1"},{"id":416,"name":"S1_LVSB53"},{"id":417,"name":"S1_LVSB51"},{"id":418,"name":"S1_LVSB46"},{"id":419,"name":"S1_LVSB5"},{"id":420,"name":"tel"},{"id":456,"name":"D13"},{"id":457,"name":"K13"},{"id":458,"name":"K12"},{"id":459,"name":"eren1"},{"id":460,"name":"2209sagust"},{"id":461,"name":"K21"},{"id":462,"name":"K.111"},{"id":463,"name":"K.10"},{"id":464,"name":"K.9"},{"id":465,"name":"K.8"},{"id":466,"name":"K.7"},{"id":467,"name":"K.6"},{"id":468,"name":"K.5"},{"id":469,"name":"K.4"},{"id":470,"name":"K.3"},{"id":471,"name":"K.2"},{"id":472,"name":"K.1"},{"id":473,"name":"K.19"},{"id":474,"name":"K.18"},{"id":475,"name":"K.161"},{"id":476,"name":"K.15"},{"id":477,"name":"K.14"},{"id":478,"name":"K.20"},{"id":479,"name":"K.21"},{"id":480,"name":"K.221"},{"id":481,"name":"K.233"},{"id":482,"name":"K.244"},{"id":483,"name":"cit2016"},{"id":484,"name":"LVSB45"},{"id":485,"name":"LVSB47"},{"id":486,"name":"LVSB49"},{"id":487,"name":"LVSB50"},{"id":488,"name":"LVSB52"},{"id":489,"name":"LVSB54"},{"id":490,"name":"LVSB55"},{"id":491,"name":"LVSB57"},{"id":492,"name":"LVSB4"},{"id":493,"name":"LVSB6"},{"id":494,"name":"LVSB12"},{"id":495,"name":"LVSB17"},{"id":496,"name":"LVSB19"},{"id":497,"name":"LVSB24"},{"id":498,"name":"LVSB21"},{"id":499,"name":"LVSB29"},{"id":500,"name":"LVSB32"},{"id":501,"name":"LVSB31"},{"id":502,"name":"LVSB34"},{"id":503,"name":"2209_sagust"},{"id":504,"name":"LVSB37"},{"id":505,"name":"LVSB36"},{"id":506,"name":"LVSB42"},{"id":507,"name":"LVSB44"},{"id":508,"name":"VG2_1"},{"id":509,"name":"VG2_2"},{"id":510,"name":"AG1_1"},{"id":511,"name":"AG1_2"},{"id":512,"name":"AG2_1"},{"id":513,"name":"AG2_2"},{"id":514,"name":"AG3_1"},{"id":515,"name":"AG3_2"},{"id":516,"name":"VG1_1"},{"id":517,"name":"VG1_2"},{"id":518,"name":"LVSB12_new"},{"id":519,"name":"LVSB19_new"},{"id":520,"name":"LVSB29_new"},{"id":668,"name":"LVSB19_28Mart"},{"id":670,"name":"Sector-01"},{"id":671,"name":"Sector-02"},{"id":672,"name":"Sector-03"},{"id":674,"name":"Sector-04"},{"id":675,"name":"Sector-05"},{"id":676,"name":"Sector-06"},{"id":677,"name":"Sector-07"},{"id":678,"name":"Sector-08"},{"id":679,"name":"Sector-09"},{"id":681,"name":"Sector-11"},{"id":682,"name":"Sector-12"},{"id":683,"name":"Sector-13"},{"id":684,"name":"Sector-14"},{"id":686,"name":"Sector-15"},{"id":687,"name":"Sector-16"},{"id":688,"name":"Sector-17"},{"id":689,"name":"Sector-18"},{"id":690,"name":"Sector-19"},{"id":691,"name":"Sector-20"},{"id":692,"name":"Sector-21"},{"id":693,"name":"Sector-22"},{"id":694,"name":"Sector-23"},{"id":695,"name":"I-13 Gate"},{"id":696,"name":"I-1 Gate"},{"id":698,"name":"H-1 Gate"},{"id":699,"name":"V-9 Gate"},{"id":701,"name":"Coops Gate"},{"id":705,"name":"Sector-10"},{"id":708,"name":"S01F-S02S"},{"id":709,"name":"S02F"},{"id":710,"name":"S03S"},{"id":711,"name":"S03F"},{"id":712,"name":"S04S"},{"id":713,"name":"S04F-S05S"},{"id":714,"name":"S05F-S06S"},{"id":715,"name":"S06F-S07S"},{"id":716,"name":"S07F"},{"id":717,"name":"S08S"},{"id":718,"name":"S08F-S09S"},{"id":719,"name":"S09F-S10S"},{"id":720,"name":"S10F-S11S"},{"id":721,"name":"S11F-S12S"},{"id":722,"name":"S12F-S13S"},{"id":723,"name":"S13F"},{"id":724,"name":"S14S"},{"id":725,"name":"S14F-S15S"},{"id":726,"name":"S15F-S16S"},{"id":727,"name":"S16F-S17S"},{"id":728,"name":"S17F-S18S"},{"id":729,"name":"S18F-S19S"},{"id":730,"name":"S19F-S20S"},{"id":731,"name":"S20F-S21S"},{"id":732,"name":"S21F-S22S"},{"id":733,"name":"S22F-S23S"},{"id":734,"name":"S23F"},{"id":735,"name":"S01S"},{"id":736,"name":"S04M"},{"id":737,"name":"S07M"},{"id":738,"name":"Nizamiye"},{"id":739,"name":"Ana yol"},{"id":740,"name":"Otopark Çıkış"},{"id":741,"name":"Yan Yol"},{"id":742,"name":"deneme tulın"},{"id":743,"name":"test"},{"id":744,"name":"asd"},{"id":745,"name":"tmm"},{"id":746,"name":"tmm2"},{"id":765,"name":"mert1"},{"id":767,"name":"Kamera-1"},{"id":768,"name":"Kamera-4"},{"id":769,"name":"Kamera-2"},{"id":770,"name":"Kamera-3"}]
2024-12-05 13:20:47.608 [main] INFO  com.apiTests.requests.serviceRequests.zone_controller.ZonesTests - Status Code: 200
2024-12-05 13:20:47.608 [main] INFO  com.apiTests.requests.serviceRequests.zone_controller.ZonesTests - 0. Zone: K11_
2024-12-05 13:20:47.608 [main] INFO  com.apiTests.requests.serviceRequests.zone_controller.ZonesTests - Zone found: K11_
2024-12-05 13:20:48.026 [main] INFO  com.apiTests.requests.serviceRequests.detection_controller.GetDetectionsTests - Response received: [{"id":"00000000-0000-000a-0000-0193636e7ba5","hasImage":false,"description":"Acil durum bildirimidir. Lütfen iletişime geçiniz.","detectionCreateTime":1732540005285,"detectionUpdateTime":null,"location":{"lat":39.9654542,"lng":32.7665294},"zone":{"id":-1,"name":"K11_"},"updated":false,"signature":null,"taskId":null,"taskStatus":null,"type":{"id":255,"name":"Emergency"}},{"id":"00000000-0000-000a-0000-019376a6451e","hasImage":true,"description":"Acil durum bildirimidir. Lütfen iletişime geçiniz.11","detectionCreateTime":1732862428446,"detectionUpdateTime":1732862529479,"location":{"lat":39.9654516,"lng":32.7665069},"zone":{"id":-1,"name":"K11_"},"updated":true,"signature":null,"taskId":null,"taskStatus":null,"type":{"id":255,"name":"Emergency"}},{"id":"00000000-0000-000a-0000-019376a59a9e","hasImage":false,"description":"Acil durum bildirimidir. Lütfen iletişime geçiniz.","detectionCreateTime":1732862384798,"detectionUpdateTime":null,"location":{"lat":39.9654525,"lng":32.7665147},"zone":{"id":-1,"name":"K11_"},"updated":false,"signature":null,"taskId":null,"taskStatus":null,"type":{"id":255,"name":"Emergency"}},{"id":"00000000-0000-000a-0000-01937788eb0f","hasImage":false,"description":"Acil durum bildirimidir. Lütfen iletişime geçiniz.","detectionCreateTime":1732877282063,"detectionUpdateTime":null,"location":{"lat":39.9654483,"lng":32.76652},"zone":{"id":-1,"name":"K11_"},"updated":false,"signature":null,"taskId":null,"taskStatus":null,"type":{"id":255,"name":"Emergency"}},{"id":"00000000-0000-000a-0000-019377894922","hasImage":false,"description":"Acil durum bildirimidir. Lütfen iletişime geçiniz.","detectionCreateTime":1732877306146,"detectionUpdateTime":null,"location":{"lat":39.965451,"lng":32.7665165},"zone":{"id":-1,"name":"K11_"},"updated":false,"signature":null,"taskId":null,"taskStatus":null,"type":{"id":255,"name":"Emergency"}},{"id":"00000000-0000-000a-0000-01937789bef2","hasImage":false,"description":"Acil durum bildirimidir. Lütfen iletişime geçiniz.","detectionCreateTime":1732877336306,"detectionUpdateTime":null,"location":{"lat":39.965447,"lng":32.7665232},"zone":{"id":-1,"name":"K11_"},"updated":false,"signature":null,"taskId":null,"taskStatus":null,"type":{"id":255,"name":"Emergency"}},{"id":"00000000-0000-000a-0000-01938aeb3b73","hasImage":false,"description":"Acil durum bildirimidir. Lütfen iletişime geçiniz.","detectionCreateTime":1733202492275,"detectionUpdateTime":null,"location":{"lat":39.9654486,"lng":32.7665102},"zone":{"id":-1,"name":"K11_"},"updated":false,"signature":null,"taskId":null,"taskStatus":null,"type":{"id":255,"name":"Emergency"}},{"id":"00000000-0000-000a-0000-01938aea5132","hasImage":false,"description":"Acil durum bildirimidir. Lütfen iletişime geçiniz.","detectionCreateTime":1733202432306,"detectionUpdateTime":null,"location":{"lat":39.9654477,"lng":32.7665128},"zone":{"id":-1,"name":"K11_"},"updated":false,"signature":null,"taskId":null,"taskStatus":null,"type":{"id":255,"name":"Emergency"}},{"id":"00000000-0000-000a-0000-01938aeac7bd","hasImage":false,"description":"Acil durum bildirimidir. Lütfen iletişime geçiniz.","detectionCreateTime":1733202462653,"detectionUpdateTime":null,"location":{"lat":39.9654438,"lng":32.7665234},"zone":{"id":-1,"name":"K11_"},"updated":false,"signature":null,"taskId":null,"taskStatus":null,"type":{"id":255,"name":"Emergency"}},{"id":"00000000-0000-000a-0000-01938aec9277","hasImage":false,"description":"Acil durum bildirimidir. Lütfen iletişime geçiniz.","detectionCreateTime":1733202580087,"detectionUpdateTime":null,"location":{"lat":39.9654547,"lng":32.766521},"zone":{"id":-1,"name":"K11_"},"updated":false,"signature":null,"taskId":null,"taskStatus":null,"type":{"id":255,"name":"Emergency"}}]
2024-12-05 13:20:48.026 [main] INFO  com.apiTests.requests.serviceRequests.detection_controller.GetDetectionsTests - Status Code: 200
2024-12-05 13:20:48.026 [main] ERROR com.apiTests.requests.serviceRequests.detection_controller.GetDetectionsTests - The classification type filter does not used!
2024-12-05 13:20:48.026 [main] INFO  com.apiTests.requests.serviceRequests.detection_controller.GetDetectionsTests - 0. Detection: 00000000-0000-000a-0000-0193636e7ba5 , K11_
2024-12-05 13:20:48.026 [main] INFO  com.apiTests.requests.serviceRequests.detection_controller.GetDetectionsTests - 1. Detection: 00000000-0000-000a-0000-019376a6451e , K11_
2024-12-05 13:20:48.026 [main] INFO  com.apiTests.requests.serviceRequests.detection_controller.GetDetectionsTests - 2. Detection: 00000000-0000-000a-0000-019376a59a9e , K11_
2024-12-05 13:20:48.026 [main] INFO  com.apiTests.requests.serviceRequests.detection_controller.GetDetectionsTests - 3. Detection: 00000000-0000-000a-0000-01937788eb0f , K11_
2024-12-05 13:20:48.026 [main] INFO  com.apiTests.requests.serviceRequests.detection_controller.GetDetectionsTests - 4. Detection: 00000000-0000-000a-0000-019377894922 , K11_
2024-12-05 13:20:48.026 [main] INFO  com.apiTests.requests.serviceRequests.detection_controller.GetDetectionsTests - 5. Detection: 00000000-0000-000a-0000-01937789bef2 , K11_
2024-12-05 13:20:48.026 [main] INFO  com.apiTests.requests.serviceRequests.detection_controller.GetDetectionsTests - 6. Detection: 00000000-0000-000a-0000-01938aeb3b73 , K11_
2024-12-05 13:20:48.026 [main] INFO  com.apiTests.requests.serviceRequests.detection_controller.GetDetectionsTests - 7. Detection: 00000000-0000-000a-0000-01938aea5132 , K11_
2024-12-05 13:20:48.026 [main] INFO  com.apiTests.requests.serviceRequests.detection_controller.GetDetectionsTests - 8. Detection: 00000000-0000-000a-0000-01938aeac7bd , K11_
2024-12-05 13:20:48.026 [main] INFO  com.apiTests.requests.serviceRequests.detection_controller.GetDetectionsTests - 9. Detection: 00000000-0000-000a-0000-01938aec9277 , K11_
2024-12-05 13:20:48.042 [main] INFO  com.apiTests.requests.serviceRequests.detection_controller.GetDetectionsTests - The start time and the finish time filter do not used!
]]></system-out>
  </testcase>
  <testcase name="Detection controller service, filter zone #2" classname="Get Detections" time="1.076">
    <system-out><![CDATA[2024-12-05 13:20:48.350 [main] INFO  com.apiTests.requests.serviceRequests.user_controller.LoginTests - Response received: {"user":{"name":"Sistem Yöneticisi","surname":"ASELSAN","username":"aselsan","detail":{"identityNumber":null,"email":null,"phoneNumber":null,"rank":null,"profilePicture":null,"supervisor":{"name":null,"surname":null}},"pushToken":null,"userLevelId":5,"userLevelName":"Aselsan","id":10},"tokenDetails":{"accessToken":"eyJ0eXAiOiJKV1QiLCJhbGciOiJIUzUxMiJ9.eyJzdWIiOiIxOSIsImF1ZCI6ImFjY2VzcyIsInVzciI6IlNpc3RlbSBZw7ZuZXRpY2lzaSBBU0VMU0FOIiwiaXNzIjoiYXNlbHNhbi5rYXJkZWxlbiIsInJqdGkiOiJkMWI2ZTVkNC00ODkyLTRlOWUtODc1My00NjM2Nzc2MmU5YTkiLCJleHAiOjE3MzMzOTQ2NDcsImlhdCI6MTczMzM5NDA0NywianRpIjoiYWZmMzc3ZDMtNTI0Ni00ZGM2LTkwNmItMzUyOWYwNjNkNjA4In0.FExrmHCy5r9amss28BnM7NsMQTtUkVftO8HjNRFTDtC2QplsH83FKK3Vt7IcyZFtkdqYBOW7pS1nIDjYrO0O_w","refreshToken":"eyJ0eXAiOiJKV1QiLCJhbGciOiJIUzUxMiJ9.eyJzdWIiOiIxOSIsImF1ZCI6InJlZnJlc2giLCJpc3MiOiJhc2Vsc2FuLmthcmRlbGVuIiwiZXhwIjoxNzMzNDMwMDQ3LCJpYXQiOjE3MzMzOTQwNDcsImp0aSI6ImQxYjZlNWQ0LTQ4OTItNGU5ZS04NzUzLTQ2MzY3NzYyZTlhOSJ9.BfxlM23H44R27y6EVznKjsehQIkpbdF5AsQhlmRbgxDmX0SiprmdSzHfeMMzJNCrraQSngkkwRFw9vQmelBJtQ"},"authorities":["right.detection.createdetection","right.detection.map","right.detection.detail","right.detection.detail.read","right.detection.detail.update","right.detection.filter","right.detection.sort","right.detection.sosmessage","right.task.filter","right.task.sort","right.task.detail","right.task.detail.read","right.task.detail.starttask","right.sensor.list","right.sensor.map","right.sensor.filter","right.sensor.sort","right.profile.read","right.detection","right.task","right.sensor","right.profile","right.detection.incominglist","right.task.outgoinglist","right.detection.outgoinglist","right.task.incominglist","right.task.attachments.list","right.alarm","right.alarm.list","right.alarm.map","right.alarm.filter","right.profile.usermanagement","right.profile.usermanagement.groupauthorization","right.profile.usermanagement.usergroup","right.sensor.detail","right.sensor.detail.read","right.sensor.detail.livestream"]}
2024-12-05 13:20:48.350 [main] INFO  com.apiTests.requests.serviceRequests.user_controller.LoginTests - Status Code: 200
2024-12-05 13:20:48.365 [main] INFO  com.apiTests.serviceSteps.serviceTestSteps.userController.LoginSteps - The system has been logged in with a valid username and password
2024-12-05 13:20:48.365 [main] INFO  com.apiTests.serviceSteps.serviceTestSteps.userController.LoginSteps - The username in the response matches the request
2024-12-05 13:20:48.365 [main] INFO  com.apiTests.requests.HelperMethod - The content was successfully written to the file: src/test/resources/txtFiles/accessToken.txt
2024-12-05 13:20:48.365 [main] INFO  com.apiTests.serviceSteps.serviceTestSteps.userController.LoginSteps - The Access Token has been saved: eyJ0eXAiOiJKV1QiLCJhbGciOiJIUzUxMiJ9.eyJzdWIiOiIxOSIsImF1ZCI6ImFjY2VzcyIsInVzciI6IlNpc3RlbSBZw7ZuZXRpY2lzaSBBU0VMU0FOIiwiaXNzIjoiYXNlbHNhbi5rYXJkZWxlbiIsInJqdGkiOiJkMWI2ZTVkNC00ODkyLTRlOWUtODc1My00NjM2Nzc2MmU5YTkiLCJleHAiOjE3MzMzOTQ2NDcsImlhdCI6MTczMzM5NDA0NywianRpIjoiYWZmMzc3ZDMtNTI0Ni00ZGM2LTkwNmItMzUyOWYwNjNkNjA4In0.FExrmHCy5r9amss28BnM7NsMQTtUkVftO8HjNRFTDtC2QplsH83FKK3Vt7IcyZFtkdqYBOW7pS1nIDjYrO0O_w
2024-12-05 13:20:48.694 [main] INFO  com.apiTests.requests.serviceRequests.zone_controller.ZonesTests - Response received: [{"id":-1,"name":"K11_"},{"id":22,"name":"Üs"},{"id":28,"name":"Hotel Loop"},{"id":29,"name":"India Loop"},{"id":140,"name":"2125"},{"id":141,"name":"2123"},{"id":142,"name":"2121"},{"id":143,"name":"2119"},{"id":144,"name":"2111"},{"id":145,"name":"2109"},{"id":146,"name":"2107"},{"id":147,"name":"2108"},{"id":148,"name":"2101"},{"id":149,"name":"2100"},{"id":150,"name":"2102"},{"id":151,"name":"2112"},{"id":152,"name":"2116"},{"id":153,"name":"2118"},{"id":154,"name":"2120"},{"id":155,"name":"2122"},{"id":156,"name":"2124"},{"id":157,"name":"2126"},{"id":158,"name":"2131"},{"id":159,"name":"2129"},{"id":160,"name":"2127"},{"id":165,"name":"2209"},{"id":171,"name":"INDIA-1 AIRCRAFT GATE"},{"id":172,"name":"HOTEL-1 AIRCRAFT GATE"},{"id":173,"name":"V-9 VEHICLE GATE"},{"id":174,"name":"COOPS VEHICLE GATE"},{"id":175,"name":"INDIA-13 AIRCRAFT GATE"},{"id":245,"name":"merve"},{"id":246,"name":"deneme"},{"id":252,"name":"K1_"},{"id":285,"name":"K2_"},{"id":286,"name":"K3_"},{"id":287,"name":"K4_"},{"id":288,"name":"K5_"},{"id":289,"name":"K6_"},{"id":290,"name":"K7_"},{"id":291,"name":"K8_"},{"id":292,"name":"K9_"},{"id":293,"name":"K10_"},{"id":295,"name":"K12_"},{"id":298,"name":"K13_"},{"id":299,"name":"K14_"},{"id":300,"name":"K15_"},{"id":301,"name":"K16_"},{"id":306,"name":"54A_son"},{"id":307,"name":"57A_son"},{"id":308,"name":"eren1"},{"id":310,"name":"47_TG"},{"id":311,"name":"47_Cit"},{"id":314,"name":"üs_2016"},{"id":315,"name":"AK1-1"},{"id":317,"name":"AK1-2"},{"id":320,"name":"sil2"},{"id":321,"name":"sil3"},{"id":322,"name":"sil4"},{"id":323,"name":"sil"},{"id":324,"name":"merve"},{"id":327,"name":"deneme"},{"id":328,"name":"mer"},{"id":330,"name":"deneme-1"},{"id":331,"name":"sed"},{"id":332,"name":"sed"},{"id":335,"name":"K_new"},{"id":336,"name":"K-hesap"},{"id":337,"name":"poly5.3"},{"id":338,"name":"devriye2"},{"id":339,"name":"devriye3"},{"id":340,"name":"VG2_1"},{"id":341,"name":"devriye4"},{"id":342,"name":"devriye5"},{"id":343,"name":"devriye6"},{"id":344,"name":"devriye7"},{"id":345,"name":"devriye8"},{"id":346,"name":"devriye9"},{"id":347,"name":"devriye10"},{"id":348,"name":"devriye11"},{"id":349,"name":"p1"},{"id":350,"name":"p2"},{"id":351,"name":"VG2_2"},{"id":359,"name":"üs1"},{"id":361,"name":"üs2"},{"id":362,"name":"üs3"},{"id":363,"name":"üs4"},{"id":364,"name":"üs5"},{"id":365,"name":"üs6"},{"id":366,"name":"üs7"},{"id":367,"name":"AG1_1"},{"id":368,"name":"santiye"},{"id":369,"name":"üs8"},{"id":370,"name":"üs9"},{"id":371,"name":"üs10"},{"id":405,"name":"C1_LVSB13"},{"id":406,"name":"C2_LVSB7"},{"id":407,"name":"C3_LVSB13"},{"id":410,"name":"C4_LVSB46"},{"id":411,"name":"C5_LVSB43"},{"id":413,"name":"üs11"},{"id":414,"name":"AG1_2"},{"id":415,"name":"C1"},{"id":416,"name":"S1_LVSB53"},{"id":417,"name":"S1_LVSB51"},{"id":418,"name":"S1_LVSB46"},{"id":419,"name":"S1_LVSB5"},{"id":420,"name":"tel"},{"id":456,"name":"D13"},{"id":457,"name":"K13"},{"id":458,"name":"K12"},{"id":459,"name":"eren1"},{"id":460,"name":"2209sagust"},{"id":461,"name":"K21"},{"id":462,"name":"K.111"},{"id":463,"name":"K.10"},{"id":464,"name":"K.9"},{"id":465,"name":"K.8"},{"id":466,"name":"K.7"},{"id":467,"name":"K.6"},{"id":468,"name":"K.5"},{"id":469,"name":"K.4"},{"id":470,"name":"K.3"},{"id":471,"name":"K.2"},{"id":472,"name":"K.1"},{"id":473,"name":"K.19"},{"id":474,"name":"K.18"},{"id":475,"name":"K.161"},{"id":476,"name":"K.15"},{"id":477,"name":"K.14"},{"id":478,"name":"K.20"},{"id":479,"name":"K.21"},{"id":480,"name":"K.221"},{"id":481,"name":"K.233"},{"id":482,"name":"K.244"},{"id":483,"name":"cit2016"},{"id":484,"name":"LVSB45"},{"id":485,"name":"LVSB47"},{"id":486,"name":"LVSB49"},{"id":487,"name":"LVSB50"},{"id":488,"name":"LVSB52"},{"id":489,"name":"LVSB54"},{"id":490,"name":"LVSB55"},{"id":491,"name":"LVSB57"},{"id":492,"name":"LVSB4"},{"id":493,"name":"LVSB6"},{"id":494,"name":"LVSB12"},{"id":495,"name":"LVSB17"},{"id":496,"name":"LVSB19"},{"id":497,"name":"LVSB24"},{"id":498,"name":"LVSB21"},{"id":499,"name":"LVSB29"},{"id":500,"name":"LVSB32"},{"id":501,"name":"LVSB31"},{"id":502,"name":"LVSB34"},{"id":503,"name":"2209_sagust"},{"id":504,"name":"LVSB37"},{"id":505,"name":"LVSB36"},{"id":506,"name":"LVSB42"},{"id":507,"name":"LVSB44"},{"id":508,"name":"VG2_1"},{"id":509,"name":"VG2_2"},{"id":510,"name":"AG1_1"},{"id":511,"name":"AG1_2"},{"id":512,"name":"AG2_1"},{"id":513,"name":"AG2_2"},{"id":514,"name":"AG3_1"},{"id":515,"name":"AG3_2"},{"id":516,"name":"VG1_1"},{"id":517,"name":"VG1_2"},{"id":518,"name":"LVSB12_new"},{"id":519,"name":"LVSB19_new"},{"id":520,"name":"LVSB29_new"},{"id":668,"name":"LVSB19_28Mart"},{"id":670,"name":"Sector-01"},{"id":671,"name":"Sector-02"},{"id":672,"name":"Sector-03"},{"id":674,"name":"Sector-04"},{"id":675,"name":"Sector-05"},{"id":676,"name":"Sector-06"},{"id":677,"name":"Sector-07"},{"id":678,"name":"Sector-08"},{"id":679,"name":"Sector-09"},{"id":681,"name":"Sector-11"},{"id":682,"name":"Sector-12"},{"id":683,"name":"Sector-13"},{"id":684,"name":"Sector-14"},{"id":686,"name":"Sector-15"},{"id":687,"name":"Sector-16"},{"id":688,"name":"Sector-17"},{"id":689,"name":"Sector-18"},{"id":690,"name":"Sector-19"},{"id":691,"name":"Sector-20"},{"id":692,"name":"Sector-21"},{"id":693,"name":"Sector-22"},{"id":694,"name":"Sector-23"},{"id":695,"name":"I-13 Gate"},{"id":696,"name":"I-1 Gate"},{"id":698,"name":"H-1 Gate"},{"id":699,"name":"V-9 Gate"},{"id":701,"name":"Coops Gate"},{"id":705,"name":"Sector-10"},{"id":708,"name":"S01F-S02S"},{"id":709,"name":"S02F"},{"id":710,"name":"S03S"},{"id":711,"name":"S03F"},{"id":712,"name":"S04S"},{"id":713,"name":"S04F-S05S"},{"id":714,"name":"S05F-S06S"},{"id":715,"name":"S06F-S07S"},{"id":716,"name":"S07F"},{"id":717,"name":"S08S"},{"id":718,"name":"S08F-S09S"},{"id":719,"name":"S09F-S10S"},{"id":720,"name":"S10F-S11S"},{"id":721,"name":"S11F-S12S"},{"id":722,"name":"S12F-S13S"},{"id":723,"name":"S13F"},{"id":724,"name":"S14S"},{"id":725,"name":"S14F-S15S"},{"id":726,"name":"S15F-S16S"},{"id":727,"name":"S16F-S17S"},{"id":728,"name":"S17F-S18S"},{"id":729,"name":"S18F-S19S"},{"id":730,"name":"S19F-S20S"},{"id":731,"name":"S20F-S21S"},{"id":732,"name":"S21F-S22S"},{"id":733,"name":"S22F-S23S"},{"id":734,"name":"S23F"},{"id":735,"name":"S01S"},{"id":736,"name":"S04M"},{"id":737,"name":"S07M"},{"id":738,"name":"Nizamiye"},{"id":739,"name":"Ana yol"},{"id":740,"name":"Otopark Çıkış"},{"id":741,"name":"Yan Yol"},{"id":742,"name":"deneme tulın"},{"id":743,"name":"test"},{"id":744,"name":"asd"},{"id":745,"name":"tmm"},{"id":746,"name":"tmm2"},{"id":765,"name":"mert1"},{"id":767,"name":"Kamera-1"},{"id":768,"name":"Kamera-4"},{"id":769,"name":"Kamera-2"},{"id":770,"name":"Kamera-3"}]
2024-12-05 13:20:48.694 [main] INFO  com.apiTests.requests.serviceRequests.zone_controller.ZonesTests - Status Code: 200
2024-12-05 13:20:48.694 [main] INFO  com.apiTests.requests.serviceRequests.zone_controller.ZonesTests - 0. Zone: K11_
2024-12-05 13:20:48.694 [main] INFO  com.apiTests.requests.serviceRequests.zone_controller.ZonesTests - 1. Zone: Üs
2024-12-05 13:20:48.694 [main] INFO  com.apiTests.requests.serviceRequests.zone_controller.ZonesTests - Zone found: Üs
2024-12-05 13:20:49.102 [main] INFO  com.apiTests.requests.serviceRequests.detection_controller.GetDetectionsTests - Response received: []
2024-12-05 13:20:49.102 [main] INFO  com.apiTests.requests.serviceRequests.detection_controller.GetDetectionsTests - Status Code: 200
2024-12-05 13:20:49.102 [main] ERROR com.apiTests.requests.serviceRequests.detection_controller.GetDetectionsTests - Detection List is empty!
]]></system-out>
  </testcase>
  <testcase name="Detection controller service, filter zone #3" classname="Get Detections" time="1.313">
    <system-out><![CDATA[2024-12-05 13:20:49.604 [main] INFO  com.apiTests.requests.serviceRequests.user_controller.LoginTests - Response received: {"user":{"name":"Sistem Yöneticisi","surname":"ASELSAN","username":"aselsan","detail":{"identityNumber":null,"email":null,"phoneNumber":null,"rank":null,"profilePicture":null,"supervisor":{"name":null,"surname":null}},"pushToken":null,"userLevelId":5,"userLevelName":"Aselsan","id":10},"tokenDetails":{"accessToken":"eyJ0eXAiOiJKV1QiLCJhbGciOiJIUzUxMiJ9.eyJzdWIiOiIxOSIsImF1ZCI6ImFjY2VzcyIsInVzciI6IlNpc3RlbSBZw7ZuZXRpY2lzaSBBU0VMU0FOIiwiaXNzIjoiYXNlbHNhbi5rYXJkZWxlbiIsInJqdGkiOiJiNDk4ZjJmMy1kYTVkLTQ1OGMtOTkwNy00ZTcyMThhZWE3ZmYiLCJleHAiOjE3MzMzOTQ2NDgsImlhdCI6MTczMzM5NDA0OCwianRpIjoiMDM5ZThlZDUtMWM1Yi00ZGQ5LTllNTYtZWEyZTY3NzU0MDU3In0.TVZHLRDVl98qDcEwxyTIg8TGmBu3QAJJlSCalMH3yvSl87FBotTlOg3ahHhugL7x54hIQtptGfZS3DxNg2Q4TA","refreshToken":"eyJ0eXAiOiJKV1QiLCJhbGciOiJIUzUxMiJ9.eyJzdWIiOiIxOSIsImF1ZCI6InJlZnJlc2giLCJpc3MiOiJhc2Vsc2FuLmthcmRlbGVuIiwiZXhwIjoxNzMzNDMwMDQ4LCJpYXQiOjE3MzMzOTQwNDgsImp0aSI6ImI0OThmMmYzLWRhNWQtNDU4Yy05OTA3LTRlNzIxOGFlYTdmZiJ9.CCX26jlhFmp98BTnePITNxO5qJszYkYbbl1dEK4viZTGeoYzU0UjtGiN7TJggj3LElKNLwCi_As0ydeu6ZYeWQ"},"authorities":["right.detection.createdetection","right.detection.map","right.detection.detail","right.detection.detail.read","right.detection.detail.update","right.detection.filter","right.detection.sort","right.detection.sosmessage","right.task.filter","right.task.sort","right.task.detail","right.task.detail.read","right.task.detail.starttask","right.sensor.list","right.sensor.map","right.sensor.filter","right.sensor.sort","right.profile.read","right.detection","right.task","right.sensor","right.profile","right.detection.incominglist","right.task.outgoinglist","right.detection.outgoinglist","right.task.incominglist","right.task.attachments.list","right.alarm","right.alarm.list","right.alarm.map","right.alarm.filter","right.profile.usermanagement","right.profile.usermanagement.groupauthorization","right.profile.usermanagement.usergroup","right.sensor.detail","right.sensor.detail.read","right.sensor.detail.livestream"]}
2024-12-05 13:20:49.604 [main] INFO  com.apiTests.requests.serviceRequests.user_controller.LoginTests - Status Code: 200
2024-12-05 13:20:49.635 [main] INFO  com.apiTests.serviceSteps.serviceTestSteps.userController.LoginSteps - The system has been logged in with a valid username and password
2024-12-05 13:20:49.635 [main] INFO  com.apiTests.serviceSteps.serviceTestSteps.userController.LoginSteps - The username in the response matches the request
2024-12-05 13:20:49.635 [main] INFO  com.apiTests.requests.HelperMethod - The content was successfully written to the file: src/test/resources/txtFiles/accessToken.txt
2024-12-05 13:20:49.635 [main] INFO  com.apiTests.serviceSteps.serviceTestSteps.userController.LoginSteps - The Access Token has been saved: eyJ0eXAiOiJKV1QiLCJhbGciOiJIUzUxMiJ9.eyJzdWIiOiIxOSIsImF1ZCI6ImFjY2VzcyIsInVzciI6IlNpc3RlbSBZw7ZuZXRpY2lzaSBBU0VMU0FOIiwiaXNzIjoiYXNlbHNhbi5rYXJkZWxlbiIsInJqdGkiOiJiNDk4ZjJmMy1kYTVkLTQ1OGMtOTkwNy00ZTcyMThhZWE3ZmYiLCJleHAiOjE3MzMzOTQ2NDgsImlhdCI6MTczMzM5NDA0OCwianRpIjoiMDM5ZThlZDUtMWM1Yi00ZGQ5LTllNTYtZWEyZTY3NzU0MDU3In0.TVZHLRDVl98qDcEwxyTIg8TGmBu3QAJJlSCalMH3yvSl87FBotTlOg3ahHhugL7x54hIQtptGfZS3DxNg2Q4TA
2024-12-05 13:20:50.012 [main] INFO  com.apiTests.requests.serviceRequests.zone_controller.ZonesTests - Response received: [{"id":-1,"name":"K11_"},{"id":22,"name":"Üs"},{"id":28,"name":"Hotel Loop"},{"id":29,"name":"India Loop"},{"id":140,"name":"2125"},{"id":141,"name":"2123"},{"id":142,"name":"2121"},{"id":143,"name":"2119"},{"id":144,"name":"2111"},{"id":145,"name":"2109"},{"id":146,"name":"2107"},{"id":147,"name":"2108"},{"id":148,"name":"2101"},{"id":149,"name":"2100"},{"id":150,"name":"2102"},{"id":151,"name":"2112"},{"id":152,"name":"2116"},{"id":153,"name":"2118"},{"id":154,"name":"2120"},{"id":155,"name":"2122"},{"id":156,"name":"2124"},{"id":157,"name":"2126"},{"id":158,"name":"2131"},{"id":159,"name":"2129"},{"id":160,"name":"2127"},{"id":165,"name":"2209"},{"id":171,"name":"INDIA-1 AIRCRAFT GATE"},{"id":172,"name":"HOTEL-1 AIRCRAFT GATE"},{"id":173,"name":"V-9 VEHICLE GATE"},{"id":174,"name":"COOPS VEHICLE GATE"},{"id":175,"name":"INDIA-13 AIRCRAFT GATE"},{"id":245,"name":"merve"},{"id":246,"name":"deneme"},{"id":252,"name":"K1_"},{"id":285,"name":"K2_"},{"id":286,"name":"K3_"},{"id":287,"name":"K4_"},{"id":288,"name":"K5_"},{"id":289,"name":"K6_"},{"id":290,"name":"K7_"},{"id":291,"name":"K8_"},{"id":292,"name":"K9_"},{"id":293,"name":"K10_"},{"id":295,"name":"K12_"},{"id":298,"name":"K13_"},{"id":299,"name":"K14_"},{"id":300,"name":"K15_"},{"id":301,"name":"K16_"},{"id":306,"name":"54A_son"},{"id":307,"name":"57A_son"},{"id":308,"name":"eren1"},{"id":310,"name":"47_TG"},{"id":311,"name":"47_Cit"},{"id":314,"name":"üs_2016"},{"id":315,"name":"AK1-1"},{"id":317,"name":"AK1-2"},{"id":320,"name":"sil2"},{"id":321,"name":"sil3"},{"id":322,"name":"sil4"},{"id":323,"name":"sil"},{"id":324,"name":"merve"},{"id":327,"name":"deneme"},{"id":328,"name":"mer"},{"id":330,"name":"deneme-1"},{"id":331,"name":"sed"},{"id":332,"name":"sed"},{"id":335,"name":"K_new"},{"id":336,"name":"K-hesap"},{"id":337,"name":"poly5.3"},{"id":338,"name":"devriye2"},{"id":339,"name":"devriye3"},{"id":340,"name":"VG2_1"},{"id":341,"name":"devriye4"},{"id":342,"name":"devriye5"},{"id":343,"name":"devriye6"},{"id":344,"name":"devriye7"},{"id":345,"name":"devriye8"},{"id":346,"name":"devriye9"},{"id":347,"name":"devriye10"},{"id":348,"name":"devriye11"},{"id":349,"name":"p1"},{"id":350,"name":"p2"},{"id":351,"name":"VG2_2"},{"id":359,"name":"üs1"},{"id":361,"name":"üs2"},{"id":362,"name":"üs3"},{"id":363,"name":"üs4"},{"id":364,"name":"üs5"},{"id":365,"name":"üs6"},{"id":366,"name":"üs7"},{"id":367,"name":"AG1_1"},{"id":368,"name":"santiye"},{"id":369,"name":"üs8"},{"id":370,"name":"üs9"},{"id":371,"name":"üs10"},{"id":405,"name":"C1_LVSB13"},{"id":406,"name":"C2_LVSB7"},{"id":407,"name":"C3_LVSB13"},{"id":410,"name":"C4_LVSB46"},{"id":411,"name":"C5_LVSB43"},{"id":413,"name":"üs11"},{"id":414,"name":"AG1_2"},{"id":415,"name":"C1"},{"id":416,"name":"S1_LVSB53"},{"id":417,"name":"S1_LVSB51"},{"id":418,"name":"S1_LVSB46"},{"id":419,"name":"S1_LVSB5"},{"id":420,"name":"tel"},{"id":456,"name":"D13"},{"id":457,"name":"K13"},{"id":458,"name":"K12"},{"id":459,"name":"eren1"},{"id":460,"name":"2209sagust"},{"id":461,"name":"K21"},{"id":462,"name":"K.111"},{"id":463,"name":"K.10"},{"id":464,"name":"K.9"},{"id":465,"name":"K.8"},{"id":466,"name":"K.7"},{"id":467,"name":"K.6"},{"id":468,"name":"K.5"},{"id":469,"name":"K.4"},{"id":470,"name":"K.3"},{"id":471,"name":"K.2"},{"id":472,"name":"K.1"},{"id":473,"name":"K.19"},{"id":474,"name":"K.18"},{"id":475,"name":"K.161"},{"id":476,"name":"K.15"},{"id":477,"name":"K.14"},{"id":478,"name":"K.20"},{"id":479,"name":"K.21"},{"id":480,"name":"K.221"},{"id":481,"name":"K.233"},{"id":482,"name":"K.244"},{"id":483,"name":"cit2016"},{"id":484,"name":"LVSB45"},{"id":485,"name":"LVSB47"},{"id":486,"name":"LVSB49"},{"id":487,"name":"LVSB50"},{"id":488,"name":"LVSB52"},{"id":489,"name":"LVSB54"},{"id":490,"name":"LVSB55"},{"id":491,"name":"LVSB57"},{"id":492,"name":"LVSB4"},{"id":493,"name":"LVSB6"},{"id":494,"name":"LVSB12"},{"id":495,"name":"LVSB17"},{"id":496,"name":"LVSB19"},{"id":497,"name":"LVSB24"},{"id":498,"name":"LVSB21"},{"id":499,"name":"LVSB29"},{"id":500,"name":"LVSB32"},{"id":501,"name":"LVSB31"},{"id":502,"name":"LVSB34"},{"id":503,"name":"2209_sagust"},{"id":504,"name":"LVSB37"},{"id":505,"name":"LVSB36"},{"id":506,"name":"LVSB42"},{"id":507,"name":"LVSB44"},{"id":508,"name":"VG2_1"},{"id":509,"name":"VG2_2"},{"id":510,"name":"AG1_1"},{"id":511,"name":"AG1_2"},{"id":512,"name":"AG2_1"},{"id":513,"name":"AG2_2"},{"id":514,"name":"AG3_1"},{"id":515,"name":"AG3_2"},{"id":516,"name":"VG1_1"},{"id":517,"name":"VG1_2"},{"id":518,"name":"LVSB12_new"},{"id":519,"name":"LVSB19_new"},{"id":520,"name":"LVSB29_new"},{"id":668,"name":"LVSB19_28Mart"},{"id":670,"name":"Sector-01"},{"id":671,"name":"Sector-02"},{"id":672,"name":"Sector-03"},{"id":674,"name":"Sector-04"},{"id":675,"name":"Sector-05"},{"id":676,"name":"Sector-06"},{"id":677,"name":"Sector-07"},{"id":678,"name":"Sector-08"},{"id":679,"name":"Sector-09"},{"id":681,"name":"Sector-11"},{"id":682,"name":"Sector-12"},{"id":683,"name":"Sector-13"},{"id":684,"name":"Sector-14"},{"id":686,"name":"Sector-15"},{"id":687,"name":"Sector-16"},{"id":688,"name":"Sector-17"},{"id":689,"name":"Sector-18"},{"id":690,"name":"Sector-19"},{"id":691,"name":"Sector-20"},{"id":692,"name":"Sector-21"},{"id":693,"name":"Sector-22"},{"id":694,"name":"Sector-23"},{"id":695,"name":"I-13 Gate"},{"id":696,"name":"I-1 Gate"},{"id":698,"name":"H-1 Gate"},{"id":699,"name":"V-9 Gate"},{"id":701,"name":"Coops Gate"},{"id":705,"name":"Sector-10"},{"id":708,"name":"S01F-S02S"},{"id":709,"name":"S02F"},{"id":710,"name":"S03S"},{"id":711,"name":"S03F"},{"id":712,"name":"S04S"},{"id":713,"name":"S04F-S05S"},{"id":714,"name":"S05F-S06S"},{"id":715,"name":"S06F-S07S"},{"id":716,"name":"S07F"},{"id":717,"name":"S08S"},{"id":718,"name":"S08F-S09S"},{"id":719,"name":"S09F-S10S"},{"id":720,"name":"S10F-S11S"},{"id":721,"name":"S11F-S12S"},{"id":722,"name":"S12F-S13S"},{"id":723,"name":"S13F"},{"id":724,"name":"S14S"},{"id":725,"name":"S14F-S15S"},{"id":726,"name":"S15F-S16S"},{"id":727,"name":"S16F-S17S"},{"id":728,"name":"S17F-S18S"},{"id":729,"name":"S18F-S19S"},{"id":730,"name":"S19F-S20S"},{"id":731,"name":"S20F-S21S"},{"id":732,"name":"S21F-S22S"},{"id":733,"name":"S22F-S23S"},{"id":734,"name":"S23F"},{"id":735,"name":"S01S"},{"id":736,"name":"S04M"},{"id":737,"name":"S07M"},{"id":738,"name":"Nizamiye"},{"id":739,"name":"Ana yol"},{"id":740,"name":"Otopark Çıkış"},{"id":741,"name":"Yan Yol"},{"id":742,"name":"deneme tulın"},{"id":743,"name":"test"},{"id":744,"name":"asd"},{"id":745,"name":"tmm"},{"id":746,"name":"tmm2"},{"id":765,"name":"mert1"},{"id":767,"name":"Kamera-1"},{"id":768,"name":"Kamera-4"},{"id":769,"name":"Kamera-2"},{"id":770,"name":"Kamera-3"}]
2024-12-05 13:20:50.012 [main] INFO  com.apiTests.requests.serviceRequests.zone_controller.ZonesTests - Status Code: 200
2024-12-05 13:20:50.012 [main] INFO  com.apiTests.requests.serviceRequests.zone_controller.ZonesTests - 0. Zone: K11_
2024-12-05 13:20:50.012 [main] INFO  com.apiTests.requests.serviceRequests.zone_controller.ZonesTests - 1. Zone: Üs
2024-12-05 13:20:50.012 [main] INFO  com.apiTests.requests.serviceRequests.zone_controller.ZonesTests - 2. Zone: Hotel Loop
2024-12-05 13:20:50.012 [main] INFO  com.apiTests.requests.serviceRequests.zone_controller.ZonesTests - Zone found: Hotel Loop
2024-12-05 13:20:50.415 [main] INFO  com.apiTests.requests.serviceRequests.detection_controller.GetDetectionsTests - Response received: []
2024-12-05 13:20:50.415 [main] INFO  com.apiTests.requests.serviceRequests.detection_controller.GetDetectionsTests - Status Code: 200
2024-12-05 13:20:50.415 [main] ERROR com.apiTests.requests.serviceRequests.detection_controller.GetDetectionsTests - Detection List is empty!
]]></system-out>
  </testcase>
  <testcase name="Detection controller service, filter zone #4" classname="Get Detections" time="1.097">
    <system-out><![CDATA[2024-12-05 13:20:50.760 [main] INFO  com.apiTests.requests.serviceRequests.user_controller.LoginTests - Response received: {"user":{"name":"Sistem Yöneticisi","surname":"ASELSAN","username":"aselsan","detail":{"identityNumber":null,"email":null,"phoneNumber":null,"rank":null,"profilePicture":null,"supervisor":{"name":null,"surname":null}},"pushToken":null,"userLevelId":5,"userLevelName":"Aselsan","id":10},"tokenDetails":{"accessToken":"eyJ0eXAiOiJKV1QiLCJhbGciOiJIUzUxMiJ9.eyJzdWIiOiIxOSIsImF1ZCI6ImFjY2VzcyIsInVzciI6IlNpc3RlbSBZw7ZuZXRpY2lzaSBBU0VMU0FOIiwiaXNzIjoiYXNlbHNhbi5rYXJkZWxlbiIsInJqdGkiOiI0MWIxOTE5MS1mZjVkLTRmOWYtYmJmYS02MTI5YWIwMzg3ZmUiLCJleHAiOjE3MzMzOTQ2NDksImlhdCI6MTczMzM5NDA0OSwianRpIjoiZDE5MWQ2ODUtMmYyYi00NzY0LThmYTctMDBjYjc2YjUxMzJiIn0.bcDaQASkXB2lGMmLBlRZDUfqRCpG4OQsSEEb_1581_EcSTchh7dtdp453jSpzpQdGyQ0cnUcy6pLQucUHAO_VA","refreshToken":"eyJ0eXAiOiJKV1QiLCJhbGciOiJIUzUxMiJ9.eyJzdWIiOiIxOSIsImF1ZCI6InJlZnJlc2giLCJpc3MiOiJhc2Vsc2FuLmthcmRlbGVuIiwiZXhwIjoxNzMzNDMwMDQ5LCJpYXQiOjE3MzMzOTQwNDksImp0aSI6IjQxYjE5MTkxLWZmNWQtNGY5Zi1iYmZhLTYxMjlhYjAzODdmZSJ9.TMjsOYE6hTX65pDxs0r4Sfj8GfD1sdImqGBIICphx9BLSgrGnb6SNB-v_u1pWz4lJA_n7CVLrQVIaNHcZ7RV2Q"},"authorities":["right.detection.createdetection","right.detection.map","right.detection.detail","right.detection.detail.read","right.detection.detail.update","right.detection.filter","right.detection.sort","right.detection.sosmessage","right.task.filter","right.task.sort","right.task.detail","right.task.detail.read","right.task.detail.starttask","right.sensor.list","right.sensor.map","right.sensor.filter","right.sensor.sort","right.profile.read","right.detection","right.task","right.sensor","right.profile","right.detection.incominglist","right.task.outgoinglist","right.detection.outgoinglist","right.task.incominglist","right.task.attachments.list","right.alarm","right.alarm.list","right.alarm.map","right.alarm.filter","right.profile.usermanagement","right.profile.usermanagement.groupauthorization","right.profile.usermanagement.usergroup","right.sensor.detail","right.sensor.detail.read","right.sensor.detail.livestream"]}
2024-12-05 13:20:50.760 [main] INFO  com.apiTests.requests.serviceRequests.user_controller.LoginTests - Status Code: 200
2024-12-05 13:20:50.775 [main] INFO  com.apiTests.serviceSteps.serviceTestSteps.userController.LoginSteps - The system has been logged in with a valid username and password
2024-12-05 13:20:50.775 [main] INFO  com.apiTests.serviceSteps.serviceTestSteps.userController.LoginSteps - The username in the response matches the request
2024-12-05 13:20:50.775 [main] INFO  com.apiTests.requests.HelperMethod - The content was successfully written to the file: src/test/resources/txtFiles/accessToken.txt
2024-12-05 13:20:50.775 [main] INFO  com.apiTests.serviceSteps.serviceTestSteps.userController.LoginSteps - The Access Token has been saved: eyJ0eXAiOiJKV1QiLCJhbGciOiJIUzUxMiJ9.eyJzdWIiOiIxOSIsImF1ZCI6ImFjY2VzcyIsInVzciI6IlNpc3RlbSBZw7ZuZXRpY2lzaSBBU0VMU0FOIiwiaXNzIjoiYXNlbHNhbi5rYXJkZWxlbiIsInJqdGkiOiI0MWIxOTE5MS1mZjVkLTRmOWYtYmJmYS02MTI5YWIwMzg3ZmUiLCJleHAiOjE3MzMzOTQ2NDksImlhdCI6MTczMzM5NDA0OSwianRpIjoiZDE5MWQ2ODUtMmYyYi00NzY0LThmYTctMDBjYjc2YjUxMzJiIn0.bcDaQASkXB2lGMmLBlRZDUfqRCpG4OQsSEEb_1581_EcSTchh7dtdp453jSpzpQdGyQ0cnUcy6pLQucUHAO_VA
2024-12-05 13:20:51.090 [main] INFO  com.apiTests.requests.serviceRequests.zone_controller.ZonesTests - Response received: [{"id":-1,"name":"K11_"},{"id":22,"name":"Üs"},{"id":28,"name":"Hotel Loop"},{"id":29,"name":"India Loop"},{"id":140,"name":"2125"},{"id":141,"name":"2123"},{"id":142,"name":"2121"},{"id":143,"name":"2119"},{"id":144,"name":"2111"},{"id":145,"name":"2109"},{"id":146,"name":"2107"},{"id":147,"name":"2108"},{"id":148,"name":"2101"},{"id":149,"name":"2100"},{"id":150,"name":"2102"},{"id":151,"name":"2112"},{"id":152,"name":"2116"},{"id":153,"name":"2118"},{"id":154,"name":"2120"},{"id":155,"name":"2122"},{"id":156,"name":"2124"},{"id":157,"name":"2126"},{"id":158,"name":"2131"},{"id":159,"name":"2129"},{"id":160,"name":"2127"},{"id":165,"name":"2209"},{"id":171,"name":"INDIA-1 AIRCRAFT GATE"},{"id":172,"name":"HOTEL-1 AIRCRAFT GATE"},{"id":173,"name":"V-9 VEHICLE GATE"},{"id":174,"name":"COOPS VEHICLE GATE"},{"id":175,"name":"INDIA-13 AIRCRAFT GATE"},{"id":245,"name":"merve"},{"id":246,"name":"deneme"},{"id":252,"name":"K1_"},{"id":285,"name":"K2_"},{"id":286,"name":"K3_"},{"id":287,"name":"K4_"},{"id":288,"name":"K5_"},{"id":289,"name":"K6_"},{"id":290,"name":"K7_"},{"id":291,"name":"K8_"},{"id":292,"name":"K9_"},{"id":293,"name":"K10_"},{"id":295,"name":"K12_"},{"id":298,"name":"K13_"},{"id":299,"name":"K14_"},{"id":300,"name":"K15_"},{"id":301,"name":"K16_"},{"id":306,"name":"54A_son"},{"id":307,"name":"57A_son"},{"id":308,"name":"eren1"},{"id":310,"name":"47_TG"},{"id":311,"name":"47_Cit"},{"id":314,"name":"üs_2016"},{"id":315,"name":"AK1-1"},{"id":317,"name":"AK1-2"},{"id":320,"name":"sil2"},{"id":321,"name":"sil3"},{"id":322,"name":"sil4"},{"id":323,"name":"sil"},{"id":324,"name":"merve"},{"id":327,"name":"deneme"},{"id":328,"name":"mer"},{"id":330,"name":"deneme-1"},{"id":331,"name":"sed"},{"id":332,"name":"sed"},{"id":335,"name":"K_new"},{"id":336,"name":"K-hesap"},{"id":337,"name":"poly5.3"},{"id":338,"name":"devriye2"},{"id":339,"name":"devriye3"},{"id":340,"name":"VG2_1"},{"id":341,"name":"devriye4"},{"id":342,"name":"devriye5"},{"id":343,"name":"devriye6"},{"id":344,"name":"devriye7"},{"id":345,"name":"devriye8"},{"id":346,"name":"devriye9"},{"id":347,"name":"devriye10"},{"id":348,"name":"devriye11"},{"id":349,"name":"p1"},{"id":350,"name":"p2"},{"id":351,"name":"VG2_2"},{"id":359,"name":"üs1"},{"id":361,"name":"üs2"},{"id":362,"name":"üs3"},{"id":363,"name":"üs4"},{"id":364,"name":"üs5"},{"id":365,"name":"üs6"},{"id":366,"name":"üs7"},{"id":367,"name":"AG1_1"},{"id":368,"name":"santiye"},{"id":369,"name":"üs8"},{"id":370,"name":"üs9"},{"id":371,"name":"üs10"},{"id":405,"name":"C1_LVSB13"},{"id":406,"name":"C2_LVSB7"},{"id":407,"name":"C3_LVSB13"},{"id":410,"name":"C4_LVSB46"},{"id":411,"name":"C5_LVSB43"},{"id":413,"name":"üs11"},{"id":414,"name":"AG1_2"},{"id":415,"name":"C1"},{"id":416,"name":"S1_LVSB53"},{"id":417,"name":"S1_LVSB51"},{"id":418,"name":"S1_LVSB46"},{"id":419,"name":"S1_LVSB5"},{"id":420,"name":"tel"},{"id":456,"name":"D13"},{"id":457,"name":"K13"},{"id":458,"name":"K12"},{"id":459,"name":"eren1"},{"id":460,"name":"2209sagust"},{"id":461,"name":"K21"},{"id":462,"name":"K.111"},{"id":463,"name":"K.10"},{"id":464,"name":"K.9"},{"id":465,"name":"K.8"},{"id":466,"name":"K.7"},{"id":467,"name":"K.6"},{"id":468,"name":"K.5"},{"id":469,"name":"K.4"},{"id":470,"name":"K.3"},{"id":471,"name":"K.2"},{"id":472,"name":"K.1"},{"id":473,"name":"K.19"},{"id":474,"name":"K.18"},{"id":475,"name":"K.161"},{"id":476,"name":"K.15"},{"id":477,"name":"K.14"},{"id":478,"name":"K.20"},{"id":479,"name":"K.21"},{"id":480,"name":"K.221"},{"id":481,"name":"K.233"},{"id":482,"name":"K.244"},{"id":483,"name":"cit2016"},{"id":484,"name":"LVSB45"},{"id":485,"name":"LVSB47"},{"id":486,"name":"LVSB49"},{"id":487,"name":"LVSB50"},{"id":488,"name":"LVSB52"},{"id":489,"name":"LVSB54"},{"id":490,"name":"LVSB55"},{"id":491,"name":"LVSB57"},{"id":492,"name":"LVSB4"},{"id":493,"name":"LVSB6"},{"id":494,"name":"LVSB12"},{"id":495,"name":"LVSB17"},{"id":496,"name":"LVSB19"},{"id":497,"name":"LVSB24"},{"id":498,"name":"LVSB21"},{"id":499,"name":"LVSB29"},{"id":500,"name":"LVSB32"},{"id":501,"name":"LVSB31"},{"id":502,"name":"LVSB34"},{"id":503,"name":"2209_sagust"},{"id":504,"name":"LVSB37"},{"id":505,"name":"LVSB36"},{"id":506,"name":"LVSB42"},{"id":507,"name":"LVSB44"},{"id":508,"name":"VG2_1"},{"id":509,"name":"VG2_2"},{"id":510,"name":"AG1_1"},{"id":511,"name":"AG1_2"},{"id":512,"name":"AG2_1"},{"id":513,"name":"AG2_2"},{"id":514,"name":"AG3_1"},{"id":515,"name":"AG3_2"},{"id":516,"name":"VG1_1"},{"id":517,"name":"VG1_2"},{"id":518,"name":"LVSB12_new"},{"id":519,"name":"LVSB19_new"},{"id":520,"name":"LVSB29_new"},{"id":668,"name":"LVSB19_28Mart"},{"id":670,"name":"Sector-01"},{"id":671,"name":"Sector-02"},{"id":672,"name":"Sector-03"},{"id":674,"name":"Sector-04"},{"id":675,"name":"Sector-05"},{"id":676,"name":"Sector-06"},{"id":677,"name":"Sector-07"},{"id":678,"name":"Sector-08"},{"id":679,"name":"Sector-09"},{"id":681,"name":"Sector-11"},{"id":682,"name":"Sector-12"},{"id":683,"name":"Sector-13"},{"id":684,"name":"Sector-14"},{"id":686,"name":"Sector-15"},{"id":687,"name":"Sector-16"},{"id":688,"name":"Sector-17"},{"id":689,"name":"Sector-18"},{"id":690,"name":"Sector-19"},{"id":691,"name":"Sector-20"},{"id":692,"name":"Sector-21"},{"id":693,"name":"Sector-22"},{"id":694,"name":"Sector-23"},{"id":695,"name":"I-13 Gate"},{"id":696,"name":"I-1 Gate"},{"id":698,"name":"H-1 Gate"},{"id":699,"name":"V-9 Gate"},{"id":701,"name":"Coops Gate"},{"id":705,"name":"Sector-10"},{"id":708,"name":"S01F-S02S"},{"id":709,"name":"S02F"},{"id":710,"name":"S03S"},{"id":711,"name":"S03F"},{"id":712,"name":"S04S"},{"id":713,"name":"S04F-S05S"},{"id":714,"name":"S05F-S06S"},{"id":715,"name":"S06F-S07S"},{"id":716,"name":"S07F"},{"id":717,"name":"S08S"},{"id":718,"name":"S08F-S09S"},{"id":719,"name":"S09F-S10S"},{"id":720,"name":"S10F-S11S"},{"id":721,"name":"S11F-S12S"},{"id":722,"name":"S12F-S13S"},{"id":723,"name":"S13F"},{"id":724,"name":"S14S"},{"id":725,"name":"S14F-S15S"},{"id":726,"name":"S15F-S16S"},{"id":727,"name":"S16F-S17S"},{"id":728,"name":"S17F-S18S"},{"id":729,"name":"S18F-S19S"},{"id":730,"name":"S19F-S20S"},{"id":731,"name":"S20F-S21S"},{"id":732,"name":"S21F-S22S"},{"id":733,"name":"S22F-S23S"},{"id":734,"name":"S23F"},{"id":735,"name":"S01S"},{"id":736,"name":"S04M"},{"id":737,"name":"S07M"},{"id":738,"name":"Nizamiye"},{"id":739,"name":"Ana yol"},{"id":740,"name":"Otopark Çıkış"},{"id":741,"name":"Yan Yol"},{"id":742,"name":"deneme tulın"},{"id":743,"name":"test"},{"id":744,"name":"asd"},{"id":745,"name":"tmm"},{"id":746,"name":"tmm2"},{"id":765,"name":"mert1"},{"id":767,"name":"Kamera-1"},{"id":768,"name":"Kamera-4"},{"id":769,"name":"Kamera-2"},{"id":770,"name":"Kamera-3"}]
2024-12-05 13:20:51.090 [main] INFO  com.apiTests.requests.serviceRequests.zone_controller.ZonesTests - Status Code: 200
2024-12-05 13:20:51.090 [main] INFO  com.apiTests.requests.serviceRequests.zone_controller.ZonesTests - 0. Zone: K11_
2024-12-05 13:20:51.090 [main] INFO  com.apiTests.requests.serviceRequests.zone_controller.ZonesTests - 1. Zone: Üs
2024-12-05 13:20:51.090 [main] INFO  com.apiTests.requests.serviceRequests.zone_controller.ZonesTests - 2. Zone: Hotel Loop
2024-12-05 13:20:51.090 [main] INFO  com.apiTests.requests.serviceRequests.zone_controller.ZonesTests - 3. Zone: India Loop
2024-12-05 13:20:51.090 [main] INFO  com.apiTests.requests.serviceRequests.zone_controller.ZonesTests - Zone found: India Loop
2024-12-05 13:20:51.513 [main] INFO  com.apiTests.requests.serviceRequests.detection_controller.GetDetectionsTests - Response received: []
2024-12-05 13:20:51.513 [main] INFO  com.apiTests.requests.serviceRequests.detection_controller.GetDetectionsTests - Status Code: 200
2024-12-05 13:20:51.528 [main] ERROR com.apiTests.requests.serviceRequests.detection_controller.GetDetectionsTests - Detection List is empty!
]]></system-out>
  </testcase>
  <testcase name="Detection controller service, filter zone #5" classname="Get Detections" time="1.334">
    <system-out><![CDATA[2024-12-05 13:20:52.087 [main] INFO  com.apiTests.requests.serviceRequests.user_controller.LoginTests - Response received: {"user":{"name":"Sistem Yöneticisi","surname":"ASELSAN","username":"aselsan","detail":{"identityNumber":null,"email":null,"phoneNumber":null,"rank":null,"profilePicture":null,"supervisor":{"name":null,"surname":null}},"pushToken":null,"userLevelId":5,"userLevelName":"Aselsan","id":10},"tokenDetails":{"accessToken":"eyJ0eXAiOiJKV1QiLCJhbGciOiJIUzUxMiJ9.eyJzdWIiOiIxOSIsImF1ZCI6ImFjY2VzcyIsInVzciI6IlNpc3RlbSBZw7ZuZXRpY2lzaSBBU0VMU0FOIiwiaXNzIjoiYXNlbHNhbi5rYXJkZWxlbiIsInJqdGkiOiJkZjNlZThmYS0zODUwLTRlZDAtYTFhYi04MGM2OGFkNDQzMzIiLCJleHAiOjE3MzMzOTQ2NTAsImlhdCI6MTczMzM5NDA1MCwianRpIjoiYWQxZWZjZTEtYTdmNC00MDYxLThlZmYtOWI1YzdhNTJhYTRjIn0.iLSrCMPSxr3Tk9r2wm93IXsYt8bjE-v5Y_kKsw6R5cCjrbub85K05wM6wM909FFf71tg94b_30p0KGm3vD4wqQ","refreshToken":"eyJ0eXAiOiJKV1QiLCJhbGciOiJIUzUxMiJ9.eyJzdWIiOiIxOSIsImF1ZCI6InJlZnJlc2giLCJpc3MiOiJhc2Vsc2FuLmthcmRlbGVuIiwiZXhwIjoxNzMzNDMwMDUwLCJpYXQiOjE3MzMzOTQwNTAsImp0aSI6ImRmM2VlOGZhLTM4NTAtNGVkMC1hMWFiLTgwYzY4YWQ0NDMzMiJ9.zvAQn-fAASi9JsF8o8ceBm5b1NpUtCk14BrOSS8TaZxV_Tr0MW5tls_CYMPD1BFph9n6tPhyddMp4T1lhPsUmg"},"authorities":["right.detection.createdetection","right.detection.map","right.detection.detail","right.detection.detail.read","right.detection.detail.update","right.detection.filter","right.detection.sort","right.detection.sosmessage","right.task.filter","right.task.sort","right.task.detail","right.task.detail.read","right.task.detail.starttask","right.sensor.list","right.sensor.map","right.sensor.filter","right.sensor.sort","right.profile.read","right.detection","right.task","right.sensor","right.profile","right.detection.incominglist","right.task.outgoinglist","right.detection.outgoinglist","right.task.incominglist","right.task.attachments.list","right.alarm","right.alarm.list","right.alarm.map","right.alarm.filter","right.profile.usermanagement","right.profile.usermanagement.groupauthorization","right.profile.usermanagement.usergroup","right.sensor.detail","right.sensor.detail.read","right.sensor.detail.livestream"]}
2024-12-05 13:20:52.087 [main] INFO  com.apiTests.requests.serviceRequests.user_controller.LoginTests - Status Code: 200
2024-12-05 13:20:52.103 [main] INFO  com.apiTests.serviceSteps.serviceTestSteps.userController.LoginSteps - The system has been logged in with a valid username and password
2024-12-05 13:20:52.103 [main] INFO  com.apiTests.serviceSteps.serviceTestSteps.userController.LoginSteps - The username in the response matches the request
2024-12-05 13:20:52.103 [main] INFO  com.apiTests.requests.HelperMethod - The content was successfully written to the file: src/test/resources/txtFiles/accessToken.txt
2024-12-05 13:20:52.103 [main] INFO  com.apiTests.serviceSteps.serviceTestSteps.userController.LoginSteps - The Access Token has been saved: eyJ0eXAiOiJKV1QiLCJhbGciOiJIUzUxMiJ9.eyJzdWIiOiIxOSIsImF1ZCI6ImFjY2VzcyIsInVzciI6IlNpc3RlbSBZw7ZuZXRpY2lzaSBBU0VMU0FOIiwiaXNzIjoiYXNlbHNhbi5rYXJkZWxlbiIsInJqdGkiOiJkZjNlZThmYS0zODUwLTRlZDAtYTFhYi04MGM2OGFkNDQzMzIiLCJleHAiOjE3MzMzOTQ2NTAsImlhdCI6MTczMzM5NDA1MCwianRpIjoiYWQxZWZjZTEtYTdmNC00MDYxLThlZmYtOWI1YzdhNTJhYTRjIn0.iLSrCMPSxr3Tk9r2wm93IXsYt8bjE-v5Y_kKsw6R5cCjrbub85K05wM6wM909FFf71tg94b_30p0KGm3vD4wqQ
2024-12-05 13:20:52.427 [main] INFO  com.apiTests.requests.serviceRequests.zone_controller.ZonesTests - Response received: [{"id":-1,"name":"K11_"},{"id":22,"name":"Üs"},{"id":28,"name":"Hotel Loop"},{"id":29,"name":"India Loop"},{"id":140,"name":"2125"},{"id":141,"name":"2123"},{"id":142,"name":"2121"},{"id":143,"name":"2119"},{"id":144,"name":"2111"},{"id":145,"name":"2109"},{"id":146,"name":"2107"},{"id":147,"name":"2108"},{"id":148,"name":"2101"},{"id":149,"name":"2100"},{"id":150,"name":"2102"},{"id":151,"name":"2112"},{"id":152,"name":"2116"},{"id":153,"name":"2118"},{"id":154,"name":"2120"},{"id":155,"name":"2122"},{"id":156,"name":"2124"},{"id":157,"name":"2126"},{"id":158,"name":"2131"},{"id":159,"name":"2129"},{"id":160,"name":"2127"},{"id":165,"name":"2209"},{"id":171,"name":"INDIA-1 AIRCRAFT GATE"},{"id":172,"name":"HOTEL-1 AIRCRAFT GATE"},{"id":173,"name":"V-9 VEHICLE GATE"},{"id":174,"name":"COOPS VEHICLE GATE"},{"id":175,"name":"INDIA-13 AIRCRAFT GATE"},{"id":245,"name":"merve"},{"id":246,"name":"deneme"},{"id":252,"name":"K1_"},{"id":285,"name":"K2_"},{"id":286,"name":"K3_"},{"id":287,"name":"K4_"},{"id":288,"name":"K5_"},{"id":289,"name":"K6_"},{"id":290,"name":"K7_"},{"id":291,"name":"K8_"},{"id":292,"name":"K9_"},{"id":293,"name":"K10_"},{"id":295,"name":"K12_"},{"id":298,"name":"K13_"},{"id":299,"name":"K14_"},{"id":300,"name":"K15_"},{"id":301,"name":"K16_"},{"id":306,"name":"54A_son"},{"id":307,"name":"57A_son"},{"id":308,"name":"eren1"},{"id":310,"name":"47_TG"},{"id":311,"name":"47_Cit"},{"id":314,"name":"üs_2016"},{"id":315,"name":"AK1-1"},{"id":317,"name":"AK1-2"},{"id":320,"name":"sil2"},{"id":321,"name":"sil3"},{"id":322,"name":"sil4"},{"id":323,"name":"sil"},{"id":324,"name":"merve"},{"id":327,"name":"deneme"},{"id":328,"name":"mer"},{"id":330,"name":"deneme-1"},{"id":331,"name":"sed"},{"id":332,"name":"sed"},{"id":335,"name":"K_new"},{"id":336,"name":"K-hesap"},{"id":337,"name":"poly5.3"},{"id":338,"name":"devriye2"},{"id":339,"name":"devriye3"},{"id":340,"name":"VG2_1"},{"id":341,"name":"devriye4"},{"id":342,"name":"devriye5"},{"id":343,"name":"devriye6"},{"id":344,"name":"devriye7"},{"id":345,"name":"devriye8"},{"id":346,"name":"devriye9"},{"id":347,"name":"devriye10"},{"id":348,"name":"devriye11"},{"id":349,"name":"p1"},{"id":350,"name":"p2"},{"id":351,"name":"VG2_2"},{"id":359,"name":"üs1"},{"id":361,"name":"üs2"},{"id":362,"name":"üs3"},{"id":363,"name":"üs4"},{"id":364,"name":"üs5"},{"id":365,"name":"üs6"},{"id":366,"name":"üs7"},{"id":367,"name":"AG1_1"},{"id":368,"name":"santiye"},{"id":369,"name":"üs8"},{"id":370,"name":"üs9"},{"id":371,"name":"üs10"},{"id":405,"name":"C1_LVSB13"},{"id":406,"name":"C2_LVSB7"},{"id":407,"name":"C3_LVSB13"},{"id":410,"name":"C4_LVSB46"},{"id":411,"name":"C5_LVSB43"},{"id":413,"name":"üs11"},{"id":414,"name":"AG1_2"},{"id":415,"name":"C1"},{"id":416,"name":"S1_LVSB53"},{"id":417,"name":"S1_LVSB51"},{"id":418,"name":"S1_LVSB46"},{"id":419,"name":"S1_LVSB5"},{"id":420,"name":"tel"},{"id":456,"name":"D13"},{"id":457,"name":"K13"},{"id":458,"name":"K12"},{"id":459,"name":"eren1"},{"id":460,"name":"2209sagust"},{"id":461,"name":"K21"},{"id":462,"name":"K.111"},{"id":463,"name":"K.10"},{"id":464,"name":"K.9"},{"id":465,"name":"K.8"},{"id":466,"name":"K.7"},{"id":467,"name":"K.6"},{"id":468,"name":"K.5"},{"id":469,"name":"K.4"},{"id":470,"name":"K.3"},{"id":471,"name":"K.2"},{"id":472,"name":"K.1"},{"id":473,"name":"K.19"},{"id":474,"name":"K.18"},{"id":475,"name":"K.161"},{"id":476,"name":"K.15"},{"id":477,"name":"K.14"},{"id":478,"name":"K.20"},{"id":479,"name":"K.21"},{"id":480,"name":"K.221"},{"id":481,"name":"K.233"},{"id":482,"name":"K.244"},{"id":483,"name":"cit2016"},{"id":484,"name":"LVSB45"},{"id":485,"name":"LVSB47"},{"id":486,"name":"LVSB49"},{"id":487,"name":"LVSB50"},{"id":488,"name":"LVSB52"},{"id":489,"name":"LVSB54"},{"id":490,"name":"LVSB55"},{"id":491,"name":"LVSB57"},{"id":492,"name":"LVSB4"},{"id":493,"name":"LVSB6"},{"id":494,"name":"LVSB12"},{"id":495,"name":"LVSB17"},{"id":496,"name":"LVSB19"},{"id":497,"name":"LVSB24"},{"id":498,"name":"LVSB21"},{"id":499,"name":"LVSB29"},{"id":500,"name":"LVSB32"},{"id":501,"name":"LVSB31"},{"id":502,"name":"LVSB34"},{"id":503,"name":"2209_sagust"},{"id":504,"name":"LVSB37"},{"id":505,"name":"LVSB36"},{"id":506,"name":"LVSB42"},{"id":507,"name":"LVSB44"},{"id":508,"name":"VG2_1"},{"id":509,"name":"VG2_2"},{"id":510,"name":"AG1_1"},{"id":511,"name":"AG1_2"},{"id":512,"name":"AG2_1"},{"id":513,"name":"AG2_2"},{"id":514,"name":"AG3_1"},{"id":515,"name":"AG3_2"},{"id":516,"name":"VG1_1"},{"id":517,"name":"VG1_2"},{"id":518,"name":"LVSB12_new"},{"id":519,"name":"LVSB19_new"},{"id":520,"name":"LVSB29_new"},{"id":668,"name":"LVSB19_28Mart"},{"id":670,"name":"Sector-01"},{"id":671,"name":"Sector-02"},{"id":672,"name":"Sector-03"},{"id":674,"name":"Sector-04"},{"id":675,"name":"Sector-05"},{"id":676,"name":"Sector-06"},{"id":677,"name":"Sector-07"},{"id":678,"name":"Sector-08"},{"id":679,"name":"Sector-09"},{"id":681,"name":"Sector-11"},{"id":682,"name":"Sector-12"},{"id":683,"name":"Sector-13"},{"id":684,"name":"Sector-14"},{"id":686,"name":"Sector-15"},{"id":687,"name":"Sector-16"},{"id":688,"name":"Sector-17"},{"id":689,"name":"Sector-18"},{"id":690,"name":"Sector-19"},{"id":691,"name":"Sector-20"},{"id":692,"name":"Sector-21"},{"id":693,"name":"Sector-22"},{"id":694,"name":"Sector-23"},{"id":695,"name":"I-13 Gate"},{"id":696,"name":"I-1 Gate"},{"id":698,"name":"H-1 Gate"},{"id":699,"name":"V-9 Gate"},{"id":701,"name":"Coops Gate"},{"id":705,"name":"Sector-10"},{"id":708,"name":"S01F-S02S"},{"id":709,"name":"S02F"},{"id":710,"name":"S03S"},{"id":711,"name":"S03F"},{"id":712,"name":"S04S"},{"id":713,"name":"S04F-S05S"},{"id":714,"name":"S05F-S06S"},{"id":715,"name":"S06F-S07S"},{"id":716,"name":"S07F"},{"id":717,"name":"S08S"},{"id":718,"name":"S08F-S09S"},{"id":719,"name":"S09F-S10S"},{"id":720,"name":"S10F-S11S"},{"id":721,"name":"S11F-S12S"},{"id":722,"name":"S12F-S13S"},{"id":723,"name":"S13F"},{"id":724,"name":"S14S"},{"id":725,"name":"S14F-S15S"},{"id":726,"name":"S15F-S16S"},{"id":727,"name":"S16F-S17S"},{"id":728,"name":"S17F-S18S"},{"id":729,"name":"S18F-S19S"},{"id":730,"name":"S19F-S20S"},{"id":731,"name":"S20F-S21S"},{"id":732,"name":"S21F-S22S"},{"id":733,"name":"S22F-S23S"},{"id":734,"name":"S23F"},{"id":735,"name":"S01S"},{"id":736,"name":"S04M"},{"id":737,"name":"S07M"},{"id":738,"name":"Nizamiye"},{"id":739,"name":"Ana yol"},{"id":740,"name":"Otopark Çıkış"},{"id":741,"name":"Yan Yol"},{"id":742,"name":"deneme tulın"},{"id":743,"name":"test"},{"id":744,"name":"asd"},{"id":745,"name":"tmm"},{"id":746,"name":"tmm2"},{"id":765,"name":"mert1"},{"id":767,"name":"Kamera-1"},{"id":768,"name":"Kamera-4"},{"id":769,"name":"Kamera-2"},{"id":770,"name":"Kamera-3"}]
2024-12-05 13:20:52.427 [main] INFO  com.apiTests.requests.serviceRequests.zone_controller.ZonesTests - Status Code: 200
2024-12-05 13:20:52.427 [main] INFO  com.apiTests.requests.serviceRequests.zone_controller.ZonesTests - 0. Zone: K11_
2024-12-05 13:20:52.427 [main] INFO  com.apiTests.requests.serviceRequests.zone_controller.ZonesTests - 1. Zone: Üs
2024-12-05 13:20:52.427 [main] INFO  com.apiTests.requests.serviceRequests.zone_controller.ZonesTests - 2. Zone: Hotel Loop
2024-12-05 13:20:52.427 [main] INFO  com.apiTests.requests.serviceRequests.zone_controller.ZonesTests - 3. Zone: India Loop
2024-12-05 13:20:52.427 [main] INFO  com.apiTests.requests.serviceRequests.zone_controller.ZonesTests - 4. Zone: 2125
2024-12-05 13:20:52.427 [main] INFO  com.apiTests.requests.serviceRequests.zone_controller.ZonesTests - Zone found: 2125
2024-12-05 13:20:52.862 [main] INFO  com.apiTests.requests.serviceRequests.detection_controller.GetDetectionsTests - Response received: []
2024-12-05 13:20:52.862 [main] INFO  com.apiTests.requests.serviceRequests.detection_controller.GetDetectionsTests - Status Code: 200
2024-12-05 13:20:52.862 [main] ERROR com.apiTests.requests.serviceRequests.detection_controller.GetDetectionsTests - Detection List is empty!
]]></system-out>
  </testcase>
  <testcase name="Detection controller service, filter zone #6" classname="Get Detections" time="1.264">
    <system-out><![CDATA[2024-12-05 13:20:53.175 [main] INFO  com.apiTests.requests.serviceRequests.user_controller.LoginTests - Response received: {"user":{"name":"Sistem Yöneticisi","surname":"ASELSAN","username":"aselsan","detail":{"identityNumber":null,"email":null,"phoneNumber":null,"rank":null,"profilePicture":null,"supervisor":{"name":null,"surname":null}},"pushToken":null,"userLevelId":5,"userLevelName":"Aselsan","id":10},"tokenDetails":{"accessToken":"eyJ0eXAiOiJKV1QiLCJhbGciOiJIUzUxMiJ9.eyJzdWIiOiIxOSIsImF1ZCI6ImFjY2VzcyIsInVzciI6IlNpc3RlbSBZw7ZuZXRpY2lzaSBBU0VMU0FOIiwiaXNzIjoiYXNlbHNhbi5rYXJkZWxlbiIsInJqdGkiOiI1MDUzMWNjOC0zMDQ5LTQwNGQtOGUyZi1iMTUwYzE3MzVlYjkiLCJleHAiOjE3MzMzOTQ2NTIsImlhdCI6MTczMzM5NDA1MiwianRpIjoiM2NjNmM4YTktZjk4ZC00NDY4LTk5MWUtYjVmMWQ1NzE3MjU0In0.q-n3_xBL5fqgNdC8d8I2EX0pCtYJmR_jLRq0F339QifhKKGCXViALw3T2qGYQIr4B4DszYtrfJjHAPY8rl8spg","refreshToken":"eyJ0eXAiOiJKV1QiLCJhbGciOiJIUzUxMiJ9.eyJzdWIiOiIxOSIsImF1ZCI6InJlZnJlc2giLCJpc3MiOiJhc2Vsc2FuLmthcmRlbGVuIiwiZXhwIjoxNzMzNDMwMDUyLCJpYXQiOjE3MzMzOTQwNTIsImp0aSI6IjUwNTMxY2M4LTMwNDktNDA0ZC04ZTJmLWIxNTBjMTczNWViOSJ9.dRPHLRco2nuJBZdMCu4P1Qh2jIynx_BymkfsmTbd8qlVaRdR7HQ488bzeiGzmrr8os0v2bghz9XiMLIu5OXGWA"},"authorities":["right.detection.createdetection","right.detection.map","right.detection.detail","right.detection.detail.read","right.detection.detail.update","right.detection.filter","right.detection.sort","right.detection.sosmessage","right.task.filter","right.task.sort","right.task.detail","right.task.detail.read","right.task.detail.starttask","right.sensor.list","right.sensor.map","right.sensor.filter","right.sensor.sort","right.profile.read","right.detection","right.task","right.sensor","right.profile","right.detection.incominglist","right.task.outgoinglist","right.detection.outgoinglist","right.task.incominglist","right.task.attachments.list","right.alarm","right.alarm.list","right.alarm.map","right.alarm.filter","right.profile.usermanagement","right.profile.usermanagement.groupauthorization","right.profile.usermanagement.usergroup","right.sensor.detail","right.sensor.detail.read","right.sensor.detail.livestream"]}
2024-12-05 13:20:53.175 [main] INFO  com.apiTests.requests.serviceRequests.user_controller.LoginTests - Status Code: 200
2024-12-05 13:20:53.190 [main] INFO  com.apiTests.serviceSteps.serviceTestSteps.userController.LoginSteps - The system has been logged in with a valid username and password
2024-12-05 13:20:53.190 [main] INFO  com.apiTests.serviceSteps.serviceTestSteps.userController.LoginSteps - The username in the response matches the request
2024-12-05 13:20:53.206 [main] INFO  com.apiTests.requests.HelperMethod - The content was successfully written to the file: src/test/resources/txtFiles/accessToken.txt
2024-12-05 13:20:53.206 [main] INFO  com.apiTests.serviceSteps.serviceTestSteps.userController.LoginSteps - The Access Token has been saved: eyJ0eXAiOiJKV1QiLCJhbGciOiJIUzUxMiJ9.eyJzdWIiOiIxOSIsImF1ZCI6ImFjY2VzcyIsInVzciI6IlNpc3RlbSBZw7ZuZXRpY2lzaSBBU0VMU0FOIiwiaXNzIjoiYXNlbHNhbi5rYXJkZWxlbiIsInJqdGkiOiI1MDUzMWNjOC0zMDQ5LTQwNGQtOGUyZi1iMTUwYzE3MzVlYjkiLCJleHAiOjE3MzMzOTQ2NTIsImlhdCI6MTczMzM5NDA1MiwianRpIjoiM2NjNmM4YTktZjk4ZC00NDY4LTk5MWUtYjVmMWQ1NzE3MjU0In0.q-n3_xBL5fqgNdC8d8I2EX0pCtYJmR_jLRq0F339QifhKKGCXViALw3T2qGYQIr4B4DszYtrfJjHAPY8rl8spg
2024-12-05 13:20:53.535 [main] INFO  com.apiTests.requests.serviceRequests.zone_controller.ZonesTests - Response received: [{"id":-1,"name":"K11_"},{"id":22,"name":"Üs"},{"id":28,"name":"Hotel Loop"},{"id":29,"name":"India Loop"},{"id":140,"name":"2125"},{"id":141,"name":"2123"},{"id":142,"name":"2121"},{"id":143,"name":"2119"},{"id":144,"name":"2111"},{"id":145,"name":"2109"},{"id":146,"name":"2107"},{"id":147,"name":"2108"},{"id":148,"name":"2101"},{"id":149,"name":"2100"},{"id":150,"name":"2102"},{"id":151,"name":"2112"},{"id":152,"name":"2116"},{"id":153,"name":"2118"},{"id":154,"name":"2120"},{"id":155,"name":"2122"},{"id":156,"name":"2124"},{"id":157,"name":"2126"},{"id":158,"name":"2131"},{"id":159,"name":"2129"},{"id":160,"name":"2127"},{"id":165,"name":"2209"},{"id":171,"name":"INDIA-1 AIRCRAFT GATE"},{"id":172,"name":"HOTEL-1 AIRCRAFT GATE"},{"id":173,"name":"V-9 VEHICLE GATE"},{"id":174,"name":"COOPS VEHICLE GATE"},{"id":175,"name":"INDIA-13 AIRCRAFT GATE"},{"id":245,"name":"merve"},{"id":246,"name":"deneme"},{"id":252,"name":"K1_"},{"id":285,"name":"K2_"},{"id":286,"name":"K3_"},{"id":287,"name":"K4_"},{"id":288,"name":"K5_"},{"id":289,"name":"K6_"},{"id":290,"name":"K7_"},{"id":291,"name":"K8_"},{"id":292,"name":"K9_"},{"id":293,"name":"K10_"},{"id":295,"name":"K12_"},{"id":298,"name":"K13_"},{"id":299,"name":"K14_"},{"id":300,"name":"K15_"},{"id":301,"name":"K16_"},{"id":306,"name":"54A_son"},{"id":307,"name":"57A_son"},{"id":308,"name":"eren1"},{"id":310,"name":"47_TG"},{"id":311,"name":"47_Cit"},{"id":314,"name":"üs_2016"},{"id":315,"name":"AK1-1"},{"id":317,"name":"AK1-2"},{"id":320,"name":"sil2"},{"id":321,"name":"sil3"},{"id":322,"name":"sil4"},{"id":323,"name":"sil"},{"id":324,"name":"merve"},{"id":327,"name":"deneme"},{"id":328,"name":"mer"},{"id":330,"name":"deneme-1"},{"id":331,"name":"sed"},{"id":332,"name":"sed"},{"id":335,"name":"K_new"},{"id":336,"name":"K-hesap"},{"id":337,"name":"poly5.3"},{"id":338,"name":"devriye2"},{"id":339,"name":"devriye3"},{"id":340,"name":"VG2_1"},{"id":341,"name":"devriye4"},{"id":342,"name":"devriye5"},{"id":343,"name":"devriye6"},{"id":344,"name":"devriye7"},{"id":345,"name":"devriye8"},{"id":346,"name":"devriye9"},{"id":347,"name":"devriye10"},{"id":348,"name":"devriye11"},{"id":349,"name":"p1"},{"id":350,"name":"p2"},{"id":351,"name":"VG2_2"},{"id":359,"name":"üs1"},{"id":361,"name":"üs2"},{"id":362,"name":"üs3"},{"id":363,"name":"üs4"},{"id":364,"name":"üs5"},{"id":365,"name":"üs6"},{"id":366,"name":"üs7"},{"id":367,"name":"AG1_1"},{"id":368,"name":"santiye"},{"id":369,"name":"üs8"},{"id":370,"name":"üs9"},{"id":371,"name":"üs10"},{"id":405,"name":"C1_LVSB13"},{"id":406,"name":"C2_LVSB7"},{"id":407,"name":"C3_LVSB13"},{"id":410,"name":"C4_LVSB46"},{"id":411,"name":"C5_LVSB43"},{"id":413,"name":"üs11"},{"id":414,"name":"AG1_2"},{"id":415,"name":"C1"},{"id":416,"name":"S1_LVSB53"},{"id":417,"name":"S1_LVSB51"},{"id":418,"name":"S1_LVSB46"},{"id":419,"name":"S1_LVSB5"},{"id":420,"name":"tel"},{"id":456,"name":"D13"},{"id":457,"name":"K13"},{"id":458,"name":"K12"},{"id":459,"name":"eren1"},{"id":460,"name":"2209sagust"},{"id":461,"name":"K21"},{"id":462,"name":"K.111"},{"id":463,"name":"K.10"},{"id":464,"name":"K.9"},{"id":465,"name":"K.8"},{"id":466,"name":"K.7"},{"id":467,"name":"K.6"},{"id":468,"name":"K.5"},{"id":469,"name":"K.4"},{"id":470,"name":"K.3"},{"id":471,"name":"K.2"},{"id":472,"name":"K.1"},{"id":473,"name":"K.19"},{"id":474,"name":"K.18"},{"id":475,"name":"K.161"},{"id":476,"name":"K.15"},{"id":477,"name":"K.14"},{"id":478,"name":"K.20"},{"id":479,"name":"K.21"},{"id":480,"name":"K.221"},{"id":481,"name":"K.233"},{"id":482,"name":"K.244"},{"id":483,"name":"cit2016"},{"id":484,"name":"LVSB45"},{"id":485,"name":"LVSB47"},{"id":486,"name":"LVSB49"},{"id":487,"name":"LVSB50"},{"id":488,"name":"LVSB52"},{"id":489,"name":"LVSB54"},{"id":490,"name":"LVSB55"},{"id":491,"name":"LVSB57"},{"id":492,"name":"LVSB4"},{"id":493,"name":"LVSB6"},{"id":494,"name":"LVSB12"},{"id":495,"name":"LVSB17"},{"id":496,"name":"LVSB19"},{"id":497,"name":"LVSB24"},{"id":498,"name":"LVSB21"},{"id":499,"name":"LVSB29"},{"id":500,"name":"LVSB32"},{"id":501,"name":"LVSB31"},{"id":502,"name":"LVSB34"},{"id":503,"name":"2209_sagust"},{"id":504,"name":"LVSB37"},{"id":505,"name":"LVSB36"},{"id":506,"name":"LVSB42"},{"id":507,"name":"LVSB44"},{"id":508,"name":"VG2_1"},{"id":509,"name":"VG2_2"},{"id":510,"name":"AG1_1"},{"id":511,"name":"AG1_2"},{"id":512,"name":"AG2_1"},{"id":513,"name":"AG2_2"},{"id":514,"name":"AG3_1"},{"id":515,"name":"AG3_2"},{"id":516,"name":"VG1_1"},{"id":517,"name":"VG1_2"},{"id":518,"name":"LVSB12_new"},{"id":519,"name":"LVSB19_new"},{"id":520,"name":"LVSB29_new"},{"id":668,"name":"LVSB19_28Mart"},{"id":670,"name":"Sector-01"},{"id":671,"name":"Sector-02"},{"id":672,"name":"Sector-03"},{"id":674,"name":"Sector-04"},{"id":675,"name":"Sector-05"},{"id":676,"name":"Sector-06"},{"id":677,"name":"Sector-07"},{"id":678,"name":"Sector-08"},{"id":679,"name":"Sector-09"},{"id":681,"name":"Sector-11"},{"id":682,"name":"Sector-12"},{"id":683,"name":"Sector-13"},{"id":684,"name":"Sector-14"},{"id":686,"name":"Sector-15"},{"id":687,"name":"Sector-16"},{"id":688,"name":"Sector-17"},{"id":689,"name":"Sector-18"},{"id":690,"name":"Sector-19"},{"id":691,"name":"Sector-20"},{"id":692,"name":"Sector-21"},{"id":693,"name":"Sector-22"},{"id":694,"name":"Sector-23"},{"id":695,"name":"I-13 Gate"},{"id":696,"name":"I-1 Gate"},{"id":698,"name":"H-1 Gate"},{"id":699,"name":"V-9 Gate"},{"id":701,"name":"Coops Gate"},{"id":705,"name":"Sector-10"},{"id":708,"name":"S01F-S02S"},{"id":709,"name":"S02F"},{"id":710,"name":"S03S"},{"id":711,"name":"S03F"},{"id":712,"name":"S04S"},{"id":713,"name":"S04F-S05S"},{"id":714,"name":"S05F-S06S"},{"id":715,"name":"S06F-S07S"},{"id":716,"name":"S07F"},{"id":717,"name":"S08S"},{"id":718,"name":"S08F-S09S"},{"id":719,"name":"S09F-S10S"},{"id":720,"name":"S10F-S11S"},{"id":721,"name":"S11F-S12S"},{"id":722,"name":"S12F-S13S"},{"id":723,"name":"S13F"},{"id":724,"name":"S14S"},{"id":725,"name":"S14F-S15S"},{"id":726,"name":"S15F-S16S"},{"id":727,"name":"S16F-S17S"},{"id":728,"name":"S17F-S18S"},{"id":729,"name":"S18F-S19S"},{"id":730,"name":"S19F-S20S"},{"id":731,"name":"S20F-S21S"},{"id":732,"name":"S21F-S22S"},{"id":733,"name":"S22F-S23S"},{"id":734,"name":"S23F"},{"id":735,"name":"S01S"},{"id":736,"name":"S04M"},{"id":737,"name":"S07M"},{"id":738,"name":"Nizamiye"},{"id":739,"name":"Ana yol"},{"id":740,"name":"Otopark Çıkış"},{"id":741,"name":"Yan Yol"},{"id":742,"name":"deneme tulın"},{"id":743,"name":"test"},{"id":744,"name":"asd"},{"id":745,"name":"tmm"},{"id":746,"name":"tmm2"},{"id":765,"name":"mert1"},{"id":767,"name":"Kamera-1"},{"id":768,"name":"Kamera-4"},{"id":769,"name":"Kamera-2"},{"id":770,"name":"Kamera-3"}]
2024-12-05 13:20:53.535 [main] INFO  com.apiTests.requests.serviceRequests.zone_controller.ZonesTests - Status Code: 200
2024-12-05 13:20:53.535 [main] INFO  com.apiTests.requests.serviceRequests.zone_controller.ZonesTests - 0. Zone: K11_
2024-12-05 13:20:53.535 [main] INFO  com.apiTests.requests.serviceRequests.zone_controller.ZonesTests - 1. Zone: Üs
2024-12-05 13:20:53.535 [main] INFO  com.apiTests.requests.serviceRequests.zone_controller.ZonesTests - 2. Zone: Hotel Loop
2024-12-05 13:20:53.535 [main] INFO  com.apiTests.requests.serviceRequests.zone_controller.ZonesTests - 3. Zone: India Loop
2024-12-05 13:20:53.535 [main] INFO  com.apiTests.requests.serviceRequests.zone_controller.ZonesTests - 4. Zone: 2125
2024-12-05 13:20:53.535 [main] INFO  com.apiTests.requests.serviceRequests.zone_controller.ZonesTests - 5. Zone: 2123
2024-12-05 13:20:53.535 [main] INFO  com.apiTests.requests.serviceRequests.zone_controller.ZonesTests - Zone found: 2123
2024-12-05 13:20:54.110 [main] INFO  com.apiTests.requests.serviceRequests.detection_controller.GetDetectionsTests - Response received: []
2024-12-05 13:20:54.110 [main] INFO  com.apiTests.requests.serviceRequests.detection_controller.GetDetectionsTests - Status Code: 200
2024-12-05 13:20:54.126 [main] ERROR com.apiTests.requests.serviceRequests.detection_controller.GetDetectionsTests - Detection List is empty!
]]></system-out>
  </testcase>
  <testcase name="Detection controller service, filter zone #7" classname="Get Detections" time="1.358">
    <system-out><![CDATA[2024-12-05 13:20:54.763 [main] INFO  com.apiTests.requests.serviceRequests.user_controller.LoginTests - Response received: {"user":{"name":"Sistem Yöneticisi","surname":"ASELSAN","username":"aselsan","detail":{"identityNumber":null,"email":null,"phoneNumber":null,"rank":null,"profilePicture":null,"supervisor":{"name":null,"surname":null}},"pushToken":null,"userLevelId":5,"userLevelName":"Aselsan","id":10},"tokenDetails":{"accessToken":"eyJ0eXAiOiJKV1QiLCJhbGciOiJIUzUxMiJ9.eyJzdWIiOiIxOSIsImF1ZCI6ImFjY2VzcyIsInVzciI6IlNpc3RlbSBZw7ZuZXRpY2lzaSBBU0VMU0FOIiwiaXNzIjoiYXNlbHNhbi5rYXJkZWxlbiIsInJqdGkiOiI3MWIzOWM4YS1iNzEwLTQzNjMtYWZlZC03ODYwNzIyNTAzMTAiLCJleHAiOjE3MzMzOTQ2NTMsImlhdCI6MTczMzM5NDA1MywianRpIjoiOGUxYjgzOTAtYWZhYS00ZGIyLWJkNTctNTNjZWM0NjdhZDU0In0.r8Tp1Qgblti0rMOs37UDTOXdRM-NNPUG_QS12_Abzph9XTEkJsftJN7tV6OS7Kc_3_0prxMo1FWy8f1fGv7tMw","refreshToken":"eyJ0eXAiOiJKV1QiLCJhbGciOiJIUzUxMiJ9.eyJzdWIiOiIxOSIsImF1ZCI6InJlZnJlc2giLCJpc3MiOiJhc2Vsc2FuLmthcmRlbGVuIiwiZXhwIjoxNzMzNDMwMDUzLCJpYXQiOjE3MzMzOTQwNTMsImp0aSI6IjcxYjM5YzhhLWI3MTAtNDM2My1hZmVkLTc4NjA3MjI1MDMxMCJ9.dhrcfzXWh4GYoRuHyKSCBDaIN1FLxs-mxtMhXXDcbZBNJDVBTeQcPXfsjYpB2mTxVvYQdawtltUx_d8LK7hJow"},"authorities":["right.detection.createdetection","right.detection.map","right.detection.detail","right.detection.detail.read","right.detection.detail.update","right.detection.filter","right.detection.sort","right.detection.sosmessage","right.task.filter","right.task.sort","right.task.detail","right.task.detail.read","right.task.detail.starttask","right.sensor.list","right.sensor.map","right.sensor.filter","right.sensor.sort","right.profile.read","right.detection","right.task","right.sensor","right.profile","right.detection.incominglist","right.task.outgoinglist","right.detection.outgoinglist","right.task.incominglist","right.task.attachments.list","right.alarm","right.alarm.list","right.alarm.map","right.alarm.filter","right.profile.usermanagement","right.profile.usermanagement.groupauthorization","right.profile.usermanagement.usergroup","right.sensor.detail","right.sensor.detail.read","right.sensor.detail.livestream"]}
2024-12-05 13:20:54.763 [main] INFO  com.apiTests.requests.serviceRequests.user_controller.LoginTests - Status Code: 200
2024-12-05 13:20:54.779 [main] INFO  com.apiTests.serviceSteps.serviceTestSteps.userController.LoginSteps - The system has been logged in with a valid username and password
2024-12-05 13:20:54.779 [main] INFO  com.apiTests.serviceSteps.serviceTestSteps.userController.LoginSteps - The username in the response matches the request
2024-12-05 13:20:54.779 [main] INFO  com.apiTests.requests.HelperMethod - The content was successfully written to the file: src/test/resources/txtFiles/accessToken.txt
2024-12-05 13:20:54.779 [main] INFO  com.apiTests.serviceSteps.serviceTestSteps.userController.LoginSteps - The Access Token has been saved: eyJ0eXAiOiJKV1QiLCJhbGciOiJIUzUxMiJ9.eyJzdWIiOiIxOSIsImF1ZCI6ImFjY2VzcyIsInVzciI6IlNpc3RlbSBZw7ZuZXRpY2lzaSBBU0VMU0FOIiwiaXNzIjoiYXNlbHNhbi5rYXJkZWxlbiIsInJqdGkiOiI3MWIzOWM4YS1iNzEwLTQzNjMtYWZlZC03ODYwNzIyNTAzMTAiLCJleHAiOjE3MzMzOTQ2NTMsImlhdCI6MTczMzM5NDA1MywianRpIjoiOGUxYjgzOTAtYWZhYS00ZGIyLWJkNTctNTNjZWM0NjdhZDU0In0.r8Tp1Qgblti0rMOs37UDTOXdRM-NNPUG_QS12_Abzph9XTEkJsftJN7tV6OS7Kc_3_0prxMo1FWy8f1fGv7tMw
2024-12-05 13:20:55.093 [main] INFO  com.apiTests.requests.serviceRequests.zone_controller.ZonesTests - Response received: [{"id":-1,"name":"K11_"},{"id":22,"name":"Üs"},{"id":28,"name":"Hotel Loop"},{"id":29,"name":"India Loop"},{"id":140,"name":"2125"},{"id":141,"name":"2123"},{"id":142,"name":"2121"},{"id":143,"name":"2119"},{"id":144,"name":"2111"},{"id":145,"name":"2109"},{"id":146,"name":"2107"},{"id":147,"name":"2108"},{"id":148,"name":"2101"},{"id":149,"name":"2100"},{"id":150,"name":"2102"},{"id":151,"name":"2112"},{"id":152,"name":"2116"},{"id":153,"name":"2118"},{"id":154,"name":"2120"},{"id":155,"name":"2122"},{"id":156,"name":"2124"},{"id":157,"name":"2126"},{"id":158,"name":"2131"},{"id":159,"name":"2129"},{"id":160,"name":"2127"},{"id":165,"name":"2209"},{"id":171,"name":"INDIA-1 AIRCRAFT GATE"},{"id":172,"name":"HOTEL-1 AIRCRAFT GATE"},{"id":173,"name":"V-9 VEHICLE GATE"},{"id":174,"name":"COOPS VEHICLE GATE"},{"id":175,"name":"INDIA-13 AIRCRAFT GATE"},{"id":245,"name":"merve"},{"id":246,"name":"deneme"},{"id":252,"name":"K1_"},{"id":285,"name":"K2_"},{"id":286,"name":"K3_"},{"id":287,"name":"K4_"},{"id":288,"name":"K5_"},{"id":289,"name":"K6_"},{"id":290,"name":"K7_"},{"id":291,"name":"K8_"},{"id":292,"name":"K9_"},{"id":293,"name":"K10_"},{"id":295,"name":"K12_"},{"id":298,"name":"K13_"},{"id":299,"name":"K14_"},{"id":300,"name":"K15_"},{"id":301,"name":"K16_"},{"id":306,"name":"54A_son"},{"id":307,"name":"57A_son"},{"id":308,"name":"eren1"},{"id":310,"name":"47_TG"},{"id":311,"name":"47_Cit"},{"id":314,"name":"üs_2016"},{"id":315,"name":"AK1-1"},{"id":317,"name":"AK1-2"},{"id":320,"name":"sil2"},{"id":321,"name":"sil3"},{"id":322,"name":"sil4"},{"id":323,"name":"sil"},{"id":324,"name":"merve"},{"id":327,"name":"deneme"},{"id":328,"name":"mer"},{"id":330,"name":"deneme-1"},{"id":331,"name":"sed"},{"id":332,"name":"sed"},{"id":335,"name":"K_new"},{"id":336,"name":"K-hesap"},{"id":337,"name":"poly5.3"},{"id":338,"name":"devriye2"},{"id":339,"name":"devriye3"},{"id":340,"name":"VG2_1"},{"id":341,"name":"devriye4"},{"id":342,"name":"devriye5"},{"id":343,"name":"devriye6"},{"id":344,"name":"devriye7"},{"id":345,"name":"devriye8"},{"id":346,"name":"devriye9"},{"id":347,"name":"devriye10"},{"id":348,"name":"devriye11"},{"id":349,"name":"p1"},{"id":350,"name":"p2"},{"id":351,"name":"VG2_2"},{"id":359,"name":"üs1"},{"id":361,"name":"üs2"},{"id":362,"name":"üs3"},{"id":363,"name":"üs4"},{"id":364,"name":"üs5"},{"id":365,"name":"üs6"},{"id":366,"name":"üs7"},{"id":367,"name":"AG1_1"},{"id":368,"name":"santiye"},{"id":369,"name":"üs8"},{"id":370,"name":"üs9"},{"id":371,"name":"üs10"},{"id":405,"name":"C1_LVSB13"},{"id":406,"name":"C2_LVSB7"},{"id":407,"name":"C3_LVSB13"},{"id":410,"name":"C4_LVSB46"},{"id":411,"name":"C5_LVSB43"},{"id":413,"name":"üs11"},{"id":414,"name":"AG1_2"},{"id":415,"name":"C1"},{"id":416,"name":"S1_LVSB53"},{"id":417,"name":"S1_LVSB51"},{"id":418,"name":"S1_LVSB46"},{"id":419,"name":"S1_LVSB5"},{"id":420,"name":"tel"},{"id":456,"name":"D13"},{"id":457,"name":"K13"},{"id":458,"name":"K12"},{"id":459,"name":"eren1"},{"id":460,"name":"2209sagust"},{"id":461,"name":"K21"},{"id":462,"name":"K.111"},{"id":463,"name":"K.10"},{"id":464,"name":"K.9"},{"id":465,"name":"K.8"},{"id":466,"name":"K.7"},{"id":467,"name":"K.6"},{"id":468,"name":"K.5"},{"id":469,"name":"K.4"},{"id":470,"name":"K.3"},{"id":471,"name":"K.2"},{"id":472,"name":"K.1"},{"id":473,"name":"K.19"},{"id":474,"name":"K.18"},{"id":475,"name":"K.161"},{"id":476,"name":"K.15"},{"id":477,"name":"K.14"},{"id":478,"name":"K.20"},{"id":479,"name":"K.21"},{"id":480,"name":"K.221"},{"id":481,"name":"K.233"},{"id":482,"name":"K.244"},{"id":483,"name":"cit2016"},{"id":484,"name":"LVSB45"},{"id":485,"name":"LVSB47"},{"id":486,"name":"LVSB49"},{"id":487,"name":"LVSB50"},{"id":488,"name":"LVSB52"},{"id":489,"name":"LVSB54"},{"id":490,"name":"LVSB55"},{"id":491,"name":"LVSB57"},{"id":492,"name":"LVSB4"},{"id":493,"name":"LVSB6"},{"id":494,"name":"LVSB12"},{"id":495,"name":"LVSB17"},{"id":496,"name":"LVSB19"},{"id":497,"name":"LVSB24"},{"id":498,"name":"LVSB21"},{"id":499,"name":"LVSB29"},{"id":500,"name":"LVSB32"},{"id":501,"name":"LVSB31"},{"id":502,"name":"LVSB34"},{"id":503,"name":"2209_sagust"},{"id":504,"name":"LVSB37"},{"id":505,"name":"LVSB36"},{"id":506,"name":"LVSB42"},{"id":507,"name":"LVSB44"},{"id":508,"name":"VG2_1"},{"id":509,"name":"VG2_2"},{"id":510,"name":"AG1_1"},{"id":511,"name":"AG1_2"},{"id":512,"name":"AG2_1"},{"id":513,"name":"AG2_2"},{"id":514,"name":"AG3_1"},{"id":515,"name":"AG3_2"},{"id":516,"name":"VG1_1"},{"id":517,"name":"VG1_2"},{"id":518,"name":"LVSB12_new"},{"id":519,"name":"LVSB19_new"},{"id":520,"name":"LVSB29_new"},{"id":668,"name":"LVSB19_28Mart"},{"id":670,"name":"Sector-01"},{"id":671,"name":"Sector-02"},{"id":672,"name":"Sector-03"},{"id":674,"name":"Sector-04"},{"id":675,"name":"Sector-05"},{"id":676,"name":"Sector-06"},{"id":677,"name":"Sector-07"},{"id":678,"name":"Sector-08"},{"id":679,"name":"Sector-09"},{"id":681,"name":"Sector-11"},{"id":682,"name":"Sector-12"},{"id":683,"name":"Sector-13"},{"id":684,"name":"Sector-14"},{"id":686,"name":"Sector-15"},{"id":687,"name":"Sector-16"},{"id":688,"name":"Sector-17"},{"id":689,"name":"Sector-18"},{"id":690,"name":"Sector-19"},{"id":691,"name":"Sector-20"},{"id":692,"name":"Sector-21"},{"id":693,"name":"Sector-22"},{"id":694,"name":"Sector-23"},{"id":695,"name":"I-13 Gate"},{"id":696,"name":"I-1 Gate"},{"id":698,"name":"H-1 Gate"},{"id":699,"name":"V-9 Gate"},{"id":701,"name":"Coops Gate"},{"id":705,"name":"Sector-10"},{"id":708,"name":"S01F-S02S"},{"id":709,"name":"S02F"},{"id":710,"name":"S03S"},{"id":711,"name":"S03F"},{"id":712,"name":"S04S"},{"id":713,"name":"S04F-S05S"},{"id":714,"name":"S05F-S06S"},{"id":715,"name":"S06F-S07S"},{"id":716,"name":"S07F"},{"id":717,"name":"S08S"},{"id":718,"name":"S08F-S09S"},{"id":719,"name":"S09F-S10S"},{"id":720,"name":"S10F-S11S"},{"id":721,"name":"S11F-S12S"},{"id":722,"name":"S12F-S13S"},{"id":723,"name":"S13F"},{"id":724,"name":"S14S"},{"id":725,"name":"S14F-S15S"},{"id":726,"name":"S15F-S16S"},{"id":727,"name":"S16F-S17S"},{"id":728,"name":"S17F-S18S"},{"id":729,"name":"S18F-S19S"},{"id":730,"name":"S19F-S20S"},{"id":731,"name":"S20F-S21S"},{"id":732,"name":"S21F-S22S"},{"id":733,"name":"S22F-S23S"},{"id":734,"name":"S23F"},{"id":735,"name":"S01S"},{"id":736,"name":"S04M"},{"id":737,"name":"S07M"},{"id":738,"name":"Nizamiye"},{"id":739,"name":"Ana yol"},{"id":740,"name":"Otopark Çıkış"},{"id":741,"name":"Yan Yol"},{"id":742,"name":"deneme tulın"},{"id":743,"name":"test"},{"id":744,"name":"asd"},{"id":745,"name":"tmm"},{"id":746,"name":"tmm2"},{"id":765,"name":"mert1"},{"id":767,"name":"Kamera-1"},{"id":768,"name":"Kamera-4"},{"id":769,"name":"Kamera-2"},{"id":770,"name":"Kamera-3"}]
2024-12-05 13:20:55.093 [main] INFO  com.apiTests.requests.serviceRequests.zone_controller.ZonesTests - Status Code: 200
2024-12-05 13:20:55.093 [main] INFO  com.apiTests.requests.serviceRequests.zone_controller.ZonesTests - 0. Zone: K11_
2024-12-05 13:20:55.093 [main] INFO  com.apiTests.requests.serviceRequests.zone_controller.ZonesTests - 1. Zone: Üs
2024-12-05 13:20:55.093 [main] INFO  com.apiTests.requests.serviceRequests.zone_controller.ZonesTests - 2. Zone: Hotel Loop
2024-12-05 13:20:55.093 [main] INFO  com.apiTests.requests.serviceRequests.zone_controller.ZonesTests - 3. Zone: India Loop
2024-12-05 13:20:55.093 [main] INFO  com.apiTests.requests.serviceRequests.zone_controller.ZonesTests - 4. Zone: 2125
2024-12-05 13:20:55.093 [main] INFO  com.apiTests.requests.serviceRequests.zone_controller.ZonesTests - 5. Zone: 2123
2024-12-05 13:20:55.093 [main] INFO  com.apiTests.requests.serviceRequests.zone_controller.ZonesTests - 6. Zone: 2121
2024-12-05 13:20:55.093 [main] INFO  com.apiTests.requests.serviceRequests.zone_controller.ZonesTests - Zone found: 2121
2024-12-05 13:20:55.468 [main] INFO  com.apiTests.requests.serviceRequests.detection_controller.GetDetectionsTests - Response received: []
2024-12-05 13:20:55.468 [main] INFO  com.apiTests.requests.serviceRequests.detection_controller.GetDetectionsTests - Status Code: 200
2024-12-05 13:20:55.484 [main] ERROR com.apiTests.requests.serviceRequests.detection_controller.GetDetectionsTests - Detection List is empty!
]]></system-out>
  </testcase>
  <testcase name="Detection controller service, filter zone #8" classname="Get Detections" time="1.057">
    <system-out><![CDATA[2024-12-05 13:20:55.782 [main] INFO  com.apiTests.requests.serviceRequests.user_controller.LoginTests - Response received: {"user":{"name":"Sistem Yöneticisi","surname":"ASELSAN","username":"aselsan","detail":{"identityNumber":null,"email":null,"phoneNumber":null,"rank":null,"profilePicture":null,"supervisor":{"name":null,"surname":null}},"pushToken":null,"userLevelId":5,"userLevelName":"Aselsan","id":10},"tokenDetails":{"accessToken":"eyJ0eXAiOiJKV1QiLCJhbGciOiJIUzUxMiJ9.eyJzdWIiOiIxOSIsImF1ZCI6ImFjY2VzcyIsInVzciI6IlNpc3RlbSBZw7ZuZXRpY2lzaSBBU0VMU0FOIiwiaXNzIjoiYXNlbHNhbi5rYXJkZWxlbiIsInJqdGkiOiIyYjhkNWQ0Yi00NzZkLTRhZTAtYWNmNy0wMmM4YmFlNzZiNzciLCJleHAiOjE3MzMzOTQ2NTQsImlhdCI6MTczMzM5NDA1NCwianRpIjoiNjlkYjcxYTUtYzY0My00ZWM2LWJlMjEtZDY3NWQxNzNmZjc4In0.Y2i35d74HlegVwpDvHqYLXyz3yFWJ_jSet1TSmIklawHpM37jexPZ0nDPDEZdVikjvPaVTmvv62JvC9e57Yvgw","refreshToken":"eyJ0eXAiOiJKV1QiLCJhbGciOiJIUzUxMiJ9.eyJzdWIiOiIxOSIsImF1ZCI6InJlZnJlc2giLCJpc3MiOiJhc2Vsc2FuLmthcmRlbGVuIiwiZXhwIjoxNzMzNDMwMDU0LCJpYXQiOjE3MzMzOTQwNTQsImp0aSI6IjJiOGQ1ZDRiLTQ3NmQtNGFlMC1hY2Y3LTAyYzhiYWU3NmI3NyJ9.GaE4pkZxLeqzRfwFNG4wsaLqT7tORbxQJl7nvnz_a2M8D0qBTatoqDH8RALg0sNw7IQDew830rjUYyRNWTg9MQ"},"authorities":["right.detection.createdetection","right.detection.map","right.detection.detail","right.detection.detail.read","right.detection.detail.update","right.detection.filter","right.detection.sort","right.detection.sosmessage","right.task.filter","right.task.sort","right.task.detail","right.task.detail.read","right.task.detail.starttask","right.sensor.list","right.sensor.map","right.sensor.filter","right.sensor.sort","right.profile.read","right.detection","right.task","right.sensor","right.profile","right.detection.incominglist","right.task.outgoinglist","right.detection.outgoinglist","right.task.incominglist","right.task.attachments.list","right.alarm","right.alarm.list","right.alarm.map","right.alarm.filter","right.profile.usermanagement","right.profile.usermanagement.groupauthorization","right.profile.usermanagement.usergroup","right.sensor.detail","right.sensor.detail.read","right.sensor.detail.livestream"]}
2024-12-05 13:20:55.782 [main] INFO  com.apiTests.requests.serviceRequests.user_controller.LoginTests - Status Code: 200
2024-12-05 13:20:55.798 [main] INFO  com.apiTests.serviceSteps.serviceTestSteps.userController.LoginSteps - The system has been logged in with a valid username and password
2024-12-05 13:20:55.798 [main] INFO  com.apiTests.serviceSteps.serviceTestSteps.userController.LoginSteps - The username in the response matches the request
2024-12-05 13:20:55.813 [main] INFO  com.apiTests.requests.HelperMethod - The content was successfully written to the file: src/test/resources/txtFiles/accessToken.txt
2024-12-05 13:20:55.813 [main] INFO  com.apiTests.serviceSteps.serviceTestSteps.userController.LoginSteps - The Access Token has been saved: eyJ0eXAiOiJKV1QiLCJhbGciOiJIUzUxMiJ9.eyJzdWIiOiIxOSIsImF1ZCI6ImFjY2VzcyIsInVzciI6IlNpc3RlbSBZw7ZuZXRpY2lzaSBBU0VMU0FOIiwiaXNzIjoiYXNlbHNhbi5rYXJkZWxlbiIsInJqdGkiOiIyYjhkNWQ0Yi00NzZkLTRhZTAtYWNmNy0wMmM4YmFlNzZiNzciLCJleHAiOjE3MzMzOTQ2NTQsImlhdCI6MTczMzM5NDA1NCwianRpIjoiNjlkYjcxYTUtYzY0My00ZWM2LWJlMjEtZDY3NWQxNzNmZjc4In0.Y2i35d74HlegVwpDvHqYLXyz3yFWJ_jSet1TSmIklawHpM37jexPZ0nDPDEZdVikjvPaVTmvv62JvC9e57Yvgw
2024-12-05 13:20:56.153 [main] INFO  com.apiTests.requests.serviceRequests.zone_controller.ZonesTests - Response received: [{"id":-1,"name":"K11_"},{"id":22,"name":"Üs"},{"id":28,"name":"Hotel Loop"},{"id":29,"name":"India Loop"},{"id":140,"name":"2125"},{"id":141,"name":"2123"},{"id":142,"name":"2121"},{"id":143,"name":"2119"},{"id":144,"name":"2111"},{"id":145,"name":"2109"},{"id":146,"name":"2107"},{"id":147,"name":"2108"},{"id":148,"name":"2101"},{"id":149,"name":"2100"},{"id":150,"name":"2102"},{"id":151,"name":"2112"},{"id":152,"name":"2116"},{"id":153,"name":"2118"},{"id":154,"name":"2120"},{"id":155,"name":"2122"},{"id":156,"name":"2124"},{"id":157,"name":"2126"},{"id":158,"name":"2131"},{"id":159,"name":"2129"},{"id":160,"name":"2127"},{"id":165,"name":"2209"},{"id":171,"name":"INDIA-1 AIRCRAFT GATE"},{"id":172,"name":"HOTEL-1 AIRCRAFT GATE"},{"id":173,"name":"V-9 VEHICLE GATE"},{"id":174,"name":"COOPS VEHICLE GATE"},{"id":175,"name":"INDIA-13 AIRCRAFT GATE"},{"id":245,"name":"merve"},{"id":246,"name":"deneme"},{"id":252,"name":"K1_"},{"id":285,"name":"K2_"},{"id":286,"name":"K3_"},{"id":287,"name":"K4_"},{"id":288,"name":"K5_"},{"id":289,"name":"K6_"},{"id":290,"name":"K7_"},{"id":291,"name":"K8_"},{"id":292,"name":"K9_"},{"id":293,"name":"K10_"},{"id":295,"name":"K12_"},{"id":298,"name":"K13_"},{"id":299,"name":"K14_"},{"id":300,"name":"K15_"},{"id":301,"name":"K16_"},{"id":306,"name":"54A_son"},{"id":307,"name":"57A_son"},{"id":308,"name":"eren1"},{"id":310,"name":"47_TG"},{"id":311,"name":"47_Cit"},{"id":314,"name":"üs_2016"},{"id":315,"name":"AK1-1"},{"id":317,"name":"AK1-2"},{"id":320,"name":"sil2"},{"id":321,"name":"sil3"},{"id":322,"name":"sil4"},{"id":323,"name":"sil"},{"id":324,"name":"merve"},{"id":327,"name":"deneme"},{"id":328,"name":"mer"},{"id":330,"name":"deneme-1"},{"id":331,"name":"sed"},{"id":332,"name":"sed"},{"id":335,"name":"K_new"},{"id":336,"name":"K-hesap"},{"id":337,"name":"poly5.3"},{"id":338,"name":"devriye2"},{"id":339,"name":"devriye3"},{"id":340,"name":"VG2_1"},{"id":341,"name":"devriye4"},{"id":342,"name":"devriye5"},{"id":343,"name":"devriye6"},{"id":344,"name":"devriye7"},{"id":345,"name":"devriye8"},{"id":346,"name":"devriye9"},{"id":347,"name":"devriye10"},{"id":348,"name":"devriye11"},{"id":349,"name":"p1"},{"id":350,"name":"p2"},{"id":351,"name":"VG2_2"},{"id":359,"name":"üs1"},{"id":361,"name":"üs2"},{"id":362,"name":"üs3"},{"id":363,"name":"üs4"},{"id":364,"name":"üs5"},{"id":365,"name":"üs6"},{"id":366,"name":"üs7"},{"id":367,"name":"AG1_1"},{"id":368,"name":"santiye"},{"id":369,"name":"üs8"},{"id":370,"name":"üs9"},{"id":371,"name":"üs10"},{"id":405,"name":"C1_LVSB13"},{"id":406,"name":"C2_LVSB7"},{"id":407,"name":"C3_LVSB13"},{"id":410,"name":"C4_LVSB46"},{"id":411,"name":"C5_LVSB43"},{"id":413,"name":"üs11"},{"id":414,"name":"AG1_2"},{"id":415,"name":"C1"},{"id":416,"name":"S1_LVSB53"},{"id":417,"name":"S1_LVSB51"},{"id":418,"name":"S1_LVSB46"},{"id":419,"name":"S1_LVSB5"},{"id":420,"name":"tel"},{"id":456,"name":"D13"},{"id":457,"name":"K13"},{"id":458,"name":"K12"},{"id":459,"name":"eren1"},{"id":460,"name":"2209sagust"},{"id":461,"name":"K21"},{"id":462,"name":"K.111"},{"id":463,"name":"K.10"},{"id":464,"name":"K.9"},{"id":465,"name":"K.8"},{"id":466,"name":"K.7"},{"id":467,"name":"K.6"},{"id":468,"name":"K.5"},{"id":469,"name":"K.4"},{"id":470,"name":"K.3"},{"id":471,"name":"K.2"},{"id":472,"name":"K.1"},{"id":473,"name":"K.19"},{"id":474,"name":"K.18"},{"id":475,"name":"K.161"},{"id":476,"name":"K.15"},{"id":477,"name":"K.14"},{"id":478,"name":"K.20"},{"id":479,"name":"K.21"},{"id":480,"name":"K.221"},{"id":481,"name":"K.233"},{"id":482,"name":"K.244"},{"id":483,"name":"cit2016"},{"id":484,"name":"LVSB45"},{"id":485,"name":"LVSB47"},{"id":486,"name":"LVSB49"},{"id":487,"name":"LVSB50"},{"id":488,"name":"LVSB52"},{"id":489,"name":"LVSB54"},{"id":490,"name":"LVSB55"},{"id":491,"name":"LVSB57"},{"id":492,"name":"LVSB4"},{"id":493,"name":"LVSB6"},{"id":494,"name":"LVSB12"},{"id":495,"name":"LVSB17"},{"id":496,"name":"LVSB19"},{"id":497,"name":"LVSB24"},{"id":498,"name":"LVSB21"},{"id":499,"name":"LVSB29"},{"id":500,"name":"LVSB32"},{"id":501,"name":"LVSB31"},{"id":502,"name":"LVSB34"},{"id":503,"name":"2209_sagust"},{"id":504,"name":"LVSB37"},{"id":505,"name":"LVSB36"},{"id":506,"name":"LVSB42"},{"id":507,"name":"LVSB44"},{"id":508,"name":"VG2_1"},{"id":509,"name":"VG2_2"},{"id":510,"name":"AG1_1"},{"id":511,"name":"AG1_2"},{"id":512,"name":"AG2_1"},{"id":513,"name":"AG2_2"},{"id":514,"name":"AG3_1"},{"id":515,"name":"AG3_2"},{"id":516,"name":"VG1_1"},{"id":517,"name":"VG1_2"},{"id":518,"name":"LVSB12_new"},{"id":519,"name":"LVSB19_new"},{"id":520,"name":"LVSB29_new"},{"id":668,"name":"LVSB19_28Mart"},{"id":670,"name":"Sector-01"},{"id":671,"name":"Sector-02"},{"id":672,"name":"Sector-03"},{"id":674,"name":"Sector-04"},{"id":675,"name":"Sector-05"},{"id":676,"name":"Sector-06"},{"id":677,"name":"Sector-07"},{"id":678,"name":"Sector-08"},{"id":679,"name":"Sector-09"},{"id":681,"name":"Sector-11"},{"id":682,"name":"Sector-12"},{"id":683,"name":"Sector-13"},{"id":684,"name":"Sector-14"},{"id":686,"name":"Sector-15"},{"id":687,"name":"Sector-16"},{"id":688,"name":"Sector-17"},{"id":689,"name":"Sector-18"},{"id":690,"name":"Sector-19"},{"id":691,"name":"Sector-20"},{"id":692,"name":"Sector-21"},{"id":693,"name":"Sector-22"},{"id":694,"name":"Sector-23"},{"id":695,"name":"I-13 Gate"},{"id":696,"name":"I-1 Gate"},{"id":698,"name":"H-1 Gate"},{"id":699,"name":"V-9 Gate"},{"id":701,"name":"Coops Gate"},{"id":705,"name":"Sector-10"},{"id":708,"name":"S01F-S02S"},{"id":709,"name":"S02F"},{"id":710,"name":"S03S"},{"id":711,"name":"S03F"},{"id":712,"name":"S04S"},{"id":713,"name":"S04F-S05S"},{"id":714,"name":"S05F-S06S"},{"id":715,"name":"S06F-S07S"},{"id":716,"name":"S07F"},{"id":717,"name":"S08S"},{"id":718,"name":"S08F-S09S"},{"id":719,"name":"S09F-S10S"},{"id":720,"name":"S10F-S11S"},{"id":721,"name":"S11F-S12S"},{"id":722,"name":"S12F-S13S"},{"id":723,"name":"S13F"},{"id":724,"name":"S14S"},{"id":725,"name":"S14F-S15S"},{"id":726,"name":"S15F-S16S"},{"id":727,"name":"S16F-S17S"},{"id":728,"name":"S17F-S18S"},{"id":729,"name":"S18F-S19S"},{"id":730,"name":"S19F-S20S"},{"id":731,"name":"S20F-S21S"},{"id":732,"name":"S21F-S22S"},{"id":733,"name":"S22F-S23S"},{"id":734,"name":"S23F"},{"id":735,"name":"S01S"},{"id":736,"name":"S04M"},{"id":737,"name":"S07M"},{"id":738,"name":"Nizamiye"},{"id":739,"name":"Ana yol"},{"id":740,"name":"Otopark Çıkış"},{"id":741,"name":"Yan Yol"},{"id":742,"name":"deneme tulın"},{"id":743,"name":"test"},{"id":744,"name":"asd"},{"id":745,"name":"tmm"},{"id":746,"name":"tmm2"},{"id":765,"name":"mert1"},{"id":767,"name":"Kamera-1"},{"id":768,"name":"Kamera-4"},{"id":769,"name":"Kamera-2"},{"id":770,"name":"Kamera-3"}]
2024-12-05 13:20:56.153 [main] INFO  com.apiTests.requests.serviceRequests.zone_controller.ZonesTests - Status Code: 200
2024-12-05 13:20:56.153 [main] INFO  com.apiTests.requests.serviceRequests.zone_controller.ZonesTests - 0. Zone: K11_
2024-12-05 13:20:56.153 [main] INFO  com.apiTests.requests.serviceRequests.zone_controller.ZonesTests - 1. Zone: Üs
2024-12-05 13:20:56.163 [main] INFO  com.apiTests.requests.serviceRequests.zone_controller.ZonesTests - 2. Zone: Hotel Loop
2024-12-05 13:20:56.163 [main] INFO  com.apiTests.requests.serviceRequests.zone_controller.ZonesTests - 3. Zone: India Loop
2024-12-05 13:20:56.163 [main] INFO  com.apiTests.requests.serviceRequests.zone_controller.ZonesTests - 4. Zone: 2125
2024-12-05 13:20:56.163 [main] INFO  com.apiTests.requests.serviceRequests.zone_controller.ZonesTests - 5. Zone: 2123
2024-12-05 13:20:56.163 [main] INFO  com.apiTests.requests.serviceRequests.zone_controller.ZonesTests - 6. Zone: 2121
2024-12-05 13:20:56.163 [main] INFO  com.apiTests.requests.serviceRequests.zone_controller.ZonesTests - 7. Zone: 2119
2024-12-05 13:20:56.163 [main] INFO  com.apiTests.requests.serviceRequests.zone_controller.ZonesTests - Zone found: 2119
2024-12-05 13:20:56.525 [main] INFO  com.apiTests.requests.serviceRequests.detection_controller.GetDetectionsTests - Response received: []
2024-12-05 13:20:56.525 [main] INFO  com.apiTests.requests.serviceRequests.detection_controller.GetDetectionsTests - Status Code: 200
2024-12-05 13:20:56.525 [main] ERROR com.apiTests.requests.serviceRequests.detection_controller.GetDetectionsTests - Detection List is empty!
]]></system-out>
  </testcase>
  <testcase name="Detection controller service, filter zone #9" classname="Get Detections" time="1.16">
    <system-out><![CDATA[2024-12-05 13:20:56.855 [main] INFO  com.apiTests.requests.serviceRequests.user_controller.LoginTests - Response received: {"user":{"name":"Sistem Yöneticisi","surname":"ASELSAN","username":"aselsan","detail":{"identityNumber":null,"email":null,"phoneNumber":null,"rank":null,"profilePicture":null,"supervisor":{"name":null,"surname":null}},"pushToken":null,"userLevelId":5,"userLevelName":"Aselsan","id":10},"tokenDetails":{"accessToken":"eyJ0eXAiOiJKV1QiLCJhbGciOiJIUzUxMiJ9.eyJzdWIiOiIxOSIsImF1ZCI6ImFjY2VzcyIsInVzciI6IlNpc3RlbSBZw7ZuZXRpY2lzaSBBU0VMU0FOIiwiaXNzIjoiYXNlbHNhbi5rYXJkZWxlbiIsInJqdGkiOiI4MGM4NDg1Yy05NzEyLTQzZGUtYWU1NC03YjRkNmJjY2U1OTYiLCJleHAiOjE3MzMzOTQ2NTUsImlhdCI6MTczMzM5NDA1NSwianRpIjoiOWQ4NWQ4N2YtYzkzNi00ZTk0LWExNTYtZmQ0NjEzZjk1NDljIn0.CxMfyQIDpVL0cOAm5hbqm2jJIzQqTggAT0jFvYVvStxPDZ-Hhs1Y3GroYsRkjVI18sxEkawmK5dBf4NS7h8B5Q","refreshToken":"eyJ0eXAiOiJKV1QiLCJhbGciOiJIUzUxMiJ9.eyJzdWIiOiIxOSIsImF1ZCI6InJlZnJlc2giLCJpc3MiOiJhc2Vsc2FuLmthcmRlbGVuIiwiZXhwIjoxNzMzNDMwMDU1LCJpYXQiOjE3MzMzOTQwNTUsImp0aSI6IjgwYzg0ODVjLTk3MTItNDNkZS1hZTU0LTdiNGQ2YmNjZTU5NiJ9.lzpMxMZGbcVytzqs7FiFRqxcMpkgm95dEGegnegsQkPqd-IUj71Jul0yLRW6QboeKBXNSFTCYGf1qZgkaKmUzw"},"authorities":["right.detection.createdetection","right.detection.map","right.detection.detail","right.detection.detail.read","right.detection.detail.update","right.detection.filter","right.detection.sort","right.detection.sosmessage","right.task.filter","right.task.sort","right.task.detail","right.task.detail.read","right.task.detail.starttask","right.sensor.list","right.sensor.map","right.sensor.filter","right.sensor.sort","right.profile.read","right.detection","right.task","right.sensor","right.profile","right.detection.incominglist","right.task.outgoinglist","right.detection.outgoinglist","right.task.incominglist","right.task.attachments.list","right.alarm","right.alarm.list","right.alarm.map","right.alarm.filter","right.profile.usermanagement","right.profile.usermanagement.groupauthorization","right.profile.usermanagement.usergroup","right.sensor.detail","right.sensor.detail.read","right.sensor.detail.livestream"]}
2024-12-05 13:20:56.855 [main] INFO  com.apiTests.requests.serviceRequests.user_controller.LoginTests - Status Code: 200
2024-12-05 13:20:56.870 [main] INFO  com.apiTests.serviceSteps.serviceTestSteps.userController.LoginSteps - The system has been logged in with a valid username and password
2024-12-05 13:20:56.870 [main] INFO  com.apiTests.serviceSteps.serviceTestSteps.userController.LoginSteps - The username in the response matches the request
2024-12-05 13:20:56.886 [main] INFO  com.apiTests.requests.HelperMethod - The content was successfully written to the file: src/test/resources/txtFiles/accessToken.txt
2024-12-05 13:20:56.886 [main] INFO  com.apiTests.serviceSteps.serviceTestSteps.userController.LoginSteps - The Access Token has been saved: eyJ0eXAiOiJKV1QiLCJhbGciOiJIUzUxMiJ9.eyJzdWIiOiIxOSIsImF1ZCI6ImFjY2VzcyIsInVzciI6IlNpc3RlbSBZw7ZuZXRpY2lzaSBBU0VMU0FOIiwiaXNzIjoiYXNlbHNhbi5rYXJkZWxlbiIsInJqdGkiOiI4MGM4NDg1Yy05NzEyLTQzZGUtYWU1NC03YjRkNmJjY2U1OTYiLCJleHAiOjE3MzMzOTQ2NTUsImlhdCI6MTczMzM5NDA1NSwianRpIjoiOWQ4NWQ4N2YtYzkzNi00ZTk0LWExNTYtZmQ0NjEzZjk1NDljIn0.CxMfyQIDpVL0cOAm5hbqm2jJIzQqTggAT0jFvYVvStxPDZ-Hhs1Y3GroYsRkjVI18sxEkawmK5dBf4NS7h8B5Q
2024-12-05 13:20:57.293 [main] INFO  com.apiTests.requests.serviceRequests.zone_controller.ZonesTests - Response received: [{"id":-1,"name":"K11_"},{"id":22,"name":"Üs"},{"id":28,"name":"Hotel Loop"},{"id":29,"name":"India Loop"},{"id":140,"name":"2125"},{"id":141,"name":"2123"},{"id":142,"name":"2121"},{"id":143,"name":"2119"},{"id":144,"name":"2111"},{"id":145,"name":"2109"},{"id":146,"name":"2107"},{"id":147,"name":"2108"},{"id":148,"name":"2101"},{"id":149,"name":"2100"},{"id":150,"name":"2102"},{"id":151,"name":"2112"},{"id":152,"name":"2116"},{"id":153,"name":"2118"},{"id":154,"name":"2120"},{"id":155,"name":"2122"},{"id":156,"name":"2124"},{"id":157,"name":"2126"},{"id":158,"name":"2131"},{"id":159,"name":"2129"},{"id":160,"name":"2127"},{"id":165,"name":"2209"},{"id":171,"name":"INDIA-1 AIRCRAFT GATE"},{"id":172,"name":"HOTEL-1 AIRCRAFT GATE"},{"id":173,"name":"V-9 VEHICLE GATE"},{"id":174,"name":"COOPS VEHICLE GATE"},{"id":175,"name":"INDIA-13 AIRCRAFT GATE"},{"id":245,"name":"merve"},{"id":246,"name":"deneme"},{"id":252,"name":"K1_"},{"id":285,"name":"K2_"},{"id":286,"name":"K3_"},{"id":287,"name":"K4_"},{"id":288,"name":"K5_"},{"id":289,"name":"K6_"},{"id":290,"name":"K7_"},{"id":291,"name":"K8_"},{"id":292,"name":"K9_"},{"id":293,"name":"K10_"},{"id":295,"name":"K12_"},{"id":298,"name":"K13_"},{"id":299,"name":"K14_"},{"id":300,"name":"K15_"},{"id":301,"name":"K16_"},{"id":306,"name":"54A_son"},{"id":307,"name":"57A_son"},{"id":308,"name":"eren1"},{"id":310,"name":"47_TG"},{"id":311,"name":"47_Cit"},{"id":314,"name":"üs_2016"},{"id":315,"name":"AK1-1"},{"id":317,"name":"AK1-2"},{"id":320,"name":"sil2"},{"id":321,"name":"sil3"},{"id":322,"name":"sil4"},{"id":323,"name":"sil"},{"id":324,"name":"merve"},{"id":327,"name":"deneme"},{"id":328,"name":"mer"},{"id":330,"name":"deneme-1"},{"id":331,"name":"sed"},{"id":332,"name":"sed"},{"id":335,"name":"K_new"},{"id":336,"name":"K-hesap"},{"id":337,"name":"poly5.3"},{"id":338,"name":"devriye2"},{"id":339,"name":"devriye3"},{"id":340,"name":"VG2_1"},{"id":341,"name":"devriye4"},{"id":342,"name":"devriye5"},{"id":343,"name":"devriye6"},{"id":344,"name":"devriye7"},{"id":345,"name":"devriye8"},{"id":346,"name":"devriye9"},{"id":347,"name":"devriye10"},{"id":348,"name":"devriye11"},{"id":349,"name":"p1"},{"id":350,"name":"p2"},{"id":351,"name":"VG2_2"},{"id":359,"name":"üs1"},{"id":361,"name":"üs2"},{"id":362,"name":"üs3"},{"id":363,"name":"üs4"},{"id":364,"name":"üs5"},{"id":365,"name":"üs6"},{"id":366,"name":"üs7"},{"id":367,"name":"AG1_1"},{"id":368,"name":"santiye"},{"id":369,"name":"üs8"},{"id":370,"name":"üs9"},{"id":371,"name":"üs10"},{"id":405,"name":"C1_LVSB13"},{"id":406,"name":"C2_LVSB7"},{"id":407,"name":"C3_LVSB13"},{"id":410,"name":"C4_LVSB46"},{"id":411,"name":"C5_LVSB43"},{"id":413,"name":"üs11"},{"id":414,"name":"AG1_2"},{"id":415,"name":"C1"},{"id":416,"name":"S1_LVSB53"},{"id":417,"name":"S1_LVSB51"},{"id":418,"name":"S1_LVSB46"},{"id":419,"name":"S1_LVSB5"},{"id":420,"name":"tel"},{"id":456,"name":"D13"},{"id":457,"name":"K13"},{"id":458,"name":"K12"},{"id":459,"name":"eren1"},{"id":460,"name":"2209sagust"},{"id":461,"name":"K21"},{"id":462,"name":"K.111"},{"id":463,"name":"K.10"},{"id":464,"name":"K.9"},{"id":465,"name":"K.8"},{"id":466,"name":"K.7"},{"id":467,"name":"K.6"},{"id":468,"name":"K.5"},{"id":469,"name":"K.4"},{"id":470,"name":"K.3"},{"id":471,"name":"K.2"},{"id":472,"name":"K.1"},{"id":473,"name":"K.19"},{"id":474,"name":"K.18"},{"id":475,"name":"K.161"},{"id":476,"name":"K.15"},{"id":477,"name":"K.14"},{"id":478,"name":"K.20"},{"id":479,"name":"K.21"},{"id":480,"name":"K.221"},{"id":481,"name":"K.233"},{"id":482,"name":"K.244"},{"id":483,"name":"cit2016"},{"id":484,"name":"LVSB45"},{"id":485,"name":"LVSB47"},{"id":486,"name":"LVSB49"},{"id":487,"name":"LVSB50"},{"id":488,"name":"LVSB52"},{"id":489,"name":"LVSB54"},{"id":490,"name":"LVSB55"},{"id":491,"name":"LVSB57"},{"id":492,"name":"LVSB4"},{"id":493,"name":"LVSB6"},{"id":494,"name":"LVSB12"},{"id":495,"name":"LVSB17"},{"id":496,"name":"LVSB19"},{"id":497,"name":"LVSB24"},{"id":498,"name":"LVSB21"},{"id":499,"name":"LVSB29"},{"id":500,"name":"LVSB32"},{"id":501,"name":"LVSB31"},{"id":502,"name":"LVSB34"},{"id":503,"name":"2209_sagust"},{"id":504,"name":"LVSB37"},{"id":505,"name":"LVSB36"},{"id":506,"name":"LVSB42"},{"id":507,"name":"LVSB44"},{"id":508,"name":"VG2_1"},{"id":509,"name":"VG2_2"},{"id":510,"name":"AG1_1"},{"id":511,"name":"AG1_2"},{"id":512,"name":"AG2_1"},{"id":513,"name":"AG2_2"},{"id":514,"name":"AG3_1"},{"id":515,"name":"AG3_2"},{"id":516,"name":"VG1_1"},{"id":517,"name":"VG1_2"},{"id":518,"name":"LVSB12_new"},{"id":519,"name":"LVSB19_new"},{"id":520,"name":"LVSB29_new"},{"id":668,"name":"LVSB19_28Mart"},{"id":670,"name":"Sector-01"},{"id":671,"name":"Sector-02"},{"id":672,"name":"Sector-03"},{"id":674,"name":"Sector-04"},{"id":675,"name":"Sector-05"},{"id":676,"name":"Sector-06"},{"id":677,"name":"Sector-07"},{"id":678,"name":"Sector-08"},{"id":679,"name":"Sector-09"},{"id":681,"name":"Sector-11"},{"id":682,"name":"Sector-12"},{"id":683,"name":"Sector-13"},{"id":684,"name":"Sector-14"},{"id":686,"name":"Sector-15"},{"id":687,"name":"Sector-16"},{"id":688,"name":"Sector-17"},{"id":689,"name":"Sector-18"},{"id":690,"name":"Sector-19"},{"id":691,"name":"Sector-20"},{"id":692,"name":"Sector-21"},{"id":693,"name":"Sector-22"},{"id":694,"name":"Sector-23"},{"id":695,"name":"I-13 Gate"},{"id":696,"name":"I-1 Gate"},{"id":698,"name":"H-1 Gate"},{"id":699,"name":"V-9 Gate"},{"id":701,"name":"Coops Gate"},{"id":705,"name":"Sector-10"},{"id":708,"name":"S01F-S02S"},{"id":709,"name":"S02F"},{"id":710,"name":"S03S"},{"id":711,"name":"S03F"},{"id":712,"name":"S04S"},{"id":713,"name":"S04F-S05S"},{"id":714,"name":"S05F-S06S"},{"id":715,"name":"S06F-S07S"},{"id":716,"name":"S07F"},{"id":717,"name":"S08S"},{"id":718,"name":"S08F-S09S"},{"id":719,"name":"S09F-S10S"},{"id":720,"name":"S10F-S11S"},{"id":721,"name":"S11F-S12S"},{"id":722,"name":"S12F-S13S"},{"id":723,"name":"S13F"},{"id":724,"name":"S14S"},{"id":725,"name":"S14F-S15S"},{"id":726,"name":"S15F-S16S"},{"id":727,"name":"S16F-S17S"},{"id":728,"name":"S17F-S18S"},{"id":729,"name":"S18F-S19S"},{"id":730,"name":"S19F-S20S"},{"id":731,"name":"S20F-S21S"},{"id":732,"name":"S21F-S22S"},{"id":733,"name":"S22F-S23S"},{"id":734,"name":"S23F"},{"id":735,"name":"S01S"},{"id":736,"name":"S04M"},{"id":737,"name":"S07M"},{"id":738,"name":"Nizamiye"},{"id":739,"name":"Ana yol"},{"id":740,"name":"Otopark Çıkış"},{"id":741,"name":"Yan Yol"},{"id":742,"name":"deneme tulın"},{"id":743,"name":"test"},{"id":744,"name":"asd"},{"id":745,"name":"tmm"},{"id":746,"name":"tmm2"},{"id":765,"name":"mert1"},{"id":767,"name":"Kamera-1"},{"id":768,"name":"Kamera-4"},{"id":769,"name":"Kamera-2"},{"id":770,"name":"Kamera-3"}]
2024-12-05 13:20:57.293 [main] INFO  com.apiTests.requests.serviceRequests.zone_controller.ZonesTests - Status Code: 200
2024-12-05 13:20:57.309 [main] INFO  com.apiTests.requests.serviceRequests.zone_controller.ZonesTests - 0. Zone: K11_
2024-12-05 13:20:57.309 [main] INFO  com.apiTests.requests.serviceRequests.zone_controller.ZonesTests - 1. Zone: Üs
2024-12-05 13:20:57.309 [main] INFO  com.apiTests.requests.serviceRequests.zone_controller.ZonesTests - 2. Zone: Hotel Loop
2024-12-05 13:20:57.309 [main] INFO  com.apiTests.requests.serviceRequests.zone_controller.ZonesTests - 3. Zone: India Loop
2024-12-05 13:20:57.309 [main] INFO  com.apiTests.requests.serviceRequests.zone_controller.ZonesTests - 4. Zone: 2125
2024-12-05 13:20:57.309 [main] INFO  com.apiTests.requests.serviceRequests.zone_controller.ZonesTests - 5. Zone: 2123
2024-12-05 13:20:57.309 [main] INFO  com.apiTests.requests.serviceRequests.zone_controller.ZonesTests - 6. Zone: 2121
2024-12-05 13:20:57.309 [main] INFO  com.apiTests.requests.serviceRequests.zone_controller.ZonesTests - 7. Zone: 2119
2024-12-05 13:20:57.309 [main] INFO  com.apiTests.requests.serviceRequests.zone_controller.ZonesTests - 8. Zone: 2111
2024-12-05 13:20:57.309 [main] INFO  com.apiTests.requests.serviceRequests.zone_controller.ZonesTests - Zone found: 2111
2024-12-05 13:20:57.686 [main] INFO  com.apiTests.requests.serviceRequests.detection_controller.GetDetectionsTests - Response received: []
2024-12-05 13:20:57.686 [main] INFO  com.apiTests.requests.serviceRequests.detection_controller.GetDetectionsTests - Status Code: 200
2024-12-05 13:20:57.701 [main] ERROR com.apiTests.requests.serviceRequests.detection_controller.GetDetectionsTests - Detection List is empty!
]]></system-out>
  </testcase>
  <testcase name="Detection controller service, filter time parameters" classname="Get Detections" time="0.821">
    <system-out><![CDATA[2024-12-05 13:20:58.009 [main] INFO  com.apiTests.requests.serviceRequests.user_controller.LoginTests - Response received: {"user":{"name":"Sistem Yöneticisi","surname":"ASELSAN","username":"aselsan","detail":{"identityNumber":null,"email":null,"phoneNumber":null,"rank":null,"profilePicture":null,"supervisor":{"name":null,"surname":null}},"pushToken":null,"userLevelId":5,"userLevelName":"Aselsan","id":10},"tokenDetails":{"accessToken":"eyJ0eXAiOiJKV1QiLCJhbGciOiJIUzUxMiJ9.eyJzdWIiOiIxOSIsImF1ZCI6ImFjY2VzcyIsInVzciI6IlNpc3RlbSBZw7ZuZXRpY2lzaSBBU0VMU0FOIiwiaXNzIjoiYXNlbHNhbi5rYXJkZWxlbiIsInJqdGkiOiIwNTNjMDRhNy1hYjNkLTQ1ZWEtYjFkOC1jOWFhNjIwNzI3ZTAiLCJleHAiOjE3MzMzOTQ2NTYsImlhdCI6MTczMzM5NDA1NiwianRpIjoiNTZmZWQwMWQtZjBkMy00ZDExLTk1NGEtMjdhYjAyNzgwNWY1In0.K_iCYTJBBHIyAnYQOQ-0dTjHoRiHVOdVEkAEZs2vO-5q3WXWNGJ73-4D9wlrXQuWZUTH03x961Q3kHlPsId2kw","refreshToken":"eyJ0eXAiOiJKV1QiLCJhbGciOiJIUzUxMiJ9.eyJzdWIiOiIxOSIsImF1ZCI6InJlZnJlc2giLCJpc3MiOiJhc2Vsc2FuLmthcmRlbGVuIiwiZXhwIjoxNzMzNDMwMDU2LCJpYXQiOjE3MzMzOTQwNTYsImp0aSI6IjA1M2MwNGE3LWFiM2QtNDVlYS1iMWQ4LWM5YWE2MjA3MjdlMCJ9.rHpRxynz8DP6p32zzhwN6G0Bbbqcga146SskdpVWJnE8zY5YnHBNVX9voi1IRiD5l9ErUB-9Ia1AbQ7gH3g3RA"},"authorities":["right.detection.createdetection","right.detection.map","right.detection.detail","right.detection.detail.read","right.detection.detail.update","right.detection.filter","right.detection.sort","right.detection.sosmessage","right.task.filter","right.task.sort","right.task.detail","right.task.detail.read","right.task.detail.starttask","right.sensor.list","right.sensor.map","right.sensor.filter","right.sensor.sort","right.profile.read","right.detection","right.task","right.sensor","right.profile","right.detection.incominglist","right.task.outgoinglist","right.detection.outgoinglist","right.task.incominglist","right.task.attachments.list","right.alarm","right.alarm.list","right.alarm.map","right.alarm.filter","right.profile.usermanagement","right.profile.usermanagement.groupauthorization","right.profile.usermanagement.usergroup","right.sensor.detail","right.sensor.detail.read","right.sensor.detail.livestream"]}
2024-12-05 13:20:58.009 [main] INFO  com.apiTests.requests.serviceRequests.user_controller.LoginTests - Status Code: 200
2024-12-05 13:20:58.026 [main] INFO  com.apiTests.serviceSteps.serviceTestSteps.userController.LoginSteps - The system has been logged in with a valid username and password
2024-12-05 13:20:58.026 [main] INFO  com.apiTests.serviceSteps.serviceTestSteps.userController.LoginSteps - The username in the response matches the request
2024-12-05 13:20:58.041 [main] INFO  com.apiTests.requests.HelperMethod - The content was successfully written to the file: src/test/resources/txtFiles/accessToken.txt
2024-12-05 13:20:58.041 [main] INFO  com.apiTests.serviceSteps.serviceTestSteps.userController.LoginSteps - The Access Token has been saved: eyJ0eXAiOiJKV1QiLCJhbGciOiJIUzUxMiJ9.eyJzdWIiOiIxOSIsImF1ZCI6ImFjY2VzcyIsInVzciI6IlNpc3RlbSBZw7ZuZXRpY2lzaSBBU0VMU0FOIiwiaXNzIjoiYXNlbHNhbi5rYXJkZWxlbiIsInJqdGkiOiIwNTNjMDRhNy1hYjNkLTQ1ZWEtYjFkOC1jOWFhNjIwNzI3ZTAiLCJleHAiOjE3MzMzOTQ2NTYsImlhdCI6MTczMzM5NDA1NiwianRpIjoiNTZmZWQwMWQtZjBkMy00ZDExLTk1NGEtMjdhYjAyNzgwNWY1In0.K_iCYTJBBHIyAnYQOQ-0dTjHoRiHVOdVEkAEZs2vO-5q3WXWNGJ73-4D9wlrXQuWZUTH03x961Q3kHlPsId2kw
2024-12-05 13:20:58.522 [main] INFO  com.apiTests.requests.serviceRequests.detection_controller.GetDetectionsTests - Response received: [{"id":"00000000-0000-000a-0000-0191fe48104c","hasImage":false,"description":"upd","detectionCreateTime":1726548021324,"detectionUpdateTime":1731302021480,"location":{"lat":0.0,"lng":0.0},"zone":{"id":-1,"name":"K11_"},"updated":true,"signature":"upt","taskId":null,"taskStatus":null,"type":{"id":71,"name":"Unauthorized"}},{"id":"00000000-0000-000a-0000-0192ae738ba7","hasImage":false,"description":"upd","detectionCreateTime":1729503660967,"detectionUpdateTime":1731304535112,"location":{"lat":0.0,"lng":0.0},"zone":{"id":-1,"name":"K11_"},"updated":true,"signature":"upt","taskId":null,"taskStatus":null,"type":{"id":71,"name":"Unauthorized"}},{"id":"00000000-0000-000a-0000-019319efe98b","hasImage":false,"description":"twicee","detectionCreateTime":1731306973579,"detectionUpdateTime":1731307112646,"location":{"lat":0.0,"lng":0.0},"zone":{"id":-1,"name":"K11_"},"updated":true,"signature":"twicee","taskId":null,"taskStatus":null,"type":{"id":255,"name":"Emergency"}},{"id":"00000000-0000-000a-0000-01931a1cc36b","hasImage":false,"description":"130","detectionCreateTime":1731309912939,"detectionUpdateTime":null,"location":{"lat":37.754223,"lng":33.569424},"zone":{"id":-1,"name":"K11_"},"updated":false,"signature":"130","taskId":null,"taskStatus":null,"type":{"id":255,"name":"Emergency"}},{"id":"00000000-0000-000a-0000-01931a1edcfd","hasImage":false,"description":"955","detectionCreateTime":1731310050557,"detectionUpdateTime":1731310153382,"location":{"lat":0.0,"lng":0.0},"zone":{"id":-1,"name":"K11_"},"updated":true,"signature":"955","taskId":null,"taskStatus":null,"type":{"id":71,"name":"Unauthorized"}},{"id":"00000000-0000-000a-0000-01931a33b2cd","hasImage":false,"description":"jqueryy","detectionCreateTime":1731311416013,"detectionUpdateTime":1731313234581,"location":{"lat":0.0,"lng":0.0},"zone":{"id":-1,"name":"K11_"},"updated":true,"signature":"jqueryy","taskId":null,"taskStatus":null,"type":{"id":255,"name":"Emergency"}},{"id":"00000000-0000-000a-0000-01931aae317d","hasImage":false,"description":"parent","detectionCreateTime":1731319443837,"detectionUpdateTime":null,"location":{"lat":37.754223,"lng":33.569424},"zone":{"id":-1,"name":"K11_"},"updated":false,"signature":"parent","taskId":null,"taskStatus":null,"type":{"id":255,"name":"Emergency"}},{"id":"00000000-0000-000a-0000-01931ab09296","hasImage":false,"description":"parent","detectionCreateTime":1731319599766,"detectionUpdateTime":null,"location":{"lat":37.754223,"lng":33.569424},"zone":{"id":-1,"name":"K11_"},"updated":false,"signature":"parent","taskId":null,"taskStatus":null,"type":{"id":255,"name":"Emergency"}},{"id":"00000000-0000-000a-0000-01931ed56db1","hasImage":false,"description":"upt","detectionCreateTime":1731389124017,"detectionUpdateTime":1731389124967,"location":{"lat":37.754223,"lng":33.569424},"zone":{"id":-1,"name":"K11_"},"updated":true,"signature":"upt","taskId":null,"taskStatus":null,"type":{"id":255,"name":"Emergency"}},{"id":"00000000-0000-000a-0000-0193244ef1da","hasImage":false,"description":"Acil durum bildirimidir. Lütfen iletişime geçiniz.","detectionCreateTime":1731480973786,"detectionUpdateTime":1731480974803,"location":{"lat":40.7915734,"lng":29.5102751},"zone":{"id":-1,"name":"K11_"},"updated":true,"signature":null,"taskId":null,"taskStatus":null,"type":{"id":255,"name":"Emergency"}}]
2024-12-05 13:20:58.522 [main] INFO  com.apiTests.requests.serviceRequests.detection_controller.GetDetectionsTests - Status Code: 200
2024-12-05 13:20:58.522 [main] ERROR com.apiTests.requests.serviceRequests.detection_controller.GetDetectionsTests - The classification type filter does not used!
2024-12-05 13:20:58.522 [main] ERROR com.apiTests.requests.serviceRequests.detection_controller.GetDetectionsTests - The zone filter does not used!
2024-12-05 13:20:58.522 [main] INFO  com.apiTests.requests.serviceRequests.detection_controller.GetDetectionsTests - The start and finish time filter work without any problem!
]]></system-out>
  </testcase>
  <testcase name="Detection controller service, filter startTime" classname="Get Detections" time="0.768">
    <system-out><![CDATA[2024-12-05 13:20:58.851 [main] INFO  com.apiTests.requests.serviceRequests.user_controller.LoginTests - Response received: {"user":{"name":"Sistem Yöneticisi","surname":"ASELSAN","username":"aselsan","detail":{"identityNumber":null,"email":null,"phoneNumber":null,"rank":null,"profilePicture":null,"supervisor":{"name":null,"surname":null}},"pushToken":null,"userLevelId":5,"userLevelName":"Aselsan","id":10},"tokenDetails":{"accessToken":"eyJ0eXAiOiJKV1QiLCJhbGciOiJIUzUxMiJ9.eyJzdWIiOiIxOSIsImF1ZCI6ImFjY2VzcyIsInVzciI6IlNpc3RlbSBZw7ZuZXRpY2lzaSBBU0VMU0FOIiwiaXNzIjoiYXNlbHNhbi5rYXJkZWxlbiIsInJqdGkiOiI3ZjYwNDdhYS1jNGUxLTQ3ZDMtOTk3MS1lMmU4MjI0NGFjYmQiLCJleHAiOjE3MzMzOTQ2NTcsImlhdCI6MTczMzM5NDA1NywianRpIjoiNDc0MjliZjUtNTQ2YS00NTQ0LWE1NmYtM2E5ZjNkMzA5YjMyIn0.Djm_bNg9B9vLHw37_uliSp9xY_FrhI1GAKKvG3i9af0Ox8LjWlzXN_TCq5TSF8z4_cmQ3YWlxDoKjwRmUtRYbg","refreshToken":"eyJ0eXAiOiJKV1QiLCJhbGciOiJIUzUxMiJ9.eyJzdWIiOiIxOSIsImF1ZCI6InJlZnJlc2giLCJpc3MiOiJhc2Vsc2FuLmthcmRlbGVuIiwiZXhwIjoxNzMzNDMwMDU3LCJpYXQiOjE3MzMzOTQwNTcsImp0aSI6IjdmNjA0N2FhLWM0ZTEtNDdkMy05OTcxLWUyZTgyMjQ0YWNiZCJ9.pBfszWtj7Prk5G6Ml4hWrO3qrSBg4yOi4Erfc5qvv83GjvioUUIhSMGQ1pbOcweg18V1W-SX4uzlhaVu0yb5qA"},"authorities":["right.detection.createdetection","right.detection.map","right.detection.detail","right.detection.detail.read","right.detection.detail.update","right.detection.filter","right.detection.sort","right.detection.sosmessage","right.task.filter","right.task.sort","right.task.detail","right.task.detail.read","right.task.detail.starttask","right.sensor.list","right.sensor.map","right.sensor.filter","right.sensor.sort","right.profile.read","right.detection","right.task","right.sensor","right.profile","right.detection.incominglist","right.task.outgoinglist","right.detection.outgoinglist","right.task.incominglist","right.task.attachments.list","right.alarm","right.alarm.list","right.alarm.map","right.alarm.filter","right.profile.usermanagement","right.profile.usermanagement.groupauthorization","right.profile.usermanagement.usergroup","right.sensor.detail","right.sensor.detail.read","right.sensor.detail.livestream"]}
2024-12-05 13:20:58.851 [main] INFO  com.apiTests.requests.serviceRequests.user_controller.LoginTests - Status Code: 200
2024-12-05 13:20:58.867 [main] INFO  com.apiTests.serviceSteps.serviceTestSteps.userController.LoginSteps - The system has been logged in with a valid username and password
2024-12-05 13:20:58.867 [main] INFO  com.apiTests.serviceSteps.serviceTestSteps.userController.LoginSteps - The username in the response matches the request
2024-12-05 13:20:58.867 [main] INFO  com.apiTests.requests.HelperMethod - The content was successfully written to the file: src/test/resources/txtFiles/accessToken.txt
2024-12-05 13:20:58.867 [main] INFO  com.apiTests.serviceSteps.serviceTestSteps.userController.LoginSteps - The Access Token has been saved: eyJ0eXAiOiJKV1QiLCJhbGciOiJIUzUxMiJ9.eyJzdWIiOiIxOSIsImF1ZCI6ImFjY2VzcyIsInVzciI6IlNpc3RlbSBZw7ZuZXRpY2lzaSBBU0VMU0FOIiwiaXNzIjoiYXNlbHNhbi5rYXJkZWxlbiIsInJqdGkiOiI3ZjYwNDdhYS1jNGUxLTQ3ZDMtOTk3MS1lMmU4MjI0NGFjYmQiLCJleHAiOjE3MzMzOTQ2NTcsImlhdCI6MTczMzM5NDA1NywianRpIjoiNDc0MjliZjUtNTQ2YS00NTQ0LWE1NmYtM2E5ZjNkMzA5YjMyIn0.Djm_bNg9B9vLHw37_uliSp9xY_FrhI1GAKKvG3i9af0Ox8LjWlzXN_TCq5TSF8z4_cmQ3YWlxDoKjwRmUtRYbg
2024-12-05 13:20:59.290 [main] INFO  com.apiTests.requests.serviceRequests.detection_controller.GetDetectionsTests - Response received: [{"id":"00000000-0000-000a-0000-019344208bc7","hasImage":false,"description":"Acil durum bildirimidir. Lütfen iletişime geçiniz.","detectionCreateTime":1732014803911,"detectionUpdateTime":null,"location":{"lat":39.9654525,"lng":32.7665023},"zone":{"id":-1,"name":"K11_"},"updated":false,"signature":null,"taskId":null,"taskStatus":null,"type":{"id":255,"name":"Emergency"}},{"id":"00000000-0000-000a-0000-019348cb3c01","hasImage":false,"description":"Acil durum bildirimidir. Lütfen iletişime geçiniz.","detectionCreateTime":1732093099009,"detectionUpdateTime":null,"location":{"lat":39.9654146,"lng":32.7658788},"zone":{"id":-1,"name":"K11_"},"updated":false,"signature":null,"taskId":null,"taskStatus":null,"type":{"id":255,"name":"Emergency"}},{"id":"00000000-0000-000a-0000-019348cc74e3","hasImage":false,"description":"Acil durum bildirimidir. Lütfen iletişime geçiniz.","detectionCreateTime":1732093179107,"detectionUpdateTime":null,"location":{"lat":39.9654187,"lng":32.7659529},"zone":{"id":-1,"name":"K11_"},"updated":false,"signature":null,"taskId":null,"taskStatus":null,"type":{"id":255,"name":"Emergency"}},{"id":"00000000-0000-000a-0000-0193491d1bbe","hasImage":false,"description":"Acil durum bildirimidir. Lütfen iletişime geçiniz.","detectionCreateTime":1732098464702,"detectionUpdateTime":null,"location":{"lat":39.9654825,"lng":32.7666549},"zone":{"id":-1,"name":"K11_"},"updated":false,"signature":null,"taskId":null,"taskStatus":null,"type":{"id":255,"name":"Emergency"}},{"id":"00000000-0000-000a-0000-0193495fbcce","hasImage":true,"description":"test99","detectionCreateTime":1732102831310,"detectionUpdateTime":1732107511335,"location":{"lat":36.905217757446,"lng":30.71423458363418},"zone":{"id":-1,"name":"K11_"},"updated":true,"signature":"55sss321","taskId":null,"taskStatus":null,"type":{"id":3,"name":"Vehicle"}},{"id":"00000000-0000-000a-0000-0193636e7ba5","hasImage":false,"description":"Acil durum bildirimidir. Lütfen iletişime geçiniz.","detectionCreateTime":1732540005285,"detectionUpdateTime":null,"location":{"lat":39.9654542,"lng":32.7665294},"zone":{"id":-1,"name":"K11_"},"updated":false,"signature":null,"taskId":null,"taskStatus":null,"type":{"id":255,"name":"Emergency"}},{"id":"00000000-0000-000a-0000-019376a6451e","hasImage":true,"description":"Acil durum bildirimidir. Lütfen iletişime geçiniz.11","detectionCreateTime":1732862428446,"detectionUpdateTime":1732862529479,"location":{"lat":39.9654516,"lng":32.7665069},"zone":{"id":-1,"name":"K11_"},"updated":true,"signature":null,"taskId":null,"taskStatus":null,"type":{"id":255,"name":"Emergency"}},{"id":"00000000-0000-000a-0000-019376a59a9e","hasImage":false,"description":"Acil durum bildirimidir. Lütfen iletişime geçiniz.","detectionCreateTime":1732862384798,"detectionUpdateTime":null,"location":{"lat":39.9654525,"lng":32.7665147},"zone":{"id":-1,"name":"K11_"},"updated":false,"signature":null,"taskId":null,"taskStatus":null,"type":{"id":255,"name":"Emergency"}},{"id":"00000000-0000-000a-0000-01937788eb0f","hasImage":false,"description":"Acil durum bildirimidir. Lütfen iletişime geçiniz.","detectionCreateTime":1732877282063,"detectionUpdateTime":null,"location":{"lat":39.9654483,"lng":32.76652},"zone":{"id":-1,"name":"K11_"},"updated":false,"signature":null,"taskId":null,"taskStatus":null,"type":{"id":255,"name":"Emergency"}},{"id":"00000000-0000-000a-0000-019377894922","hasImage":false,"description":"Acil durum bildirimidir. Lütfen iletişime geçiniz.","detectionCreateTime":1732877306146,"detectionUpdateTime":null,"location":{"lat":39.965451,"lng":32.7665165},"zone":{"id":-1,"name":"K11_"},"updated":false,"signature":null,"taskId":null,"taskStatus":null,"type":{"id":255,"name":"Emergency"}}]
2024-12-05 13:20:59.290 [main] INFO  com.apiTests.requests.serviceRequests.detection_controller.GetDetectionsTests - Status Code: 200
2024-12-05 13:20:59.290 [main] ERROR com.apiTests.requests.serviceRequests.detection_controller.GetDetectionsTests - The classification type filter does not used!
2024-12-05 13:20:59.290 [main] ERROR com.apiTests.requests.serviceRequests.detection_controller.GetDetectionsTests - The zone filter does not used!
2024-12-05 13:20:59.290 [main] INFO  com.apiTests.requests.serviceRequests.detection_controller.GetDetectionsTests - The start time filter work without any problem!
]]></system-out>
  </testcase>
  <testcase name="Detection controller service, filter finishTime" classname="Get Detections" time="1.126">
    <failure message="The start time is null but the finish time is not null: This situation is not possible!" type="org.opentest4j.AssertionFailedError"><![CDATA[org.opentest4j.AssertionFailedError: The start time is null but the finish time is not null: This situation is not possible!
	at org.junit.jupiter.api.AssertionUtils.fail(AssertionUtils.java:38)
	at org.junit.jupiter.api.Assertions.fail(Assertions.java:135)
	at com.apiTests.requests.serviceRequests.detection_controller.GetDetectionsTests.filterTime(GetDetectionsTests.java:294)
	at com.apiTests.requests.serviceRequests.detection_controller.GetDetectionsTests.GetDetections(GetDetectionsTests.java:108)
	at com.apiTests.serviceSteps.serviceTestSteps.detectionController.GetDetectionsSteps.getDetections(GetDetectionsSteps.java:80)
	at ✽.the user gets Detections for "0" and "10"(file:///C:/Users/ALIRIZA/Desktop/api-test-otomasyonu/src/test/resources/features/02-detection-controller/01_GetDetections.feature:84)
]]></failure>
    <system-out><![CDATA[2024-12-05 13:20:59.933 [main] INFO  com.apiTests.requests.serviceRequests.user_controller.LoginTests - Response received: {"user":{"name":"Sistem Yöneticisi","surname":"ASELSAN","username":"aselsan","detail":{"identityNumber":null,"email":null,"phoneNumber":null,"rank":null,"profilePicture":null,"supervisor":{"name":null,"surname":null}},"pushToken":null,"userLevelId":5,"userLevelName":"Aselsan","id":10},"tokenDetails":{"accessToken":"eyJ0eXAiOiJKV1QiLCJhbGciOiJIUzUxMiJ9.eyJzdWIiOiIxOSIsImF1ZCI6ImFjY2VzcyIsInVzciI6IlNpc3RlbSBZw7ZuZXRpY2lzaSBBU0VMU0FOIiwiaXNzIjoiYXNlbHNhbi5rYXJkZWxlbiIsInJqdGkiOiI3NDE1YWI0MS04ODBkLTQ4ZmEtYmZmZS00NGExYmY2MGVkMGUiLCJleHAiOjE3MzMzOTQ2NTgsImlhdCI6MTczMzM5NDA1OCwianRpIjoiODJmZjk5ZTEtNGM0ZS00N2JiLWEzZmItMWE0ZGI1NzY4ODcyIn0.n_BHNw4hm8GV1jcvVRifwnUpGFhjxkHGEMtM-CmbcGh92UHh9U6qLmNYq63Ei8WtZ-HI2BMcDG8ZbIi_ENqYGA","refreshToken":"eyJ0eXAiOiJKV1QiLCJhbGciOiJIUzUxMiJ9.eyJzdWIiOiIxOSIsImF1ZCI6InJlZnJlc2giLCJpc3MiOiJhc2Vsc2FuLmthcmRlbGVuIiwiZXhwIjoxNzMzNDMwMDU4LCJpYXQiOjE3MzMzOTQwNTgsImp0aSI6Ijc0MTVhYjQxLTg4MGQtNDhmYS1iZmZlLTQ0YTFiZjYwZWQwZSJ9.53hAmLjcJaHl5A02VKKf-Q2Mtsf3RJIyJdmwx7d-BPxFJ4AX-cfQV4xiDtvSOG--P-fi17419xc5x-68tmesDQ"},"authorities":["right.detection.createdetection","right.detection.map","right.detection.detail","right.detection.detail.read","right.detection.detail.update","right.detection.filter","right.detection.sort","right.detection.sosmessage","right.task.filter","right.task.sort","right.task.detail","right.task.detail.read","right.task.detail.starttask","right.sensor.list","right.sensor.map","right.sensor.filter","right.sensor.sort","right.profile.read","right.detection","right.task","right.sensor","right.profile","right.detection.incominglist","right.task.outgoinglist","right.detection.outgoinglist","right.task.incominglist","right.task.attachments.list","right.alarm","right.alarm.list","right.alarm.map","right.alarm.filter","right.profile.usermanagement","right.profile.usermanagement.groupauthorization","right.profile.usermanagement.usergroup","right.sensor.detail","right.sensor.detail.read","right.sensor.detail.livestream"]}
2024-12-05 13:20:59.933 [main] INFO  com.apiTests.requests.serviceRequests.user_controller.LoginTests - Status Code: 200
2024-12-05 13:20:59.948 [main] INFO  com.apiTests.serviceSteps.serviceTestSteps.userController.LoginSteps - The system has been logged in with a valid username and password
2024-12-05 13:20:59.964 [main] INFO  com.apiTests.serviceSteps.serviceTestSteps.userController.LoginSteps - The username in the response matches the request
2024-12-05 13:20:59.964 [main] INFO  com.apiTests.requests.HelperMethod - The content was successfully written to the file: src/test/resources/txtFiles/accessToken.txt
2024-12-05 13:20:59.964 [main] INFO  com.apiTests.serviceSteps.serviceTestSteps.userController.LoginSteps - The Access Token has been saved: eyJ0eXAiOiJKV1QiLCJhbGciOiJIUzUxMiJ9.eyJzdWIiOiIxOSIsImF1ZCI6ImFjY2VzcyIsInVzciI6IlNpc3RlbSBZw7ZuZXRpY2lzaSBBU0VMU0FOIiwiaXNzIjoiYXNlbHNhbi5rYXJkZWxlbiIsInJqdGkiOiI3NDE1YWI0MS04ODBkLTQ4ZmEtYmZmZS00NGExYmY2MGVkMGUiLCJleHAiOjE3MzMzOTQ2NTgsImlhdCI6MTczMzM5NDA1OCwianRpIjoiODJmZjk5ZTEtNGM0ZS00N2JiLWEzZmItMWE0ZGI1NzY4ODcyIn0.n_BHNw4hm8GV1jcvVRifwnUpGFhjxkHGEMtM-CmbcGh92UHh9U6qLmNYq63Ei8WtZ-HI2BMcDG8ZbIi_ENqYGA
2024-12-05 13:21:00.416 [main] INFO  com.apiTests.requests.serviceRequests.detection_controller.GetDetectionsTests - Response received: [{"id":"00000000-0000-000a-0000-0192f605e9db","hasImage":false,"description":"upp","detectionCreateTime":1730704435675,"detectionUpdateTime":1730804907029,"location":{"lat":0.0,"lng":0.0},"zone":{"id":-1,"name":"K11_"},"updated":true,"signature":"upp","taskId":null,"taskStatus":null,"type":{"id":71,"name":"Unauthorized"}},{"id":"00000000-0000-000a-0000-0192b45e1551","hasImage":true,"description":"car58","detectionCreateTime":1729602917713,"detectionUpdateTime":1731060347446,"location":{"lat":44.62059838491688,"lng":33.761569193133305},"zone":{"id":-1,"name":"K11_"},"updated":true,"signature":"06uu321","taskId":null,"taskStatus":null,"type":{"id":3,"name":"Vehicle"}},{"id":"00000000-0000-000a-0000-01930b45f2a9","hasImage":false,"description":"da","detectionCreateTime":1731060953769,"detectionUpdateTime":1731060954753,"location":{"lat":39.96669068994513,"lng":32.76807441194585},"zone":{"id":-1,"name":"K11_"},"updated":true,"signature":"da","taskId":null,"taskStatus":null,"type":{"id":193,"name":"Alarm"}},{"id":"00000000-0000-000a-0000-01930b55fece","hasImage":false,"description":"y","detectionCreateTime":1731062005454,"detectionUpdateTime":null,"location":{"lat":39.031,"lng":35.252},"zone":{"id":-1,"name":"K11_"},"updated":false,"signature":"x","taskId":"957aa425-34a7-4889-8f01-37065a60a7fb","taskStatus":6,"type":{"id":193,"name":"Alarm"}},{"id":"00000000-0000-000a-0000-019319efe98b","hasImage":false,"description":"twicee","detectionCreateTime":1731306973579,"detectionUpdateTime":1731307112646,"location":{"lat":0.0,"lng":0.0},"zone":{"id":-1,"name":"K11_"},"updated":true,"signature":"twicee","taskId":null,"taskStatus":null,"type":{"id":255,"name":"Emergency"}},{"id":"00000000-0000-000a-0000-01931a1cc36b","hasImage":false,"description":"130","detectionCreateTime":1731309912939,"detectionUpdateTime":null,"location":{"lat":37.754223,"lng":33.569424},"zone":{"id":-1,"name":"K11_"},"updated":false,"signature":"130","taskId":null,"taskStatus":null,"type":{"id":255,"name":"Emergency"}},{"id":"00000000-0000-000a-0000-01931a1edcfd","hasImage":false,"description":"955","detectionCreateTime":1731310050557,"detectionUpdateTime":1731310153382,"location":{"lat":0.0,"lng":0.0},"zone":{"id":-1,"name":"K11_"},"updated":true,"signature":"955","taskId":null,"taskStatus":null,"type":{"id":71,"name":"Unauthorized"}},{"id":"00000000-0000-000a-0000-01931a33b2cd","hasImage":false,"description":"jqueryy","detectionCreateTime":1731311416013,"detectionUpdateTime":1731313234581,"location":{"lat":0.0,"lng":0.0},"zone":{"id":-1,"name":"K11_"},"updated":true,"signature":"jqueryy","taskId":null,"taskStatus":null,"type":{"id":255,"name":"Emergency"}},{"id":"00000000-0000-000a-0000-01931aae317d","hasImage":false,"description":"parent","detectionCreateTime":1731319443837,"detectionUpdateTime":null,"location":{"lat":37.754223,"lng":33.569424},"zone":{"id":-1,"name":"K11_"},"updated":false,"signature":"parent","taskId":null,"taskStatus":null,"type":{"id":255,"name":"Emergency"}},{"id":"00000000-0000-000a-0000-01931ab09296","hasImage":false,"description":"parent","detectionCreateTime":1731319599766,"detectionUpdateTime":null,"location":{"lat":37.754223,"lng":33.569424},"zone":{"id":-1,"name":"K11_"},"updated":false,"signature":"parent","taskId":null,"taskStatus":null,"type":{"id":255,"name":"Emergency"}}]
2024-12-05 13:21:00.416 [main] INFO  com.apiTests.requests.serviceRequests.detection_controller.GetDetectionsTests - Status Code: 200
2024-12-05 13:21:00.416 [main] ERROR com.apiTests.requests.serviceRequests.detection_controller.GetDetectionsTests - The classification type filter does not used!
2024-12-05 13:21:00.416 [main] ERROR com.apiTests.requests.serviceRequests.detection_controller.GetDetectionsTests - The zone filter does not used!
2024-12-05 13:21:00.416 [main] ERROR com.apiTests.requests.serviceRequests.detection_controller.GetDetectionsTests - The start time is null but the finish time is not null: This situation is not possible!
]]></system-out>
  </testcase>
  <testcase name="Detection controller service, filter createdByMe #1" classname="Get Detections" time="0.721">
    <system-out><![CDATA[2024-12-05 13:21:00.683 [main] INFO  com.apiTests.requests.serviceRequests.user_controller.LoginTests - Response received: {"user":{"name":"Sistem Yöneticisi","surname":"ASELSAN","username":"aselsan","detail":{"identityNumber":null,"email":null,"phoneNumber":null,"rank":null,"profilePicture":null,"supervisor":{"name":null,"surname":null}},"pushToken":null,"userLevelId":5,"userLevelName":"Aselsan","id":10},"tokenDetails":{"accessToken":"eyJ0eXAiOiJKV1QiLCJhbGciOiJIUzUxMiJ9.eyJzdWIiOiIxOSIsImF1ZCI6ImFjY2VzcyIsInVzciI6IlNpc3RlbSBZw7ZuZXRpY2lzaSBBU0VMU0FOIiwiaXNzIjoiYXNlbHNhbi5rYXJkZWxlbiIsInJqdGkiOiJiOTYwNDM5ZS0wMGU1LTQ0YzAtYWQ3Yy03M2EwMGE5YWRhMTYiLCJleHAiOjE3MzMzOTQ2NTksImlhdCI6MTczMzM5NDA1OSwianRpIjoiZWM1NjM4ZGItYWI3Yi00YzM5LWIzY2MtMTJjMDAwYzZjYTBlIn0.OOsY0eOrrTgOMBUjIOxDsydR2FtU_TzWodtxXQuMrIw9mQCXSTeDj0ml9CYPDVrcqGDTRIonZ66dfLFVQyp_5A","refreshToken":"eyJ0eXAiOiJKV1QiLCJhbGciOiJIUzUxMiJ9.eyJzdWIiOiIxOSIsImF1ZCI6InJlZnJlc2giLCJpc3MiOiJhc2Vsc2FuLmthcmRlbGVuIiwiZXhwIjoxNzMzNDMwMDU5LCJpYXQiOjE3MzMzOTQwNTksImp0aSI6ImI5NjA0MzllLTAwZTUtNDRjMC1hZDdjLTczYTAwYTlhZGExNiJ9.MCHE0bcXGlUhprpo8HG8BKXAW5gB1lmFt4tVEiVzsouN2_l4bF71QK6klLIa5WAXGdL6fezVFPTej1P156-YzA"},"authorities":["right.detection.createdetection","right.detection.map","right.detection.detail","right.detection.detail.read","right.detection.detail.update","right.detection.filter","right.detection.sort","right.detection.sosmessage","right.task.filter","right.task.sort","right.task.detail","right.task.detail.read","right.task.detail.starttask","right.sensor.list","right.sensor.map","right.sensor.filter","right.sensor.sort","right.profile.read","right.detection","right.task","right.sensor","right.profile","right.detection.incominglist","right.task.outgoinglist","right.detection.outgoinglist","right.task.incominglist","right.task.attachments.list","right.alarm","right.alarm.list","right.alarm.map","right.alarm.filter","right.profile.usermanagement","right.profile.usermanagement.groupauthorization","right.profile.usermanagement.usergroup","right.sensor.detail","right.sensor.detail.read","right.sensor.detail.livestream"]}
2024-12-05 13:21:00.683 [main] INFO  com.apiTests.requests.serviceRequests.user_controller.LoginTests - Status Code: 200
2024-12-05 13:21:00.699 [main] INFO  com.apiTests.serviceSteps.serviceTestSteps.userController.LoginSteps - The system has been logged in with a valid username and password
2024-12-05 13:21:00.714 [main] INFO  com.apiTests.serviceSteps.serviceTestSteps.userController.LoginSteps - The username in the response matches the request
2024-12-05 13:21:00.714 [main] INFO  com.apiTests.requests.HelperMethod - The content was successfully written to the file: src/test/resources/txtFiles/accessToken.txt
2024-12-05 13:21:00.714 [main] INFO  com.apiTests.serviceSteps.serviceTestSteps.userController.LoginSteps - The Access Token has been saved: eyJ0eXAiOiJKV1QiLCJhbGciOiJIUzUxMiJ9.eyJzdWIiOiIxOSIsImF1ZCI6ImFjY2VzcyIsInVzciI6IlNpc3RlbSBZw7ZuZXRpY2lzaSBBU0VMU0FOIiwiaXNzIjoiYXNlbHNhbi5rYXJkZWxlbiIsInJqdGkiOiJiOTYwNDM5ZS0wMGU1LTQ0YzAtYWQ3Yy03M2EwMGE5YWRhMTYiLCJleHAiOjE3MzMzOTQ2NTksImlhdCI6MTczMzM5NDA1OSwianRpIjoiZWM1NjM4ZGItYWI3Yi00YzM5LWIzY2MtMTJjMDAwYzZjYTBlIn0.OOsY0eOrrTgOMBUjIOxDsydR2FtU_TzWodtxXQuMrIw9mQCXSTeDj0ml9CYPDVrcqGDTRIonZ66dfLFVQyp_5A
2024-12-05 13:21:01.153 [main] INFO  com.apiTests.requests.serviceRequests.detection_controller.GetDetectionsTests - Response received: [{"id":"00000000-0000-000a-0000-0192f605e9db","hasImage":false,"description":"upp","detectionCreateTime":1730704435675,"detectionUpdateTime":1730804907029,"location":{"lat":0.0,"lng":0.0},"zone":{"id":-1,"name":"K11_"},"updated":true,"signature":"upp","taskId":null,"taskStatus":null,"type":{"id":71,"name":"Unauthorized"}},{"id":"00000000-0000-000a-0000-0192b45e1551","hasImage":true,"description":"car58","detectionCreateTime":1729602917713,"detectionUpdateTime":1731060347446,"location":{"lat":44.62059838491688,"lng":33.761569193133305},"zone":{"id":-1,"name":"K11_"},"updated":true,"signature":"06uu321","taskId":null,"taskStatus":null,"type":{"id":3,"name":"Vehicle"}},{"id":"00000000-0000-000a-0000-01930b45f2a9","hasImage":false,"description":"da","detectionCreateTime":1731060953769,"detectionUpdateTime":1731060954753,"location":{"lat":39.96669068994513,"lng":32.76807441194585},"zone":{"id":-1,"name":"K11_"},"updated":true,"signature":"da","taskId":null,"taskStatus":null,"type":{"id":193,"name":"Alarm"}},{"id":"00000000-0000-000a-0000-01930b55fece","hasImage":false,"description":"y","detectionCreateTime":1731062005454,"detectionUpdateTime":null,"location":{"lat":39.031,"lng":35.252},"zone":{"id":-1,"name":"K11_"},"updated":false,"signature":"x","taskId":"957aa425-34a7-4889-8f01-37065a60a7fb","taskStatus":6,"type":{"id":193,"name":"Alarm"}},{"id":"00000000-0000-000a-0000-019319efe98b","hasImage":false,"description":"twicee","detectionCreateTime":1731306973579,"detectionUpdateTime":1731307112646,"location":{"lat":0.0,"lng":0.0},"zone":{"id":-1,"name":"K11_"},"updated":true,"signature":"twicee","taskId":null,"taskStatus":null,"type":{"id":255,"name":"Emergency"}},{"id":"00000000-0000-000a-0000-01931a1cc36b","hasImage":false,"description":"130","detectionCreateTime":1731309912939,"detectionUpdateTime":null,"location":{"lat":37.754223,"lng":33.569424},"zone":{"id":-1,"name":"K11_"},"updated":false,"signature":"130","taskId":null,"taskStatus":null,"type":{"id":255,"name":"Emergency"}},{"id":"00000000-0000-000a-0000-01931a1edcfd","hasImage":false,"description":"955","detectionCreateTime":1731310050557,"detectionUpdateTime":1731310153382,"location":{"lat":0.0,"lng":0.0},"zone":{"id":-1,"name":"K11_"},"updated":true,"signature":"955","taskId":null,"taskStatus":null,"type":{"id":71,"name":"Unauthorized"}},{"id":"00000000-0000-000a-0000-01931a33b2cd","hasImage":false,"description":"jqueryy","detectionCreateTime":1731311416013,"detectionUpdateTime":1731313234581,"location":{"lat":0.0,"lng":0.0},"zone":{"id":-1,"name":"K11_"},"updated":true,"signature":"jqueryy","taskId":null,"taskStatus":null,"type":{"id":255,"name":"Emergency"}},{"id":"00000000-0000-000a-0000-01931aae317d","hasImage":false,"description":"parent","detectionCreateTime":1731319443837,"detectionUpdateTime":null,"location":{"lat":37.754223,"lng":33.569424},"zone":{"id":-1,"name":"K11_"},"updated":false,"signature":"parent","taskId":null,"taskStatus":null,"type":{"id":255,"name":"Emergency"}},{"id":"00000000-0000-000a-0000-01931ab09296","hasImage":false,"description":"parent","detectionCreateTime":1731319599766,"detectionUpdateTime":null,"location":{"lat":37.754223,"lng":33.569424},"zone":{"id":-1,"name":"K11_"},"updated":false,"signature":"parent","taskId":null,"taskStatus":null,"type":{"id":255,"name":"Emergency"}}]
2024-12-05 13:21:01.153 [main] INFO  com.apiTests.requests.serviceRequests.detection_controller.GetDetectionsTests - Status Code: 200
2024-12-05 13:21:01.153 [main] ERROR com.apiTests.requests.serviceRequests.detection_controller.GetDetectionsTests - The classification type filter does not used!
2024-12-05 13:21:01.153 [main] ERROR com.apiTests.requests.serviceRequests.detection_controller.GetDetectionsTests - The zone filter does not used!
2024-12-05 13:21:01.153 [main] INFO  com.apiTests.requests.serviceRequests.detection_controller.GetDetectionsTests - The start time and the finish time filter do not used!
]]></system-out>
  </testcase>
  <testcase name="Detection controller service, filter createdByMe #2" classname="Get Detections" time="1.078">
    <system-out><![CDATA[2024-12-05 13:21:01.482 [main] INFO  com.apiTests.requests.serviceRequests.user_controller.LoginTests - Response received: {"user":{"name":"Sistem Yöneticisi","surname":"ASELSAN","username":"aselsan","detail":{"identityNumber":null,"email":null,"phoneNumber":null,"rank":null,"profilePicture":null,"supervisor":{"name":null,"surname":null}},"pushToken":null,"userLevelId":5,"userLevelName":"Aselsan","id":10},"tokenDetails":{"accessToken":"eyJ0eXAiOiJKV1QiLCJhbGciOiJIUzUxMiJ9.eyJzdWIiOiIxOSIsImF1ZCI6ImFjY2VzcyIsInVzciI6IlNpc3RlbSBZw7ZuZXRpY2lzaSBBU0VMU0FOIiwiaXNzIjoiYXNlbHNhbi5rYXJkZWxlbiIsInJqdGkiOiJhN2EyZmU3Yi05MDczLTQ4NDUtYjQ2My05MmYyZGU1YWRkYmUiLCJleHAiOjE3MzMzOTQ2NjAsImlhdCI6MTczMzM5NDA2MCwianRpIjoiYzI5ZTY0YTAtNTkzNC00ZmZkLWI3MTMtYzZkOTg5Y2IwNWUzIn0.bTs1lunIIkY-GMDx06vB-A971WqUbHbbuHZGryyU7ZITI8Gx3pZcLCpRPWqBv0_LRchSL_PHWjae1Kse4xGwEw","refreshToken":"eyJ0eXAiOiJKV1QiLCJhbGciOiJIUzUxMiJ9.eyJzdWIiOiIxOSIsImF1ZCI6InJlZnJlc2giLCJpc3MiOiJhc2Vsc2FuLmthcmRlbGVuIiwiZXhwIjoxNzMzNDMwMDYwLCJpYXQiOjE3MzMzOTQwNjAsImp0aSI6ImE3YTJmZTdiLTkwNzMtNDg0NS1iNDYzLTkyZjJkZTVhZGRiZSJ9.rlXNiB2F3XtnJDb7glq6gI2NTVajuO72MupC0ouK2FIOk739-RXXA03YgfYbV031AnF3HWV5raaGE75ICFSySA"},"authorities":["right.detection.createdetection","right.detection.map","right.detection.detail","right.detection.detail.read","right.detection.detail.update","right.detection.filter","right.detection.sort","right.detection.sosmessage","right.task.filter","right.task.sort","right.task.detail","right.task.detail.read","right.task.detail.starttask","right.sensor.list","right.sensor.map","right.sensor.filter","right.sensor.sort","right.profile.read","right.detection","right.task","right.sensor","right.profile","right.detection.incominglist","right.task.outgoinglist","right.detection.outgoinglist","right.task.incominglist","right.task.attachments.list","right.alarm","right.alarm.list","right.alarm.map","right.alarm.filter","right.profile.usermanagement","right.profile.usermanagement.groupauthorization","right.profile.usermanagement.usergroup","right.sensor.detail","right.sensor.detail.read","right.sensor.detail.livestream"]}
2024-12-05 13:21:01.482 [main] INFO  com.apiTests.requests.serviceRequests.user_controller.LoginTests - Status Code: 200
2024-12-05 13:21:01.499 [main] INFO  com.apiTests.serviceSteps.serviceTestSteps.userController.LoginSteps - The system has been logged in with a valid username and password
2024-12-05 13:21:01.499 [main] INFO  com.apiTests.serviceSteps.serviceTestSteps.userController.LoginSteps - The username in the response matches the request
2024-12-05 13:21:01.499 [main] INFO  com.apiTests.requests.HelperMethod - The content was successfully written to the file: src/test/resources/txtFiles/accessToken.txt
2024-12-05 13:21:01.499 [main] INFO  com.apiTests.serviceSteps.serviceTestSteps.userController.LoginSteps - The Access Token has been saved: eyJ0eXAiOiJKV1QiLCJhbGciOiJIUzUxMiJ9.eyJzdWIiOiIxOSIsImF1ZCI6ImFjY2VzcyIsInVzciI6IlNpc3RlbSBZw7ZuZXRpY2lzaSBBU0VMU0FOIiwiaXNzIjoiYXNlbHNhbi5rYXJkZWxlbiIsInJqdGkiOiJhN2EyZmU3Yi05MDczLTQ4NDUtYjQ2My05MmYyZGU1YWRkYmUiLCJleHAiOjE3MzMzOTQ2NjAsImlhdCI6MTczMzM5NDA2MCwianRpIjoiYzI5ZTY0YTAtNTkzNC00ZmZkLWI3MTMtYzZkOTg5Y2IwNWUzIn0.bTs1lunIIkY-GMDx06vB-A971WqUbHbbuHZGryyU7ZITI8Gx3pZcLCpRPWqBv0_LRchSL_PHWjae1Kse4xGwEw
2024-12-05 13:21:02.216 [main] INFO  com.apiTests.requests.serviceRequests.detection_controller.GetDetectionsTests - Response received: [{"id":"00000000-0000-014e-0000-01931eb0c389","hasImage":false,"description":"Acil durum bildirimidir. Lütfen iletişime geçiniz.","detectionCreateTime":1731386721161,"detectionUpdateTime":null,"location":{"lat":39.9656028,"lng":32.7661838},"zone":{"id":-1,"name":"K11_"},"updated":false,"signature":null,"taskId":null,"taskStatus":null,"username":"opName opSurname","type":{"id":255,"name":"Emergency"}},{"id":"00000000-0000-014e-0000-019329949731","hasImage":false,"description":"Acil durum bildirimidir. Lütfen iletişime geçiniz.","detectionCreateTime":1731569424177,"detectionUpdateTime":null,"location":{"lat":39.9654509,"lng":32.7665138},"zone":{"id":-1,"name":"K11_"},"updated":false,"signature":null,"taskId":null,"taskStatus":null,"username":"opName opSurname","type":{"id":255,"name":"Emergency"}},{"id":"00000000-0000-014e-0000-01932a3f7a69","hasImage":false,"description":"Acil durum bildirimidir. Lütfen iletişime geçiniz.","detectionCreateTime":1731580623465,"detectionUpdateTime":null,"location":{"lat":39.9654645,"lng":32.7664817},"zone":{"id":-1,"name":"K11_"},"updated":false,"signature":null,"taskId":null,"taskStatus":null,"username":"opName opSurname","type":{"id":255,"name":"Emergency"}},{"id":"00000000-0000-014e-0000-01932a4137bf","hasImage":false,"description":"rrr99","detectionCreateTime":1731580737471,"detectionUpdateTime":1731580773259,"location":{"lat":36.96503044737777,"lng":36.43311282152444},"zone":{"id":-1,"name":"K11_"},"updated":true,"signature":"rrr","taskId":null,"taskStatus":null,"username":"opName opSurname","type":{"id":3,"name":"Vehicle"}},{"id":"00000000-0000-014e-0000-01932a443ab6","hasImage":false,"description":"33339999","detectionCreateTime":1731580934838,"detectionUpdateTime":1731580952742,"location":{"lat":35.19063428016642,"lng":33.64827645919931},"zone":{"id":-1,"name":"K11_"},"updated":true,"signature":"44","taskId":null,"taskStatus":null,"username":"opName opSurname","type":{"id":71,"name":"Unauthorized"}},{"id":"00000000-0000-014e-0000-01932a46dcf5","hasImage":false,"description":"Acil durum bildirimidir. Lütfen iletişime geçiniz.11","detectionCreateTime":1731581107445,"detectionUpdateTime":1731581119550,"location":{"lat":39.9654611,"lng":32.7664854},"zone":{"id":-1,"name":"K11_"},"updated":true,"signature":null,"taskId":null,"taskStatus":null,"username":"opName opSurname","type":{"id":255,"name":"Emergency"}},{"id":"00000000-0000-014e-0000-01932a4e66c3","hasImage":false,"description":"Acil durum bildirimidir. Lütfen iletişime geçiniz.","detectionCreateTime":1731581601475,"detectionUpdateTime":null,"location":{"lat":39.9654516,"lng":32.7665003},"zone":{"id":-1,"name":"K11_"},"updated":false,"signature":null,"taskId":null,"taskStatus":null,"username":"opName opSurname","type":{"id":255,"name":"Emergency"}},{"id":"00000000-0000-014e-0000-01932a4f3bf9","hasImage":false,"description":"Acil durum bildirimidir. Lütfen iletişime geçiniz.","detectionCreateTime":1731581656057,"detectionUpdateTime":null,"location":{"lat":39.965454,"lng":32.7664934},"zone":{"id":-1,"name":"K11_"},"updated":false,"signature":null,"taskId":null,"taskStatus":null,"username":"opName opSurname","type":{"id":255,"name":"Emergency"}},{"id":"00000000-0000-014e-0000-01932a50bb89","hasImage":false,"description":"kib","detectionCreateTime":1731581754249,"detectionUpdateTime":null,"location":{"lat":35.147754495863744,"lng":33.7687495970165},"zone":{"id":-1,"name":"K11_"},"updated":false,"signature":"kib","taskId":null,"taskStatus":null,"username":"opName opSurname","type":{"id":16,"name":"Sabotage"}},{"id":"00000000-0000-014e-0000-01932a50d25f","hasImage":false,"description":"Acil durum bildirimidir. Lütfen iletişime geçiniz.","detectionCreateTime":1731581760095,"detectionUpdateTime":null,"location":{"lat":39.9654587,"lng":32.7664888},"zone":{"id":-1,"name":"K11_"},"updated":false,"signature":null,"taskId":null,"taskStatus":null,"username":"opName opSurname","type":{"id":255,"name":"Emergency"}}]
2024-12-05 13:21:02.216 [main] INFO  com.apiTests.requests.serviceRequests.detection_controller.GetDetectionsTests - Status Code: 200
2024-12-05 13:21:02.231 [main] ERROR com.apiTests.requests.serviceRequests.detection_controller.GetDetectionsTests - The classification type filter does not used!
2024-12-05 13:21:02.231 [main] ERROR com.apiTests.requests.serviceRequests.detection_controller.GetDetectionsTests - The zone filter does not used!
2024-12-05 13:21:02.231 [main] INFO  com.apiTests.requests.serviceRequests.detection_controller.GetDetectionsTests - The start time and the finish time filter do not used!
2024-12-05 13:21:02.231 [main] INFO  com.apiTests.requests.serviceRequests.detection_controller.GetDetectionsTests -  createdByMe = false and username is not null and detections created by another user
2024-12-05 13:21:02.231 [main] INFO  com.apiTests.requests.serviceRequests.detection_controller.GetDetectionsTests -  createdByMe = false and username is not null and detections created by another user
2024-12-05 13:21:02.231 [main] INFO  com.apiTests.requests.serviceRequests.detection_controller.GetDetectionsTests -  createdByMe = false and username is not null and detections created by another user
2024-12-05 13:21:02.231 [main] INFO  com.apiTests.requests.serviceRequests.detection_controller.GetDetectionsTests -  createdByMe = false and username is not null and detections created by another user
2024-12-05 13:21:02.231 [main] INFO  com.apiTests.requests.serviceRequests.detection_controller.GetDetectionsTests -  createdByMe = false and username is not null and detections created by another user
2024-12-05 13:21:02.231 [main] INFO  com.apiTests.requests.serviceRequests.detection_controller.GetDetectionsTests -  createdByMe = false and username is not null and detections created by another user
2024-12-05 13:21:02.231 [main] INFO  com.apiTests.requests.serviceRequests.detection_controller.GetDetectionsTests -  createdByMe = false and username is not null and detections created by another user
2024-12-05 13:21:02.231 [main] INFO  com.apiTests.requests.serviceRequests.detection_controller.GetDetectionsTests -  createdByMe = false and username is not null and detections created by another user
2024-12-05 13:21:02.231 [main] INFO  com.apiTests.requests.serviceRequests.detection_controller.GetDetectionsTests -  createdByMe = false and username is not null and detections created by another user
2024-12-05 13:21:02.231 [main] INFO  com.apiTests.requests.serviceRequests.detection_controller.GetDetectionsTests -  createdByMe = false and username is not null and detections created by another user
]]></system-out>
  </testcase>
</testsuite>