<?xml version="1.0" encoding="UTF-8"?>
<testsuite xmlns:xsi="http://www.w3.org/2001/XMLSchema-instance" xsi:noNamespaceSchemaLocation="https://maven.apache.org/surefire/maven-surefire-plugin/xsd/surefire-test-report-3.0.xsd" version="3.0" name="com.apiTests.runner.RunCucumberTest" time="34.783" tests="39" errors="0" skipped="0" failures="2">
  <properties>
    <property name="java.specification.version" value="17"/>
    <property name="sun.cpu.isalist" value="amd64"/>
    <property name="sun.jnu.encoding" value="Cp1254"/>
    <property name="java.class.path" value="C:\Users\ALIRIZA\Desktop\api-test-otomasyonu\target\test-classes;C:\Users\ALIRIZA\Desktop\api-test-otomasyonu\target\classes;C:\Users\ALIRIZA\.m2\repository\io\cucumber\messages\24.0.0\messages-24.0.0.jar;C:\Users\ALIRIZA\.m2\repository\io\cucumber\gherkin\26.2.0\gherkin-26.2.0.jar;C:\Users\ALIRIZA\.m2\repository\io\cucumber\cucumber-java\7.20.1\cucumber-java-7.20.1.jar;C:\Users\ALIRIZA\.m2\repository\io\cucumber\cucumber-core\7.20.1\cucumber-core-7.20.1.jar;C:\Users\ALIRIZA\.m2\repository\io\cucumber\cucumber-gherkin\7.20.1\cucumber-gherkin-7.20.1.jar;C:\Users\ALIRIZA\.m2\repository\io\cucumber\cucumber-gherkin-messages\7.20.1\cucumber-gherkin-messages-7.20.1.jar;C:\Users\ALIRIZA\.m2\repository\io\cucumber\testng-xml-formatter\0.2.0\testng-xml-formatter-0.2.0.jar;C:\Users\ALIRIZA\.m2\repository\io\cucumber\query\12.2.0\query-12.2.0.jar;C:\Users\ALIRIZA\.m2\repository\io\cucumber\tag-expressions\6.1.0\tag-expressions-6.1.0.jar;C:\Users\ALIRIZA\.m2\repository\io\cucumber\cucumber-expressions\17.1.0\cucumber-expressions-17.1.0.jar;C:\Users\ALIRIZA\.m2\repository\io\cucumber\datatable\7.20.1\datatable-7.20.1.jar;C:\Users\ALIRIZA\.m2\repository\io\cucumber\cucumber-plugin\7.20.1\cucumber-plugin-7.20.1.jar;C:\Users\ALIRIZA\.m2\repository\io\cucumber\docstring\7.20.1\docstring-7.20.1.jar;C:\Users\ALIRIZA\.m2\repository\io\cucumber\html-formatter\21.7.0\html-formatter-21.7.0.jar;C:\Users\ALIRIZA\.m2\repository\io\cucumber\junit-xml-formatter\0.5.0\junit-xml-formatter-0.5.0.jar;C:\Users\ALIRIZA\.m2\repository\io\cucumber\ci-environment\10.0.1\ci-environment-10.0.1.jar;C:\Users\ALIRIZA\.m2\repository\org\apiguardian\apiguardian-api\1.1.2\apiguardian-api-1.1.2.jar;C:\Users\ALIRIZA\.m2\repository\io\cucumber\cucumber-junit\7.20.1\cucumber-junit-7.20.1.jar;C:\Users\ALIRIZA\.m2\repository\io\rest-assured\rest-assured\5.3.0\rest-assured-5.3.0.jar;C:\Users\ALIRIZA\.m2\repository\org\apache\groovy\groovy\4.0.6\groovy-4.0.6.jar;C:\Users\ALIRIZA\.m2\repository\org\apache\groovy\groovy-xml\4.0.6\groovy-xml-4.0.6.jar;C:\Users\ALIRIZA\.m2\repository\org\apache\httpcomponents\httpclient\4.5.13\httpclient-4.5.13.jar;C:\Users\ALIRIZA\.m2\repository\org\apache\httpcomponents\httpcore\4.4.13\httpcore-4.4.13.jar;C:\Users\ALIRIZA\.m2\repository\commons-logging\commons-logging\1.2\commons-logging-1.2.jar;C:\Users\ALIRIZA\.m2\repository\commons-codec\commons-codec\1.11\commons-codec-1.11.jar;C:\Users\ALIRIZA\.m2\repository\org\apache\httpcomponents\httpmime\4.5.13\httpmime-4.5.13.jar;C:\Users\ALIRIZA\.m2\repository\org\hamcrest\hamcrest\2.1\hamcrest-2.1.jar;C:\Users\ALIRIZA\.m2\repository\org\ccil\cowan\tagsoup\tagsoup\1.2.1\tagsoup-1.2.1.jar;C:\Users\ALIRIZA\.m2\repository\io\rest-assured\json-path\5.3.0\json-path-5.3.0.jar;C:\Users\ALIRIZA\.m2\repository\org\apache\groovy\groovy-json\4.0.6\groovy-json-4.0.6.jar;C:\Users\ALIRIZA\.m2\repository\io\rest-assured\rest-assured-common\5.3.0\rest-assured-common-5.3.0.jar;C:\Users\ALIRIZA\.m2\repository\io\rest-assured\xml-path\5.3.0\xml-path-5.3.0.jar;C:\Users\ALIRIZA\.m2\repository\io\rest-assured\json-schema-validator\5.3.0\json-schema-validator-5.3.0.jar;C:\Users\ALIRIZA\.m2\repository\com\github\java-json-tools\json-schema-validator\2.2.14\json-schema-validator-2.2.14.jar;C:\Users\ALIRIZA\.m2\repository\com\github\java-json-tools\jackson-coreutils-equivalence\1.0\jackson-coreutils-equivalence-1.0.jar;C:\Users\ALIRIZA\.m2\repository\com\github\java-json-tools\jackson-coreutils\2.0\jackson-coreutils-2.0.jar;C:\Users\ALIRIZA\.m2\repository\com\github\java-json-tools\msg-simple\1.2\msg-simple-1.2.jar;C:\Users\ALIRIZA\.m2\repository\com\github\java-json-tools\btf\1.3\btf-1.3.jar;C:\Users\ALIRIZA\.m2\repository\com\github\java-json-tools\json-schema-core\1.2.14\json-schema-core-1.2.14.jar;C:\Users\ALIRIZA\.m2\repository\com\github\java-json-tools\uri-template\0.10\uri-template-0.10.jar;C:\Users\ALIRIZA\.m2\repository\org\mozilla\rhino\1.7.7.2\rhino-1.7.7.2.jar;C:\Users\ALIRIZA\.m2\repository\com\sun\mail\mailapi\1.6.2\mailapi-1.6.2.jar;C:\Users\ALIRIZA\.m2\repository\joda-time\joda-time\2.10.5\joda-time-2.10.5.jar;C:\Users\ALIRIZA\.m2\repository\com\googlecode\libphonenumber\libphonenumber\8.11.1\libphonenumber-8.11.1.jar;C:\Users\ALIRIZA\.m2\repository\com\google\code\findbugs\jsr305\3.0.2\jsr305-3.0.2.jar;C:\Users\ALIRIZA\.m2\repository\net\sf\jopt-simple\jopt-simple\5.0.4\jopt-simple-5.0.4.jar;C:\Users\ALIRIZA\.m2\repository\junit\junit\4.13.2\junit-4.13.2.jar;C:\Users\ALIRIZA\.m2\repository\org\hamcrest\hamcrest-core\1.3\hamcrest-core-1.3.jar;C:\Users\ALIRIZA\.m2\repository\io\qameta\allure\allure-cucumber7-jvm\2.27.0\allure-cucumber7-jvm-2.27.0.jar;C:\Users\ALIRIZA\.m2\repository\io\qameta\allure\allure-java-commons\2.27.0\allure-java-commons-2.27.0.jar;C:\Users\ALIRIZA\.m2\repository\io\qameta\allure\allure-model\2.27.0\allure-model-2.27.0.jar;C:\Users\ALIRIZA\.m2\repository\io\qameta\allure\allure-junit5\2.27.0\allure-junit5-2.27.0.jar;C:\Users\ALIRIZA\.m2\repository\io\qameta\allure\allure-junit-platform\2.27.0\allure-junit-platform-2.27.0.jar;C:\Users\ALIRIZA\.m2\repository\io\qameta\allure\allure-test-filter\2.27.0\allure-test-filter-2.27.0.jar;C:\Users\ALIRIZA\.m2\repository\org\junit\jupiter\junit-jupiter-api\5.9.2\junit-jupiter-api-5.9.2.jar;C:\Users\ALIRIZA\.m2\repository\org\opentest4j\opentest4j\1.2.0\opentest4j-1.2.0.jar;C:\Users\ALIRIZA\.m2\repository\org\junit\platform\junit-platform-commons\1.9.2\junit-platform-commons-1.9.2.jar;C:\Users\ALIRIZA\.m2\repository\org\junit\platform\junit-platform-launcher\1.9.2\junit-platform-launcher-1.9.2.jar;C:\Users\ALIRIZA\.m2\repository\org\junit\platform\junit-platform-engine\1.9.2\junit-platform-engine-1.9.2.jar;C:\Users\ALIRIZA\.m2\repository\io\qameta\allure\allure-rest-assured\2.27.0\allure-rest-assured-2.27.0.jar;C:\Users\ALIRIZA\.m2\repository\io\qameta\allure\allure-attachments\2.27.0\allure-attachments-2.27.0.jar;C:\Users\ALIRIZA\.m2\repository\org\freemarker\freemarker\2.3.31\freemarker-2.3.31.jar;C:\Users\ALIRIZA\.m2\repository\org\apache\logging\log4j\log4j-api\2.23.1\log4j-api-2.23.1.jar;C:\Users\ALIRIZA\.m2\repository\org\apache\logging\log4j\log4j-core\2.23.1\log4j-core-2.23.1.jar;C:\Users\ALIRIZA\.m2\repository\org\apache\logging\log4j\log4j-slf4j-impl\2.23.1\log4j-slf4j-impl-2.23.1.jar;C:\Users\ALIRIZA\.m2\repository\org\slf4j\slf4j-api\1.7.36\slf4j-api-1.7.36.jar;C:\Users\ALIRIZA\.m2\repository\org\json\json\20231013\json-20231013.jar;C:\Users\ALIRIZA\.m2\repository\com\fasterxml\jackson\core\jackson-databind\2.17.2\jackson-databind-2.17.2.jar;C:\Users\ALIRIZA\.m2\repository\com\fasterxml\jackson\core\jackson-annotations\2.17.2\jackson-annotations-2.17.2.jar;C:\Users\ALIRIZA\.m2\repository\com\fasterxml\jackson\core\jackson-core\2.17.2\jackson-core-2.17.2.jar;C:\Users\ALIRIZA\.m2\repository\org\mock-server\mockserver-netty\5.13.2\mockserver-netty-5.13.2.jar;C:\Users\ALIRIZA\.m2\repository\org\mock-server\mockserver-core\5.13.2\mockserver-core-5.13.2.jar;C:\Users\ALIRIZA\.m2\repository\com\lmax\disruptor\3.4.4\disruptor-3.4.4.jar;C:\Users\ALIRIZA\.m2\repository\javax\servlet\javax.servlet-api\4.0.1\javax.servlet-api-4.0.1.jar;C:\Users\ALIRIZA\.m2\repository\io\netty\netty-codec-socks\4.1.75.Final\netty-codec-socks-4.1.75.Final.jar;C:\Users\ALIRIZA\.m2\repository\io\netty\netty-handler-proxy\4.1.75.Final\netty-handler-proxy-4.1.75.Final.jar;C:\Users\ALIRIZA\.m2\repository\com\jcraft\jzlib\1.1.3\jzlib-1.1.3.jar;C:\Users\ALIRIZA\.m2\repository\com\fasterxml\uuid\java-uuid-generator\4.0.1\java-uuid-generator-4.0.1.jar;C:\Users\ALIRIZA\.m2\repository\org\bouncycastle\bcprov-jdk15on\1.70\bcprov-jdk15on-1.70.jar;C:\Users\ALIRIZA\.m2\repository\org\bouncycastle\bcpkix-jdk15on\1.70\bcpkix-jdk15on-1.70.jar;C:\Users\ALIRIZA\.m2\repository\org\bouncycastle\bcutil-jdk15on\1.70\bcutil-jdk15on-1.70.jar;C:\Users\ALIRIZA\.m2\repository\com\nimbusds\nimbus-jose-jwt\9.21\nimbus-jose-jwt-9.21.jar;C:\Users\ALIRIZA\.m2\repository\com\github\stephenc\jcip\jcip-annotations\1.0-1\jcip-annotations-1.0-1.jar;C:\Users\ALIRIZA\.m2\repository\org\apache\velocity\velocity-engine-scripting\2.3\velocity-engine-scripting-2.3.jar;C:\Users\ALIRIZA\.m2\repository\org\apache\velocity\velocity-engine-core\2.3\velocity-engine-core-2.3.jar;C:\Users\ALIRIZA\.m2\repository\org\apache\velocity\tools\velocity-tools-generic\3.1\velocity-tools-generic-3.1.jar;C:\Users\ALIRIZA\.m2\repository\org\apache\commons\commons-digester3\3.2\commons-digester3-3.2.jar;C:\Users\ALIRIZA\.m2\repository\com\github\cliftonlabs\json-simple\3.0.2\json-simple-3.0.2.jar;C:\Users\ALIRIZA\.m2\repository\com\samskivert\jmustache\1.15\jmustache-1.15.jar;C:\Users\ALIRIZA\.m2\repository\net\javacrumbs\json-unit\json-unit-core\2.33.0\json-unit-core-2.33.0.jar;C:\Users\ALIRIZA\.m2\repository\com\networknt\json-schema-validator\1.0.68\json-schema-validator-1.0.68.jar;C:\Users\ALIRIZA\.m2\repository\com\ethlo\time\itu\1.5.1\itu-1.5.1.jar;C:\Users\ALIRIZA\.m2\repository\com\jayway\jsonpath\json-path\2.7.0\json-path-2.7.0.jar;C:\Users\ALIRIZA\.m2\repository\net\minidev\json-smart\2.4.7\json-smart-2.4.7.jar;C:\Users\ALIRIZA\.m2\repository\net\minidev\accessors-smart\2.4.7\accessors-smart-2.4.7.jar;C:\Users\ALIRIZA\.m2\repository\org\ow2\asm\asm\9.1\asm-9.1.jar;C:\Users\ALIRIZA\.m2\repository\io\swagger\parser\v3\swagger-parser\2.0.32\swagger-parser-2.0.32.jar;C:\Users\ALIRIZA\.m2\repository\io\swagger\parser\v3\swagger-parser-v2-converter\2.0.32\swagger-parser-v2-converter-2.0.32.jar;C:\Users\ALIRIZA\.m2\repository\io\swagger\swagger-core\1.6.6\swagger-core-1.6.6.jar;C:\Users\ALIRIZA\.m2\repository\io\swagger\swagger-models\1.6.6\swagger-models-1.6.6.jar;C:\Users\ALIRIZA\.m2\repository\io\swagger\swagger-annotations\1.6.6\swagger-annotations-1.6.6.jar;C:\Users\ALIRIZA\.m2\repository\io\swagger\swagger-parser\1.0.59\swagger-parser-1.0.59.jar;C:\Users\ALIRIZA\.m2\repository\io\swagger\swagger-compat-spec-parser\1.0.59\swagger-compat-spec-parser-1.0.59.jar;C:\Users\ALIRIZA\.m2\repository\com\github\java-json-tools\json-patch\1.13\json-patch-1.13.jar;C:\Users\ALIRIZA\.m2\repository\io\swagger\core\v3\swagger-models\2.2.0\swagger-models-2.2.0.jar;C:\Users\ALIRIZA\.m2\repository\io\swagger\parser\v3\swagger-parser-core\2.0.32\swagger-parser-core-2.0.32.jar;C:\Users\ALIRIZA\.m2\repository\io\swagger\parser\v3\swagger-parser-v3\2.0.32\swagger-parser-v3-2.0.32.jar;C:\Users\ALIRIZA\.m2\repository\io\swagger\core\v3\swagger-core\2.2.0\swagger-core-2.2.0.jar;C:\Users\ALIRIZA\.m2\repository\com\fasterxml\jackson\datatype\jackson-datatype-jsr310\2.13.2\jackson-datatype-jsr310-2.13.2.jar;C:\Users\ALIRIZA\.m2\repository\io\swagger\core\v3\swagger-annotations\2.2.0\swagger-annotations-2.2.0.jar;C:\Users\ALIRIZA\.m2\repository\jakarta\validation\jakarta.validation-api\2.0.2\jakarta.validation-api-2.0.2.jar;C:\Users\ALIRIZA\.m2\repository\com\fasterxml\jackson\dataformat\jackson-dataformat-yaml\2.13.2\jackson-dataformat-yaml-2.13.2.jar;C:\Users\ALIRIZA\.m2\repository\org\yaml\snakeyaml\1.30\snakeyaml-1.30.jar;C:\Users\ALIRIZA\.m2\repository\jakarta\xml\bind\jakarta.xml.bind-api\3.0.1\jakarta.xml.bind-api-3.0.1.jar;C:\Users\ALIRIZA\.m2\repository\com\sun\activation\jakarta.activation\2.0.1\jakarta.activation-2.0.1.jar;C:\Users\ALIRIZA\.m2\repository\com\sun\xml\bind\jaxb-impl\3.0.2\jaxb-impl-3.0.2.jar;C:\Users\ALIRIZA\.m2\repository\com\sun\xml\bind\jaxb-core\3.0.2\jaxb-core-3.0.2.jar;C:\Users\ALIRIZA\.m2\repository\org\xmlunit\xmlunit-core\2.9.0\xmlunit-core-2.9.0.jar;C:\Users\ALIRIZA\.m2\repository\org\xmlunit\xmlunit-placeholders\2.9.0\xmlunit-placeholders-2.9.0.jar;C:\Users\ALIRIZA\.m2\repository\io\github\classgraph\classgraph\4.8.143\classgraph-4.8.143.jar;C:\Users\ALIRIZA\.m2\repository\io\netty\netty-buffer\4.1.75.Final\netty-buffer-4.1.75.Final.jar;C:\Users\ALIRIZA\.m2\repository\io\netty\netty-codec\4.1.75.Final\netty-codec-4.1.75.Final.jar;C:\Users\ALIRIZA\.m2\repository\io\netty\netty-codec-http\4.1.75.Final\netty-codec-http-4.1.75.Final.jar;C:\Users\ALIRIZA\.m2\repository\io\netty\netty-common\4.1.75.Final\netty-common-4.1.75.Final.jar;C:\Users\ALIRIZA\.m2\repository\io\netty\netty-handler\4.1.75.Final\netty-handler-4.1.75.Final.jar;C:\Users\ALIRIZA\.m2\repository\io\netty\netty-resolver\4.1.75.Final\netty-resolver-4.1.75.Final.jar;C:\Users\ALIRIZA\.m2\repository\io\netty\netty-transport\4.1.75.Final\netty-transport-4.1.75.Final.jar;C:\Users\ALIRIZA\.m2\repository\io\netty\netty-tcnative-boringssl-static\2.0.51.Final\netty-tcnative-boringssl-static-2.0.51.Final.jar;C:\Users\ALIRIZA\.m2\repository\io\netty\netty-tcnative-classes\2.0.51.Final\netty-tcnative-classes-2.0.51.Final.jar;C:\Users\ALIRIZA\.m2\repository\io\netty\netty-tcnative-boringssl-static\2.0.51.Final\netty-tcnative-boringssl-static-2.0.51.Final-linux-x86_64.jar;C:\Users\ALIRIZA\.m2\repository\io\netty\netty-tcnative-boringssl-static\2.0.51.Final\netty-tcnative-boringssl-static-2.0.51.Final-linux-aarch_64.jar;C:\Users\ALIRIZA\.m2\repository\io\netty\netty-tcnative-boringssl-static\2.0.51.Final\netty-tcnative-boringssl-static-2.0.51.Final-osx-x86_64.jar;C:\Users\ALIRIZA\.m2\repository\io\netty\netty-tcnative-boringssl-static\2.0.51.Final\netty-tcnative-boringssl-static-2.0.51.Final-osx-aarch_64.jar;C:\Users\ALIRIZA\.m2\repository\io\netty\netty-tcnative-boringssl-static\2.0.51.Final\netty-tcnative-boringssl-static-2.0.51.Final-windows-x86_64.jar;C:\Users\ALIRIZA\.m2\repository\commons-io\commons-io\2.11.0\commons-io-2.11.0.jar;C:\Users\ALIRIZA\.m2\repository\com\google\guava\guava\31.1-jre\guava-31.1-jre.jar;C:\Users\ALIRIZA\.m2\repository\com\google\guava\failureaccess\1.0.1\failureaccess-1.0.1.jar;C:\Users\ALIRIZA\.m2\repository\com\google\guava\listenablefuture\9999.0-empty-to-avoid-conflict-with-guava\listenablefuture-9999.0-empty-to-avoid-conflict-with-guava.jar;C:\Users\ALIRIZA\.m2\repository\org\checkerframework\checker-qual\3.12.0\checker-qual-3.12.0.jar;C:\Users\ALIRIZA\.m2\repository\com\google\errorprone\error_prone_annotations\2.11.0\error_prone_annotations-2.11.0.jar;C:\Users\ALIRIZA\.m2\repository\com\google\j2objc\j2objc-annotations\1.3\j2objc-annotations-1.3.jar;C:\Users\ALIRIZA\.m2\repository\org\mock-server\mockserver-client-java\5.13.2\mockserver-client-java-5.13.2.jar;C:\Users\ALIRIZA\.m2\repository\org\apache\commons\commons-lang3\3.12.0\commons-lang3-3.12.0.jar;C:\Users\ALIRIZA\.m2\repository\com\opencsv\opencsv\5.7.1\opencsv-5.7.1.jar;C:\Users\ALIRIZA\.m2\repository\org\apache\commons\commons-text\1.10.0\commons-text-1.10.0.jar;C:\Users\ALIRIZA\.m2\repository\commons-beanutils\commons-beanutils\1.9.4\commons-beanutils-1.9.4.jar;C:\Users\ALIRIZA\.m2\repository\commons-collections\commons-collections\3.2.2\commons-collections-3.2.2.jar;C:\Users\ALIRIZA\.m2\repository\org\apache\commons\commons-collections4\4.4\commons-collections4-4.4.jar;C:\Users\ALIRIZA\.m2\repository\org\testng\testng\7.7.0\testng-7.7.0.jar;C:\Users\ALIRIZA\.m2\repository\com\beust\jcommander\1.82\jcommander-1.82.jar;C:\Users\ALIRIZA\.m2\repository\org\webjars\jquery\3.6.1\jquery-3.6.1.jar;"/>
    <property name="java.vm.vendor" value="Oracle Corporation"/>
    <property name="sun.arch.data.model" value="64"/>
    <property name="user.variant" value=""/>
    <property name="java.vendor.url" value="https://java.oracle.com/"/>
    <property name="user.timezone" value="Asia/Baghdad"/>
    <property name="user.country.format" value="TR"/>
    <property name="os.name" value="Windows 10"/>
    <property name="java.vm.specification.version" value="17"/>
    <property name="sun.java.launcher" value="SUN_STANDARD"/>
    <property name="user.country" value="US"/>
    <property name="sun.boot.library.path" value="C:\Program Files\Java\jdk-17\bin"/>
    <property name="sun.java.command" value="C:\Users\ALIRIZA\AppData\Local\Temp\surefire12547307234724342236\surefirebooter-20241205170640022_3.jar C:\Users\ALIRIZA\AppData\Local\Temp\surefire12547307234724342236 2024-12-05T17-06-39_461-jvmRun1 surefire-20241205170640022_1tmp surefire_0-20241205170640022_2tmp"/>
    <property name="jdk.debug" value="release"/>
    <property name="surefire.test.class.path" value="C:\Users\ALIRIZA\Desktop\api-test-otomasyonu\target\test-classes;C:\Users\ALIRIZA\Desktop\api-test-otomasyonu\target\classes;C:\Users\ALIRIZA\.m2\repository\io\cucumber\messages\24.0.0\messages-24.0.0.jar;C:\Users\ALIRIZA\.m2\repository\io\cucumber\gherkin\26.2.0\gherkin-26.2.0.jar;C:\Users\ALIRIZA\.m2\repository\io\cucumber\cucumber-java\7.20.1\cucumber-java-7.20.1.jar;C:\Users\ALIRIZA\.m2\repository\io\cucumber\cucumber-core\7.20.1\cucumber-core-7.20.1.jar;C:\Users\ALIRIZA\.m2\repository\io\cucumber\cucumber-gherkin\7.20.1\cucumber-gherkin-7.20.1.jar;C:\Users\ALIRIZA\.m2\repository\io\cucumber\cucumber-gherkin-messages\7.20.1\cucumber-gherkin-messages-7.20.1.jar;C:\Users\ALIRIZA\.m2\repository\io\cucumber\testng-xml-formatter\0.2.0\testng-xml-formatter-0.2.0.jar;C:\Users\ALIRIZA\.m2\repository\io\cucumber\query\12.2.0\query-12.2.0.jar;C:\Users\ALIRIZA\.m2\repository\io\cucumber\tag-expressions\6.1.0\tag-expressions-6.1.0.jar;C:\Users\ALIRIZA\.m2\repository\io\cucumber\cucumber-expressions\17.1.0\cucumber-expressions-17.1.0.jar;C:\Users\ALIRIZA\.m2\repository\io\cucumber\datatable\7.20.1\datatable-7.20.1.jar;C:\Users\ALIRIZA\.m2\repository\io\cucumber\cucumber-plugin\7.20.1\cucumber-plugin-7.20.1.jar;C:\Users\ALIRIZA\.m2\repository\io\cucumber\docstring\7.20.1\docstring-7.20.1.jar;C:\Users\ALIRIZA\.m2\repository\io\cucumber\html-formatter\21.7.0\html-formatter-21.7.0.jar;C:\Users\ALIRIZA\.m2\repository\io\cucumber\junit-xml-formatter\0.5.0\junit-xml-formatter-0.5.0.jar;C:\Users\ALIRIZA\.m2\repository\io\cucumber\ci-environment\10.0.1\ci-environment-10.0.1.jar;C:\Users\ALIRIZA\.m2\repository\org\apiguardian\apiguardian-api\1.1.2\apiguardian-api-1.1.2.jar;C:\Users\ALIRIZA\.m2\repository\io\cucumber\cucumber-junit\7.20.1\cucumber-junit-7.20.1.jar;C:\Users\ALIRIZA\.m2\repository\io\rest-assured\rest-assured\5.3.0\rest-assured-5.3.0.jar;C:\Users\ALIRIZA\.m2\repository\org\apache\groovy\groovy\4.0.6\groovy-4.0.6.jar;C:\Users\ALIRIZA\.m2\repository\org\apache\groovy\groovy-xml\4.0.6\groovy-xml-4.0.6.jar;C:\Users\ALIRIZA\.m2\repository\org\apache\httpcomponents\httpclient\4.5.13\httpclient-4.5.13.jar;C:\Users\ALIRIZA\.m2\repository\org\apache\httpcomponents\httpcore\4.4.13\httpcore-4.4.13.jar;C:\Users\ALIRIZA\.m2\repository\commons-logging\commons-logging\1.2\commons-logging-1.2.jar;C:\Users\ALIRIZA\.m2\repository\commons-codec\commons-codec\1.11\commons-codec-1.11.jar;C:\Users\ALIRIZA\.m2\repository\org\apache\httpcomponents\httpmime\4.5.13\httpmime-4.5.13.jar;C:\Users\ALIRIZA\.m2\repository\org\hamcrest\hamcrest\2.1\hamcrest-2.1.jar;C:\Users\ALIRIZA\.m2\repository\org\ccil\cowan\tagsoup\tagsoup\1.2.1\tagsoup-1.2.1.jar;C:\Users\ALIRIZA\.m2\repository\io\rest-assured\json-path\5.3.0\json-path-5.3.0.jar;C:\Users\ALIRIZA\.m2\repository\org\apache\groovy\groovy-json\4.0.6\groovy-json-4.0.6.jar;C:\Users\ALIRIZA\.m2\repository\io\rest-assured\rest-assured-common\5.3.0\rest-assured-common-5.3.0.jar;C:\Users\ALIRIZA\.m2\repository\io\rest-assured\xml-path\5.3.0\xml-path-5.3.0.jar;C:\Users\ALIRIZA\.m2\repository\io\rest-assured\json-schema-validator\5.3.0\json-schema-validator-5.3.0.jar;C:\Users\ALIRIZA\.m2\repository\com\github\java-json-tools\json-schema-validator\2.2.14\json-schema-validator-2.2.14.jar;C:\Users\ALIRIZA\.m2\repository\com\github\java-json-tools\jackson-coreutils-equivalence\1.0\jackson-coreutils-equivalence-1.0.jar;C:\Users\ALIRIZA\.m2\repository\com\github\java-json-tools\jackson-coreutils\2.0\jackson-coreutils-2.0.jar;C:\Users\ALIRIZA\.m2\repository\com\github\java-json-tools\msg-simple\1.2\msg-simple-1.2.jar;C:\Users\ALIRIZA\.m2\repository\com\github\java-json-tools\btf\1.3\btf-1.3.jar;C:\Users\ALIRIZA\.m2\repository\com\github\java-json-tools\json-schema-core\1.2.14\json-schema-core-1.2.14.jar;C:\Users\ALIRIZA\.m2\repository\com\github\java-json-tools\uri-template\0.10\uri-template-0.10.jar;C:\Users\ALIRIZA\.m2\repository\org\mozilla\rhino\1.7.7.2\rhino-1.7.7.2.jar;C:\Users\ALIRIZA\.m2\repository\com\sun\mail\mailapi\1.6.2\mailapi-1.6.2.jar;C:\Users\ALIRIZA\.m2\repository\joda-time\joda-time\2.10.5\joda-time-2.10.5.jar;C:\Users\ALIRIZA\.m2\repository\com\googlecode\libphonenumber\libphonenumber\8.11.1\libphonenumber-8.11.1.jar;C:\Users\ALIRIZA\.m2\repository\com\google\code\findbugs\jsr305\3.0.2\jsr305-3.0.2.jar;C:\Users\ALIRIZA\.m2\repository\net\sf\jopt-simple\jopt-simple\5.0.4\jopt-simple-5.0.4.jar;C:\Users\ALIRIZA\.m2\repository\junit\junit\4.13.2\junit-4.13.2.jar;C:\Users\ALIRIZA\.m2\repository\org\hamcrest\hamcrest-core\1.3\hamcrest-core-1.3.jar;C:\Users\ALIRIZA\.m2\repository\io\qameta\allure\allure-cucumber7-jvm\2.27.0\allure-cucumber7-jvm-2.27.0.jar;C:\Users\ALIRIZA\.m2\repository\io\qameta\allure\allure-java-commons\2.27.0\allure-java-commons-2.27.0.jar;C:\Users\ALIRIZA\.m2\repository\io\qameta\allure\allure-model\2.27.0\allure-model-2.27.0.jar;C:\Users\ALIRIZA\.m2\repository\io\qameta\allure\allure-junit5\2.27.0\allure-junit5-2.27.0.jar;C:\Users\ALIRIZA\.m2\repository\io\qameta\allure\allure-junit-platform\2.27.0\allure-junit-platform-2.27.0.jar;C:\Users\ALIRIZA\.m2\repository\io\qameta\allure\allure-test-filter\2.27.0\allure-test-filter-2.27.0.jar;C:\Users\ALIRIZA\.m2\repository\org\junit\jupiter\junit-jupiter-api\5.9.2\junit-jupiter-api-5.9.2.jar;C:\Users\ALIRIZA\.m2\repository\org\opentest4j\opentest4j\1.2.0\opentest4j-1.2.0.jar;C:\Users\ALIRIZA\.m2\repository\org\junit\platform\junit-platform-commons\1.9.2\junit-platform-commons-1.9.2.jar;C:\Users\ALIRIZA\.m2\repository\org\junit\platform\junit-platform-launcher\1.9.2\junit-platform-launcher-1.9.2.jar;C:\Users\ALIRIZA\.m2\repository\org\junit\platform\junit-platform-engine\1.9.2\junit-platform-engine-1.9.2.jar;C:\Users\ALIRIZA\.m2\repository\io\qameta\allure\allure-rest-assured\2.27.0\allure-rest-assured-2.27.0.jar;C:\Users\ALIRIZA\.m2\repository\io\qameta\allure\allure-attachments\2.27.0\allure-attachments-2.27.0.jar;C:\Users\ALIRIZA\.m2\repository\org\freemarker\freemarker\2.3.31\freemarker-2.3.31.jar;C:\Users\ALIRIZA\.m2\repository\org\apache\logging\log4j\log4j-api\2.23.1\log4j-api-2.23.1.jar;C:\Users\ALIRIZA\.m2\repository\org\apache\logging\log4j\log4j-core\2.23.1\log4j-core-2.23.1.jar;C:\Users\ALIRIZA\.m2\repository\org\apache\logging\log4j\log4j-slf4j-impl\2.23.1\log4j-slf4j-impl-2.23.1.jar;C:\Users\ALIRIZA\.m2\repository\org\slf4j\slf4j-api\1.7.36\slf4j-api-1.7.36.jar;C:\Users\ALIRIZA\.m2\repository\org\json\json\20231013\json-20231013.jar;C:\Users\ALIRIZA\.m2\repository\com\fasterxml\jackson\core\jackson-databind\2.17.2\jackson-databind-2.17.2.jar;C:\Users\ALIRIZA\.m2\repository\com\fasterxml\jackson\core\jackson-annotations\2.17.2\jackson-annotations-2.17.2.jar;C:\Users\ALIRIZA\.m2\repository\com\fasterxml\jackson\core\jackson-core\2.17.2\jackson-core-2.17.2.jar;C:\Users\ALIRIZA\.m2\repository\org\mock-server\mockserver-netty\5.13.2\mockserver-netty-5.13.2.jar;C:\Users\ALIRIZA\.m2\repository\org\mock-server\mockserver-core\5.13.2\mockserver-core-5.13.2.jar;C:\Users\ALIRIZA\.m2\repository\com\lmax\disruptor\3.4.4\disruptor-3.4.4.jar;C:\Users\ALIRIZA\.m2\repository\javax\servlet\javax.servlet-api\4.0.1\javax.servlet-api-4.0.1.jar;C:\Users\ALIRIZA\.m2\repository\io\netty\netty-codec-socks\4.1.75.Final\netty-codec-socks-4.1.75.Final.jar;C:\Users\ALIRIZA\.m2\repository\io\netty\netty-handler-proxy\4.1.75.Final\netty-handler-proxy-4.1.75.Final.jar;C:\Users\ALIRIZA\.m2\repository\com\jcraft\jzlib\1.1.3\jzlib-1.1.3.jar;C:\Users\ALIRIZA\.m2\repository\com\fasterxml\uuid\java-uuid-generator\4.0.1\java-uuid-generator-4.0.1.jar;C:\Users\ALIRIZA\.m2\repository\org\bouncycastle\bcprov-jdk15on\1.70\bcprov-jdk15on-1.70.jar;C:\Users\ALIRIZA\.m2\repository\org\bouncycastle\bcpkix-jdk15on\1.70\bcpkix-jdk15on-1.70.jar;C:\Users\ALIRIZA\.m2\repository\org\bouncycastle\bcutil-jdk15on\1.70\bcutil-jdk15on-1.70.jar;C:\Users\ALIRIZA\.m2\repository\com\nimbusds\nimbus-jose-jwt\9.21\nimbus-jose-jwt-9.21.jar;C:\Users\ALIRIZA\.m2\repository\com\github\stephenc\jcip\jcip-annotations\1.0-1\jcip-annotations-1.0-1.jar;C:\Users\ALIRIZA\.m2\repository\org\apache\velocity\velocity-engine-scripting\2.3\velocity-engine-scripting-2.3.jar;C:\Users\ALIRIZA\.m2\repository\org\apache\velocity\velocity-engine-core\2.3\velocity-engine-core-2.3.jar;C:\Users\ALIRIZA\.m2\repository\org\apache\velocity\tools\velocity-tools-generic\3.1\velocity-tools-generic-3.1.jar;C:\Users\ALIRIZA\.m2\repository\org\apache\commons\commons-digester3\3.2\commons-digester3-3.2.jar;C:\Users\ALIRIZA\.m2\repository\com\github\cliftonlabs\json-simple\3.0.2\json-simple-3.0.2.jar;C:\Users\ALIRIZA\.m2\repository\com\samskivert\jmustache\1.15\jmustache-1.15.jar;C:\Users\ALIRIZA\.m2\repository\net\javacrumbs\json-unit\json-unit-core\2.33.0\json-unit-core-2.33.0.jar;C:\Users\ALIRIZA\.m2\repository\com\networknt\json-schema-validator\1.0.68\json-schema-validator-1.0.68.jar;C:\Users\ALIRIZA\.m2\repository\com\ethlo\time\itu\1.5.1\itu-1.5.1.jar;C:\Users\ALIRIZA\.m2\repository\com\jayway\jsonpath\json-path\2.7.0\json-path-2.7.0.jar;C:\Users\ALIRIZA\.m2\repository\net\minidev\json-smart\2.4.7\json-smart-2.4.7.jar;C:\Users\ALIRIZA\.m2\repository\net\minidev\accessors-smart\2.4.7\accessors-smart-2.4.7.jar;C:\Users\ALIRIZA\.m2\repository\org\ow2\asm\asm\9.1\asm-9.1.jar;C:\Users\ALIRIZA\.m2\repository\io\swagger\parser\v3\swagger-parser\2.0.32\swagger-parser-2.0.32.jar;C:\Users\ALIRIZA\.m2\repository\io\swagger\parser\v3\swagger-parser-v2-converter\2.0.32\swagger-parser-v2-converter-2.0.32.jar;C:\Users\ALIRIZA\.m2\repository\io\swagger\swagger-core\1.6.6\swagger-core-1.6.6.jar;C:\Users\ALIRIZA\.m2\repository\io\swagger\swagger-models\1.6.6\swagger-models-1.6.6.jar;C:\Users\ALIRIZA\.m2\repository\io\swagger\swagger-annotations\1.6.6\swagger-annotations-1.6.6.jar;C:\Users\ALIRIZA\.m2\repository\io\swagger\swagger-parser\1.0.59\swagger-parser-1.0.59.jar;C:\Users\ALIRIZA\.m2\repository\io\swagger\swagger-compat-spec-parser\1.0.59\swagger-compat-spec-parser-1.0.59.jar;C:\Users\ALIRIZA\.m2\repository\com\github\java-json-tools\json-patch\1.13\json-patch-1.13.jar;C:\Users\ALIRIZA\.m2\repository\io\swagger\core\v3\swagger-models\2.2.0\swagger-models-2.2.0.jar;C:\Users\ALIRIZA\.m2\repository\io\swagger\parser\v3\swagger-parser-core\2.0.32\swagger-parser-core-2.0.32.jar;C:\Users\ALIRIZA\.m2\repository\io\swagger\parser\v3\swagger-parser-v3\2.0.32\swagger-parser-v3-2.0.32.jar;C:\Users\ALIRIZA\.m2\repository\io\swagger\core\v3\swagger-core\2.2.0\swagger-core-2.2.0.jar;C:\Users\ALIRIZA\.m2\repository\com\fasterxml\jackson\datatype\jackson-datatype-jsr310\2.13.2\jackson-datatype-jsr310-2.13.2.jar;C:\Users\ALIRIZA\.m2\repository\io\swagger\core\v3\swagger-annotations\2.2.0\swagger-annotations-2.2.0.jar;C:\Users\ALIRIZA\.m2\repository\jakarta\validation\jakarta.validation-api\2.0.2\jakarta.validation-api-2.0.2.jar;C:\Users\ALIRIZA\.m2\repository\com\fasterxml\jackson\dataformat\jackson-dataformat-yaml\2.13.2\jackson-dataformat-yaml-2.13.2.jar;C:\Users\ALIRIZA\.m2\repository\org\yaml\snakeyaml\1.30\snakeyaml-1.30.jar;C:\Users\ALIRIZA\.m2\repository\jakarta\xml\bind\jakarta.xml.bind-api\3.0.1\jakarta.xml.bind-api-3.0.1.jar;C:\Users\ALIRIZA\.m2\repository\com\sun\activation\jakarta.activation\2.0.1\jakarta.activation-2.0.1.jar;C:\Users\ALIRIZA\.m2\repository\com\sun\xml\bind\jaxb-impl\3.0.2\jaxb-impl-3.0.2.jar;C:\Users\ALIRIZA\.m2\repository\com\sun\xml\bind\jaxb-core\3.0.2\jaxb-core-3.0.2.jar;C:\Users\ALIRIZA\.m2\repository\org\xmlunit\xmlunit-core\2.9.0\xmlunit-core-2.9.0.jar;C:\Users\ALIRIZA\.m2\repository\org\xmlunit\xmlunit-placeholders\2.9.0\xmlunit-placeholders-2.9.0.jar;C:\Users\ALIRIZA\.m2\repository\io\github\classgraph\classgraph\4.8.143\classgraph-4.8.143.jar;C:\Users\ALIRIZA\.m2\repository\io\netty\netty-buffer\4.1.75.Final\netty-buffer-4.1.75.Final.jar;C:\Users\ALIRIZA\.m2\repository\io\netty\netty-codec\4.1.75.Final\netty-codec-4.1.75.Final.jar;C:\Users\ALIRIZA\.m2\repository\io\netty\netty-codec-http\4.1.75.Final\netty-codec-http-4.1.75.Final.jar;C:\Users\ALIRIZA\.m2\repository\io\netty\netty-common\4.1.75.Final\netty-common-4.1.75.Final.jar;C:\Users\ALIRIZA\.m2\repository\io\netty\netty-handler\4.1.75.Final\netty-handler-4.1.75.Final.jar;C:\Users\ALIRIZA\.m2\repository\io\netty\netty-resolver\4.1.75.Final\netty-resolver-4.1.75.Final.jar;C:\Users\ALIRIZA\.m2\repository\io\netty\netty-transport\4.1.75.Final\netty-transport-4.1.75.Final.jar;C:\Users\ALIRIZA\.m2\repository\io\netty\netty-tcnative-boringssl-static\2.0.51.Final\netty-tcnative-boringssl-static-2.0.51.Final.jar;C:\Users\ALIRIZA\.m2\repository\io\netty\netty-tcnative-classes\2.0.51.Final\netty-tcnative-classes-2.0.51.Final.jar;C:\Users\ALIRIZA\.m2\repository\io\netty\netty-tcnative-boringssl-static\2.0.51.Final\netty-tcnative-boringssl-static-2.0.51.Final-linux-x86_64.jar;C:\Users\ALIRIZA\.m2\repository\io\netty\netty-tcnative-boringssl-static\2.0.51.Final\netty-tcnative-boringssl-static-2.0.51.Final-linux-aarch_64.jar;C:\Users\ALIRIZA\.m2\repository\io\netty\netty-tcnative-boringssl-static\2.0.51.Final\netty-tcnative-boringssl-static-2.0.51.Final-osx-x86_64.jar;C:\Users\ALIRIZA\.m2\repository\io\netty\netty-tcnative-boringssl-static\2.0.51.Final\netty-tcnative-boringssl-static-2.0.51.Final-osx-aarch_64.jar;C:\Users\ALIRIZA\.m2\repository\io\netty\netty-tcnative-boringssl-static\2.0.51.Final\netty-tcnative-boringssl-static-2.0.51.Final-windows-x86_64.jar;C:\Users\ALIRIZA\.m2\repository\commons-io\commons-io\2.11.0\commons-io-2.11.0.jar;C:\Users\ALIRIZA\.m2\repository\com\google\guava\guava\31.1-jre\guava-31.1-jre.jar;C:\Users\ALIRIZA\.m2\repository\com\google\guava\failureaccess\1.0.1\failureaccess-1.0.1.jar;C:\Users\ALIRIZA\.m2\repository\com\google\guava\listenablefuture\9999.0-empty-to-avoid-conflict-with-guava\listenablefuture-9999.0-empty-to-avoid-conflict-with-guava.jar;C:\Users\ALIRIZA\.m2\repository\org\checkerframework\checker-qual\3.12.0\checker-qual-3.12.0.jar;C:\Users\ALIRIZA\.m2\repository\com\google\errorprone\error_prone_annotations\2.11.0\error_prone_annotations-2.11.0.jar;C:\Users\ALIRIZA\.m2\repository\com\google\j2objc\j2objc-annotations\1.3\j2objc-annotations-1.3.jar;C:\Users\ALIRIZA\.m2\repository\org\mock-server\mockserver-client-java\5.13.2\mockserver-client-java-5.13.2.jar;C:\Users\ALIRIZA\.m2\repository\org\apache\commons\commons-lang3\3.12.0\commons-lang3-3.12.0.jar;C:\Users\ALIRIZA\.m2\repository\com\opencsv\opencsv\5.7.1\opencsv-5.7.1.jar;C:\Users\ALIRIZA\.m2\repository\org\apache\commons\commons-text\1.10.0\commons-text-1.10.0.jar;C:\Users\ALIRIZA\.m2\repository\commons-beanutils\commons-beanutils\1.9.4\commons-beanutils-1.9.4.jar;C:\Users\ALIRIZA\.m2\repository\commons-collections\commons-collections\3.2.2\commons-collections-3.2.2.jar;C:\Users\ALIRIZA\.m2\repository\org\apache\commons\commons-collections4\4.4\commons-collections4-4.4.jar;C:\Users\ALIRIZA\.m2\repository\org\testng\testng\7.7.0\testng-7.7.0.jar;C:\Users\ALIRIZA\.m2\repository\com\beust\jcommander\1.82\jcommander-1.82.jar;C:\Users\ALIRIZA\.m2\repository\org\webjars\jquery\3.6.1\jquery-3.6.1.jar;"/>
    <property name="allure.results.directory" value="target/allure-results"/>
    <property name="sun.cpu.endian" value="little"/>
    <property name="user.home" value="C:\Users\ALIRIZA"/>
    <property name="user.language" value="en"/>
    <property name="java.specification.vendor" value="Oracle Corporation"/>
    <property name="java.version.date" value="2024-04-16"/>
    <property name="java.home" value="C:\Program Files\Java\jdk-17"/>
    <property name="file.separator" value="\"/>
    <property name="basedir" value="C:\Users\ALIRIZA\Desktop\api-test-otomasyonu"/>
    <property name="java.vm.compressedOopsMode" value="Zero based"/>
    <property name="line.separator" value="&#10;"/>
    <property name="java.vm.specification.vendor" value="Oracle Corporation"/>
    <property name="java.specification.name" value="Java Platform API Specification"/>
    <property name="surefire.real.class.path" value="C:\Users\ALIRIZA\AppData\Local\Temp\surefire12547307234724342236\surefirebooter-20241205170640022_3.jar"/>
    <property name="user.script" value=""/>
    <property name="sun.management.compiler" value="HotSpot 64-Bit Tiered Compilers"/>
    <property name="java.runtime.version" value="17.0.11+7-LTS-207"/>
    <property name="user.name" value="ALIRIZA"/>
    <property name="path.separator" value=";"/>
    <property name="os.version" value="10.0"/>
    <property name="java.runtime.name" value="Java(TM) SE Runtime Environment"/>
    <property name="file.encoding" value="Cp1254"/>
    <property name="java.vm.name" value="Java HotSpot(TM) 64-Bit Server VM"/>
    <property name="localRepository" value="C:\Users\ALIRIZA\.m2\repository"/>
    <property name="java.vendor.url.bug" value="https://bugreport.java.com/bugreport/"/>
    <property name="java.io.tmpdir" value="C:\Users\ALIRIZA\AppData\Local\Temp\"/>
    <property name="java.version" value="17.0.11"/>
    <property name="user.dir" value="C:\Users\ALIRIZA\Desktop\api-test-otomasyonu"/>
    <property name="os.arch" value="amd64"/>
    <property name="java.vm.specification.name" value="Java Virtual Machine Specification"/>
    <property name="user.language.format" value="tr"/>
    <property name="sun.os.patch.level" value=""/>
    <property name="native.encoding" value="Cp1254"/>
    <property name="java.library.path" value="C:\Program Files\Java\jdk-17\bin;C:\WINDOWS\Sun\Java\bin;C:\WINDOWS\system32;C:\WINDOWS;C:\Program Files (x86)\Common Files\Oracle\Java\javapath;C:\WINDOWS\system32;C:\WINDOWS;C:\WINDOWS\System32\Wbem;C:\WINDOWS\System32\WindowsPowerShell\v1.0\;C:\WINDOWS\System32\OpenSSH\;C:\Program Files\Git\cmd;C:\Program Files\PuTTY\;C:\Users\ALIRIZA\Desktop\allure-2.30.0\bin;C:\Program Files\Apache\Maven\apache-maven-3.9.9\bin;C:\Program Files\Docker\Docker\resources\bin;C:\Program Files\Java\jdk-17\bin;C:\Program Files\Java\jdk-17\bin;C:\Program Files (x86)\Common Files\Oracle\Java\javapath;C:\WINDOWS\system32;C:\WINDOWS;C:\WINDOWS\System32\Wbem;C:\WINDOWS\System32\WindowsPowerShell\v1.0\;C:\WINDOWS\System32\OpenSSH\;C:\Program Files\Git\cmd;C:\Program Files\PuTTY\;C:\Users\ALIRIZA\Desktop\allure-2.30.0\bin;C:\Program Files\Apache\Maven\apache-maven-3.9.9\bin;C:\Program Files\Docker\Docker\resources\bin;C:\Users\ALIRIZA\AppData\Local\Programs\Python\Python313\Scripts\;C:\Users\ALIRIZA\AppData\Local\Programs\Python\Python313\;C:\Users\ALIRIZA\AppData\Local\Microsoft\WindowsApps;C:\Users\ALIRIZA\AppData\Local\Programs\Microsoft VS Code\bin;C:\Users\ALIRIZA\CTOOLS\bin;C:\Users\ALIRIZA\CTOOLS\mingw32\bin;C:\Program Files\JetBrains\IntelliJ IDEA 2024.1.4\bin;;C:\Program Files\JetBrains\IntelliJ IDEA Community Edition 2024.2.1\bin;;C:\Program Files\Apache\Maven\apache-maven-3.9.9\bin;;."/>
    <property name="java.vm.info" value="mixed mode, sharing"/>
    <property name="java.vendor" value="Oracle Corporation"/>
    <property name="java.vm.version" value="17.0.11+7-LTS-207"/>
    <property name="sun.io.unicode.encoding" value="UnicodeLittle"/>
    <property name="java.class.version" value="61.0"/>
  </properties>
  <testcase name="User tries to log in with a valid username and an invalid password #1" classname="User Login" time="2.571">
    <system-out><![CDATA[2024-12-05T14:06:41.245994800Z main ERROR Policies has no parameter that matches element Delete
2024-12-05 17:06:44.816 [main] INFO  com.apiTests.requests.serviceRequests.user_controller.LoginTests - Response received: User is unauthorized
2024-12-05 17:06:44.816 [main] INFO  com.apiTests.requests.serviceRequests.user_controller.LoginTests - Status Code: 401
2024-12-05 17:06:44.816 [main] ERROR com.apiTests.requests.serviceRequests.user_controller.LoginTests - Unexpected content type: text/plain;charset=UTF-8
2024-12-05 17:06:44.832 [main] INFO  com.apiTests.serviceSteps.serviceTestSteps.userController.LoginSteps - The system has not logged in with a valid username and invalid password
]]></system-out>
  </testcase>
  <testcase name="User tries to log in with a valid username and an invalid password #2" classname="User Login" time="0.284">
    <system-out><![CDATA[2024-12-05 17:06:45.195 [main] INFO  com.apiTests.requests.serviceRequests.user_controller.LoginTests - Response received: User is unauthorized
2024-12-05 17:06:45.195 [main] INFO  com.apiTests.requests.serviceRequests.user_controller.LoginTests - Status Code: 401
2024-12-05 17:06:45.195 [main] ERROR com.apiTests.requests.serviceRequests.user_controller.LoginTests - Unexpected content type: text/plain;charset=UTF-8
2024-12-05 17:06:45.195 [main] INFO  com.apiTests.serviceSteps.serviceTestSteps.userController.LoginSteps - The system has not logged in with a valid username and invalid password
]]></system-out>
  </testcase>
  <testcase name="User tries to log in with a valid username and an invalid password #3" classname="User Login" time="0.506">
    <system-out><![CDATA[2024-12-05 17:06:45.716 [main] INFO  com.apiTests.requests.serviceRequests.user_controller.LoginTests - Response received: User is unauthorized
2024-12-05 17:06:45.716 [main] INFO  com.apiTests.requests.serviceRequests.user_controller.LoginTests - Status Code: 401
2024-12-05 17:06:45.716 [main] ERROR com.apiTests.requests.serviceRequests.user_controller.LoginTests - Unexpected content type: text/plain;charset=UTF-8
2024-12-05 17:06:45.716 [main] INFO  com.apiTests.serviceSteps.serviceTestSteps.userController.LoginSteps - The system has not logged in with a valid username and invalid password
]]></system-out>
  </testcase>
  <testcase name="User tries to log in with a valid username and an invalid password #4" classname="User Login" time="0.282">
    <system-out><![CDATA[2024-12-05 17:06:46.005 [main] INFO  com.apiTests.requests.serviceRequests.user_controller.LoginTests - Response received: User is unauthorized
2024-12-05 17:06:46.006 [main] INFO  com.apiTests.requests.serviceRequests.user_controller.LoginTests - Status Code: 401
2024-12-05 17:06:46.006 [main] ERROR com.apiTests.requests.serviceRequests.user_controller.LoginTests - Unexpected content type: text/plain;charset=UTF-8
2024-12-05 17:06:46.007 [main] INFO  com.apiTests.serviceSteps.serviceTestSteps.userController.LoginSteps - The system has not logged in with a valid username and invalid password
]]></system-out>
  </testcase>
  <testcase name="User tries to log in with a valid username and an invalid password #5" classname="User Login" time="0.305">
    <system-out><![CDATA[2024-12-05 17:06:46.305 [main] INFO  com.apiTests.requests.serviceRequests.user_controller.LoginTests - Response received: User is unauthorized
2024-12-05 17:06:46.305 [main] INFO  com.apiTests.requests.serviceRequests.user_controller.LoginTests - Status Code: 401
2024-12-05 17:06:46.305 [main] ERROR com.apiTests.requests.serviceRequests.user_controller.LoginTests - Unexpected content type: text/plain;charset=UTF-8
2024-12-05 17:06:46.321 [main] INFO  com.apiTests.serviceSteps.serviceTestSteps.userController.LoginSteps - The system has not logged in with a valid username and invalid password
]]></system-out>
  </testcase>
  <testcase name="User tries to log in with a valid username and an empty password" classname="User Login" time="0.311">
    <system-out><![CDATA[2024-12-05 17:06:46.623 [main] INFO  com.apiTests.requests.serviceRequests.user_controller.LoginTests - Response received: User is unauthorized
2024-12-05 17:06:46.623 [main] INFO  com.apiTests.requests.serviceRequests.user_controller.LoginTests - Status Code: 401
2024-12-05 17:06:46.623 [main] ERROR com.apiTests.requests.serviceRequests.user_controller.LoginTests - Unexpected content type: text/plain;charset=UTF-8
2024-12-05 17:06:46.625 [main] INFO  com.apiTests.serviceSteps.serviceTestSteps.userController.LoginSteps - The system has not logged in with a valid username and empty password
]]></system-out>
  </testcase>
  <testcase name="User tries to log in with a valid username and password" classname="User Login" time="1.079">
    <system-out><![CDATA[2024-12-05 17:06:46.940 [main] INFO  com.apiTests.requests.serviceRequests.user_controller.LoginTests - Response received: {"user":{"name":"Sistem Yöneticisi","surname":"ASELSAN","username":"aselsan","detail":{"identityNumber":null,"email":null,"phoneNumber":null,"rank":null,"profilePicture":null,"supervisor":{"name":null,"surname":null}},"pushToken":null,"userLevelId":5,"userLevelName":"Aselsan","id":10},"tokenDetails":{"accessToken":"eyJ0eXAiOiJKV1QiLCJhbGciOiJIUzUxMiJ9.eyJzdWIiOiIxOSIsImF1ZCI6ImFjY2VzcyIsInVzciI6IlNpc3RlbSBZw7ZuZXRpY2lzaSBBU0VMU0FOIiwiaXNzIjoiYXNlbHNhbi5rYXJkZWxlbiIsInJqdGkiOiI5YzU0OWY3NC0xMDdhLTQzYTEtOGE3ZC1iMzQxNWE2Yzk4NTAiLCJleHAiOjE3MzM0MDgyMDUsImlhdCI6MTczMzQwNzYwNSwianRpIjoiODZmMTA3ZWItOTJkYy00Mzg0LWI1YWMtOTNjY2MyYWI4NDdmIn0.xndnVjlsWetieNG9Wa7mmUyf8eX3XE4ptHH_0bTw5bHUacft0BIafoAn-MD7_r-ewibIb2R09CkBhfwihfaVIA","refreshToken":"eyJ0eXAiOiJKV1QiLCJhbGciOiJIUzUxMiJ9.eyJzdWIiOiIxOSIsImF1ZCI6InJlZnJlc2giLCJpc3MiOiJhc2Vsc2FuLmthcmRlbGVuIiwiZXhwIjoxNzMzNDQzNjA1LCJpYXQiOjE3MzM0MDc2MDUsImp0aSI6IjljNTQ5Zjc0LTEwN2EtNDNhMS04YTdkLWIzNDE1YTZjOTg1MCJ9.nCVNRDp4roDK8I1cNDxkuRwxT0nq_tDTQqGywqcsJR60bGyNnjCZUCfp7gl7yfyjJUGIhB8I0aN60rhNS5jQdg"},"authorities":["right.detection.createdetection","right.detection.map","right.detection.detail","right.detection.detail.read","right.detection.detail.update","right.detection.filter","right.detection.sort","right.detection.sosmessage","right.task.filter","right.task.sort","right.task.detail","right.task.detail.read","right.task.detail.starttask","right.sensor.list","right.sensor.map","right.sensor.filter","right.sensor.sort","right.profile.read","right.detection","right.task","right.sensor","right.profile","right.detection.incominglist","right.task.outgoinglist","right.detection.outgoinglist","right.task.incominglist","right.task.attachments.list","right.alarm","right.alarm.list","right.alarm.map","right.alarm.filter","right.profile.usermanagement","right.profile.usermanagement.groupauthorization","right.profile.usermanagement.usergroup","right.sensor.detail","right.sensor.detail.read","right.sensor.detail.livestream"]}
2024-12-05 17:06:46.940 [main] INFO  com.apiTests.requests.serviceRequests.user_controller.LoginTests - Status Code: 200
2024-12-05 17:06:47.702 [main] INFO  com.apiTests.serviceSteps.serviceTestSteps.userController.LoginSteps - The system has been logged in with a valid username and password
2024-12-05 17:06:47.705 [main] INFO  com.apiTests.serviceSteps.serviceTestSteps.userController.LoginSteps - The username in the response matches the request
2024-12-05 17:06:47.707 [main] INFO  com.apiTests.requests.HelperMethod - The content was successfully written to the file: src/test/resources/txtFiles/accessToken.txt
2024-12-05 17:06:47.708 [main] INFO  com.apiTests.serviceSteps.serviceTestSteps.userController.LoginSteps - The Access Token has been saved: eyJ0eXAiOiJKV1QiLCJhbGciOiJIUzUxMiJ9.eyJzdWIiOiIxOSIsImF1ZCI6ImFjY2VzcyIsInVzciI6IlNpc3RlbSBZw7ZuZXRpY2lzaSBBU0VMU0FOIiwiaXNzIjoiYXNlbHNhbi5rYXJkZWxlbiIsInJqdGkiOiI5YzU0OWY3NC0xMDdhLTQzYTEtOGE3ZC1iMzQxNWE2Yzk4NTAiLCJleHAiOjE3MzM0MDgyMDUsImlhdCI6MTczMzQwNzYwNSwianRpIjoiODZmMTA3ZWItOTJkYy00Mzg0LWI1YWMtOTNjY2MyYWI4NDdmIn0.xndnVjlsWetieNG9Wa7mmUyf8eX3XE4ptHH_0bTw5bHUacft0BIafoAn-MD7_r-ewibIb2R09CkBhfwihfaVIA
]]></system-out>
  </testcase>
  <testcase name="User tries to log in with a valid username and an hashed password, and a false query" classname="User Login" time="0.408">
    <system-out><![CDATA[2024-12-05 17:06:48.081 [main] INFO  com.apiTests.requests.serviceRequests.user_controller.LoginTests - Response received: {"user":{"name":"Sistem Yöneticisi","surname":"ASELSAN","username":"aselsan","detail":{"identityNumber":null,"email":null,"phoneNumber":null,"rank":null,"profilePicture":null,"supervisor":{"name":null,"surname":null}},"pushToken":null,"userLevelId":5,"userLevelName":"Aselsan","id":10},"tokenDetails":{"accessToken":"eyJ0eXAiOiJKV1QiLCJhbGciOiJIUzUxMiJ9.eyJzdWIiOiIxOSIsImF1ZCI6ImFjY2VzcyIsInVzciI6IlNpc3RlbSBZw7ZuZXRpY2lzaSBBU0VMU0FOIiwiaXNzIjoiYXNlbHNhbi5rYXJkZWxlbiIsInJqdGkiOiIxZmVlM2QxMS1mZDE4LTQ3NzEtOTZmMi00ZTI2MDhkYWNjOWMiLCJleHAiOjE3MzM0MDgyMDcsImlhdCI6MTczMzQwNzYwNywianRpIjoiOWZlYzkwMjMtMjY3MC00ZTllLThiMzEtMTE2NzJiMzc3ZTA3In0.VpgQDF-OJqmNkEDH6yiOi7qvkA5ko6td8de7biv2ltYqdwMeX6U97z0GP93WN1U-d-dz8ohAldtWh1ZFMvXJ2g","refreshToken":"eyJ0eXAiOiJKV1QiLCJhbGciOiJIUzUxMiJ9.eyJzdWIiOiIxOSIsImF1ZCI6InJlZnJlc2giLCJpc3MiOiJhc2Vsc2FuLmthcmRlbGVuIiwiZXhwIjoxNzMzNDQzNjA3LCJpYXQiOjE3MzM0MDc2MDcsImp0aSI6IjFmZWUzZDExLWZkMTgtNDc3MS05NmYyLTRlMjYwOGRhY2M5YyJ9.BgsNk73FxYy0rnvZbfDSHP_SBC44Eko9NL9LsCh43ZlXXeGFAYqPGsT2mJRcEpHlycTrgz6fmPhkoNnbMXkywg"},"authorities":["right.detection.createdetection","right.detection.map","right.detection.detail","right.detection.detail.read","right.detection.detail.update","right.detection.filter","right.detection.sort","right.detection.sosmessage","right.task.filter","right.task.sort","right.task.detail","right.task.detail.read","right.task.detail.starttask","right.sensor.list","right.sensor.map","right.sensor.filter","right.sensor.sort","right.profile.read","right.detection","right.task","right.sensor","right.profile","right.detection.incominglist","right.task.outgoinglist","right.detection.outgoinglist","right.task.incominglist","right.task.attachments.list","right.alarm","right.alarm.list","right.alarm.map","right.alarm.filter","right.profile.usermanagement","right.profile.usermanagement.groupauthorization","right.profile.usermanagement.usergroup","right.sensor.detail","right.sensor.detail.read","right.sensor.detail.livestream"]}
2024-12-05 17:06:48.083 [main] INFO  com.apiTests.requests.serviceRequests.user_controller.LoginTests - Status Code: 200
2024-12-05 17:06:48.112 [main] INFO  com.apiTests.serviceSteps.serviceTestSteps.userController.LoginSteps - The system has been logged in with a valid username and hashed password when query parameter is false
2024-12-05 17:06:48.113 [main] INFO  com.apiTests.serviceSteps.serviceTestSteps.userController.LoginSteps - The username in the response matches the request
2024-12-05 17:06:48.115 [main] INFO  com.apiTests.serviceSteps.serviceTestSteps.userController.LoginSteps - The Access Token has been saved: eyJ0eXAiOiJKV1QiLCJhbGciOiJIUzUxMiJ9.eyJzdWIiOiIxOSIsImF1ZCI6ImFjY2VzcyIsInVzciI6IlNpc3RlbSBZw7ZuZXRpY2lzaSBBU0VMU0FOIiwiaXNzIjoiYXNlbHNhbi5rYXJkZWxlbiIsInJqdGkiOiIxZmVlM2QxMS1mZDE4LTQ3NzEtOTZmMi00ZTI2MDhkYWNjOWMiLCJleHAiOjE3MzM0MDgyMDcsImlhdCI6MTczMzQwNzYwNywianRpIjoiOWZlYzkwMjMtMjY3MC00ZTllLThiMzEtMTE2NzJiMzc3ZTA3In0.VpgQDF-OJqmNkEDH6yiOi7qvkA5ko6td8de7biv2ltYqdwMeX6U97z0GP93WN1U-d-dz8ohAldtWh1ZFMvXJ2g
]]></system-out>
  </testcase>
  <testcase name="User tries to log in with a valid username and an hashed password, and a true query" classname="User Login" time="0.369">
    <system-out><![CDATA[2024-12-05 17:06:48.496 [main] INFO  com.apiTests.requests.serviceRequests.user_controller.LoginTests - Response received: User is unauthorized
2024-12-05 17:06:48.496 [main] INFO  com.apiTests.requests.serviceRequests.user_controller.LoginTests - Status Code: 401
2024-12-05 17:06:48.496 [main] ERROR com.apiTests.requests.serviceRequests.user_controller.LoginTests - Unexpected content type: text/plain;charset=UTF-8
2024-12-05 17:06:48.496 [main] INFO  com.apiTests.serviceSteps.serviceTestSteps.userController.LoginSteps - The system has not logged in with a valid username, hashed password, and a true query
]]></system-out>
  </testcase>
  <testcase name="User logs into the system, then refresh the access token" classname="User Renew Access Token" time="0.678">
    <system-out><![CDATA[2024-12-05 17:06:48.825 [main] INFO  com.apiTests.requests.serviceRequests.user_controller.LoginTests - Response received: {"user":{"name":"Sistem Yöneticisi","surname":"ASELSAN","username":"aselsan","detail":{"identityNumber":null,"email":null,"phoneNumber":null,"rank":null,"profilePicture":null,"supervisor":{"name":null,"surname":null}},"pushToken":null,"userLevelId":5,"userLevelName":"Aselsan","id":10},"tokenDetails":{"accessToken":"eyJ0eXAiOiJKV1QiLCJhbGciOiJIUzUxMiJ9.eyJzdWIiOiIxOSIsImF1ZCI6ImFjY2VzcyIsInVzciI6IlNpc3RlbSBZw7ZuZXRpY2lzaSBBU0VMU0FOIiwiaXNzIjoiYXNlbHNhbi5rYXJkZWxlbiIsInJqdGkiOiIxN2QyOGViMy04OGMzLTQ0MzUtYWMzOC03OTliNTdiNzk4OTMiLCJleHAiOjE3MzM0MDgyMDcsImlhdCI6MTczMzQwNzYwNywianRpIjoiMGVhMTBiZTMtMmIzMi00ODBkLTlhN2ItZjE3OTZkZTQxMGFiIn0.kuasCCNT2ziXD0aCa6fpdf8XAWkHSbPEfhoZiB09pF_J5GLwPri8w6i0d7x6KbdvpgYHrly-e-PLm4UT_U0Lxw","refreshToken":"eyJ0eXAiOiJKV1QiLCJhbGciOiJIUzUxMiJ9.eyJzdWIiOiIxOSIsImF1ZCI6InJlZnJlc2giLCJpc3MiOiJhc2Vsc2FuLmthcmRlbGVuIiwiZXhwIjoxNzMzNDQzNjA3LCJpYXQiOjE3MzM0MDc2MDcsImp0aSI6IjE3ZDI4ZWIzLTg4YzMtNDQzNS1hYzM4LTc5OWI1N2I3OTg5MyJ9.-A-hTz6tpBUSNpFE-zKp3_rV3S0h4mIryQMvwxw3mbs-D4omVItdESYeDke50lWnYE66Gez-CcsyopkPdZr3xA"},"authorities":["right.detection.createdetection","right.detection.map","right.detection.detail","right.detection.detail.read","right.detection.detail.update","right.detection.filter","right.detection.sort","right.detection.sosmessage","right.task.filter","right.task.sort","right.task.detail","right.task.detail.read","right.task.detail.starttask","right.sensor.list","right.sensor.map","right.sensor.filter","right.sensor.sort","right.profile.read","right.detection","right.task","right.sensor","right.profile","right.detection.incominglist","right.task.outgoinglist","right.detection.outgoinglist","right.task.incominglist","right.task.attachments.list","right.alarm","right.alarm.list","right.alarm.map","right.alarm.filter","right.profile.usermanagement","right.profile.usermanagement.groupauthorization","right.profile.usermanagement.usergroup","right.sensor.detail","right.sensor.detail.read","right.sensor.detail.livestream"]}
2024-12-05 17:06:48.826 [main] INFO  com.apiTests.requests.serviceRequests.user_controller.LoginTests - Status Code: 200
2024-12-05 17:06:48.848 [main] INFO  com.apiTests.serviceSteps.serviceTestSteps.userController.LoginSteps - The system has been logged in with a valid username and password
2024-12-05 17:06:48.849 [main] INFO  com.apiTests.serviceSteps.serviceTestSteps.userController.LoginSteps - The username in the response matches the request
2024-12-05 17:06:48.851 [main] INFO  com.apiTests.requests.HelperMethod - The content was successfully written to the file: src/test/resources/txtFiles/accessToken.txt
2024-12-05 17:06:48.851 [main] INFO  com.apiTests.serviceSteps.serviceTestSteps.userController.LoginSteps - The Access Token has been saved: eyJ0eXAiOiJKV1QiLCJhbGciOiJIUzUxMiJ9.eyJzdWIiOiIxOSIsImF1ZCI6ImFjY2VzcyIsInVzciI6IlNpc3RlbSBZw7ZuZXRpY2lzaSBBU0VMU0FOIiwiaXNzIjoiYXNlbHNhbi5rYXJkZWxlbiIsInJqdGkiOiIxN2QyOGViMy04OGMzLTQ0MzUtYWMzOC03OTliNTdiNzk4OTMiLCJleHAiOjE3MzM0MDgyMDcsImlhdCI6MTczMzQwNzYwNywianRpIjoiMGVhMTBiZTMtMmIzMi00ODBkLTlhN2ItZjE3OTZkZTQxMGFiIn0.kuasCCNT2ziXD0aCa6fpdf8XAWkHSbPEfhoZiB09pF_J5GLwPri8w6i0d7x6KbdvpgYHrly-e-PLm4UT_U0Lxw
2024-12-05 17:06:49.171 [main] INFO  com.apiTests.requests.serviceRequests.user_controller.RenewAccessTokenTests - Response received: {"accessToken":"eyJ0eXAiOiJKV1QiLCJhbGciOiJIUzUxMiJ9.eyJzdWIiOiIxOSIsImF1ZCI6ImFjY2VzcyIsInVzciI6IlNpc3RlbSBZw7ZuZXRpY2lzaSBBU0VMU0FOIiwiaXNzIjoiYXNlbHNhbi5rYXJkZWxlbiIsInJqdGkiOiIxN2QyOGViMy04OGMzLTQ0MzUtYWMzOC03OTliNTdiNzk4OTMiLCJleHAiOjE3MzM0MDgyMDgsImlhdCI6MTczMzQwNzYwOCwianRpIjoiY2RkNGY1ZDQtOWVjYy00YzFjLWIzMTYtZTQ3MTk2NGZhZTBkIn0._KMk3VJ61GJOqdI6h7qX_pHR4PlBTICn-0PhgNhHnlFoWP4wHW1h-skxz1dy2ZiPn3ah5nlJ9Yx5VkFV8BMs7g","refreshToken":null}
2024-12-05 17:06:49.172 [main] INFO  com.apiTests.requests.serviceRequests.user_controller.RenewAccessTokenTests - Status Code: 200
2024-12-05 17:06:49.183 [main] INFO  com.apiTests.requests.HelperMethod - The content was successfully written to the file: src/test/resources/txtFiles/accessToken.txt
2024-12-05 17:06:49.183 [main] INFO  com.apiTests.serviceSteps.serviceTestSteps.userController.RenewAccessTokenSteps - The access token is refreshed and saved: eyJ0eXAiOiJKV1QiLCJhbGciOiJIUzUxMiJ9.eyJzdWIiOiIxOSIsImF1ZCI6ImFjY2VzcyIsInVzciI6IlNpc3RlbSBZw7ZuZXRpY2lzaSBBU0VMU0FOIiwiaXNzIjoiYXNlbHNhbi5rYXJkZWxlbiIsInJqdGkiOiIxN2QyOGViMy04OGMzLTQ0MzUtYWMzOC03OTliNTdiNzk4OTMiLCJleHAiOjE3MzM0MDgyMDgsImlhdCI6MTczMzQwNzYwOCwianRpIjoiY2RkNGY1ZDQtOWVjYy00YzFjLWIzMTYtZTQ3MTk2NGZhZTBkIn0._KMk3VJ61GJOqdI6h7qX_pHR4PlBTICn-0PhgNhHnlFoWP4wHW1h-skxz1dy2ZiPn3ah5nlJ9Yx5VkFV8BMs7g
]]></system-out>
  </testcase>
  <testcase name="User logs into the system, then tries to refresh the access token, verifies error response #1" classname="User Renew Access Token" time="0.643">
    <system-out><![CDATA[2024-12-05 17:06:49.485 [main] INFO  com.apiTests.requests.serviceRequests.user_controller.LoginTests - Response received: {"user":{"name":"Sistem Yöneticisi","surname":"ASELSAN","username":"aselsan","detail":{"identityNumber":null,"email":null,"phoneNumber":null,"rank":null,"profilePicture":null,"supervisor":{"name":null,"surname":null}},"pushToken":null,"userLevelId":5,"userLevelName":"Aselsan","id":10},"tokenDetails":{"accessToken":"eyJ0eXAiOiJKV1QiLCJhbGciOiJIUzUxMiJ9.eyJzdWIiOiIxOSIsImF1ZCI6ImFjY2VzcyIsInVzciI6IlNpc3RlbSBZw7ZuZXRpY2lzaSBBU0VMU0FOIiwiaXNzIjoiYXNlbHNhbi5rYXJkZWxlbiIsInJqdGkiOiI0MzdlNGJhZS00YWFlLTRkNTUtODYzMi1kYzhkNDBiNTc1MzQiLCJleHAiOjE3MzM0MDgyMDgsImlhdCI6MTczMzQwNzYwOCwianRpIjoiMjliMmQ2YTYtMTM5My00NzJiLWEyNTgtZGY5OTZkZWJkY2Y4In0.4wPsu1JxsAGwHYKdMpZZDixP8hw02YV6suxNzg6MY6Ik-hEzNgWnyRM8fDBOvMI5FNDez8HdH2f6-DfZ4EU54w","refreshToken":"eyJ0eXAiOiJKV1QiLCJhbGciOiJIUzUxMiJ9.eyJzdWIiOiIxOSIsImF1ZCI6InJlZnJlc2giLCJpc3MiOiJhc2Vsc2FuLmthcmRlbGVuIiwiZXhwIjoxNzMzNDQzNjA4LCJpYXQiOjE3MzM0MDc2MDgsImp0aSI6IjQzN2U0YmFlLTRhYWUtNGQ1NS04NjMyLWRjOGQ0MGI1NzUzNCJ9.9Y-YuNQ1hdK_4w-IB8B1OkbBIwD_Mf0_D25IYewDnR2cyEWlNQ5NmE710rcwUc673sJHpTICvri_lwVla6NmWA"},"authorities":["right.detection.createdetection","right.detection.map","right.detection.detail","right.detection.detail.read","right.detection.detail.update","right.detection.filter","right.detection.sort","right.detection.sosmessage","right.task.filter","right.task.sort","right.task.detail","right.task.detail.read","right.task.detail.starttask","right.sensor.list","right.sensor.map","right.sensor.filter","right.sensor.sort","right.profile.read","right.detection","right.task","right.sensor","right.profile","right.detection.incominglist","right.task.outgoinglist","right.detection.outgoinglist","right.task.incominglist","right.task.attachments.list","right.alarm","right.alarm.list","right.alarm.map","right.alarm.filter","right.profile.usermanagement","right.profile.usermanagement.groupauthorization","right.profile.usermanagement.usergroup","right.sensor.detail","right.sensor.detail.read","right.sensor.detail.livestream"]}
2024-12-05 17:06:49.485 [main] INFO  com.apiTests.requests.serviceRequests.user_controller.LoginTests - Status Code: 200
2024-12-05 17:06:49.517 [main] INFO  com.apiTests.serviceSteps.serviceTestSteps.userController.LoginSteps - The system has been logged in with a valid username and password
2024-12-05 17:06:49.517 [main] INFO  com.apiTests.serviceSteps.serviceTestSteps.userController.LoginSteps - The username in the response matches the request
2024-12-05 17:06:49.533 [main] INFO  com.apiTests.requests.HelperMethod - The content was successfully written to the file: src/test/resources/txtFiles/accessToken.txt
2024-12-05 17:06:49.533 [main] INFO  com.apiTests.serviceSteps.serviceTestSteps.userController.LoginSteps - The Access Token has been saved: eyJ0eXAiOiJKV1QiLCJhbGciOiJIUzUxMiJ9.eyJzdWIiOiIxOSIsImF1ZCI6ImFjY2VzcyIsInVzciI6IlNpc3RlbSBZw7ZuZXRpY2lzaSBBU0VMU0FOIiwiaXNzIjoiYXNlbHNhbi5rYXJkZWxlbiIsInJqdGkiOiI0MzdlNGJhZS00YWFlLTRkNTUtODYzMi1kYzhkNDBiNTc1MzQiLCJleHAiOjE3MzM0MDgyMDgsImlhdCI6MTczMzQwNzYwOCwianRpIjoiMjliMmQ2YTYtMTM5My00NzJiLWEyNTgtZGY5OTZkZWJkY2Y4In0.4wPsu1JxsAGwHYKdMpZZDixP8hw02YV6suxNzg6MY6Ik-hEzNgWnyRM8fDBOvMI5FNDez8HdH2f6-DfZ4EU54w
2024-12-05 17:06:49.825 [main] INFO  com.apiTests.requests.serviceRequests.user_controller.RenewAccessTokenTests - Response received: 
2024-12-05 17:06:49.825 [main] INFO  com.apiTests.requests.serviceRequests.user_controller.RenewAccessTokenTests - Status Code: 401
2024-12-05 17:06:49.825 [main] INFO  com.apiTests.requests.serviceRequests.user_controller.RenewAccessTokenTests - Unexpected content type: 
2024-12-05 17:06:49.825 [main] INFO  com.apiTests.serviceSteps.serviceTestSteps.userController.RenewAccessTokenSteps - The access token is not refreshed and an error message is displayed
]]></system-out>
  </testcase>
  <testcase name="User logs into the system, then tries to refresh the access token, verifies error response #2" classname="User Renew Access Token" time="1.097">
    <system-out><![CDATA[2024-12-05 17:06:50.602 [main] INFO  com.apiTests.requests.serviceRequests.user_controller.LoginTests - Response received: {"user":{"name":"Sistem Yöneticisi","surname":"ASELSAN","username":"aselsan","detail":{"identityNumber":null,"email":null,"phoneNumber":null,"rank":null,"profilePicture":null,"supervisor":{"name":null,"surname":null}},"pushToken":null,"userLevelId":5,"userLevelName":"Aselsan","id":10},"tokenDetails":{"accessToken":"eyJ0eXAiOiJKV1QiLCJhbGciOiJIUzUxMiJ9.eyJzdWIiOiIxOSIsImF1ZCI6ImFjY2VzcyIsInVzciI6IlNpc3RlbSBZw7ZuZXRpY2lzaSBBU0VMU0FOIiwiaXNzIjoiYXNlbHNhbi5rYXJkZWxlbiIsInJqdGkiOiJlZmI0YWFmYy02NTVjLTQ0YzMtOWE3MS04ZWM5Y2M4ZjAzZTEiLCJleHAiOjE3MzM0MDgyMDksImlhdCI6MTczMzQwNzYwOSwianRpIjoiNWNmMWM2YjctNmZiNy00ZjJmLWFiZDQtOGM3ZWJlYTI2M2MzIn0.9E4N-3NtamQLhKXBsnC2mf_gVJwmVlyxsFsh_LI9koNHDmvPKEZZVHa7MWbh4tm7BP9I_21hB8sdB84vLHDRBg","refreshToken":"eyJ0eXAiOiJKV1QiLCJhbGciOiJIUzUxMiJ9.eyJzdWIiOiIxOSIsImF1ZCI6InJlZnJlc2giLCJpc3MiOiJhc2Vsc2FuLmthcmRlbGVuIiwiZXhwIjoxNzMzNDQzNjA5LCJpYXQiOjE3MzM0MDc2MDksImp0aSI6ImVmYjRhYWZjLTY1NWMtNDRjMy05YTcxLThlYzljYzhmMDNlMSJ9.q05xe84paLgccettjLoq42A2uikmr6PnpjWrbsa-iTTJhpPAd_exBJmTouGEQFOmahtQrNQo9hTxjJFEWAVUiw"},"authorities":["right.detection.createdetection","right.detection.map","right.detection.detail","right.detection.detail.read","right.detection.detail.update","right.detection.filter","right.detection.sort","right.detection.sosmessage","right.task.filter","right.task.sort","right.task.detail","right.task.detail.read","right.task.detail.starttask","right.sensor.list","right.sensor.map","right.sensor.filter","right.sensor.sort","right.profile.read","right.detection","right.task","right.sensor","right.profile","right.detection.incominglist","right.task.outgoinglist","right.detection.outgoinglist","right.task.incominglist","right.task.attachments.list","right.alarm","right.alarm.list","right.alarm.map","right.alarm.filter","right.profile.usermanagement","right.profile.usermanagement.groupauthorization","right.profile.usermanagement.usergroup","right.sensor.detail","right.sensor.detail.read","right.sensor.detail.livestream"]}
2024-12-05 17:06:50.603 [main] INFO  com.apiTests.requests.serviceRequests.user_controller.LoginTests - Status Code: 200
2024-12-05 17:06:50.628 [main] INFO  com.apiTests.serviceSteps.serviceTestSteps.userController.LoginSteps - The system has been logged in with a valid username and password
2024-12-05 17:06:50.630 [main] INFO  com.apiTests.serviceSteps.serviceTestSteps.userController.LoginSteps - The username in the response matches the request
2024-12-05 17:06:50.632 [main] INFO  com.apiTests.requests.HelperMethod - The content was successfully written to the file: src/test/resources/txtFiles/accessToken.txt
2024-12-05 17:06:50.632 [main] INFO  com.apiTests.serviceSteps.serviceTestSteps.userController.LoginSteps - The Access Token has been saved: eyJ0eXAiOiJKV1QiLCJhbGciOiJIUzUxMiJ9.eyJzdWIiOiIxOSIsImF1ZCI6ImFjY2VzcyIsInVzciI6IlNpc3RlbSBZw7ZuZXRpY2lzaSBBU0VMU0FOIiwiaXNzIjoiYXNlbHNhbi5rYXJkZWxlbiIsInJqdGkiOiJlZmI0YWFmYy02NTVjLTQ0YzMtOWE3MS04ZWM5Y2M4ZjAzZTEiLCJleHAiOjE3MzM0MDgyMDksImlhdCI6MTczMzQwNzYwOSwianRpIjoiNWNmMWM2YjctNmZiNy00ZjJmLWFiZDQtOGM3ZWJlYTI2M2MzIn0.9E4N-3NtamQLhKXBsnC2mf_gVJwmVlyxsFsh_LI9koNHDmvPKEZZVHa7MWbh4tm7BP9I_21hB8sdB84vLHDRBg
2024-12-05 17:06:50.922 [main] INFO  com.apiTests.requests.serviceRequests.user_controller.RenewAccessTokenTests - Response received: 
2024-12-05 17:06:50.924 [main] INFO  com.apiTests.requests.serviceRequests.user_controller.RenewAccessTokenTests - Status Code: 500
2024-12-05 17:06:50.925 [main] INFO  com.apiTests.requests.serviceRequests.user_controller.RenewAccessTokenTests - Unexpected content type: 
2024-12-05 17:06:50.926 [main] INFO  com.apiTests.serviceSteps.serviceTestSteps.userController.RenewAccessTokenSteps - The access token is not refreshed and an error message is displayed
]]></system-out>
  </testcase>
  <testcase name="User logs into the system and logs out with a valid access token" classname="User Logout" time="0.639">
    <system-out><![CDATA[2024-12-05 17:06:51.249 [main] INFO  com.apiTests.requests.serviceRequests.user_controller.LoginTests - Response received: {"user":{"name":"Sistem Yöneticisi","surname":"ASELSAN","username":"aselsan","detail":{"identityNumber":null,"email":null,"phoneNumber":null,"rank":null,"profilePicture":null,"supervisor":{"name":null,"surname":null}},"pushToken":null,"userLevelId":5,"userLevelName":"Aselsan","id":10},"tokenDetails":{"accessToken":"eyJ0eXAiOiJKV1QiLCJhbGciOiJIUzUxMiJ9.eyJzdWIiOiIxOSIsImF1ZCI6ImFjY2VzcyIsInVzciI6IlNpc3RlbSBZw7ZuZXRpY2lzaSBBU0VMU0FOIiwiaXNzIjoiYXNlbHNhbi5rYXJkZWxlbiIsInJqdGkiOiI2MjFlMWI3YS00NDg0LTQzZDgtOTMzYy01OGFhZTk0MDQ4OGMiLCJleHAiOjE3MzM0MDgyMTAsImlhdCI6MTczMzQwNzYxMCwianRpIjoiZDhjMmVlYWYtYjgzYy00MDY5LWE4MmUtY2UzYjJlOWNmNWQ3In0.V5CylsEZdHEJoB3G3R3sNRw9xT7z7imQI5X6hkKM0ImzQ-M-mlOwDZESKWwXp890tRwsyP5ligDKd8wYdAjb1w","refreshToken":"eyJ0eXAiOiJKV1QiLCJhbGciOiJIUzUxMiJ9.eyJzdWIiOiIxOSIsImF1ZCI6InJlZnJlc2giLCJpc3MiOiJhc2Vsc2FuLmthcmRlbGVuIiwiZXhwIjoxNzMzNDQzNjEwLCJpYXQiOjE3MzM0MDc2MTAsImp0aSI6IjYyMWUxYjdhLTQ0ODQtNDNkOC05MzNjLTU4YWFlOTQwNDg4YyJ9.jryx2oF1kPd2U0hiJykaZOdMFWiD0620_aadLfFHrFxM371hQ7gZmAiTaKsoY1m31fDlCq1ZuPNLN1Hj4qImYA"},"authorities":["right.detection.createdetection","right.detection.map","right.detection.detail","right.detection.detail.read","right.detection.detail.update","right.detection.filter","right.detection.sort","right.detection.sosmessage","right.task.filter","right.task.sort","right.task.detail","right.task.detail.read","right.task.detail.starttask","right.sensor.list","right.sensor.map","right.sensor.filter","right.sensor.sort","right.profile.read","right.detection","right.task","right.sensor","right.profile","right.detection.incominglist","right.task.outgoinglist","right.detection.outgoinglist","right.task.incominglist","right.task.attachments.list","right.alarm","right.alarm.list","right.alarm.map","right.alarm.filter","right.profile.usermanagement","right.profile.usermanagement.groupauthorization","right.profile.usermanagement.usergroup","right.sensor.detail","right.sensor.detail.read","right.sensor.detail.livestream"]}
2024-12-05 17:06:51.249 [main] INFO  com.apiTests.requests.serviceRequests.user_controller.LoginTests - Status Code: 200
2024-12-05 17:06:51.280 [main] INFO  com.apiTests.serviceSteps.serviceTestSteps.userController.LoginSteps - The system has been logged in with a valid username and password
2024-12-05 17:06:51.280 [main] INFO  com.apiTests.serviceSteps.serviceTestSteps.userController.LoginSteps - The username in the response matches the request
2024-12-05 17:06:51.280 [main] INFO  com.apiTests.requests.HelperMethod - The content was successfully written to the file: src/test/resources/txtFiles/accessToken.txt
2024-12-05 17:06:51.280 [main] INFO  com.apiTests.serviceSteps.serviceTestSteps.userController.LoginSteps - The Access Token has been saved: eyJ0eXAiOiJKV1QiLCJhbGciOiJIUzUxMiJ9.eyJzdWIiOiIxOSIsImF1ZCI6ImFjY2VzcyIsInVzciI6IlNpc3RlbSBZw7ZuZXRpY2lzaSBBU0VMU0FOIiwiaXNzIjoiYXNlbHNhbi5rYXJkZWxlbiIsInJqdGkiOiI2MjFlMWI3YS00NDg0LTQzZDgtOTMzYy01OGFhZTk0MDQ4OGMiLCJleHAiOjE3MzM0MDgyMTAsImlhdCI6MTczMzQwNzYxMCwianRpIjoiZDhjMmVlYWYtYjgzYy00MDY5LWE4MmUtY2UzYjJlOWNmNWQ3In0.V5CylsEZdHEJoB3G3R3sNRw9xT7z7imQI5X6hkKM0ImzQ-M-mlOwDZESKWwXp890tRwsyP5ligDKd8wYdAjb1w
2024-12-05 17:06:51.574 [main] INFO  com.apiTests.requests.serviceRequests.user_controller.LogoutTests - Response received: 
2024-12-05 17:06:51.575 [main] INFO  com.apiTests.requests.serviceRequests.user_controller.LogoutTests - Status Code: 200
2024-12-05 17:06:51.577 [main] INFO  com.apiTests.serviceSteps.serviceTestSteps.userController.LogoutSteps - The system has successfully logged the user out.
]]></system-out>
  </testcase>
  <testcase name="User logs into the system and tries to log out with an invalid token" classname="User Logout" time="0.673">
    <system-out><![CDATA[2024-12-05 17:06:51.874 [main] INFO  com.apiTests.requests.serviceRequests.user_controller.LoginTests - Response received: {"user":{"name":"Sistem Yöneticisi","surname":"ASELSAN","username":"aselsan","detail":{"identityNumber":null,"email":null,"phoneNumber":null,"rank":null,"profilePicture":null,"supervisor":{"name":null,"surname":null}},"pushToken":null,"userLevelId":5,"userLevelName":"Aselsan","id":10},"tokenDetails":{"accessToken":"eyJ0eXAiOiJKV1QiLCJhbGciOiJIUzUxMiJ9.eyJzdWIiOiIxOSIsImF1ZCI6ImFjY2VzcyIsInVzciI6IlNpc3RlbSBZw7ZuZXRpY2lzaSBBU0VMU0FOIiwiaXNzIjoiYXNlbHNhbi5rYXJkZWxlbiIsInJqdGkiOiI4MTRiMjU5ZS00MzY3LTRmZWQtYjlkNi03ZDA2YmIzZjZmMDQiLCJleHAiOjE3MzM0MDgyMTAsImlhdCI6MTczMzQwNzYxMCwianRpIjoiNzQyMjZiODktNmJhNC00ZWI2LWE5OWEtODZiOGZlNzNjYTVlIn0.s8vU5hwwmKWR49gIRSgED7ZQCiJFirKMJ_PVS0v-54DEQpkqOGqYYPbKz7HoKEpNun9I1Pf6FEDzsNb1ESJKsQ","refreshToken":"eyJ0eXAiOiJKV1QiLCJhbGciOiJIUzUxMiJ9.eyJzdWIiOiIxOSIsImF1ZCI6InJlZnJlc2giLCJpc3MiOiJhc2Vsc2FuLmthcmRlbGVuIiwiZXhwIjoxNzMzNDQzNjEwLCJpYXQiOjE3MzM0MDc2MTAsImp0aSI6IjgxNGIyNTllLTQzNjctNGZlZC1iOWQ2LTdkMDZiYjNmNmYwNCJ9.DG-f_Mc4oi_Ulo5HzwRJ3ocdr7jYGKuyyHBqJOk5PAGU1u0U3H7Vi5xI9OISmO0IzCo7A_oLXe0yuJMP_qMaWw"},"authorities":["right.detection.createdetection","right.detection.map","right.detection.detail","right.detection.detail.read","right.detection.detail.update","right.detection.filter","right.detection.sort","right.detection.sosmessage","right.task.filter","right.task.sort","right.task.detail","right.task.detail.read","right.task.detail.starttask","right.sensor.list","right.sensor.map","right.sensor.filter","right.sensor.sort","right.profile.read","right.detection","right.task","right.sensor","right.profile","right.detection.incominglist","right.task.outgoinglist","right.detection.outgoinglist","right.task.incominglist","right.task.attachments.list","right.alarm","right.alarm.list","right.alarm.map","right.alarm.filter","right.profile.usermanagement","right.profile.usermanagement.groupauthorization","right.profile.usermanagement.usergroup","right.sensor.detail","right.sensor.detail.read","right.sensor.detail.livestream"]}
2024-12-05 17:06:51.874 [main] INFO  com.apiTests.requests.serviceRequests.user_controller.LoginTests - Status Code: 200
2024-12-05 17:06:51.894 [main] INFO  com.apiTests.serviceSteps.serviceTestSteps.userController.LoginSteps - The system has been logged in with a valid username and password
2024-12-05 17:06:51.895 [main] INFO  com.apiTests.serviceSteps.serviceTestSteps.userController.LoginSteps - The username in the response matches the request
2024-12-05 17:06:51.896 [main] INFO  com.apiTests.requests.HelperMethod - The content was successfully written to the file: src/test/resources/txtFiles/accessToken.txt
2024-12-05 17:06:51.897 [main] INFO  com.apiTests.serviceSteps.serviceTestSteps.userController.LoginSteps - The Access Token has been saved: eyJ0eXAiOiJKV1QiLCJhbGciOiJIUzUxMiJ9.eyJzdWIiOiIxOSIsImF1ZCI6ImFjY2VzcyIsInVzciI6IlNpc3RlbSBZw7ZuZXRpY2lzaSBBU0VMU0FOIiwiaXNzIjoiYXNlbHNhbi5rYXJkZWxlbiIsInJqdGkiOiI4MTRiMjU5ZS00MzY3LTRmZWQtYjlkNi03ZDA2YmIzZjZmMDQiLCJleHAiOjE3MzM0MDgyMTAsImlhdCI6MTczMzQwNzYxMCwianRpIjoiNzQyMjZiODktNmJhNC00ZWI2LWE5OWEtODZiOGZlNzNjYTVlIn0.s8vU5hwwmKWR49gIRSgED7ZQCiJFirKMJ_PVS0v-54DEQpkqOGqYYPbKz7HoKEpNun9I1Pf6FEDzsNb1ESJKsQ
2024-12-05 17:06:52.247 [main] INFO  com.apiTests.requests.serviceRequests.user_controller.LogoutTests - Response received: 
2024-12-05 17:06:52.248 [main] INFO  com.apiTests.requests.serviceRequests.user_controller.LogoutTests - Status Code: 500
2024-12-05 17:06:52.248 [main] INFO  com.apiTests.serviceSteps.serviceTestSteps.userController.LogoutSteps - The system failed to log the user out.
]]></system-out>
  </testcase>
  <testcase name="Detection controller service" classname="Get Detections" time="0.813">
    <system-out><![CDATA[2024-12-05 17:06:52.581 [main] INFO  com.apiTests.requests.serviceRequests.user_controller.LoginTests - Response received: {"user":{"name":"Sistem Yöneticisi","surname":"ASELSAN","username":"aselsan","detail":{"identityNumber":null,"email":null,"phoneNumber":null,"rank":null,"profilePicture":null,"supervisor":{"name":null,"surname":null}},"pushToken":null,"userLevelId":5,"userLevelName":"Aselsan","id":10},"tokenDetails":{"accessToken":"eyJ0eXAiOiJKV1QiLCJhbGciOiJIUzUxMiJ9.eyJzdWIiOiIxOSIsImF1ZCI6ImFjY2VzcyIsInVzciI6IlNpc3RlbSBZw7ZuZXRpY2lzaSBBU0VMU0FOIiwiaXNzIjoiYXNlbHNhbi5rYXJkZWxlbiIsInJqdGkiOiJiYjdlZGUxZS03N2NjLTRhZTEtODhhYS0xZjJkMjQ0NGJjMjIiLCJleHAiOjE3MzM0MDgyMTEsImlhdCI6MTczMzQwNzYxMSwianRpIjoiOTY1OTljNDEtOTQ1NC00NzU4LThhZTUtYWMzZjM2NDcwMDZiIn0.0AsbVJWlLBEWmw3J3NRel49ia614pFT-acRtKdtLKNjikuo5PNOAzhbZ-JfKCcAaJDoiXY6zTQ07pEKzQdSdEg","refreshToken":"eyJ0eXAiOiJKV1QiLCJhbGciOiJIUzUxMiJ9.eyJzdWIiOiIxOSIsImF1ZCI6InJlZnJlc2giLCJpc3MiOiJhc2Vsc2FuLmthcmRlbGVuIiwiZXhwIjoxNzMzNDQzNjExLCJpYXQiOjE3MzM0MDc2MTEsImp0aSI6ImJiN2VkZTFlLTc3Y2MtNGFlMS04OGFhLTFmMmQyNDQ0YmMyMiJ9.bGuySNIiJ8p-cK4bmuoEYYrRJ7gVRiRQPOYF12HWnpBqqp13QyWh8q7OvLSPbiNF8qQnrQXvAepxvlQeEFofvQ"},"authorities":["right.detection.createdetection","right.detection.map","right.detection.detail","right.detection.detail.read","right.detection.detail.update","right.detection.filter","right.detection.sort","right.detection.sosmessage","right.task.filter","right.task.sort","right.task.detail","right.task.detail.read","right.task.detail.starttask","right.sensor.list","right.sensor.map","right.sensor.filter","right.sensor.sort","right.profile.read","right.detection","right.task","right.sensor","right.profile","right.detection.incominglist","right.task.outgoinglist","right.detection.outgoinglist","right.task.incominglist","right.task.attachments.list","right.alarm","right.alarm.list","right.alarm.map","right.alarm.filter","right.profile.usermanagement","right.profile.usermanagement.groupauthorization","right.profile.usermanagement.usergroup","right.sensor.detail","right.sensor.detail.read","right.sensor.detail.livestream"]}
2024-12-05 17:06:52.581 [main] INFO  com.apiTests.requests.serviceRequests.user_controller.LoginTests - Status Code: 200
2024-12-05 17:06:52.615 [main] INFO  com.apiTests.serviceSteps.serviceTestSteps.userController.LoginSteps - The system has been logged in with a valid username and password
2024-12-05 17:06:52.616 [main] INFO  com.apiTests.serviceSteps.serviceTestSteps.userController.LoginSteps - The username in the response matches the request
2024-12-05 17:06:52.618 [main] INFO  com.apiTests.requests.HelperMethod - The content was successfully written to the file: src/test/resources/txtFiles/accessToken.txt
2024-12-05 17:06:52.618 [main] INFO  com.apiTests.serviceSteps.serviceTestSteps.userController.LoginSteps - The Access Token has been saved: eyJ0eXAiOiJKV1QiLCJhbGciOiJIUzUxMiJ9.eyJzdWIiOiIxOSIsImF1ZCI6ImFjY2VzcyIsInVzciI6IlNpc3RlbSBZw7ZuZXRpY2lzaSBBU0VMU0FOIiwiaXNzIjoiYXNlbHNhbi5rYXJkZWxlbiIsInJqdGkiOiJiYjdlZGUxZS03N2NjLTRhZTEtODhhYS0xZjJkMjQ0NGJjMjIiLCJleHAiOjE3MzM0MDgyMTEsImlhdCI6MTczMzQwNzYxMSwianRpIjoiOTY1OTljNDEtOTQ1NC00NzU4LThhZTUtYWMzZjM2NDcwMDZiIn0.0AsbVJWlLBEWmw3J3NRel49ia614pFT-acRtKdtLKNjikuo5PNOAzhbZ-JfKCcAaJDoiXY6zTQ07pEKzQdSdEg
2024-12-05 17:06:53.058 [main] INFO  com.apiTests.requests.serviceRequests.detection_controller.GetDetectionsTests - Response received: [{"id":"00000000-0000-000a-0000-0192c3c926c7","hasImage":false,"description":"asdasd","detectionCreateTime":1729861592775,"detectionUpdateTime":1731060706014,"location":{"lat":0.0,"lng":0.0},"zone":{"id":-1,"name":"K11_"},"updated":true,"signature":"asdas","taskId":null,"taskStatus":null,"type":{"id":3,"name":"Vehicle"}},{"id":"00000000-0000-000a-0000-0192f605e9db","hasImage":false,"description":"upp","detectionCreateTime":1730704435675,"detectionUpdateTime":1730804907029,"location":{"lat":0.0,"lng":0.0},"zone":{"id":-1,"name":"K11_"},"updated":true,"signature":"upp","taskId":null,"taskStatus":null,"type":{"id":71,"name":"Unauthorized"}},{"id":"00000000-0000-000a-0000-0192b45e1551","hasImage":true,"description":"car58","detectionCreateTime":1729602917713,"detectionUpdateTime":1731060347446,"location":{"lat":44.62059838491688,"lng":33.761569193133305},"zone":{"id":-1,"name":"K11_"},"updated":true,"signature":"06uu321","taskId":null,"taskStatus":null,"type":{"id":3,"name":"Vehicle"}},{"id":"00000000-0000-000a-0000-01930b45f2a9","hasImage":false,"description":"da","detectionCreateTime":1731060953769,"detectionUpdateTime":1731060954753,"location":{"lat":39.96669068994513,"lng":32.76807441194585},"zone":{"id":-1,"name":"K11_"},"updated":true,"signature":"da","taskId":null,"taskStatus":null,"type":{"id":193,"name":"Alarm"}},{"id":"00000000-0000-000a-0000-01930b55fece","hasImage":false,"description":"y","detectionCreateTime":1731062005454,"detectionUpdateTime":null,"location":{"lat":39.031,"lng":35.252},"zone":{"id":-1,"name":"K11_"},"updated":false,"signature":"x","taskId":"957aa425-34a7-4889-8f01-37065a60a7fb","taskStatus":6,"type":{"id":193,"name":"Alarm"}},{"id":"00000000-0000-000a-0000-019319efe98b","hasImage":false,"description":"twicee","detectionCreateTime":1731306973579,"detectionUpdateTime":1731307112646,"location":{"lat":0.0,"lng":0.0},"zone":{"id":-1,"name":"K11_"},"updated":true,"signature":"twicee","taskId":null,"taskStatus":null,"type":{"id":255,"name":"Emergency"}},{"id":"00000000-0000-000a-0000-01931a1cc36b","hasImage":false,"description":"130","detectionCreateTime":1731309912939,"detectionUpdateTime":null,"location":{"lat":37.754223,"lng":33.569424},"zone":{"id":-1,"name":"K11_"},"updated":false,"signature":"130","taskId":null,"taskStatus":null,"type":{"id":255,"name":"Emergency"}},{"id":"00000000-0000-000a-0000-01931a1edcfd","hasImage":false,"description":"955","detectionCreateTime":1731310050557,"detectionUpdateTime":1731310153382,"location":{"lat":0.0,"lng":0.0},"zone":{"id":-1,"name":"K11_"},"updated":true,"signature":"955","taskId":null,"taskStatus":null,"type":{"id":71,"name":"Unauthorized"}},{"id":"00000000-0000-000a-0000-01931a33b2cd","hasImage":false,"description":"jqueryy","detectionCreateTime":1731311416013,"detectionUpdateTime":1731313234581,"location":{"lat":0.0,"lng":0.0},"zone":{"id":-1,"name":"K11_"},"updated":true,"signature":"jqueryy","taskId":null,"taskStatus":null,"type":{"id":255,"name":"Emergency"}},{"id":"00000000-0000-000a-0000-01931aae317d","hasImage":false,"description":"parent","detectionCreateTime":1731319443837,"detectionUpdateTime":null,"location":{"lat":37.754223,"lng":33.569424},"zone":{"id":-1,"name":"K11_"},"updated":false,"signature":"parent","taskId":null,"taskStatus":null,"type":{"id":255,"name":"Emergency"}}]
2024-12-05 17:06:53.059 [main] INFO  com.apiTests.requests.serviceRequests.detection_controller.GetDetectionsTests - Status Code: 200
2024-12-05 17:06:53.078 [main] ERROR com.apiTests.requests.serviceRequests.detection_controller.GetDetectionsTests - The classification type filter does not used!
2024-12-05 17:06:53.078 [main] ERROR com.apiTests.requests.serviceRequests.detection_controller.GetDetectionsTests - The zone filter does not used!
2024-12-05 17:06:53.079 [main] INFO  com.apiTests.requests.serviceRequests.detection_controller.GetDetectionsTests - The start time and the finish time filter do not used!
]]></system-out>
  </testcase>
  <testcase name="Detection controller service, filter classificationTyp #1" classname="Get Detections" time="1.031">
    <system-out><![CDATA[2024-12-05 17:06:53.391 [main] INFO  com.apiTests.requests.serviceRequests.user_controller.LoginTests - Response received: {"user":{"name":"Sistem Yöneticisi","surname":"ASELSAN","username":"aselsan","detail":{"identityNumber":null,"email":null,"phoneNumber":null,"rank":null,"profilePicture":null,"supervisor":{"name":null,"surname":null}},"pushToken":null,"userLevelId":5,"userLevelName":"Aselsan","id":10},"tokenDetails":{"accessToken":"eyJ0eXAiOiJKV1QiLCJhbGciOiJIUzUxMiJ9.eyJzdWIiOiIxOSIsImF1ZCI6ImFjY2VzcyIsInVzciI6IlNpc3RlbSBZw7ZuZXRpY2lzaSBBU0VMU0FOIiwiaXNzIjoiYXNlbHNhbi5rYXJkZWxlbiIsInJqdGkiOiIzYTc5ZGVkMy1kMDdjLTRiMTYtYTdmOC1iMTE1M2Q5MjQzN2UiLCJleHAiOjE3MzM0MDgyMTIsImlhdCI6MTczMzQwNzYxMiwianRpIjoiMzM5OGNhYzAtN2JkNy00OTZiLTk2ZjktOTdjYzg2ODlmNjZkIn0.qcX2LWR_csja78TxBHouU_f6Jiv4V75rcr8-O-mdEpSmA8T_gkqEs_YhGyrqpARAlcv496nptjd4Cp4Q_3oLug","refreshToken":"eyJ0eXAiOiJKV1QiLCJhbGciOiJIUzUxMiJ9.eyJzdWIiOiIxOSIsImF1ZCI6InJlZnJlc2giLCJpc3MiOiJhc2Vsc2FuLmthcmRlbGVuIiwiZXhwIjoxNzMzNDQzNjEyLCJpYXQiOjE3MzM0MDc2MTIsImp0aSI6IjNhNzlkZWQzLWQwN2MtNGIxNi1hN2Y4LWIxMTUzZDkyNDM3ZSJ9.B3fhhUWvMnJI79eumABe2z3HcLC_IqLdyczgNfDj_zrQ0XXEMUFCfQeg2EPSTjv1D94JBHWA5-OUBAL0tmwCjQ"},"authorities":["right.detection.createdetection","right.detection.map","right.detection.detail","right.detection.detail.read","right.detection.detail.update","right.detection.filter","right.detection.sort","right.detection.sosmessage","right.task.filter","right.task.sort","right.task.detail","right.task.detail.read","right.task.detail.starttask","right.sensor.list","right.sensor.map","right.sensor.filter","right.sensor.sort","right.profile.read","right.detection","right.task","right.sensor","right.profile","right.detection.incominglist","right.task.outgoinglist","right.detection.outgoinglist","right.task.incominglist","right.task.attachments.list","right.alarm","right.alarm.list","right.alarm.map","right.alarm.filter","right.profile.usermanagement","right.profile.usermanagement.groupauthorization","right.profile.usermanagement.usergroup","right.sensor.detail","right.sensor.detail.read","right.sensor.detail.livestream"]}
2024-12-05 17:06:53.392 [main] INFO  com.apiTests.requests.serviceRequests.user_controller.LoginTests - Status Code: 200
2024-12-05 17:06:53.411 [main] INFO  com.apiTests.serviceSteps.serviceTestSteps.userController.LoginSteps - The system has been logged in with a valid username and password
2024-12-05 17:06:53.412 [main] INFO  com.apiTests.serviceSteps.serviceTestSteps.userController.LoginSteps - The username in the response matches the request
2024-12-05 17:06:53.414 [main] INFO  com.apiTests.requests.HelperMethod - The content was successfully written to the file: src/test/resources/txtFiles/accessToken.txt
2024-12-05 17:06:53.414 [main] INFO  com.apiTests.serviceSteps.serviceTestSteps.userController.LoginSteps - The Access Token has been saved: eyJ0eXAiOiJKV1QiLCJhbGciOiJIUzUxMiJ9.eyJzdWIiOiIxOSIsImF1ZCI6ImFjY2VzcyIsInVzciI6IlNpc3RlbSBZw7ZuZXRpY2lzaSBBU0VMU0FOIiwiaXNzIjoiYXNlbHNhbi5rYXJkZWxlbiIsInJqdGkiOiIzYTc5ZGVkMy1kMDdjLTRiMTYtYTdmOC1iMTE1M2Q5MjQzN2UiLCJleHAiOjE3MzM0MDgyMTIsImlhdCI6MTczMzQwNzYxMiwianRpIjoiMzM5OGNhYzAtN2JkNy00OTZiLTk2ZjktOTdjYzg2ODlmNjZkIn0.qcX2LWR_csja78TxBHouU_f6Jiv4V75rcr8-O-mdEpSmA8T_gkqEs_YhGyrqpARAlcv496nptjd4Cp4Q_3oLug
2024-12-05 17:06:53.685 [main] INFO  com.apiTests.requests.serviceRequests.detection_controller.ClassificationTypesTests - Response received: [{"id":255,"name":"ACİL DURUM"},{"id":3,"name":"ARAÇ"},{"id":6,"name":"ARIZA"},{"id":4,"name":"DİĞER"},{"id":193,"name":"DOĞRU ALARM"},{"id":2,"name":"HAYVAN"},{"id":1,"name":"İNSAN"},{"id":16,"name":"SABOTAJ"},{"id":71,"name":"YETKİSİZ"}]
2024-12-05 17:06:53.685 [main] INFO  com.apiTests.requests.serviceRequests.detection_controller.ClassificationTypesTests - Status Code: 200
2024-12-05 17:06:53.685 [main] INFO  com.apiTests.requests.serviceRequests.detection_controller.ClassificationTypesTests - 0. Classification Type: ACİL DURUM
2024-12-05 17:06:53.700 [main] INFO  com.apiTests.requests.serviceRequests.detection_controller.ClassificationTypesTests - Classification type found: ACİL DURUM
2024-12-05 17:06:54.084 [main] INFO  com.apiTests.requests.serviceRequests.detection_controller.GetDetectionsTests - Response received: [{"id":"00000000-0000-000a-0000-019319efe98b","hasImage":false,"description":"twicee","detectionCreateTime":1731306973579,"detectionUpdateTime":1731307112646,"location":{"lat":0.0,"lng":0.0},"zone":{"id":-1,"name":"K11_"},"updated":true,"signature":"twicee","taskId":null,"taskStatus":null,"type":{"id":255,"name":"Emergency"}},{"id":"00000000-0000-000a-0000-01931a1cc36b","hasImage":false,"description":"130","detectionCreateTime":1731309912939,"detectionUpdateTime":null,"location":{"lat":37.754223,"lng":33.569424},"zone":{"id":-1,"name":"K11_"},"updated":false,"signature":"130","taskId":null,"taskStatus":null,"type":{"id":255,"name":"Emergency"}},{"id":"00000000-0000-000a-0000-01931a33b2cd","hasImage":false,"description":"jqueryy","detectionCreateTime":1731311416013,"detectionUpdateTime":1731313234581,"location":{"lat":0.0,"lng":0.0},"zone":{"id":-1,"name":"K11_"},"updated":true,"signature":"jqueryy","taskId":null,"taskStatus":null,"type":{"id":255,"name":"Emergency"}},{"id":"00000000-0000-000a-0000-01931aae317d","hasImage":false,"description":"parent","detectionCreateTime":1731319443837,"detectionUpdateTime":null,"location":{"lat":37.754223,"lng":33.569424},"zone":{"id":-1,"name":"K11_"},"updated":false,"signature":"parent","taskId":null,"taskStatus":null,"type":{"id":255,"name":"Emergency"}},{"id":"00000000-0000-000a-0000-01931ab09296","hasImage":false,"description":"parent","detectionCreateTime":1731319599766,"detectionUpdateTime":null,"location":{"lat":37.754223,"lng":33.569424},"zone":{"id":-1,"name":"K11_"},"updated":false,"signature":"parent","taskId":null,"taskStatus":null,"type":{"id":255,"name":"Emergency"}},{"id":"00000000-0000-000a-0000-01931ed56db1","hasImage":false,"description":"upt","detectionCreateTime":1731389124017,"detectionUpdateTime":1731389124967,"location":{"lat":37.754223,"lng":33.569424},"zone":{"id":-1,"name":"K11_"},"updated":true,"signature":"upt","taskId":null,"taskStatus":null,"type":{"id":255,"name":"Emergency"}},{"id":"00000000-0000-000a-0000-0193244ef1da","hasImage":false,"description":"Acil durum bildirimidir. Lütfen iletişime geçiniz.","detectionCreateTime":1731480973786,"detectionUpdateTime":1731480974803,"location":{"lat":40.7915734,"lng":29.5102751},"zone":{"id":-1,"name":"K11_"},"updated":true,"signature":null,"taskId":null,"taskStatus":null,"type":{"id":255,"name":"Emergency"}},{"id":"00000000-0000-000a-0000-019344208bc7","hasImage":false,"description":"Acil durum bildirimidir. Lütfen iletişime geçiniz.","detectionCreateTime":1732014803911,"detectionUpdateTime":null,"location":{"lat":39.9654525,"lng":32.7665023},"zone":{"id":-1,"name":"K11_"},"updated":false,"signature":null,"taskId":null,"taskStatus":null,"type":{"id":255,"name":"Emergency"}},{"id":"00000000-0000-000a-0000-019348cb3c01","hasImage":false,"description":"Acil durum bildirimidir. Lütfen iletişime geçiniz.","detectionCreateTime":1732093099009,"detectionUpdateTime":null,"location":{"lat":39.9654146,"lng":32.7658788},"zone":{"id":-1,"name":"K11_"},"updated":false,"signature":null,"taskId":null,"taskStatus":null,"type":{"id":255,"name":"Emergency"}},{"id":"00000000-0000-000a-0000-019348cc74e3","hasImage":false,"description":"Acil durum bildirimidir. Lütfen iletişime geçiniz.","detectionCreateTime":1732093179107,"detectionUpdateTime":null,"location":{"lat":39.9654187,"lng":32.7659529},"zone":{"id":-1,"name":"K11_"},"updated":false,"signature":null,"taskId":null,"taskStatus":null,"type":{"id":255,"name":"Emergency"}}]
2024-12-05 17:06:54.084 [main] INFO  com.apiTests.requests.serviceRequests.detection_controller.GetDetectionsTests - Status Code: 200
2024-12-05 17:06:54.099 [main] INFO  com.apiTests.requests.serviceRequests.detection_controller.GetDetectionsTests - 0. Detection: 00000000-0000-000a-0000-019319efe98b , Emergency
2024-12-05 17:06:54.099 [main] INFO  com.apiTests.requests.serviceRequests.detection_controller.GetDetectionsTests - 1. Detection: 00000000-0000-000a-0000-01931a1cc36b , Emergency
2024-12-05 17:06:54.115 [main] INFO  com.apiTests.requests.serviceRequests.detection_controller.GetDetectionsTests - 2. Detection: 00000000-0000-000a-0000-01931a33b2cd , Emergency
2024-12-05 17:06:54.115 [main] INFO  com.apiTests.requests.serviceRequests.detection_controller.GetDetectionsTests - 3. Detection: 00000000-0000-000a-0000-01931aae317d , Emergency
2024-12-05 17:06:54.115 [main] INFO  com.apiTests.requests.serviceRequests.detection_controller.GetDetectionsTests - 4. Detection: 00000000-0000-000a-0000-01931ab09296 , Emergency
2024-12-05 17:06:54.115 [main] INFO  com.apiTests.requests.serviceRequests.detection_controller.GetDetectionsTests - 5. Detection: 00000000-0000-000a-0000-01931ed56db1 , Emergency
2024-12-05 17:06:54.115 [main] INFO  com.apiTests.requests.serviceRequests.detection_controller.GetDetectionsTests - 6. Detection: 00000000-0000-000a-0000-0193244ef1da , Emergency
2024-12-05 17:06:54.115 [main] INFO  com.apiTests.requests.serviceRequests.detection_controller.GetDetectionsTests - 7. Detection: 00000000-0000-000a-0000-019344208bc7 , Emergency
2024-12-05 17:06:54.115 [main] INFO  com.apiTests.requests.serviceRequests.detection_controller.GetDetectionsTests - 8. Detection: 00000000-0000-000a-0000-019348cb3c01 , Emergency
2024-12-05 17:06:54.115 [main] INFO  com.apiTests.requests.serviceRequests.detection_controller.GetDetectionsTests - 9. Detection: 00000000-0000-000a-0000-019348cc74e3 , Emergency
2024-12-05 17:06:54.115 [main] ERROR com.apiTests.requests.serviceRequests.detection_controller.GetDetectionsTests - The zone filter does not used!
2024-12-05 17:06:54.115 [main] INFO  com.apiTests.requests.serviceRequests.detection_controller.GetDetectionsTests - The start time and the finish time filter do not used!
]]></system-out>
  </testcase>
  <testcase name="Detection controller service, filter classificationTyp #2" classname="Get Detections" time="1.004">
    <system-out><![CDATA[2024-12-05 17:06:54.406 [main] INFO  com.apiTests.requests.serviceRequests.user_controller.LoginTests - Response received: {"user":{"name":"Sistem Yöneticisi","surname":"ASELSAN","username":"aselsan","detail":{"identityNumber":null,"email":null,"phoneNumber":null,"rank":null,"profilePicture":null,"supervisor":{"name":null,"surname":null}},"pushToken":null,"userLevelId":5,"userLevelName":"Aselsan","id":10},"tokenDetails":{"accessToken":"eyJ0eXAiOiJKV1QiLCJhbGciOiJIUzUxMiJ9.eyJzdWIiOiIxOSIsImF1ZCI6ImFjY2VzcyIsInVzciI6IlNpc3RlbSBZw7ZuZXRpY2lzaSBBU0VMU0FOIiwiaXNzIjoiYXNlbHNhbi5rYXJkZWxlbiIsInJqdGkiOiI1MmZhY2JiOS00YWFkLTRiOTItYmE3Zi03MWU4NjI2ZWEzOTgiLCJleHAiOjE3MzM0MDgyMTMsImlhdCI6MTczMzQwNzYxMywianRpIjoiOWViZjEyYTctNmQzYy00ODg3LTk3OTAtMGJiOTA0OTNmOTQ0In0.PJmMULybx-CAalzIXJC0yP-x0I6RC6-Sa-j6BkGW42AveGYcDGDOGpch8ZcNipA2i4O2tlny2J1i5ZGkJeQapQ","refreshToken":"eyJ0eXAiOiJKV1QiLCJhbGciOiJIUzUxMiJ9.eyJzdWIiOiIxOSIsImF1ZCI6InJlZnJlc2giLCJpc3MiOiJhc2Vsc2FuLmthcmRlbGVuIiwiZXhwIjoxNzMzNDQzNjEzLCJpYXQiOjE3MzM0MDc2MTMsImp0aSI6IjUyZmFjYmI5LTRhYWQtNGI5Mi1iYTdmLTcxZTg2MjZlYTM5OCJ9._9umC7XPEkrwJxIvfT-w-aL-vAs58VomRnPe8gVLxp55z4R_5Bm13eTHoIWPknq94OLJRLqKxJ8r3xJx2O6RTQ"},"authorities":["right.detection.createdetection","right.detection.map","right.detection.detail","right.detection.detail.read","right.detection.detail.update","right.detection.filter","right.detection.sort","right.detection.sosmessage","right.task.filter","right.task.sort","right.task.detail","right.task.detail.read","right.task.detail.starttask","right.sensor.list","right.sensor.map","right.sensor.filter","right.sensor.sort","right.profile.read","right.detection","right.task","right.sensor","right.profile","right.detection.incominglist","right.task.outgoinglist","right.detection.outgoinglist","right.task.incominglist","right.task.attachments.list","right.alarm","right.alarm.list","right.alarm.map","right.alarm.filter","right.profile.usermanagement","right.profile.usermanagement.groupauthorization","right.profile.usermanagement.usergroup","right.sensor.detail","right.sensor.detail.read","right.sensor.detail.livestream"]}
2024-12-05 17:06:54.406 [main] INFO  com.apiTests.requests.serviceRequests.user_controller.LoginTests - Status Code: 200
2024-12-05 17:06:54.427 [main] INFO  com.apiTests.serviceSteps.serviceTestSteps.userController.LoginSteps - The system has been logged in with a valid username and password
2024-12-05 17:06:54.428 [main] INFO  com.apiTests.serviceSteps.serviceTestSteps.userController.LoginSteps - The username in the response matches the request
2024-12-05 17:06:54.430 [main] INFO  com.apiTests.requests.HelperMethod - The content was successfully written to the file: src/test/resources/txtFiles/accessToken.txt
2024-12-05 17:06:54.430 [main] INFO  com.apiTests.serviceSteps.serviceTestSteps.userController.LoginSteps - The Access Token has been saved: eyJ0eXAiOiJKV1QiLCJhbGciOiJIUzUxMiJ9.eyJzdWIiOiIxOSIsImF1ZCI6ImFjY2VzcyIsInVzciI6IlNpc3RlbSBZw7ZuZXRpY2lzaSBBU0VMU0FOIiwiaXNzIjoiYXNlbHNhbi5rYXJkZWxlbiIsInJqdGkiOiI1MmZhY2JiOS00YWFkLTRiOTItYmE3Zi03MWU4NjI2ZWEzOTgiLCJleHAiOjE3MzM0MDgyMTMsImlhdCI6MTczMzQwNzYxMywianRpIjoiOWViZjEyYTctNmQzYy00ODg3LTk3OTAtMGJiOTA0OTNmOTQ0In0.PJmMULybx-CAalzIXJC0yP-x0I6RC6-Sa-j6BkGW42AveGYcDGDOGpch8ZcNipA2i4O2tlny2J1i5ZGkJeQapQ
2024-12-05 17:06:54.736 [main] INFO  com.apiTests.requests.serviceRequests.detection_controller.ClassificationTypesTests - Response received: [{"id":255,"name":"ACİL DURUM"},{"id":3,"name":"ARAÇ"},{"id":6,"name":"ARIZA"},{"id":4,"name":"DİĞER"},{"id":193,"name":"DOĞRU ALARM"},{"id":2,"name":"HAYVAN"},{"id":1,"name":"İNSAN"},{"id":16,"name":"SABOTAJ"},{"id":71,"name":"YETKİSİZ"}]
2024-12-05 17:06:54.736 [main] INFO  com.apiTests.requests.serviceRequests.detection_controller.ClassificationTypesTests - Status Code: 200
2024-12-05 17:06:54.743 [main] INFO  com.apiTests.requests.serviceRequests.detection_controller.ClassificationTypesTests - 0. Classification Type: ACİL DURUM
2024-12-05 17:06:54.744 [main] INFO  com.apiTests.requests.serviceRequests.detection_controller.ClassificationTypesTests - 1. Classification Type: ARAÇ
2024-12-05 17:06:54.744 [main] INFO  com.apiTests.requests.serviceRequests.detection_controller.ClassificationTypesTests - Classification type found: ARAÇ
2024-12-05 17:06:55.103 [main] INFO  com.apiTests.requests.serviceRequests.detection_controller.GetDetectionsTests - Response received: [{"id":"00000000-0000-000a-0000-0192b45e1551","hasImage":true,"description":"car58","detectionCreateTime":1729602917713,"detectionUpdateTime":1731060347446,"location":{"lat":44.62059838491688,"lng":33.761569193133305},"zone":{"id":-1,"name":"K11_"},"updated":true,"signature":"06uu321","taskId":null,"taskStatus":null,"type":{"id":3,"name":"Vehicle"}},{"id":"00000000-0000-000a-0000-0193244b444c","hasImage":false,"description":"a12","detectionCreateTime":1731480732748,"detectionUpdateTime":1731480933232,"location":{"lat":39.031,"lng":35.252},"zone":{"id":-1,"name":"K11_"},"updated":true,"signature":"a1","taskId":null,"taskStatus":null,"type":{"id":3,"name":"Vehicle"}},{"id":"00000000-0000-000a-0000-0193495fbcce","hasImage":true,"description":"test99","detectionCreateTime":1732102831310,"detectionUpdateTime":1732107511335,"location":{"lat":36.905217757446,"lng":30.71423458363418},"zone":{"id":-1,"name":"K11_"},"updated":true,"signature":"55sss321","taskId":null,"taskStatus":null,"type":{"id":3,"name":"Vehicle"}},{"id":"00000000-0000-000a-0000-01922831a6cc","hasImage":true,"description":"25.09yvyvcuyfycyc444","detectionCreateTime":1727251195596,"detectionUpdateTime":1727251311845,"location":{"lat":37.890741763098944,"lng":32.50682470993759},"zone":{"id":-1,"name":"K11_"},"updated":true,"signature":"44eee32144","taskId":null,"taskStatus":null,"type":{"id":3,"name":"Vehicle"}},{"id":"00000000-0000-000a-0000-0192ae673531","hasImage":false,"description":"test55","detectionCreateTime":1729502852401,"detectionUpdateTime":1729502853582,"location":{"lat":39.57335835949759,"lng":32.16403650439132},"zone":{"id":-1,"name":"K11_"},"updated":true,"signature":"55sss321","taskId":null,"taskStatus":null,"type":{"id":3,"name":"Vehicle"}},{"id":"00000000-0000-000a-0000-0192ae74be63","hasImage":false,"description":"kib","detectionCreateTime":1729503739491,"detectionUpdateTime":1729503740669,"location":{"lat":35.268917427926674,"lng":33.85390382433425},"zone":{"id":-1,"name":"K11_"},"updated":true,"signature":"44eee321","taskId":null,"taskStatus":null,"type":{"id":3,"name":"Vehicle"}},{"id":"00000000-0000-000a-0000-0192c3c926c7","hasImage":false,"description":"asdasd","detectionCreateTime":1729861592775,"detectionUpdateTime":1731060706014,"location":{"lat":0.0,"lng":0.0},"zone":{"id":-1,"name":"K11_"},"updated":true,"signature":"asdas","taskId":null,"taskStatus":null,"type":{"id":3,"name":"Vehicle"}}]
2024-12-05 17:06:55.104 [main] INFO  com.apiTests.requests.serviceRequests.detection_controller.GetDetectionsTests - Status Code: 200
2024-12-05 17:06:55.114 [main] INFO  com.apiTests.requests.serviceRequests.detection_controller.GetDetectionsTests - 0. Detection: 00000000-0000-000a-0000-0192b45e1551 , Vehicle
2024-12-05 17:06:55.114 [main] INFO  com.apiTests.requests.serviceRequests.detection_controller.GetDetectionsTests - 1. Detection: 00000000-0000-000a-0000-0193244b444c , Vehicle
2024-12-05 17:06:55.114 [main] INFO  com.apiTests.requests.serviceRequests.detection_controller.GetDetectionsTests - 2. Detection: 00000000-0000-000a-0000-0193495fbcce , Vehicle
2024-12-05 17:06:55.115 [main] INFO  com.apiTests.requests.serviceRequests.detection_controller.GetDetectionsTests - 3. Detection: 00000000-0000-000a-0000-01922831a6cc , Vehicle
2024-12-05 17:06:55.115 [main] INFO  com.apiTests.requests.serviceRequests.detection_controller.GetDetectionsTests - 4. Detection: 00000000-0000-000a-0000-0192ae673531 , Vehicle
2024-12-05 17:06:55.115 [main] INFO  com.apiTests.requests.serviceRequests.detection_controller.GetDetectionsTests - 5. Detection: 00000000-0000-000a-0000-0192ae74be63 , Vehicle
2024-12-05 17:06:55.115 [main] INFO  com.apiTests.requests.serviceRequests.detection_controller.GetDetectionsTests - 6. Detection: 00000000-0000-000a-0000-0192c3c926c7 , Vehicle
2024-12-05 17:06:55.115 [main] ERROR com.apiTests.requests.serviceRequests.detection_controller.GetDetectionsTests - The zone filter does not used!
2024-12-05 17:06:55.115 [main] INFO  com.apiTests.requests.serviceRequests.detection_controller.GetDetectionsTests - The start time and the finish time filter do not used!
]]></system-out>
  </testcase>
  <testcase name="Detection controller service, filter classificationTyp #3" classname="Get Detections" time="0.985">
    <system-out><![CDATA[2024-12-05 17:06:55.409 [main] INFO  com.apiTests.requests.serviceRequests.user_controller.LoginTests - Response received: {"user":{"name":"Sistem Yöneticisi","surname":"ASELSAN","username":"aselsan","detail":{"identityNumber":null,"email":null,"phoneNumber":null,"rank":null,"profilePicture":null,"supervisor":{"name":null,"surname":null}},"pushToken":null,"userLevelId":5,"userLevelName":"Aselsan","id":10},"tokenDetails":{"accessToken":"eyJ0eXAiOiJKV1QiLCJhbGciOiJIUzUxMiJ9.eyJzdWIiOiIxOSIsImF1ZCI6ImFjY2VzcyIsInVzciI6IlNpc3RlbSBZw7ZuZXRpY2lzaSBBU0VMU0FOIiwiaXNzIjoiYXNlbHNhbi5rYXJkZWxlbiIsInJqdGkiOiJkNTAxNGZiOC1iMDIwLTRhNDMtOWE2MC0yYWUwMTkwMmQ4MjgiLCJleHAiOjE3MzM0MDgyMTQsImlhdCI6MTczMzQwNzYxNCwianRpIjoiNDY4YzJjNzMtODFlOC00OTk1LWIxYzItNWQxZjVlMWM0NDE0In0.dYfwlhQwehREqQ_llJGNfwGctI8o2q8AXl7f6kL9YYYkC8xtsgl9KOd6mUAuzv5gkBuNYXobeyyKWjjvFn_hWA","refreshToken":"eyJ0eXAiOiJKV1QiLCJhbGciOiJIUzUxMiJ9.eyJzdWIiOiIxOSIsImF1ZCI6InJlZnJlc2giLCJpc3MiOiJhc2Vsc2FuLmthcmRlbGVuIiwiZXhwIjoxNzMzNDQzNjE0LCJpYXQiOjE3MzM0MDc2MTQsImp0aSI6ImQ1MDE0ZmI4LWIwMjAtNGE0My05YTYwLTJhZTAxOTAyZDgyOCJ9.8C_MRJcQtHzOYw47htgSeWij8HOLnmSF1QGVlAluwCw_2s0pYjdmaAA06rSuA8VLLsb9UlsPO9hVQQHxaqmk6w"},"authorities":["right.detection.createdetection","right.detection.map","right.detection.detail","right.detection.detail.read","right.detection.detail.update","right.detection.filter","right.detection.sort","right.detection.sosmessage","right.task.filter","right.task.sort","right.task.detail","right.task.detail.read","right.task.detail.starttask","right.sensor.list","right.sensor.map","right.sensor.filter","right.sensor.sort","right.profile.read","right.detection","right.task","right.sensor","right.profile","right.detection.incominglist","right.task.outgoinglist","right.detection.outgoinglist","right.task.incominglist","right.task.attachments.list","right.alarm","right.alarm.list","right.alarm.map","right.alarm.filter","right.profile.usermanagement","right.profile.usermanagement.groupauthorization","right.profile.usermanagement.usergroup","right.sensor.detail","right.sensor.detail.read","right.sensor.detail.livestream"]}
2024-12-05 17:06:55.409 [main] INFO  com.apiTests.requests.serviceRequests.user_controller.LoginTests - Status Code: 200
2024-12-05 17:06:55.426 [main] INFO  com.apiTests.serviceSteps.serviceTestSteps.userController.LoginSteps - The system has been logged in with a valid username and password
2024-12-05 17:06:55.427 [main] INFO  com.apiTests.serviceSteps.serviceTestSteps.userController.LoginSteps - The username in the response matches the request
2024-12-05 17:06:55.428 [main] INFO  com.apiTests.requests.HelperMethod - The content was successfully written to the file: src/test/resources/txtFiles/accessToken.txt
2024-12-05 17:06:55.429 [main] INFO  com.apiTests.serviceSteps.serviceTestSteps.userController.LoginSteps - The Access Token has been saved: eyJ0eXAiOiJKV1QiLCJhbGciOiJIUzUxMiJ9.eyJzdWIiOiIxOSIsImF1ZCI6ImFjY2VzcyIsInVzciI6IlNpc3RlbSBZw7ZuZXRpY2lzaSBBU0VMU0FOIiwiaXNzIjoiYXNlbHNhbi5rYXJkZWxlbiIsInJqdGkiOiJkNTAxNGZiOC1iMDIwLTRhNDMtOWE2MC0yYWUwMTkwMmQ4MjgiLCJleHAiOjE3MzM0MDgyMTQsImlhdCI6MTczMzQwNzYxNCwianRpIjoiNDY4YzJjNzMtODFlOC00OTk1LWIxYzItNWQxZjVlMWM0NDE0In0.dYfwlhQwehREqQ_llJGNfwGctI8o2q8AXl7f6kL9YYYkC8xtsgl9KOd6mUAuzv5gkBuNYXobeyyKWjjvFn_hWA
2024-12-05 17:06:55.723 [main] INFO  com.apiTests.requests.serviceRequests.detection_controller.ClassificationTypesTests - Response received: [{"id":255,"name":"ACİL DURUM"},{"id":3,"name":"ARAÇ"},{"id":6,"name":"ARIZA"},{"id":4,"name":"DİĞER"},{"id":193,"name":"DOĞRU ALARM"},{"id":2,"name":"HAYVAN"},{"id":1,"name":"İNSAN"},{"id":16,"name":"SABOTAJ"},{"id":71,"name":"YETKİSİZ"}]
2024-12-05 17:06:55.723 [main] INFO  com.apiTests.requests.serviceRequests.detection_controller.ClassificationTypesTests - Status Code: 200
2024-12-05 17:06:55.725 [main] INFO  com.apiTests.requests.serviceRequests.detection_controller.ClassificationTypesTests - 0. Classification Type: ACİL DURUM
2024-12-05 17:06:55.726 [main] INFO  com.apiTests.requests.serviceRequests.detection_controller.ClassificationTypesTests - 1. Classification Type: ARAÇ
2024-12-05 17:06:55.726 [main] INFO  com.apiTests.requests.serviceRequests.detection_controller.ClassificationTypesTests - 2. Classification Type: ARIZA
2024-12-05 17:06:55.726 [main] INFO  com.apiTests.requests.serviceRequests.detection_controller.ClassificationTypesTests - Classification type found: ARIZA
2024-12-05 17:06:56.086 [main] INFO  com.apiTests.requests.serviceRequests.detection_controller.GetDetectionsTests - Response received: [{"id":"00000000-0000-000a-0000-019228acfc4f","hasImage":false,"description":"uvuguvugug","detectionCreateTime":1727259278415,"detectionUpdateTime":null,"location":{"lat":39.031,"lng":35.252},"zone":{"id":-1,"name":"K11_"},"updated":false,"signature":"hccuycyf","taskId":null,"taskStatus":null,"type":{"id":6,"name":"Malfunction"}},{"id":"00000000-0000-000a-0000-019298dfa639","hasImage":false,"description":"GSFB","detectionCreateTime":1729141646905,"detectionUpdateTime":null,"location":{"lat":37.754223,"lng":33.569424},"zone":{"id":-1,"name":"K11_"},"updated":false,"signature":"GSFB","taskId":null,"taskStatus":null,"type":{"id":6,"name":"Malfunction"}},{"id":"00000000-0000-000a-0000-019298c77934","hasImage":false,"description":"descccccccc","detectionCreateTime":1729140062516,"detectionUpdateTime":null,"location":{"lat":37.754223,"lng":33.569424},"zone":{"id":-1,"name":"K11_"},"updated":false,"signature":"siggggggggg","taskId":null,"taskStatus":null,"type":{"id":6,"name":"Malfunction"}},{"id":"00000000-0000-000a-0000-0192ae75e7b5","hasImage":false,"description":"84","detectionCreateTime":1729503815605,"detectionUpdateTime":1729503816809,"location":{"lat":36.92503693657357,"lng":37.55276414688582},"zone":{"id":-1,"name":"K11_"},"updated":true,"signature":"88uuu432","taskId":null,"taskStatus":null,"type":{"id":6,"name":"Malfunction"}}]
2024-12-05 17:06:56.086 [main] INFO  com.apiTests.requests.serviceRequests.detection_controller.GetDetectionsTests - Status Code: 200
2024-12-05 17:06:56.086 [main] INFO  com.apiTests.requests.serviceRequests.detection_controller.GetDetectionsTests - 0. Detection: 00000000-0000-000a-0000-019228acfc4f , Malfunction
2024-12-05 17:06:56.086 [main] INFO  com.apiTests.requests.serviceRequests.detection_controller.GetDetectionsTests - 1. Detection: 00000000-0000-000a-0000-019298dfa639 , Malfunction
2024-12-05 17:06:56.086 [main] INFO  com.apiTests.requests.serviceRequests.detection_controller.GetDetectionsTests - 2. Detection: 00000000-0000-000a-0000-019298c77934 , Malfunction
2024-12-05 17:06:56.086 [main] INFO  com.apiTests.requests.serviceRequests.detection_controller.GetDetectionsTests - 3. Detection: 00000000-0000-000a-0000-0192ae75e7b5 , Malfunction
2024-12-05 17:06:56.086 [main] ERROR com.apiTests.requests.serviceRequests.detection_controller.GetDetectionsTests - The zone filter does not used!
2024-12-05 17:06:56.086 [main] INFO  com.apiTests.requests.serviceRequests.detection_controller.GetDetectionsTests - The start time and the finish time filter do not used!
]]></system-out>
  </testcase>
  <testcase name="Detection controller service, filter classificationTyp #4" classname="Get Detections" time="0.974">
    <system-out><![CDATA[2024-12-05 17:06:56.383 [main] INFO  com.apiTests.requests.serviceRequests.user_controller.LoginTests - Response received: {"user":{"name":"Sistem Yöneticisi","surname":"ASELSAN","username":"aselsan","detail":{"identityNumber":null,"email":null,"phoneNumber":null,"rank":null,"profilePicture":null,"supervisor":{"name":null,"surname":null}},"pushToken":null,"userLevelId":5,"userLevelName":"Aselsan","id":10},"tokenDetails":{"accessToken":"eyJ0eXAiOiJKV1QiLCJhbGciOiJIUzUxMiJ9.eyJzdWIiOiIxOSIsImF1ZCI6ImFjY2VzcyIsInVzciI6IlNpc3RlbSBZw7ZuZXRpY2lzaSBBU0VMU0FOIiwiaXNzIjoiYXNlbHNhbi5rYXJkZWxlbiIsInJqdGkiOiJiMDNiMWYwYy1lNTJhLTQ2NmYtOTljMS0xZjNhNmFjMWZjZjgiLCJleHAiOjE3MzM0MDgyMTUsImlhdCI6MTczMzQwNzYxNSwianRpIjoiNDhmMGFiNDMtNGFhOC00YTZiLWE3MTktODUyODFiNjE4NDI0In0.3LlJrwVaogGIlc0J1jDJ2usbVDUISnw3MCSTPYe3OspL8LPRsw9IcIFMQbtb03mvORtTgQAtmWotEqyYWpjSjg","refreshToken":"eyJ0eXAiOiJKV1QiLCJhbGciOiJIUzUxMiJ9.eyJzdWIiOiIxOSIsImF1ZCI6InJlZnJlc2giLCJpc3MiOiJhc2Vsc2FuLmthcmRlbGVuIiwiZXhwIjoxNzMzNDQzNjE1LCJpYXQiOjE3MzM0MDc2MTUsImp0aSI6ImIwM2IxZjBjLWU1MmEtNDY2Zi05OWMxLTFmM2E2YWMxZmNmOCJ9.3FTxoKtcrPIbyRLDEAdy9eEy3y1uM5kS_m6BgYZlkVLjkAHezbSY_TLifo387GN0QEy7SwZCTLTMoVB-FTk7Ag"},"authorities":["right.detection.createdetection","right.detection.map","right.detection.detail","right.detection.detail.read","right.detection.detail.update","right.detection.filter","right.detection.sort","right.detection.sosmessage","right.task.filter","right.task.sort","right.task.detail","right.task.detail.read","right.task.detail.starttask","right.sensor.list","right.sensor.map","right.sensor.filter","right.sensor.sort","right.profile.read","right.detection","right.task","right.sensor","right.profile","right.detection.incominglist","right.task.outgoinglist","right.detection.outgoinglist","right.task.incominglist","right.task.attachments.list","right.alarm","right.alarm.list","right.alarm.map","right.alarm.filter","right.profile.usermanagement","right.profile.usermanagement.groupauthorization","right.profile.usermanagement.usergroup","right.sensor.detail","right.sensor.detail.read","right.sensor.detail.livestream"]}
2024-12-05 17:06:56.384 [main] INFO  com.apiTests.requests.serviceRequests.user_controller.LoginTests - Status Code: 200
2024-12-05 17:06:56.399 [main] INFO  com.apiTests.serviceSteps.serviceTestSteps.userController.LoginSteps - The system has been logged in with a valid username and password
2024-12-05 17:06:56.400 [main] INFO  com.apiTests.serviceSteps.serviceTestSteps.userController.LoginSteps - The username in the response matches the request
2024-12-05 17:06:56.402 [main] INFO  com.apiTests.requests.HelperMethod - The content was successfully written to the file: src/test/resources/txtFiles/accessToken.txt
2024-12-05 17:06:56.402 [main] INFO  com.apiTests.serviceSteps.serviceTestSteps.userController.LoginSteps - The Access Token has been saved: eyJ0eXAiOiJKV1QiLCJhbGciOiJIUzUxMiJ9.eyJzdWIiOiIxOSIsImF1ZCI6ImFjY2VzcyIsInVzciI6IlNpc3RlbSBZw7ZuZXRpY2lzaSBBU0VMU0FOIiwiaXNzIjoiYXNlbHNhbi5rYXJkZWxlbiIsInJqdGkiOiJiMDNiMWYwYy1lNTJhLTQ2NmYtOTljMS0xZjNhNmFjMWZjZjgiLCJleHAiOjE3MzM0MDgyMTUsImlhdCI6MTczMzQwNzYxNSwianRpIjoiNDhmMGFiNDMtNGFhOC00YTZiLWE3MTktODUyODFiNjE4NDI0In0.3LlJrwVaogGIlc0J1jDJ2usbVDUISnw3MCSTPYe3OspL8LPRsw9IcIFMQbtb03mvORtTgQAtmWotEqyYWpjSjg
2024-12-05 17:06:56.681 [main] INFO  com.apiTests.requests.serviceRequests.detection_controller.ClassificationTypesTests - Response received: [{"id":255,"name":"ACİL DURUM"},{"id":3,"name":"ARAÇ"},{"id":6,"name":"ARIZA"},{"id":4,"name":"DİĞER"},{"id":193,"name":"DOĞRU ALARM"},{"id":2,"name":"HAYVAN"},{"id":1,"name":"İNSAN"},{"id":16,"name":"SABOTAJ"},{"id":71,"name":"YETKİSİZ"}]
2024-12-05 17:06:56.681 [main] INFO  com.apiTests.requests.serviceRequests.detection_controller.ClassificationTypesTests - Status Code: 200
2024-12-05 17:06:56.683 [main] INFO  com.apiTests.requests.serviceRequests.detection_controller.ClassificationTypesTests - 0. Classification Type: ACİL DURUM
2024-12-05 17:06:56.683 [main] INFO  com.apiTests.requests.serviceRequests.detection_controller.ClassificationTypesTests - 1. Classification Type: ARAÇ
2024-12-05 17:06:56.683 [main] INFO  com.apiTests.requests.serviceRequests.detection_controller.ClassificationTypesTests - 2. Classification Type: ARIZA
2024-12-05 17:06:56.684 [main] INFO  com.apiTests.requests.serviceRequests.detection_controller.ClassificationTypesTests - 3. Classification Type: DİĞER
2024-12-05 17:06:56.684 [main] INFO  com.apiTests.requests.serviceRequests.detection_controller.ClassificationTypesTests - Classification type found: DİĞER
2024-12-05 17:06:57.073 [main] INFO  com.apiTests.requests.serviceRequests.detection_controller.GetDetectionsTests - Response received: []
2024-12-05 17:06:57.073 [main] INFO  com.apiTests.requests.serviceRequests.detection_controller.GetDetectionsTests - Status Code: 200
2024-12-05 17:06:57.077 [main] ERROR com.apiTests.requests.serviceRequests.detection_controller.GetDetectionsTests - Detection List is empty!
]]></system-out>
  </testcase>
  <testcase name="Detection controller service, filter classificationTyp #5" classname="Get Detections" time="0.999">
    <system-out><![CDATA[2024-12-05 17:06:57.360 [main] INFO  com.apiTests.requests.serviceRequests.user_controller.LoginTests - Response received: {"user":{"name":"Sistem Yöneticisi","surname":"ASELSAN","username":"aselsan","detail":{"identityNumber":null,"email":null,"phoneNumber":null,"rank":null,"profilePicture":null,"supervisor":{"name":null,"surname":null}},"pushToken":null,"userLevelId":5,"userLevelName":"Aselsan","id":10},"tokenDetails":{"accessToken":"eyJ0eXAiOiJKV1QiLCJhbGciOiJIUzUxMiJ9.eyJzdWIiOiIxOSIsImF1ZCI6ImFjY2VzcyIsInVzciI6IlNpc3RlbSBZw7ZuZXRpY2lzaSBBU0VMU0FOIiwiaXNzIjoiYXNlbHNhbi5rYXJkZWxlbiIsInJqdGkiOiJjNGFiMTliYy0zZGYwLTQ5MjMtODBjZC0xNzU1MTgzM2RkNDIiLCJleHAiOjE3MzM0MDgyMTYsImlhdCI6MTczMzQwNzYxNiwianRpIjoiNmZmOGU0ZWMtZGY1Ny00NThkLTliNTctNWM1N2YzZTU2Zjk3In0.Bv7dAXry9r32plKAxG86kJ76sydoc8oZIdBpVoCOIhqqZ55EM0vfdnHlYbLWWgIg5AzGo0KTEKBDQ1AIQ7J2sQ","refreshToken":"eyJ0eXAiOiJKV1QiLCJhbGciOiJIUzUxMiJ9.eyJzdWIiOiIxOSIsImF1ZCI6InJlZnJlc2giLCJpc3MiOiJhc2Vsc2FuLmthcmRlbGVuIiwiZXhwIjoxNzMzNDQzNjE2LCJpYXQiOjE3MzM0MDc2MTYsImp0aSI6ImM0YWIxOWJjLTNkZjAtNDkyMy04MGNkLTE3NTUxODMzZGQ0MiJ9.bM1pQ3IrPsG4c-3mwc6YUtKMfH7iYnUgbOG_ZhGT3IIqLsSK14aIoYi7eOpHDLP9ZSv_udcBG27TIl1njavaVQ"},"authorities":["right.detection.createdetection","right.detection.map","right.detection.detail","right.detection.detail.read","right.detection.detail.update","right.detection.filter","right.detection.sort","right.detection.sosmessage","right.task.filter","right.task.sort","right.task.detail","right.task.detail.read","right.task.detail.starttask","right.sensor.list","right.sensor.map","right.sensor.filter","right.sensor.sort","right.profile.read","right.detection","right.task","right.sensor","right.profile","right.detection.incominglist","right.task.outgoinglist","right.detection.outgoinglist","right.task.incominglist","right.task.attachments.list","right.alarm","right.alarm.list","right.alarm.map","right.alarm.filter","right.profile.usermanagement","right.profile.usermanagement.groupauthorization","right.profile.usermanagement.usergroup","right.sensor.detail","right.sensor.detail.read","right.sensor.detail.livestream"]}
2024-12-05 17:06:57.360 [main] INFO  com.apiTests.requests.serviceRequests.user_controller.LoginTests - Status Code: 200
2024-12-05 17:06:57.373 [main] INFO  com.apiTests.serviceSteps.serviceTestSteps.userController.LoginSteps - The system has been logged in with a valid username and password
2024-12-05 17:06:57.373 [main] INFO  com.apiTests.serviceSteps.serviceTestSteps.userController.LoginSteps - The username in the response matches the request
2024-12-05 17:06:57.373 [main] INFO  com.apiTests.requests.HelperMethod - The content was successfully written to the file: src/test/resources/txtFiles/accessToken.txt
2024-12-05 17:06:57.376 [main] INFO  com.apiTests.serviceSteps.serviceTestSteps.userController.LoginSteps - The Access Token has been saved: eyJ0eXAiOiJKV1QiLCJhbGciOiJIUzUxMiJ9.eyJzdWIiOiIxOSIsImF1ZCI6ImFjY2VzcyIsInVzciI6IlNpc3RlbSBZw7ZuZXRpY2lzaSBBU0VMU0FOIiwiaXNzIjoiYXNlbHNhbi5rYXJkZWxlbiIsInJqdGkiOiJjNGFiMTliYy0zZGYwLTQ5MjMtODBjZC0xNzU1MTgzM2RkNDIiLCJleHAiOjE3MzM0MDgyMTYsImlhdCI6MTczMzQwNzYxNiwianRpIjoiNmZmOGU0ZWMtZGY1Ny00NThkLTliNTctNWM1N2YzZTU2Zjk3In0.Bv7dAXry9r32plKAxG86kJ76sydoc8oZIdBpVoCOIhqqZ55EM0vfdnHlYbLWWgIg5AzGo0KTEKBDQ1AIQ7J2sQ
2024-12-05 17:06:57.661 [main] INFO  com.apiTests.requests.serviceRequests.detection_controller.ClassificationTypesTests - Response received: [{"id":255,"name":"ACİL DURUM"},{"id":3,"name":"ARAÇ"},{"id":6,"name":"ARIZA"},{"id":4,"name":"DİĞER"},{"id":193,"name":"DOĞRU ALARM"},{"id":2,"name":"HAYVAN"},{"id":1,"name":"İNSAN"},{"id":16,"name":"SABOTAJ"},{"id":71,"name":"YETKİSİZ"}]
2024-12-05 17:06:57.661 [main] INFO  com.apiTests.requests.serviceRequests.detection_controller.ClassificationTypesTests - Status Code: 200
2024-12-05 17:06:57.661 [main] INFO  com.apiTests.requests.serviceRequests.detection_controller.ClassificationTypesTests - 0. Classification Type: ACİL DURUM
2024-12-05 17:06:57.661 [main] INFO  com.apiTests.requests.serviceRequests.detection_controller.ClassificationTypesTests - 1. Classification Type: ARAÇ
2024-12-05 17:06:57.661 [main] INFO  com.apiTests.requests.serviceRequests.detection_controller.ClassificationTypesTests - 2. Classification Type: ARIZA
2024-12-05 17:06:57.661 [main] INFO  com.apiTests.requests.serviceRequests.detection_controller.ClassificationTypesTests - 3. Classification Type: DİĞER
2024-12-05 17:06:57.661 [main] INFO  com.apiTests.requests.serviceRequests.detection_controller.ClassificationTypesTests - 4. Classification Type: DOĞRU ALARM
2024-12-05 17:06:57.661 [main] INFO  com.apiTests.requests.serviceRequests.detection_controller.ClassificationTypesTests - Classification type found: DOĞRU ALARM
2024-12-05 17:06:58.057 [main] INFO  com.apiTests.requests.serviceRequests.detection_controller.GetDetectionsTests - Response received: [{"id":"00000000-0000-000a-0000-01930b45f2a9","hasImage":false,"description":"da","detectionCreateTime":1731060953769,"detectionUpdateTime":1731060954753,"location":{"lat":39.96669068994513,"lng":32.76807441194585},"zone":{"id":-1,"name":"K11_"},"updated":true,"signature":"da","taskId":null,"taskStatus":null,"type":{"id":193,"name":"Alarm"}},{"id":"00000000-0000-000a-0000-01930b55fece","hasImage":false,"description":"y","detectionCreateTime":1731062005454,"detectionUpdateTime":null,"location":{"lat":39.031,"lng":35.252},"zone":{"id":-1,"name":"K11_"},"updated":false,"signature":"x","taskId":"957aa425-34a7-4889-8f01-37065a60a7fb","taskStatus":6,"type":{"id":193,"name":"Alarm"}}]
2024-12-05 17:06:58.057 [main] INFO  com.apiTests.requests.serviceRequests.detection_controller.GetDetectionsTests - Status Code: 200
2024-12-05 17:06:58.075 [main] INFO  com.apiTests.requests.serviceRequests.detection_controller.GetDetectionsTests - 0. Detection: 00000000-0000-000a-0000-01930b45f2a9 , Alarm
2024-12-05 17:06:58.075 [main] INFO  com.apiTests.requests.serviceRequests.detection_controller.GetDetectionsTests - 1. Detection: 00000000-0000-000a-0000-01930b55fece , Alarm
2024-12-05 17:06:58.075 [main] ERROR com.apiTests.requests.serviceRequests.detection_controller.GetDetectionsTests - The zone filter does not used!
2024-12-05 17:06:58.076 [main] INFO  com.apiTests.requests.serviceRequests.detection_controller.GetDetectionsTests - The start time and the finish time filter do not used!
]]></system-out>
  </testcase>
  <testcase name="Detection controller service, filter classificationTyp #6" classname="Get Detections" time="1.119">
    <system-out><![CDATA[2024-12-05 17:06:58.393 [main] INFO  com.apiTests.requests.serviceRequests.user_controller.LoginTests - Response received: {"user":{"name":"Sistem Yöneticisi","surname":"ASELSAN","username":"aselsan","detail":{"identityNumber":null,"email":null,"phoneNumber":null,"rank":null,"profilePicture":null,"supervisor":{"name":null,"surname":null}},"pushToken":null,"userLevelId":5,"userLevelName":"Aselsan","id":10},"tokenDetails":{"accessToken":"eyJ0eXAiOiJKV1QiLCJhbGciOiJIUzUxMiJ9.eyJzdWIiOiIxOSIsImF1ZCI6ImFjY2VzcyIsInVzciI6IlNpc3RlbSBZw7ZuZXRpY2lzaSBBU0VMU0FOIiwiaXNzIjoiYXNlbHNhbi5rYXJkZWxlbiIsInJqdGkiOiJlZWQ4OTRkZC1jMDNmLTRiZWQtYTRkNi01ODVmMzRlN2U4MmEiLCJleHAiOjE3MzM0MDgyMTcsImlhdCI6MTczMzQwNzYxNywianRpIjoiNmJmMTAwNDUtMWRlNC00MTg0LTk3MTAtZTUxZDI4MjgwYmY4In0.Avg8Cs9Uk9vc3yosuxrJcR8n6xRp6_UnJQnNOhMeGkDdusUWCLMER_y61TmPDJAadnJSuLsNGLp_sE9SVRsURQ","refreshToken":"eyJ0eXAiOiJKV1QiLCJhbGciOiJIUzUxMiJ9.eyJzdWIiOiIxOSIsImF1ZCI6InJlZnJlc2giLCJpc3MiOiJhc2Vsc2FuLmthcmRlbGVuIiwiZXhwIjoxNzMzNDQzNjE3LCJpYXQiOjE3MzM0MDc2MTcsImp0aSI6ImVlZDg5NGRkLWMwM2YtNGJlZC1hNGQ2LTU4NWYzNGU3ZTgyYSJ9.lIL6Xru5N-IZ_GbAfUQ8vchshoMUB3R8bveDmB8uVr9r-NnXFwtfod544H2S0EmLRABEhJHGNjj7OLwW1DqU1w"},"authorities":["right.detection.createdetection","right.detection.map","right.detection.detail","right.detection.detail.read","right.detection.detail.update","right.detection.filter","right.detection.sort","right.detection.sosmessage","right.task.filter","right.task.sort","right.task.detail","right.task.detail.read","right.task.detail.starttask","right.sensor.list","right.sensor.map","right.sensor.filter","right.sensor.sort","right.profile.read","right.detection","right.task","right.sensor","right.profile","right.detection.incominglist","right.task.outgoinglist","right.detection.outgoinglist","right.task.incominglist","right.task.attachments.list","right.alarm","right.alarm.list","right.alarm.map","right.alarm.filter","right.profile.usermanagement","right.profile.usermanagement.groupauthorization","right.profile.usermanagement.usergroup","right.sensor.detail","right.sensor.detail.read","right.sensor.detail.livestream"]}
2024-12-05 17:06:58.393 [main] INFO  com.apiTests.requests.serviceRequests.user_controller.LoginTests - Status Code: 200
2024-12-05 17:06:58.419 [main] INFO  com.apiTests.serviceSteps.serviceTestSteps.userController.LoginSteps - The system has been logged in with a valid username and password
2024-12-05 17:06:58.419 [main] INFO  com.apiTests.serviceSteps.serviceTestSteps.userController.LoginSteps - The username in the response matches the request
2024-12-05 17:06:58.419 [main] INFO  com.apiTests.requests.HelperMethod - The content was successfully written to the file: src/test/resources/txtFiles/accessToken.txt
2024-12-05 17:06:58.419 [main] INFO  com.apiTests.serviceSteps.serviceTestSteps.userController.LoginSteps - The Access Token has been saved: eyJ0eXAiOiJKV1QiLCJhbGciOiJIUzUxMiJ9.eyJzdWIiOiIxOSIsImF1ZCI6ImFjY2VzcyIsInVzciI6IlNpc3RlbSBZw7ZuZXRpY2lzaSBBU0VMU0FOIiwiaXNzIjoiYXNlbHNhbi5rYXJkZWxlbiIsInJqdGkiOiJlZWQ4OTRkZC1jMDNmLTRiZWQtYTRkNi01ODVmMzRlN2U4MmEiLCJleHAiOjE3MzM0MDgyMTcsImlhdCI6MTczMzQwNzYxNywianRpIjoiNmJmMTAwNDUtMWRlNC00MTg0LTk3MTAtZTUxZDI4MjgwYmY4In0.Avg8Cs9Uk9vc3yosuxrJcR8n6xRp6_UnJQnNOhMeGkDdusUWCLMER_y61TmPDJAadnJSuLsNGLp_sE9SVRsURQ
2024-12-05 17:06:58.703 [main] INFO  com.apiTests.requests.serviceRequests.detection_controller.ClassificationTypesTests - Response received: [{"id":255,"name":"ACİL DURUM"},{"id":3,"name":"ARAÇ"},{"id":6,"name":"ARIZA"},{"id":4,"name":"DİĞER"},{"id":193,"name":"DOĞRU ALARM"},{"id":2,"name":"HAYVAN"},{"id":1,"name":"İNSAN"},{"id":16,"name":"SABOTAJ"},{"id":71,"name":"YETKİSİZ"}]
2024-12-05 17:06:58.703 [main] INFO  com.apiTests.requests.serviceRequests.detection_controller.ClassificationTypesTests - Status Code: 200
2024-12-05 17:06:58.720 [main] INFO  com.apiTests.requests.serviceRequests.detection_controller.ClassificationTypesTests - 0. Classification Type: ACİL DURUM
2024-12-05 17:06:58.720 [main] INFO  com.apiTests.requests.serviceRequests.detection_controller.ClassificationTypesTests - 1. Classification Type: ARAÇ
2024-12-05 17:06:58.721 [main] INFO  com.apiTests.requests.serviceRequests.detection_controller.ClassificationTypesTests - 2. Classification Type: ARIZA
2024-12-05 17:06:58.721 [main] INFO  com.apiTests.requests.serviceRequests.detection_controller.ClassificationTypesTests - 3. Classification Type: DİĞER
2024-12-05 17:06:58.721 [main] INFO  com.apiTests.requests.serviceRequests.detection_controller.ClassificationTypesTests - 4. Classification Type: DOĞRU ALARM
2024-12-05 17:06:58.722 [main] INFO  com.apiTests.requests.serviceRequests.detection_controller.ClassificationTypesTests - 5. Classification Type: HAYVAN
2024-12-05 17:06:58.722 [main] INFO  com.apiTests.requests.serviceRequests.detection_controller.ClassificationTypesTests - Classification type found: HAYVAN
2024-12-05 17:06:59.201 [main] INFO  com.apiTests.requests.serviceRequests.detection_controller.GetDetectionsTests - Response received: [{"id":"00000000-0000-000a-0000-01927a9dd092","hasImage":false,"description":"test1110","detectionCreateTime":1728634015890,"detectionUpdateTime":1731060844236,"location":{"lat":39.9647613243818,"lng":32.76964369542562},"zone":{"id":-1,"name":"K11_"},"updated":true,"signature":null,"taskId":null,"taskStatus":null,"type":{"id":2,"name":"Animal"}}]
2024-12-05 17:06:59.201 [main] INFO  com.apiTests.requests.serviceRequests.detection_controller.GetDetectionsTests - Status Code: 200
2024-12-05 17:06:59.201 [main] INFO  com.apiTests.requests.serviceRequests.detection_controller.GetDetectionsTests - 0. Detection: 00000000-0000-000a-0000-01927a9dd092 , Animal
2024-12-05 17:06:59.201 [main] ERROR com.apiTests.requests.serviceRequests.detection_controller.GetDetectionsTests - The zone filter does not used!
2024-12-05 17:06:59.201 [main] INFO  com.apiTests.requests.serviceRequests.detection_controller.GetDetectionsTests - The start time and the finish time filter do not used!
]]></system-out>
  </testcase>
  <testcase name="Detection controller service, filter classificationTyp #7" classname="Get Detections" time="1.027">
    <system-out><![CDATA[2024-12-05 17:06:59.502 [main] INFO  com.apiTests.requests.serviceRequests.user_controller.LoginTests - Response received: {"user":{"name":"Sistem Yöneticisi","surname":"ASELSAN","username":"aselsan","detail":{"identityNumber":null,"email":null,"phoneNumber":null,"rank":null,"profilePicture":null,"supervisor":{"name":null,"surname":null}},"pushToken":null,"userLevelId":5,"userLevelName":"Aselsan","id":10},"tokenDetails":{"accessToken":"eyJ0eXAiOiJKV1QiLCJhbGciOiJIUzUxMiJ9.eyJzdWIiOiIxOSIsImF1ZCI6ImFjY2VzcyIsInVzciI6IlNpc3RlbSBZw7ZuZXRpY2lzaSBBU0VMU0FOIiwiaXNzIjoiYXNlbHNhbi5rYXJkZWxlbiIsInJqdGkiOiJkN2RhYmU1OC04MGEzLTQ3ZDYtYTQ5Mi01M2M5NzczZjBlNjAiLCJleHAiOjE3MzM0MDgyMTgsImlhdCI6MTczMzQwNzYxOCwianRpIjoiOWRkN2E0ZjMtYWMyNS00Mjk3LTlhMmYtOTBmOTIyZWNlYmVmIn0.ZJTqLOHL-htd11LN0teBwUNNNiMks_bVkzkuqteQBFle75ymDIhTTxXn1at1nQZjYNvCF6Bi2pr6c3s_ypdMFQ","refreshToken":"eyJ0eXAiOiJKV1QiLCJhbGciOiJIUzUxMiJ9.eyJzdWIiOiIxOSIsImF1ZCI6InJlZnJlc2giLCJpc3MiOiJhc2Vsc2FuLmthcmRlbGVuIiwiZXhwIjoxNzMzNDQzNjE4LCJpYXQiOjE3MzM0MDc2MTgsImp0aSI6ImQ3ZGFiZTU4LTgwYTMtNDdkNi1hNDkyLTUzYzk3NzNmMGU2MCJ9.2rEWeZjg9W4lWRYOG8ZUU0v6J07Cd7F7_ldaYG3E5Zp95JVzk-q4nd53PNw4tpo7DO4CUYpPbfNntg0sNcbdcw"},"authorities":["right.detection.createdetection","right.detection.map","right.detection.detail","right.detection.detail.read","right.detection.detail.update","right.detection.filter","right.detection.sort","right.detection.sosmessage","right.task.filter","right.task.sort","right.task.detail","right.task.detail.read","right.task.detail.starttask","right.sensor.list","right.sensor.map","right.sensor.filter","right.sensor.sort","right.profile.read","right.detection","right.task","right.sensor","right.profile","right.detection.incominglist","right.task.outgoinglist","right.detection.outgoinglist","right.task.incominglist","right.task.attachments.list","right.alarm","right.alarm.list","right.alarm.map","right.alarm.filter","right.profile.usermanagement","right.profile.usermanagement.groupauthorization","right.profile.usermanagement.usergroup","right.sensor.detail","right.sensor.detail.read","right.sensor.detail.livestream"]}
2024-12-05 17:06:59.502 [main] INFO  com.apiTests.requests.serviceRequests.user_controller.LoginTests - Status Code: 200
2024-12-05 17:06:59.526 [main] INFO  com.apiTests.serviceSteps.serviceTestSteps.userController.LoginSteps - The system has been logged in with a valid username and password
2024-12-05 17:06:59.527 [main] INFO  com.apiTests.serviceSteps.serviceTestSteps.userController.LoginSteps - The username in the response matches the request
2024-12-05 17:06:59.529 [main] INFO  com.apiTests.requests.HelperMethod - The content was successfully written to the file: src/test/resources/txtFiles/accessToken.txt
2024-12-05 17:06:59.529 [main] INFO  com.apiTests.serviceSteps.serviceTestSteps.userController.LoginSteps - The Access Token has been saved: eyJ0eXAiOiJKV1QiLCJhbGciOiJIUzUxMiJ9.eyJzdWIiOiIxOSIsImF1ZCI6ImFjY2VzcyIsInVzciI6IlNpc3RlbSBZw7ZuZXRpY2lzaSBBU0VMU0FOIiwiaXNzIjoiYXNlbHNhbi5rYXJkZWxlbiIsInJqdGkiOiJkN2RhYmU1OC04MGEzLTQ3ZDYtYTQ5Mi01M2M5NzczZjBlNjAiLCJleHAiOjE3MzM0MDgyMTgsImlhdCI6MTczMzQwNzYxOCwianRpIjoiOWRkN2E0ZjMtYWMyNS00Mjk3LTlhMmYtOTBmOTIyZWNlYmVmIn0.ZJTqLOHL-htd11LN0teBwUNNNiMks_bVkzkuqteQBFle75ymDIhTTxXn1at1nQZjYNvCF6Bi2pr6c3s_ypdMFQ
2024-12-05 17:06:59.814 [main] INFO  com.apiTests.requests.serviceRequests.detection_controller.ClassificationTypesTests - Response received: [{"id":255,"name":"ACİL DURUM"},{"id":3,"name":"ARAÇ"},{"id":6,"name":"ARIZA"},{"id":4,"name":"DİĞER"},{"id":193,"name":"DOĞRU ALARM"},{"id":2,"name":"HAYVAN"},{"id":1,"name":"İNSAN"},{"id":16,"name":"SABOTAJ"},{"id":71,"name":"YETKİSİZ"}]
2024-12-05 17:06:59.815 [main] INFO  com.apiTests.requests.serviceRequests.detection_controller.ClassificationTypesTests - Status Code: 200
2024-12-05 17:06:59.820 [main] INFO  com.apiTests.requests.serviceRequests.detection_controller.ClassificationTypesTests - 0. Classification Type: ACİL DURUM
2024-12-05 17:06:59.821 [main] INFO  com.apiTests.requests.serviceRequests.detection_controller.ClassificationTypesTests - 1. Classification Type: ARAÇ
2024-12-05 17:06:59.821 [main] INFO  com.apiTests.requests.serviceRequests.detection_controller.ClassificationTypesTests - 2. Classification Type: ARIZA
2024-12-05 17:06:59.821 [main] INFO  com.apiTests.requests.serviceRequests.detection_controller.ClassificationTypesTests - 3. Classification Type: DİĞER
2024-12-05 17:06:59.821 [main] INFO  com.apiTests.requests.serviceRequests.detection_controller.ClassificationTypesTests - 4. Classification Type: DOĞRU ALARM
2024-12-05 17:06:59.821 [main] INFO  com.apiTests.requests.serviceRequests.detection_controller.ClassificationTypesTests - 5. Classification Type: HAYVAN
2024-12-05 17:06:59.821 [main] INFO  com.apiTests.requests.serviceRequests.detection_controller.ClassificationTypesTests - 6. Classification Type: İNSAN
2024-12-05 17:06:59.822 [main] INFO  com.apiTests.requests.serviceRequests.detection_controller.ClassificationTypesTests - Classification type found: İNSAN
2024-12-05 17:07:00.231 [main] INFO  com.apiTests.requests.serviceRequests.detection_controller.GetDetectionsTests - Response received: [{"id":"00000000-0000-000a-0000-0191d646f08d","hasImage":false,"description":"a","detectionCreateTime":1725876859021,"detectionUpdateTime":1731060810669,"location":{"lat":39.9654267,"lng":32.7665285},"zone":{"id":-1,"name":"K11_"},"updated":true,"signature":"a","taskId":"eae9eb3f-a43a-44b3-82a9-e723b136a344","taskStatus":3,"type":{"id":1,"name":"Human"}}]
2024-12-05 17:07:00.231 [main] INFO  com.apiTests.requests.serviceRequests.detection_controller.GetDetectionsTests - Status Code: 200
2024-12-05 17:07:00.240 [main] INFO  com.apiTests.requests.serviceRequests.detection_controller.GetDetectionsTests - 0. Detection: 00000000-0000-000a-0000-0191d646f08d , Human
2024-12-05 17:07:00.241 [main] ERROR com.apiTests.requests.serviceRequests.detection_controller.GetDetectionsTests - The zone filter does not used!
2024-12-05 17:07:00.241 [main] INFO  com.apiTests.requests.serviceRequests.detection_controller.GetDetectionsTests - The start time and the finish time filter do not used!
]]></system-out>
  </testcase>
  <testcase name="Detection controller service, filter classificationTyp #8" classname="Get Detections" time="0.992">
    <system-out><![CDATA[2024-12-05 17:07:00.521 [main] INFO  com.apiTests.requests.serviceRequests.user_controller.LoginTests - Response received: {"user":{"name":"Sistem Yöneticisi","surname":"ASELSAN","username":"aselsan","detail":{"identityNumber":null,"email":null,"phoneNumber":null,"rank":null,"profilePicture":null,"supervisor":{"name":null,"surname":null}},"pushToken":null,"userLevelId":5,"userLevelName":"Aselsan","id":10},"tokenDetails":{"accessToken":"eyJ0eXAiOiJKV1QiLCJhbGciOiJIUzUxMiJ9.eyJzdWIiOiIxOSIsImF1ZCI6ImFjY2VzcyIsInVzciI6IlNpc3RlbSBZw7ZuZXRpY2lzaSBBU0VMU0FOIiwiaXNzIjoiYXNlbHNhbi5rYXJkZWxlbiIsInJqdGkiOiI5NzliYWIwYy02NWExLTQzM2YtOGEwYy1kMjk5YzBlMTU1MjIiLCJleHAiOjE3MzM0MDgyMTksImlhdCI6MTczMzQwNzYxOSwianRpIjoiMjUzMTUzZDUtNjEyOS00OGUwLTg2NTctMGY5MjE2YWU5MWMzIn0.Gd8q2PpTn5PofUf90DaAWXWaVeLqqJElGXR1eHJyRN1mk0K3LGBNMbdYzPcME_A4j5V2PgTleCmHncy-4bKTWw","refreshToken":"eyJ0eXAiOiJKV1QiLCJhbGciOiJIUzUxMiJ9.eyJzdWIiOiIxOSIsImF1ZCI6InJlZnJlc2giLCJpc3MiOiJhc2Vsc2FuLmthcmRlbGVuIiwiZXhwIjoxNzMzNDQzNjE5LCJpYXQiOjE3MzM0MDc2MTksImp0aSI6Ijk3OWJhYjBjLTY1YTEtNDMzZi04YTBjLWQyOTljMGUxNTUyMiJ9.WDYO17Tzp5idKzzij7Z-gRUO2LDlWKfIFa4MFeFo8erHD0hf__1LVXoVJWOjUS8KG6eXDsx_S_PeczsHeaaJAA"},"authorities":["right.detection.createdetection","right.detection.map","right.detection.detail","right.detection.detail.read","right.detection.detail.update","right.detection.filter","right.detection.sort","right.detection.sosmessage","right.task.filter","right.task.sort","right.task.detail","right.task.detail.read","right.task.detail.starttask","right.sensor.list","right.sensor.map","right.sensor.filter","right.sensor.sort","right.profile.read","right.detection","right.task","right.sensor","right.profile","right.detection.incominglist","right.task.outgoinglist","right.detection.outgoinglist","right.task.incominglist","right.task.attachments.list","right.alarm","right.alarm.list","right.alarm.map","right.alarm.filter","right.profile.usermanagement","right.profile.usermanagement.groupauthorization","right.profile.usermanagement.usergroup","right.sensor.detail","right.sensor.detail.read","right.sensor.detail.livestream"]}
2024-12-05 17:07:00.521 [main] INFO  com.apiTests.requests.serviceRequests.user_controller.LoginTests - Status Code: 200
2024-12-05 17:07:00.546 [main] INFO  com.apiTests.serviceSteps.serviceTestSteps.userController.LoginSteps - The system has been logged in with a valid username and password
2024-12-05 17:07:00.547 [main] INFO  com.apiTests.serviceSteps.serviceTestSteps.userController.LoginSteps - The username in the response matches the request
2024-12-05 17:07:00.548 [main] INFO  com.apiTests.requests.HelperMethod - The content was successfully written to the file: src/test/resources/txtFiles/accessToken.txt
2024-12-05 17:07:00.549 [main] INFO  com.apiTests.serviceSteps.serviceTestSteps.userController.LoginSteps - The Access Token has been saved: eyJ0eXAiOiJKV1QiLCJhbGciOiJIUzUxMiJ9.eyJzdWIiOiIxOSIsImF1ZCI6ImFjY2VzcyIsInVzciI6IlNpc3RlbSBZw7ZuZXRpY2lzaSBBU0VMU0FOIiwiaXNzIjoiYXNlbHNhbi5rYXJkZWxlbiIsInJqdGkiOiI5NzliYWIwYy02NWExLTQzM2YtOGEwYy1kMjk5YzBlMTU1MjIiLCJleHAiOjE3MzM0MDgyMTksImlhdCI6MTczMzQwNzYxOSwianRpIjoiMjUzMTUzZDUtNjEyOS00OGUwLTg2NTctMGY5MjE2YWU5MWMzIn0.Gd8q2PpTn5PofUf90DaAWXWaVeLqqJElGXR1eHJyRN1mk0K3LGBNMbdYzPcME_A4j5V2PgTleCmHncy-4bKTWw
2024-12-05 17:07:00.845 [main] INFO  com.apiTests.requests.serviceRequests.detection_controller.ClassificationTypesTests - Response received: [{"id":255,"name":"ACİL DURUM"},{"id":3,"name":"ARAÇ"},{"id":6,"name":"ARIZA"},{"id":4,"name":"DİĞER"},{"id":193,"name":"DOĞRU ALARM"},{"id":2,"name":"HAYVAN"},{"id":1,"name":"İNSAN"},{"id":16,"name":"SABOTAJ"},{"id":71,"name":"YETKİSİZ"}]
2024-12-05 17:07:00.846 [main] INFO  com.apiTests.requests.serviceRequests.detection_controller.ClassificationTypesTests - Status Code: 200
2024-12-05 17:07:00.850 [main] INFO  com.apiTests.requests.serviceRequests.detection_controller.ClassificationTypesTests - 0. Classification Type: ACİL DURUM
2024-12-05 17:07:00.850 [main] INFO  com.apiTests.requests.serviceRequests.detection_controller.ClassificationTypesTests - 1. Classification Type: ARAÇ
2024-12-05 17:07:00.851 [main] INFO  com.apiTests.requests.serviceRequests.detection_controller.ClassificationTypesTests - 2. Classification Type: ARIZA
2024-12-05 17:07:00.851 [main] INFO  com.apiTests.requests.serviceRequests.detection_controller.ClassificationTypesTests - 3. Classification Type: DİĞER
2024-12-05 17:07:00.851 [main] INFO  com.apiTests.requests.serviceRequests.detection_controller.ClassificationTypesTests - 4. Classification Type: DOĞRU ALARM
2024-12-05 17:07:00.852 [main] INFO  com.apiTests.requests.serviceRequests.detection_controller.ClassificationTypesTests - 5. Classification Type: HAYVAN
2024-12-05 17:07:00.852 [main] INFO  com.apiTests.requests.serviceRequests.detection_controller.ClassificationTypesTests - 6. Classification Type: İNSAN
2024-12-05 17:07:00.852 [main] INFO  com.apiTests.requests.serviceRequests.detection_controller.ClassificationTypesTests - 7. Classification Type: SABOTAJ
2024-12-05 17:07:00.853 [main] INFO  com.apiTests.requests.serviceRequests.detection_controller.ClassificationTypesTests - Classification type found: SABOTAJ
2024-12-05 17:07:01.223 [main] INFO  com.apiTests.requests.serviceRequests.detection_controller.GetDetectionsTests - Response received: []
2024-12-05 17:07:01.224 [main] INFO  com.apiTests.requests.serviceRequests.detection_controller.GetDetectionsTests - Status Code: 200
2024-12-05 17:07:01.231 [main] ERROR com.apiTests.requests.serviceRequests.detection_controller.GetDetectionsTests - Detection List is empty!
]]></system-out>
  </testcase>
  <testcase name="Detection controller service, filter classificationTyp #9" classname="Get Detections" time="1.005">
    <system-out><![CDATA[2024-12-05 17:07:01.523 [main] INFO  com.apiTests.requests.serviceRequests.user_controller.LoginTests - Response received: {"user":{"name":"Sistem Yöneticisi","surname":"ASELSAN","username":"aselsan","detail":{"identityNumber":null,"email":null,"phoneNumber":null,"rank":null,"profilePicture":null,"supervisor":{"name":null,"surname":null}},"pushToken":null,"userLevelId":5,"userLevelName":"Aselsan","id":10},"tokenDetails":{"accessToken":"eyJ0eXAiOiJKV1QiLCJhbGciOiJIUzUxMiJ9.eyJzdWIiOiIxOSIsImF1ZCI6ImFjY2VzcyIsInVzciI6IlNpc3RlbSBZw7ZuZXRpY2lzaSBBU0VMU0FOIiwiaXNzIjoiYXNlbHNhbi5rYXJkZWxlbiIsInJqdGkiOiI4MDRkMWJlZC1jNjExLTQ1MTgtYmQ0Ni1jMThmMzc1YjQyNTgiLCJleHAiOjE3MzM0MDgyMjAsImlhdCI6MTczMzQwNzYyMCwianRpIjoiNDlkMTU1MTgtYTIxZC00YjUyLTk2NzMtNWQ0OTFkNzgyZGEzIn0.ZGGhLrLzU8i1Q2_eLq3M-yGApyssbNR9_84NbQV-_JbInIhg2UuXaJcn5PZGY6Xt6RXJU1omDF1YX88XMT6NfQ","refreshToken":"eyJ0eXAiOiJKV1QiLCJhbGciOiJIUzUxMiJ9.eyJzdWIiOiIxOSIsImF1ZCI6InJlZnJlc2giLCJpc3MiOiJhc2Vsc2FuLmthcmRlbGVuIiwiZXhwIjoxNzMzNDQzNjIwLCJpYXQiOjE3MzM0MDc2MjAsImp0aSI6IjgwNGQxYmVkLWM2MTEtNDUxOC1iZDQ2LWMxOGYzNzViNDI1OCJ9.5BG1WtRJ7NoiJFshTDtjlea1W6-A6SIhwTEX_SKIS4L1bZXA6W4rzOyHKTrCyT9-xIi0aZky4fFU_Kiubf2YHg"},"authorities":["right.detection.createdetection","right.detection.map","right.detection.detail","right.detection.detail.read","right.detection.detail.update","right.detection.filter","right.detection.sort","right.detection.sosmessage","right.task.filter","right.task.sort","right.task.detail","right.task.detail.read","right.task.detail.starttask","right.sensor.list","right.sensor.map","right.sensor.filter","right.sensor.sort","right.profile.read","right.detection","right.task","right.sensor","right.profile","right.detection.incominglist","right.task.outgoinglist","right.detection.outgoinglist","right.task.incominglist","right.task.attachments.list","right.alarm","right.alarm.list","right.alarm.map","right.alarm.filter","right.profile.usermanagement","right.profile.usermanagement.groupauthorization","right.profile.usermanagement.usergroup","right.sensor.detail","right.sensor.detail.read","right.sensor.detail.livestream"]}
2024-12-05 17:07:01.524 [main] INFO  com.apiTests.requests.serviceRequests.user_controller.LoginTests - Status Code: 200
2024-12-05 17:07:01.549 [main] INFO  com.apiTests.serviceSteps.serviceTestSteps.userController.LoginSteps - The system has been logged in with a valid username and password
2024-12-05 17:07:01.553 [main] INFO  com.apiTests.serviceSteps.serviceTestSteps.userController.LoginSteps - The username in the response matches the request
2024-12-05 17:07:01.557 [main] INFO  com.apiTests.requests.HelperMethod - The content was successfully written to the file: src/test/resources/txtFiles/accessToken.txt
2024-12-05 17:07:01.558 [main] INFO  com.apiTests.serviceSteps.serviceTestSteps.userController.LoginSteps - The Access Token has been saved: eyJ0eXAiOiJKV1QiLCJhbGciOiJIUzUxMiJ9.eyJzdWIiOiIxOSIsImF1ZCI6ImFjY2VzcyIsInVzciI6IlNpc3RlbSBZw7ZuZXRpY2lzaSBBU0VMU0FOIiwiaXNzIjoiYXNlbHNhbi5rYXJkZWxlbiIsInJqdGkiOiI4MDRkMWJlZC1jNjExLTQ1MTgtYmQ0Ni1jMThmMzc1YjQyNTgiLCJleHAiOjE3MzM0MDgyMjAsImlhdCI6MTczMzQwNzYyMCwianRpIjoiNDlkMTU1MTgtYTIxZC00YjUyLTk2NzMtNWQ0OTFkNzgyZGEzIn0.ZGGhLrLzU8i1Q2_eLq3M-yGApyssbNR9_84NbQV-_JbInIhg2UuXaJcn5PZGY6Xt6RXJU1omDF1YX88XMT6NfQ
2024-12-05 17:07:01.828 [main] INFO  com.apiTests.requests.serviceRequests.detection_controller.ClassificationTypesTests - Response received: [{"id":255,"name":"ACİL DURUM"},{"id":3,"name":"ARAÇ"},{"id":6,"name":"ARIZA"},{"id":4,"name":"DİĞER"},{"id":193,"name":"DOĞRU ALARM"},{"id":2,"name":"HAYVAN"},{"id":1,"name":"İNSAN"},{"id":16,"name":"SABOTAJ"},{"id":71,"name":"YETKİSİZ"}]
2024-12-05 17:07:01.828 [main] INFO  com.apiTests.requests.serviceRequests.detection_controller.ClassificationTypesTests - Status Code: 200
2024-12-05 17:07:01.844 [main] INFO  com.apiTests.requests.serviceRequests.detection_controller.ClassificationTypesTests - 0. Classification Type: ACİL DURUM
2024-12-05 17:07:01.844 [main] INFO  com.apiTests.requests.serviceRequests.detection_controller.ClassificationTypesTests - 1. Classification Type: ARAÇ
2024-12-05 17:07:01.844 [main] INFO  com.apiTests.requests.serviceRequests.detection_controller.ClassificationTypesTests - 2. Classification Type: ARIZA
2024-12-05 17:07:01.844 [main] INFO  com.apiTests.requests.serviceRequests.detection_controller.ClassificationTypesTests - 3. Classification Type: DİĞER
2024-12-05 17:07:01.844 [main] INFO  com.apiTests.requests.serviceRequests.detection_controller.ClassificationTypesTests - 4. Classification Type: DOĞRU ALARM
2024-12-05 17:07:01.844 [main] INFO  com.apiTests.requests.serviceRequests.detection_controller.ClassificationTypesTests - 5. Classification Type: HAYVAN
2024-12-05 17:07:01.844 [main] INFO  com.apiTests.requests.serviceRequests.detection_controller.ClassificationTypesTests - 6. Classification Type: İNSAN
2024-12-05 17:07:01.844 [main] INFO  com.apiTests.requests.serviceRequests.detection_controller.ClassificationTypesTests - 7. Classification Type: SABOTAJ
2024-12-05 17:07:01.844 [main] INFO  com.apiTests.requests.serviceRequests.detection_controller.ClassificationTypesTests - 8. Classification Type: YETKİSİZ
2024-12-05 17:07:01.844 [main] INFO  com.apiTests.requests.serviceRequests.detection_controller.ClassificationTypesTests - Classification type found: YETKİSİZ
2024-12-05 17:07:02.235 [main] INFO  com.apiTests.requests.serviceRequests.detection_controller.GetDetectionsTests - Response received: [{"id":"00000000-0000-000a-0000-0192f605e9db","hasImage":false,"description":"upp","detectionCreateTime":1730704435675,"detectionUpdateTime":1730804907029,"location":{"lat":0.0,"lng":0.0},"zone":{"id":-1,"name":"K11_"},"updated":true,"signature":"upp","taskId":null,"taskStatus":null,"type":{"id":71,"name":"Unauthorized"}},{"id":"00000000-0000-000a-0000-01931a1edcfd","hasImage":false,"description":"955","detectionCreateTime":1731310050557,"detectionUpdateTime":1731310153382,"location":{"lat":0.0,"lng":0.0},"zone":{"id":-1,"name":"K11_"},"updated":true,"signature":"955","taskId":null,"taskStatus":null,"type":{"id":71,"name":"Unauthorized"}},{"id":"00000000-0000-000a-0000-0191fe48104c","hasImage":false,"description":"upd","detectionCreateTime":1726548021324,"detectionUpdateTime":1731302021480,"location":{"lat":0.0,"lng":0.0},"zone":{"id":-1,"name":"K11_"},"updated":true,"signature":"upt","taskId":null,"taskStatus":null,"type":{"id":71,"name":"Unauthorized"}},{"id":"00000000-0000-000a-0000-0192ae738ba7","hasImage":false,"description":"upd","detectionCreateTime":1729503660967,"detectionUpdateTime":1731304535112,"location":{"lat":0.0,"lng":0.0},"zone":{"id":-1,"name":"K11_"},"updated":true,"signature":"upt","taskId":null,"taskStatus":null,"type":{"id":71,"name":"Unauthorized"}}]
2024-12-05 17:07:02.235 [main] INFO  com.apiTests.requests.serviceRequests.detection_controller.GetDetectionsTests - Status Code: 200
2024-12-05 17:07:02.240 [main] INFO  com.apiTests.requests.serviceRequests.detection_controller.GetDetectionsTests - 0. Detection: 00000000-0000-000a-0000-0192f605e9db , Unauthorized
2024-12-05 17:07:02.240 [main] INFO  com.apiTests.requests.serviceRequests.detection_controller.GetDetectionsTests - 1. Detection: 00000000-0000-000a-0000-01931a1edcfd , Unauthorized
2024-12-05 17:07:02.240 [main] INFO  com.apiTests.requests.serviceRequests.detection_controller.GetDetectionsTests - 2. Detection: 00000000-0000-000a-0000-0191fe48104c , Unauthorized
2024-12-05 17:07:02.240 [main] INFO  com.apiTests.requests.serviceRequests.detection_controller.GetDetectionsTests - 3. Detection: 00000000-0000-000a-0000-0192ae738ba7 , Unauthorized
2024-12-05 17:07:02.240 [main] ERROR com.apiTests.requests.serviceRequests.detection_controller.GetDetectionsTests - The zone filter does not used!
2024-12-05 17:07:02.240 [main] INFO  com.apiTests.requests.serviceRequests.detection_controller.GetDetectionsTests - The start time and the finish time filter do not used!
]]></system-out>
  </testcase>
  <testcase name="Detection controller service, filter classificationTyp #10" classname="Get Detections" time="0.597">
    <failure message="No matching classification type found for: YETKİLİ" type="org.opentest4j.AssertionFailedError"><![CDATA[org.opentest4j.AssertionFailedError: No matching classification type found for: YETKİLİ
	at org.junit.jupiter.api.AssertionUtils.fail(AssertionUtils.java:38)
	at org.junit.jupiter.api.Assertions.fail(Assertions.java:135)
	at com.apiTests.requests.serviceRequests.detection_controller.ClassificationTypesTests.ClassificationType(ClassificationTypesTests.java:107)
	at com.apiTests.requests.serviceRequests.detection_controller.ClassificationTypesTests.ClassificationType(ClassificationTypesTests.java:66)
	at com.apiTests.serviceSteps.serviceTestSteps.detectionController.GetDetectionsSteps.setGetDetectionClassificationType(GetDetectionsSteps.java:31)
	at ✽.the user need to enter classificationType: "YETKİLİ"(file:///C:/Users/ALIRIZA/Desktop/api-test-otomasyonu/src/test/resources/features/02-detection-controller/01_GetDetections.feature:18)
]]></failure>
    <system-out><![CDATA[2024-12-05 17:07:02.524 [main] INFO  com.apiTests.requests.serviceRequests.user_controller.LoginTests - Response received: {"user":{"name":"Sistem Yöneticisi","surname":"ASELSAN","username":"aselsan","detail":{"identityNumber":null,"email":null,"phoneNumber":null,"rank":null,"profilePicture":null,"supervisor":{"name":null,"surname":null}},"pushToken":null,"userLevelId":5,"userLevelName":"Aselsan","id":10},"tokenDetails":{"accessToken":"eyJ0eXAiOiJKV1QiLCJhbGciOiJIUzUxMiJ9.eyJzdWIiOiIxOSIsImF1ZCI6ImFjY2VzcyIsInVzciI6IlNpc3RlbSBZw7ZuZXRpY2lzaSBBU0VMU0FOIiwiaXNzIjoiYXNlbHNhbi5rYXJkZWxlbiIsInJqdGkiOiI2YzMyY2NlMS1iYzA3LTQ3NmQtOTgzNS03OGVhNzA3MTEwZDYiLCJleHAiOjE3MzM0MDgyMjEsImlhdCI6MTczMzQwNzYyMSwianRpIjoiMTFhNzNjYWUtZDk4ZS00MWI4LWIzM2ItYmVlMzM5OWE3MmM5In0.gSOOpl4CUqeqqk-nxh70_7E45kzhjsfxD21SM9l-Fm_4jTNfBe3IBvJMpdLUWpmmEbea0eR9HGI8EwY0cbcs1Q","refreshToken":"eyJ0eXAiOiJKV1QiLCJhbGciOiJIUzUxMiJ9.eyJzdWIiOiIxOSIsImF1ZCI6InJlZnJlc2giLCJpc3MiOiJhc2Vsc2FuLmthcmRlbGVuIiwiZXhwIjoxNzMzNDQzNjIxLCJpYXQiOjE3MzM0MDc2MjEsImp0aSI6IjZjMzJjY2UxLWJjMDctNDc2ZC05ODM1LTc4ZWE3MDcxMTBkNiJ9.zyYTJF-P2hCEjRT0et2V_cFpYwLlTHKghCMSbwnubVXA7jyGBpL5-FXkwehh1_KlfubjRjb7DLZbEDf2aysnfg"},"authorities":["right.detection.createdetection","right.detection.map","right.detection.detail","right.detection.detail.read","right.detection.detail.update","right.detection.filter","right.detection.sort","right.detection.sosmessage","right.task.filter","right.task.sort","right.task.detail","right.task.detail.read","right.task.detail.starttask","right.sensor.list","right.sensor.map","right.sensor.filter","right.sensor.sort","right.profile.read","right.detection","right.task","right.sensor","right.profile","right.detection.incominglist","right.task.outgoinglist","right.detection.outgoinglist","right.task.incominglist","right.task.attachments.list","right.alarm","right.alarm.list","right.alarm.map","right.alarm.filter","right.profile.usermanagement","right.profile.usermanagement.groupauthorization","right.profile.usermanagement.usergroup","right.sensor.detail","right.sensor.detail.read","right.sensor.detail.livestream"]}
2024-12-05 17:07:02.524 [main] INFO  com.apiTests.requests.serviceRequests.user_controller.LoginTests - Status Code: 200
2024-12-05 17:07:02.537 [main] INFO  com.apiTests.serviceSteps.serviceTestSteps.userController.LoginSteps - The system has been logged in with a valid username and password
2024-12-05 17:07:02.538 [main] INFO  com.apiTests.serviceSteps.serviceTestSteps.userController.LoginSteps - The username in the response matches the request
2024-12-05 17:07:02.540 [main] INFO  com.apiTests.requests.HelperMethod - The content was successfully written to the file: src/test/resources/txtFiles/accessToken.txt
2024-12-05 17:07:02.540 [main] INFO  com.apiTests.serviceSteps.serviceTestSteps.userController.LoginSteps - The Access Token has been saved: eyJ0eXAiOiJKV1QiLCJhbGciOiJIUzUxMiJ9.eyJzdWIiOiIxOSIsImF1ZCI6ImFjY2VzcyIsInVzciI6IlNpc3RlbSBZw7ZuZXRpY2lzaSBBU0VMU0FOIiwiaXNzIjoiYXNlbHNhbi5rYXJkZWxlbiIsInJqdGkiOiI2YzMyY2NlMS1iYzA3LTQ3NmQtOTgzNS03OGVhNzA3MTEwZDYiLCJleHAiOjE3MzM0MDgyMjEsImlhdCI6MTczMzQwNzYyMSwianRpIjoiMTFhNzNjYWUtZDk4ZS00MWI4LWIzM2ItYmVlMzM5OWE3MmM5In0.gSOOpl4CUqeqqk-nxh70_7E45kzhjsfxD21SM9l-Fm_4jTNfBe3IBvJMpdLUWpmmEbea0eR9HGI8EwY0cbcs1Q
2024-12-05 17:07:02.823 [main] INFO  com.apiTests.requests.serviceRequests.detection_controller.ClassificationTypesTests - Response received: [{"id":255,"name":"ACİL DURUM"},{"id":3,"name":"ARAÇ"},{"id":6,"name":"ARIZA"},{"id":4,"name":"DİĞER"},{"id":193,"name":"DOĞRU ALARM"},{"id":2,"name":"HAYVAN"},{"id":1,"name":"İNSAN"},{"id":16,"name":"SABOTAJ"},{"id":71,"name":"YETKİSİZ"}]
2024-12-05 17:07:02.824 [main] INFO  com.apiTests.requests.serviceRequests.detection_controller.ClassificationTypesTests - Status Code: 200
2024-12-05 17:07:02.826 [main] INFO  com.apiTests.requests.serviceRequests.detection_controller.ClassificationTypesTests - 0. Classification Type: ACİL DURUM
2024-12-05 17:07:02.826 [main] INFO  com.apiTests.requests.serviceRequests.detection_controller.ClassificationTypesTests - 1. Classification Type: ARAÇ
2024-12-05 17:07:02.826 [main] INFO  com.apiTests.requests.serviceRequests.detection_controller.ClassificationTypesTests - 2. Classification Type: ARIZA
2024-12-05 17:07:02.826 [main] INFO  com.apiTests.requests.serviceRequests.detection_controller.ClassificationTypesTests - 3. Classification Type: DİĞER
2024-12-05 17:07:02.826 [main] INFO  com.apiTests.requests.serviceRequests.detection_controller.ClassificationTypesTests - 4. Classification Type: DOĞRU ALARM
2024-12-05 17:07:02.826 [main] INFO  com.apiTests.requests.serviceRequests.detection_controller.ClassificationTypesTests - 5. Classification Type: HAYVAN
2024-12-05 17:07:02.826 [main] INFO  com.apiTests.requests.serviceRequests.detection_controller.ClassificationTypesTests - 6. Classification Type: İNSAN
2024-12-05 17:07:02.826 [main] INFO  com.apiTests.requests.serviceRequests.detection_controller.ClassificationTypesTests - 7. Classification Type: SABOTAJ
2024-12-05 17:07:02.827 [main] INFO  com.apiTests.requests.serviceRequests.detection_controller.ClassificationTypesTests - 8. Classification Type: YETKİSİZ
2024-12-05 17:07:02.827 [main] ERROR com.apiTests.requests.serviceRequests.detection_controller.ClassificationTypesTests - No matching classification type found for: YETKİLİ
]]></system-out>
  </testcase>
  <testcase name="Detection controller service, filter zone #1" classname="Get Detections" time="1.154">
    <system-out><![CDATA[2024-12-05 17:07:03.209 [main] INFO  com.apiTests.requests.serviceRequests.user_controller.LoginTests - Response received: {"user":{"name":"Sistem Yöneticisi","surname":"ASELSAN","username":"aselsan","detail":{"identityNumber":null,"email":null,"phoneNumber":null,"rank":null,"profilePicture":null,"supervisor":{"name":null,"surname":null}},"pushToken":null,"userLevelId":5,"userLevelName":"Aselsan","id":10},"tokenDetails":{"accessToken":"eyJ0eXAiOiJKV1QiLCJhbGciOiJIUzUxMiJ9.eyJzdWIiOiIxOSIsImF1ZCI6ImFjY2VzcyIsInVzciI6IlNpc3RlbSBZw7ZuZXRpY2lzaSBBU0VMU0FOIiwiaXNzIjoiYXNlbHNhbi5rYXJkZWxlbiIsInJqdGkiOiIxMmExMTExMi0yZjIzLTQ0ZjAtYTZhYi1lOTAzNThkNmI4M2MiLCJleHAiOjE3MzM0MDgyMjIsImlhdCI6MTczMzQwNzYyMiwianRpIjoiYTcyYjE2YzEtMDgyYS00NmEzLTk1MTgtMzMwZjRkMTcwMWNkIn0.OFtyGBX1xTe11ep7lzz9Jz90kao4CDTyYXY1FjD5gLkf28776r-pxjQYm-2lY8Pj7K0RKR75yYIrGTfgMEdMoQ","refreshToken":"eyJ0eXAiOiJKV1QiLCJhbGciOiJIUzUxMiJ9.eyJzdWIiOiIxOSIsImF1ZCI6InJlZnJlc2giLCJpc3MiOiJhc2Vsc2FuLmthcmRlbGVuIiwiZXhwIjoxNzMzNDQzNjIyLCJpYXQiOjE3MzM0MDc2MjIsImp0aSI6IjEyYTExMTEyLTJmMjMtNDRmMC1hNmFiLWU5MDM1OGQ2YjgzYyJ9.N9fqP5dwzzUdAO7tkQs7P2DcS2POSIujxJy69A-5hhSccnyhuj5MqGZ8UDOF-GUUUh1wMb_Zkj2aq-Ky7w9utA"},"authorities":["right.detection.createdetection","right.detection.map","right.detection.detail","right.detection.detail.read","right.detection.detail.update","right.detection.filter","right.detection.sort","right.detection.sosmessage","right.task.filter","right.task.sort","right.task.detail","right.task.detail.read","right.task.detail.starttask","right.sensor.list","right.sensor.map","right.sensor.filter","right.sensor.sort","right.profile.read","right.detection","right.task","right.sensor","right.profile","right.detection.incominglist","right.task.outgoinglist","right.detection.outgoinglist","right.task.incominglist","right.task.attachments.list","right.alarm","right.alarm.list","right.alarm.map","right.alarm.filter","right.profile.usermanagement","right.profile.usermanagement.groupauthorization","right.profile.usermanagement.usergroup","right.sensor.detail","right.sensor.detail.read","right.sensor.detail.livestream"]}
2024-12-05 17:07:03.209 [main] INFO  com.apiTests.requests.serviceRequests.user_controller.LoginTests - Status Code: 200
2024-12-05 17:07:03.222 [main] INFO  com.apiTests.serviceSteps.serviceTestSteps.userController.LoginSteps - The system has been logged in with a valid username and password
2024-12-05 17:07:03.223 [main] INFO  com.apiTests.serviceSteps.serviceTestSteps.userController.LoginSteps - The username in the response matches the request
2024-12-05 17:07:03.225 [main] INFO  com.apiTests.requests.HelperMethod - The content was successfully written to the file: src/test/resources/txtFiles/accessToken.txt
2024-12-05 17:07:03.225 [main] INFO  com.apiTests.serviceSteps.serviceTestSteps.userController.LoginSteps - The Access Token has been saved: eyJ0eXAiOiJKV1QiLCJhbGciOiJIUzUxMiJ9.eyJzdWIiOiIxOSIsImF1ZCI6ImFjY2VzcyIsInVzciI6IlNpc3RlbSBZw7ZuZXRpY2lzaSBBU0VMU0FOIiwiaXNzIjoiYXNlbHNhbi5rYXJkZWxlbiIsInJqdGkiOiIxMmExMTExMi0yZjIzLTQ0ZjAtYTZhYi1lOTAzNThkNmI4M2MiLCJleHAiOjE3MzM0MDgyMjIsImlhdCI6MTczMzQwNzYyMiwianRpIjoiYTcyYjE2YzEtMDgyYS00NmEzLTk1MTgtMzMwZjRkMTcwMWNkIn0.OFtyGBX1xTe11ep7lzz9Jz90kao4CDTyYXY1FjD5gLkf28776r-pxjQYm-2lY8Pj7K0RKR75yYIrGTfgMEdMoQ
2024-12-05 17:07:03.503 [main] INFO  com.apiTests.requests.serviceRequests.zone_controller.ZonesTests - Response received: [{"id":-1,"name":"K11_"},{"id":22,"name":"Üs"},{"id":28,"name":"Hotel Loop"},{"id":29,"name":"India Loop"},{"id":140,"name":"2125"},{"id":141,"name":"2123"},{"id":142,"name":"2121"},{"id":143,"name":"2119"},{"id":144,"name":"2111"},{"id":145,"name":"2109"},{"id":146,"name":"2107"},{"id":147,"name":"2108"},{"id":148,"name":"2101"},{"id":149,"name":"2100"},{"id":150,"name":"2102"},{"id":151,"name":"2112"},{"id":152,"name":"2116"},{"id":153,"name":"2118"},{"id":154,"name":"2120"},{"id":155,"name":"2122"},{"id":156,"name":"2124"},{"id":157,"name":"2126"},{"id":158,"name":"2131"},{"id":159,"name":"2129"},{"id":160,"name":"2127"},{"id":165,"name":"2209"},{"id":171,"name":"INDIA-1 AIRCRAFT GATE"},{"id":172,"name":"HOTEL-1 AIRCRAFT GATE"},{"id":173,"name":"V-9 VEHICLE GATE"},{"id":174,"name":"COOPS VEHICLE GATE"},{"id":175,"name":"INDIA-13 AIRCRAFT GATE"},{"id":245,"name":"merve"},{"id":246,"name":"deneme"},{"id":252,"name":"K1_"},{"id":285,"name":"K2_"},{"id":286,"name":"K3_"},{"id":287,"name":"K4_"},{"id":288,"name":"K5_"},{"id":289,"name":"K6_"},{"id":290,"name":"K7_"},{"id":291,"name":"K8_"},{"id":292,"name":"K9_"},{"id":293,"name":"K10_"},{"id":295,"name":"K12_"},{"id":298,"name":"K13_"},{"id":299,"name":"K14_"},{"id":300,"name":"K15_"},{"id":301,"name":"K16_"},{"id":306,"name":"54A_son"},{"id":307,"name":"57A_son"},{"id":308,"name":"eren1"},{"id":310,"name":"47_TG"},{"id":311,"name":"47_Cit"},{"id":314,"name":"üs_2016"},{"id":315,"name":"AK1-1"},{"id":317,"name":"AK1-2"},{"id":320,"name":"sil2"},{"id":321,"name":"sil3"},{"id":322,"name":"sil4"},{"id":323,"name":"sil"},{"id":324,"name":"merve"},{"id":327,"name":"deneme"},{"id":328,"name":"mer"},{"id":330,"name":"deneme-1"},{"id":331,"name":"sed"},{"id":332,"name":"sed"},{"id":335,"name":"K_new"},{"id":336,"name":"K-hesap"},{"id":337,"name":"poly5.3"},{"id":338,"name":"devriye2"},{"id":339,"name":"devriye3"},{"id":340,"name":"VG2_1"},{"id":341,"name":"devriye4"},{"id":342,"name":"devriye5"},{"id":343,"name":"devriye6"},{"id":344,"name":"devriye7"},{"id":345,"name":"devriye8"},{"id":346,"name":"devriye9"},{"id":347,"name":"devriye10"},{"id":348,"name":"devriye11"},{"id":349,"name":"p1"},{"id":350,"name":"p2"},{"id":351,"name":"VG2_2"},{"id":359,"name":"üs1"},{"id":361,"name":"üs2"},{"id":362,"name":"üs3"},{"id":363,"name":"üs4"},{"id":364,"name":"üs5"},{"id":365,"name":"üs6"},{"id":366,"name":"üs7"},{"id":367,"name":"AG1_1"},{"id":368,"name":"santiye"},{"id":369,"name":"üs8"},{"id":370,"name":"üs9"},{"id":371,"name":"üs10"},{"id":405,"name":"C1_LVSB13"},{"id":406,"name":"C2_LVSB7"},{"id":407,"name":"C3_LVSB13"},{"id":410,"name":"C4_LVSB46"},{"id":411,"name":"C5_LVSB43"},{"id":413,"name":"üs11"},{"id":414,"name":"AG1_2"},{"id":415,"name":"C1"},{"id":416,"name":"S1_LVSB53"},{"id":417,"name":"S1_LVSB51"},{"id":418,"name":"S1_LVSB46"},{"id":419,"name":"S1_LVSB5"},{"id":420,"name":"tel"},{"id":456,"name":"D13"},{"id":457,"name":"K13"},{"id":458,"name":"K12"},{"id":459,"name":"eren1"},{"id":460,"name":"2209sagust"},{"id":461,"name":"K21"},{"id":462,"name":"K.111"},{"id":463,"name":"K.10"},{"id":464,"name":"K.9"},{"id":465,"name":"K.8"},{"id":466,"name":"K.7"},{"id":467,"name":"K.6"},{"id":468,"name":"K.5"},{"id":469,"name":"K.4"},{"id":470,"name":"K.3"},{"id":471,"name":"K.2"},{"id":472,"name":"K.1"},{"id":473,"name":"K.19"},{"id":474,"name":"K.18"},{"id":475,"name":"K.161"},{"id":476,"name":"K.15"},{"id":477,"name":"K.14"},{"id":478,"name":"K.20"},{"id":479,"name":"K.21"},{"id":480,"name":"K.221"},{"id":481,"name":"K.233"},{"id":482,"name":"K.244"},{"id":483,"name":"cit2016"},{"id":484,"name":"LVSB45"},{"id":485,"name":"LVSB47"},{"id":486,"name":"LVSB49"},{"id":487,"name":"LVSB50"},{"id":488,"name":"LVSB52"},{"id":489,"name":"LVSB54"},{"id":490,"name":"LVSB55"},{"id":491,"name":"LVSB57"},{"id":492,"name":"LVSB4"},{"id":493,"name":"LVSB6"},{"id":494,"name":"LVSB12"},{"id":495,"name":"LVSB17"},{"id":496,"name":"LVSB19"},{"id":497,"name":"LVSB24"},{"id":498,"name":"LVSB21"},{"id":499,"name":"LVSB29"},{"id":500,"name":"LVSB32"},{"id":501,"name":"LVSB31"},{"id":502,"name":"LVSB34"},{"id":503,"name":"2209_sagust"},{"id":504,"name":"LVSB37"},{"id":505,"name":"LVSB36"},{"id":506,"name":"LVSB42"},{"id":507,"name":"LVSB44"},{"id":508,"name":"VG2_1"},{"id":509,"name":"VG2_2"},{"id":510,"name":"AG1_1"},{"id":511,"name":"AG1_2"},{"id":512,"name":"AG2_1"},{"id":513,"name":"AG2_2"},{"id":514,"name":"AG3_1"},{"id":515,"name":"AG3_2"},{"id":516,"name":"VG1_1"},{"id":517,"name":"VG1_2"},{"id":518,"name":"LVSB12_new"},{"id":519,"name":"LVSB19_new"},{"id":520,"name":"LVSB29_new"},{"id":668,"name":"LVSB19_28Mart"},{"id":670,"name":"Sector-01"},{"id":671,"name":"Sector-02"},{"id":672,"name":"Sector-03"},{"id":674,"name":"Sector-04"},{"id":675,"name":"Sector-05"},{"id":676,"name":"Sector-06"},{"id":677,"name":"Sector-07"},{"id":678,"name":"Sector-08"},{"id":679,"name":"Sector-09"},{"id":681,"name":"Sector-11"},{"id":682,"name":"Sector-12"},{"id":683,"name":"Sector-13"},{"id":684,"name":"Sector-14"},{"id":686,"name":"Sector-15"},{"id":687,"name":"Sector-16"},{"id":688,"name":"Sector-17"},{"id":689,"name":"Sector-18"},{"id":690,"name":"Sector-19"},{"id":691,"name":"Sector-20"},{"id":692,"name":"Sector-21"},{"id":693,"name":"Sector-22"},{"id":694,"name":"Sector-23"},{"id":695,"name":"I-13 Gate"},{"id":696,"name":"I-1 Gate"},{"id":698,"name":"H-1 Gate"},{"id":699,"name":"V-9 Gate"},{"id":701,"name":"Coops Gate"},{"id":705,"name":"Sector-10"},{"id":708,"name":"S01F-S02S"},{"id":709,"name":"S02F"},{"id":710,"name":"S03S"},{"id":711,"name":"S03F"},{"id":712,"name":"S04S"},{"id":713,"name":"S04F-S05S"},{"id":714,"name":"S05F-S06S"},{"id":715,"name":"S06F-S07S"},{"id":716,"name":"S07F"},{"id":717,"name":"S08S"},{"id":718,"name":"S08F-S09S"},{"id":719,"name":"S09F-S10S"},{"id":720,"name":"S10F-S11S"},{"id":721,"name":"S11F-S12S"},{"id":722,"name":"S12F-S13S"},{"id":723,"name":"S13F"},{"id":724,"name":"S14S"},{"id":725,"name":"S14F-S15S"},{"id":726,"name":"S15F-S16S"},{"id":727,"name":"S16F-S17S"},{"id":728,"name":"S17F-S18S"},{"id":729,"name":"S18F-S19S"},{"id":730,"name":"S19F-S20S"},{"id":731,"name":"S20F-S21S"},{"id":732,"name":"S21F-S22S"},{"id":733,"name":"S22F-S23S"},{"id":734,"name":"S23F"},{"id":735,"name":"S01S"},{"id":736,"name":"S04M"},{"id":737,"name":"S07M"},{"id":738,"name":"Nizamiye"},{"id":739,"name":"Ana yol"},{"id":740,"name":"Otopark Çıkış"},{"id":741,"name":"Yan Yol"},{"id":742,"name":"deneme tulın"},{"id":743,"name":"test"},{"id":744,"name":"asd"},{"id":745,"name":"tmm"},{"id":746,"name":"tmm2"},{"id":765,"name":"mert1"},{"id":767,"name":"Kamera-1"},{"id":768,"name":"Kamera-4"},{"id":769,"name":"Kamera-2"},{"id":770,"name":"Kamera-3"}]
2024-12-05 17:07:03.503 [main] INFO  com.apiTests.requests.serviceRequests.zone_controller.ZonesTests - Status Code: 200
2024-12-05 17:07:03.522 [main] INFO  com.apiTests.requests.serviceRequests.zone_controller.ZonesTests - 0. Zone: K11_
2024-12-05 17:07:03.522 [main] INFO  com.apiTests.requests.serviceRequests.zone_controller.ZonesTests - Zone found: K11_
2024-12-05 17:07:04.002 [main] INFO  com.apiTests.requests.serviceRequests.detection_controller.GetDetectionsTests - Response received: [{"id":"00000000-0000-000a-0000-01938aeb3b73","hasImage":false,"description":"Acil durum bildirimidir. Lütfen iletişime geçiniz.","detectionCreateTime":1733202492275,"detectionUpdateTime":null,"location":{"lat":39.9654486,"lng":32.7665102},"zone":{"id":-1,"name":"K11_"},"updated":false,"signature":null,"taskId":null,"taskStatus":null,"type":{"id":255,"name":"Emergency"}},{"id":"00000000-0000-000a-0000-01938aea5132","hasImage":false,"description":"Acil durum bildirimidir. Lütfen iletişime geçiniz.","detectionCreateTime":1733202432306,"detectionUpdateTime":null,"location":{"lat":39.9654477,"lng":32.7665128},"zone":{"id":-1,"name":"K11_"},"updated":false,"signature":null,"taskId":null,"taskStatus":null,"type":{"id":255,"name":"Emergency"}},{"id":"00000000-0000-000a-0000-01938aeac7bd","hasImage":false,"description":"Acil durum bildirimidir. Lütfen iletişime geçiniz.","detectionCreateTime":1733202462653,"detectionUpdateTime":null,"location":{"lat":39.9654438,"lng":32.7665234},"zone":{"id":-1,"name":"K11_"},"updated":false,"signature":null,"taskId":null,"taskStatus":null,"type":{"id":255,"name":"Emergency"}},{"id":"00000000-0000-000a-0000-01938aec9277","hasImage":false,"description":"Acil durum bildirimidir. Lütfen iletişime geçiniz.","detectionCreateTime":1733202580087,"detectionUpdateTime":null,"location":{"lat":39.9654547,"lng":32.766521},"zone":{"id":-1,"name":"K11_"},"updated":false,"signature":null,"taskId":null,"taskStatus":null,"type":{"id":255,"name":"Emergency"}},{"id":"00000000-0000-000a-0000-01938aee677a","hasImage":false,"description":"Acil durum bildirimidir. Lütfen iletişime geçiniz.","detectionCreateTime":1733202700154,"detectionUpdateTime":null,"location":{"lat":39.9654471,"lng":32.7665117},"zone":{"id":-1,"name":"K11_"},"updated":false,"signature":null,"taskId":null,"taskStatus":null,"type":{"id":255,"name":"Emergency"}},{"id":"00000000-0000-000a-0000-01939006868a","hasImage":false,"description":"stringasasd","detectionCreateTime":1733288167050,"detectionUpdateTime":null,"location":{"lat":37.754223,"lng":33.569424},"zone":{"id":-1,"name":"K11_"},"updated":false,"signature":"stringasd","taskId":null,"taskStatus":null,"type":{"id":255,"name":"Emergency"}},{"id":"00000000-0000-000a-0000-019396cb7a34","hasImage":false,"description":"gsfb","detectionCreateTime":1733401737780,"detectionUpdateTime":1733402028614,"location":{"lat":0.0,"lng":0.0},"zone":{"id":-1,"name":"K11_"},"updated":true,"signature":"gsfb","taskId":null,"taskStatus":null,"type":{"id":255,"name":"Emergency"}},{"id":"00000000-0000-000a-0000-0191d646f08d","hasImage":false,"description":"a","detectionCreateTime":1725876859021,"detectionUpdateTime":1731060810669,"location":{"lat":39.9654267,"lng":32.7665285},"zone":{"id":-1,"name":"K11_"},"updated":true,"signature":"a","taskId":"eae9eb3f-a43a-44b3-82a9-e723b136a344","taskStatus":3,"type":{"id":1,"name":"Human"}},{"id":"00000000-0000-000a-0000-0191fe48104c","hasImage":false,"description":"upd","detectionCreateTime":1726548021324,"detectionUpdateTime":1731302021480,"location":{"lat":0.0,"lng":0.0},"zone":{"id":-1,"name":"K11_"},"updated":true,"signature":"upt","taskId":null,"taskStatus":null,"type":{"id":71,"name":"Unauthorized"}},{"id":"00000000-0000-000a-0000-0192056931df","hasImage":false,"description":"Acil durum bildirimidir. Lütfen iletişime geçiniz.","detectionCreateTime":1726667633119,"detectionUpdateTime":1726667634208,"location":{"lat":39.9664052,"lng":32.7678763},"zone":{"id":-1,"name":"K11_"},"updated":true,"signature":null,"taskId":null,"taskStatus":null,"type":{"id":255,"name":"Emergency"}}]
2024-12-05 17:07:04.002 [main] INFO  com.apiTests.requests.serviceRequests.detection_controller.GetDetectionsTests - Status Code: 200
2024-12-05 17:07:04.002 [main] ERROR com.apiTests.requests.serviceRequests.detection_controller.GetDetectionsTests - The classification type filter does not used!
2024-12-05 17:07:04.002 [main] INFO  com.apiTests.requests.serviceRequests.detection_controller.GetDetectionsTests - 0. Detection: 00000000-0000-000a-0000-01938aeb3b73 , K11_
2024-12-05 17:07:04.002 [main] INFO  com.apiTests.requests.serviceRequests.detection_controller.GetDetectionsTests - 1. Detection: 00000000-0000-000a-0000-01938aea5132 , K11_
2024-12-05 17:07:04.002 [main] INFO  com.apiTests.requests.serviceRequests.detection_controller.GetDetectionsTests - 2. Detection: 00000000-0000-000a-0000-01938aeac7bd , K11_
2024-12-05 17:07:04.002 [main] INFO  com.apiTests.requests.serviceRequests.detection_controller.GetDetectionsTests - 3. Detection: 00000000-0000-000a-0000-01938aec9277 , K11_
2024-12-05 17:07:04.002 [main] INFO  com.apiTests.requests.serviceRequests.detection_controller.GetDetectionsTests - 4. Detection: 00000000-0000-000a-0000-01938aee677a , K11_
2024-12-05 17:07:04.002 [main] INFO  com.apiTests.requests.serviceRequests.detection_controller.GetDetectionsTests - 5. Detection: 00000000-0000-000a-0000-01939006868a , K11_
2024-12-05 17:07:04.002 [main] INFO  com.apiTests.requests.serviceRequests.detection_controller.GetDetectionsTests - 6. Detection: 00000000-0000-000a-0000-019396cb7a34 , K11_
2024-12-05 17:07:04.002 [main] INFO  com.apiTests.requests.serviceRequests.detection_controller.GetDetectionsTests - 7. Detection: 00000000-0000-000a-0000-0191d646f08d , K11_
2024-12-05 17:07:04.002 [main] INFO  com.apiTests.requests.serviceRequests.detection_controller.GetDetectionsTests - 8. Detection: 00000000-0000-000a-0000-0191fe48104c , K11_
2024-12-05 17:07:04.002 [main] INFO  com.apiTests.requests.serviceRequests.detection_controller.GetDetectionsTests - 9. Detection: 00000000-0000-000a-0000-0192056931df , K11_
2024-12-05 17:07:04.002 [main] INFO  com.apiTests.requests.serviceRequests.detection_controller.GetDetectionsTests - The start time and the finish time filter do not used!
]]></system-out>
  </testcase>
  <testcase name="Detection controller service, filter zone #2" classname="Get Detections" time="1.106">
    <system-out><![CDATA[2024-12-05 17:07:04.400 [main] INFO  com.apiTests.requests.serviceRequests.user_controller.LoginTests - Response received: {"user":{"name":"Sistem Yöneticisi","surname":"ASELSAN","username":"aselsan","detail":{"identityNumber":null,"email":null,"phoneNumber":null,"rank":null,"profilePicture":null,"supervisor":{"name":null,"surname":null}},"pushToken":null,"userLevelId":5,"userLevelName":"Aselsan","id":10},"tokenDetails":{"accessToken":"eyJ0eXAiOiJKV1QiLCJhbGciOiJIUzUxMiJ9.eyJzdWIiOiIxOSIsImF1ZCI6ImFjY2VzcyIsInVzciI6IlNpc3RlbSBZw7ZuZXRpY2lzaSBBU0VMU0FOIiwiaXNzIjoiYXNlbHNhbi5rYXJkZWxlbiIsInJqdGkiOiI5ZGJmNzFkZC1iNDhkLTQxYWQtOTYxMi1hMmNkZjRhMDUwM2QiLCJleHAiOjE3MzM0MDgyMjMsImlhdCI6MTczMzQwNzYyMywianRpIjoiZTU1MTI3MDMtMWQwYy00ODMzLWFmYmYtODY4Yzg1NGQyMmM2In0.xO06Z12IAfxtQkBdm62FE0-beXs4m1kvfYbb_F1eVRAmqeo3afdn33Yt-AoF9o2Ns6Iacc8t4CcVoYdECZ9OWA","refreshToken":"eyJ0eXAiOiJKV1QiLCJhbGciOiJIUzUxMiJ9.eyJzdWIiOiIxOSIsImF1ZCI6InJlZnJlc2giLCJpc3MiOiJhc2Vsc2FuLmthcmRlbGVuIiwiZXhwIjoxNzMzNDQzNjIzLCJpYXQiOjE3MzM0MDc2MjMsImp0aSI6IjlkYmY3MWRkLWI0OGQtNDFhZC05NjEyLWEyY2RmNGEwNTAzZCJ9._JGLAbnJ-Tq7izfrwvjUMIr_ANKsBXPC54a5t_vnGXke1r_Km-XysQoAVAf13E33EVs0CHdSVPSXpUeMOrHrag"},"authorities":["right.detection.createdetection","right.detection.map","right.detection.detail","right.detection.detail.read","right.detection.detail.update","right.detection.filter","right.detection.sort","right.detection.sosmessage","right.task.filter","right.task.sort","right.task.detail","right.task.detail.read","right.task.detail.starttask","right.sensor.list","right.sensor.map","right.sensor.filter","right.sensor.sort","right.profile.read","right.detection","right.task","right.sensor","right.profile","right.detection.incominglist","right.task.outgoinglist","right.detection.outgoinglist","right.task.incominglist","right.task.attachments.list","right.alarm","right.alarm.list","right.alarm.map","right.alarm.filter","right.profile.usermanagement","right.profile.usermanagement.groupauthorization","right.profile.usermanagement.usergroup","right.sensor.detail","right.sensor.detail.read","right.sensor.detail.livestream"]}
2024-12-05 17:07:04.400 [main] INFO  com.apiTests.requests.serviceRequests.user_controller.LoginTests - Status Code: 200
2024-12-05 17:07:04.435 [main] INFO  com.apiTests.serviceSteps.serviceTestSteps.userController.LoginSteps - The system has been logged in with a valid username and password
2024-12-05 17:07:04.437 [main] INFO  com.apiTests.serviceSteps.serviceTestSteps.userController.LoginSteps - The username in the response matches the request
2024-12-05 17:07:04.440 [main] INFO  com.apiTests.requests.HelperMethod - The content was successfully written to the file: src/test/resources/txtFiles/accessToken.txt
2024-12-05 17:07:04.440 [main] INFO  com.apiTests.serviceSteps.serviceTestSteps.userController.LoginSteps - The Access Token has been saved: eyJ0eXAiOiJKV1QiLCJhbGciOiJIUzUxMiJ9.eyJzdWIiOiIxOSIsImF1ZCI6ImFjY2VzcyIsInVzciI6IlNpc3RlbSBZw7ZuZXRpY2lzaSBBU0VMU0FOIiwiaXNzIjoiYXNlbHNhbi5rYXJkZWxlbiIsInJqdGkiOiI5ZGJmNzFkZC1iNDhkLTQxYWQtOTYxMi1hMmNkZjRhMDUwM2QiLCJleHAiOjE3MzM0MDgyMjMsImlhdCI6MTczMzQwNzYyMywianRpIjoiZTU1MTI3MDMtMWQwYy00ODMzLWFmYmYtODY4Yzg1NGQyMmM2In0.xO06Z12IAfxtQkBdm62FE0-beXs4m1kvfYbb_F1eVRAmqeo3afdn33Yt-AoF9o2Ns6Iacc8t4CcVoYdECZ9OWA
2024-12-05 17:07:04.744 [main] INFO  com.apiTests.requests.serviceRequests.zone_controller.ZonesTests - Response received: [{"id":-1,"name":"K11_"},{"id":22,"name":"Üs"},{"id":28,"name":"Hotel Loop"},{"id":29,"name":"India Loop"},{"id":140,"name":"2125"},{"id":141,"name":"2123"},{"id":142,"name":"2121"},{"id":143,"name":"2119"},{"id":144,"name":"2111"},{"id":145,"name":"2109"},{"id":146,"name":"2107"},{"id":147,"name":"2108"},{"id":148,"name":"2101"},{"id":149,"name":"2100"},{"id":150,"name":"2102"},{"id":151,"name":"2112"},{"id":152,"name":"2116"},{"id":153,"name":"2118"},{"id":154,"name":"2120"},{"id":155,"name":"2122"},{"id":156,"name":"2124"},{"id":157,"name":"2126"},{"id":158,"name":"2131"},{"id":159,"name":"2129"},{"id":160,"name":"2127"},{"id":165,"name":"2209"},{"id":171,"name":"INDIA-1 AIRCRAFT GATE"},{"id":172,"name":"HOTEL-1 AIRCRAFT GATE"},{"id":173,"name":"V-9 VEHICLE GATE"},{"id":174,"name":"COOPS VEHICLE GATE"},{"id":175,"name":"INDIA-13 AIRCRAFT GATE"},{"id":245,"name":"merve"},{"id":246,"name":"deneme"},{"id":252,"name":"K1_"},{"id":285,"name":"K2_"},{"id":286,"name":"K3_"},{"id":287,"name":"K4_"},{"id":288,"name":"K5_"},{"id":289,"name":"K6_"},{"id":290,"name":"K7_"},{"id":291,"name":"K8_"},{"id":292,"name":"K9_"},{"id":293,"name":"K10_"},{"id":295,"name":"K12_"},{"id":298,"name":"K13_"},{"id":299,"name":"K14_"},{"id":300,"name":"K15_"},{"id":301,"name":"K16_"},{"id":306,"name":"54A_son"},{"id":307,"name":"57A_son"},{"id":308,"name":"eren1"},{"id":310,"name":"47_TG"},{"id":311,"name":"47_Cit"},{"id":314,"name":"üs_2016"},{"id":315,"name":"AK1-1"},{"id":317,"name":"AK1-2"},{"id":320,"name":"sil2"},{"id":321,"name":"sil3"},{"id":322,"name":"sil4"},{"id":323,"name":"sil"},{"id":324,"name":"merve"},{"id":327,"name":"deneme"},{"id":328,"name":"mer"},{"id":330,"name":"deneme-1"},{"id":331,"name":"sed"},{"id":332,"name":"sed"},{"id":335,"name":"K_new"},{"id":336,"name":"K-hesap"},{"id":337,"name":"poly5.3"},{"id":338,"name":"devriye2"},{"id":339,"name":"devriye3"},{"id":340,"name":"VG2_1"},{"id":341,"name":"devriye4"},{"id":342,"name":"devriye5"},{"id":343,"name":"devriye6"},{"id":344,"name":"devriye7"},{"id":345,"name":"devriye8"},{"id":346,"name":"devriye9"},{"id":347,"name":"devriye10"},{"id":348,"name":"devriye11"},{"id":349,"name":"p1"},{"id":350,"name":"p2"},{"id":351,"name":"VG2_2"},{"id":359,"name":"üs1"},{"id":361,"name":"üs2"},{"id":362,"name":"üs3"},{"id":363,"name":"üs4"},{"id":364,"name":"üs5"},{"id":365,"name":"üs6"},{"id":366,"name":"üs7"},{"id":367,"name":"AG1_1"},{"id":368,"name":"santiye"},{"id":369,"name":"üs8"},{"id":370,"name":"üs9"},{"id":371,"name":"üs10"},{"id":405,"name":"C1_LVSB13"},{"id":406,"name":"C2_LVSB7"},{"id":407,"name":"C3_LVSB13"},{"id":410,"name":"C4_LVSB46"},{"id":411,"name":"C5_LVSB43"},{"id":413,"name":"üs11"},{"id":414,"name":"AG1_2"},{"id":415,"name":"C1"},{"id":416,"name":"S1_LVSB53"},{"id":417,"name":"S1_LVSB51"},{"id":418,"name":"S1_LVSB46"},{"id":419,"name":"S1_LVSB5"},{"id":420,"name":"tel"},{"id":456,"name":"D13"},{"id":457,"name":"K13"},{"id":458,"name":"K12"},{"id":459,"name":"eren1"},{"id":460,"name":"2209sagust"},{"id":461,"name":"K21"},{"id":462,"name":"K.111"},{"id":463,"name":"K.10"},{"id":464,"name":"K.9"},{"id":465,"name":"K.8"},{"id":466,"name":"K.7"},{"id":467,"name":"K.6"},{"id":468,"name":"K.5"},{"id":469,"name":"K.4"},{"id":470,"name":"K.3"},{"id":471,"name":"K.2"},{"id":472,"name":"K.1"},{"id":473,"name":"K.19"},{"id":474,"name":"K.18"},{"id":475,"name":"K.161"},{"id":476,"name":"K.15"},{"id":477,"name":"K.14"},{"id":478,"name":"K.20"},{"id":479,"name":"K.21"},{"id":480,"name":"K.221"},{"id":481,"name":"K.233"},{"id":482,"name":"K.244"},{"id":483,"name":"cit2016"},{"id":484,"name":"LVSB45"},{"id":485,"name":"LVSB47"},{"id":486,"name":"LVSB49"},{"id":487,"name":"LVSB50"},{"id":488,"name":"LVSB52"},{"id":489,"name":"LVSB54"},{"id":490,"name":"LVSB55"},{"id":491,"name":"LVSB57"},{"id":492,"name":"LVSB4"},{"id":493,"name":"LVSB6"},{"id":494,"name":"LVSB12"},{"id":495,"name":"LVSB17"},{"id":496,"name":"LVSB19"},{"id":497,"name":"LVSB24"},{"id":498,"name":"LVSB21"},{"id":499,"name":"LVSB29"},{"id":500,"name":"LVSB32"},{"id":501,"name":"LVSB31"},{"id":502,"name":"LVSB34"},{"id":503,"name":"2209_sagust"},{"id":504,"name":"LVSB37"},{"id":505,"name":"LVSB36"},{"id":506,"name":"LVSB42"},{"id":507,"name":"LVSB44"},{"id":508,"name":"VG2_1"},{"id":509,"name":"VG2_2"},{"id":510,"name":"AG1_1"},{"id":511,"name":"AG1_2"},{"id":512,"name":"AG2_1"},{"id":513,"name":"AG2_2"},{"id":514,"name":"AG3_1"},{"id":515,"name":"AG3_2"},{"id":516,"name":"VG1_1"},{"id":517,"name":"VG1_2"},{"id":518,"name":"LVSB12_new"},{"id":519,"name":"LVSB19_new"},{"id":520,"name":"LVSB29_new"},{"id":668,"name":"LVSB19_28Mart"},{"id":670,"name":"Sector-01"},{"id":671,"name":"Sector-02"},{"id":672,"name":"Sector-03"},{"id":674,"name":"Sector-04"},{"id":675,"name":"Sector-05"},{"id":676,"name":"Sector-06"},{"id":677,"name":"Sector-07"},{"id":678,"name":"Sector-08"},{"id":679,"name":"Sector-09"},{"id":681,"name":"Sector-11"},{"id":682,"name":"Sector-12"},{"id":683,"name":"Sector-13"},{"id":684,"name":"Sector-14"},{"id":686,"name":"Sector-15"},{"id":687,"name":"Sector-16"},{"id":688,"name":"Sector-17"},{"id":689,"name":"Sector-18"},{"id":690,"name":"Sector-19"},{"id":691,"name":"Sector-20"},{"id":692,"name":"Sector-21"},{"id":693,"name":"Sector-22"},{"id":694,"name":"Sector-23"},{"id":695,"name":"I-13 Gate"},{"id":696,"name":"I-1 Gate"},{"id":698,"name":"H-1 Gate"},{"id":699,"name":"V-9 Gate"},{"id":701,"name":"Coops Gate"},{"id":705,"name":"Sector-10"},{"id":708,"name":"S01F-S02S"},{"id":709,"name":"S02F"},{"id":710,"name":"S03S"},{"id":711,"name":"S03F"},{"id":712,"name":"S04S"},{"id":713,"name":"S04F-S05S"},{"id":714,"name":"S05F-S06S"},{"id":715,"name":"S06F-S07S"},{"id":716,"name":"S07F"},{"id":717,"name":"S08S"},{"id":718,"name":"S08F-S09S"},{"id":719,"name":"S09F-S10S"},{"id":720,"name":"S10F-S11S"},{"id":721,"name":"S11F-S12S"},{"id":722,"name":"S12F-S13S"},{"id":723,"name":"S13F"},{"id":724,"name":"S14S"},{"id":725,"name":"S14F-S15S"},{"id":726,"name":"S15F-S16S"},{"id":727,"name":"S16F-S17S"},{"id":728,"name":"S17F-S18S"},{"id":729,"name":"S18F-S19S"},{"id":730,"name":"S19F-S20S"},{"id":731,"name":"S20F-S21S"},{"id":732,"name":"S21F-S22S"},{"id":733,"name":"S22F-S23S"},{"id":734,"name":"S23F"},{"id":735,"name":"S01S"},{"id":736,"name":"S04M"},{"id":737,"name":"S07M"},{"id":738,"name":"Nizamiye"},{"id":739,"name":"Ana yol"},{"id":740,"name":"Otopark Çıkış"},{"id":741,"name":"Yan Yol"},{"id":742,"name":"deneme tulın"},{"id":743,"name":"test"},{"id":744,"name":"asd"},{"id":745,"name":"tmm"},{"id":746,"name":"tmm2"},{"id":765,"name":"mert1"},{"id":767,"name":"Kamera-1"},{"id":768,"name":"Kamera-4"},{"id":769,"name":"Kamera-2"},{"id":770,"name":"Kamera-3"}]
2024-12-05 17:07:04.744 [main] INFO  com.apiTests.requests.serviceRequests.zone_controller.ZonesTests - Status Code: 200
2024-12-05 17:07:04.748 [main] INFO  com.apiTests.requests.serviceRequests.zone_controller.ZonesTests - 0. Zone: K11_
2024-12-05 17:07:04.748 [main] INFO  com.apiTests.requests.serviceRequests.zone_controller.ZonesTests - 1. Zone: Üs
2024-12-05 17:07:04.748 [main] INFO  com.apiTests.requests.serviceRequests.zone_controller.ZonesTests - Zone found: Üs
2024-12-05 17:07:05.100 [main] INFO  com.apiTests.requests.serviceRequests.detection_controller.GetDetectionsTests - Response received: []
2024-12-05 17:07:05.100 [main] INFO  com.apiTests.requests.serviceRequests.detection_controller.GetDetectionsTests - Status Code: 200
2024-12-05 17:07:05.116 [main] ERROR com.apiTests.requests.serviceRequests.detection_controller.GetDetectionsTests - Detection List is empty!
]]></system-out>
  </testcase>
  <testcase name="Detection controller service, filter zone #3" classname="Get Detections" time="1.043">
    <system-out><![CDATA[2024-12-05 17:07:05.399 [main] INFO  com.apiTests.requests.serviceRequests.user_controller.LoginTests - Response received: {"user":{"name":"Sistem Yöneticisi","surname":"ASELSAN","username":"aselsan","detail":{"identityNumber":null,"email":null,"phoneNumber":null,"rank":null,"profilePicture":null,"supervisor":{"name":null,"surname":null}},"pushToken":null,"userLevelId":5,"userLevelName":"Aselsan","id":10},"tokenDetails":{"accessToken":"eyJ0eXAiOiJKV1QiLCJhbGciOiJIUzUxMiJ9.eyJzdWIiOiIxOSIsImF1ZCI6ImFjY2VzcyIsInVzciI6IlNpc3RlbSBZw7ZuZXRpY2lzaSBBU0VMU0FOIiwiaXNzIjoiYXNlbHNhbi5rYXJkZWxlbiIsInJqdGkiOiI1YmJlZjNmYy1hMGQ4LTQ5ZTEtODEzMi01OTc5MzliZTYzMzgiLCJleHAiOjE3MzM0MDgyMjQsImlhdCI6MTczMzQwNzYyNCwianRpIjoiZTA2NWIzMjEtNjZkMS00MzlhLThiMWEtYmMxMWUyZDZiY2RjIn0.hav0pycGWky3YEK21J9y_bSW6IrViuOsdBqpR6OLnufCceRSoXud3laRj-yNKsrvnOlDsC8TZ1_q6G0t1h677Q","refreshToken":"eyJ0eXAiOiJKV1QiLCJhbGciOiJIUzUxMiJ9.eyJzdWIiOiIxOSIsImF1ZCI6InJlZnJlc2giLCJpc3MiOiJhc2Vsc2FuLmthcmRlbGVuIiwiZXhwIjoxNzMzNDQzNjI0LCJpYXQiOjE3MzM0MDc2MjQsImp0aSI6IjViYmVmM2ZjLWEwZDgtNDllMS04MTMyLTU5NzkzOWJlNjMzOCJ9.htatK2nTeGgldqtzuwfnez_3fCnFBz73TnvCN-u6HL0qvJxoX_HmimZbUIi4Vf_iF72TW98RUuZ1YUMmzVkMrQ"},"authorities":["right.detection.createdetection","right.detection.map","right.detection.detail","right.detection.detail.read","right.detection.detail.update","right.detection.filter","right.detection.sort","right.detection.sosmessage","right.task.filter","right.task.sort","right.task.detail","right.task.detail.read","right.task.detail.starttask","right.sensor.list","right.sensor.map","right.sensor.filter","right.sensor.sort","right.profile.read","right.detection","right.task","right.sensor","right.profile","right.detection.incominglist","right.task.outgoinglist","right.detection.outgoinglist","right.task.incominglist","right.task.attachments.list","right.alarm","right.alarm.list","right.alarm.map","right.alarm.filter","right.profile.usermanagement","right.profile.usermanagement.groupauthorization","right.profile.usermanagement.usergroup","right.sensor.detail","right.sensor.detail.read","right.sensor.detail.livestream"]}
2024-12-05 17:07:05.399 [main] INFO  com.apiTests.requests.serviceRequests.user_controller.LoginTests - Status Code: 200
2024-12-05 17:07:05.416 [main] INFO  com.apiTests.serviceSteps.serviceTestSteps.userController.LoginSteps - The system has been logged in with a valid username and password
2024-12-05 17:07:05.416 [main] INFO  com.apiTests.serviceSteps.serviceTestSteps.userController.LoginSteps - The username in the response matches the request
2024-12-05 17:07:05.416 [main] INFO  com.apiTests.requests.HelperMethod - The content was successfully written to the file: src/test/resources/txtFiles/accessToken.txt
2024-12-05 17:07:05.416 [main] INFO  com.apiTests.serviceSteps.serviceTestSteps.userController.LoginSteps - The Access Token has been saved: eyJ0eXAiOiJKV1QiLCJhbGciOiJIUzUxMiJ9.eyJzdWIiOiIxOSIsImF1ZCI6ImFjY2VzcyIsInVzciI6IlNpc3RlbSBZw7ZuZXRpY2lzaSBBU0VMU0FOIiwiaXNzIjoiYXNlbHNhbi5rYXJkZWxlbiIsInJqdGkiOiI1YmJlZjNmYy1hMGQ4LTQ5ZTEtODEzMi01OTc5MzliZTYzMzgiLCJleHAiOjE3MzM0MDgyMjQsImlhdCI6MTczMzQwNzYyNCwianRpIjoiZTA2NWIzMjEtNjZkMS00MzlhLThiMWEtYmMxMWUyZDZiY2RjIn0.hav0pycGWky3YEK21J9y_bSW6IrViuOsdBqpR6OLnufCceRSoXud3laRj-yNKsrvnOlDsC8TZ1_q6G0t1h677Q
2024-12-05 17:07:05.803 [main] INFO  com.apiTests.requests.serviceRequests.zone_controller.ZonesTests - Response received: [{"id":-1,"name":"K11_"},{"id":22,"name":"Üs"},{"id":28,"name":"Hotel Loop"},{"id":29,"name":"India Loop"},{"id":140,"name":"2125"},{"id":141,"name":"2123"},{"id":142,"name":"2121"},{"id":143,"name":"2119"},{"id":144,"name":"2111"},{"id":145,"name":"2109"},{"id":146,"name":"2107"},{"id":147,"name":"2108"},{"id":148,"name":"2101"},{"id":149,"name":"2100"},{"id":150,"name":"2102"},{"id":151,"name":"2112"},{"id":152,"name":"2116"},{"id":153,"name":"2118"},{"id":154,"name":"2120"},{"id":155,"name":"2122"},{"id":156,"name":"2124"},{"id":157,"name":"2126"},{"id":158,"name":"2131"},{"id":159,"name":"2129"},{"id":160,"name":"2127"},{"id":165,"name":"2209"},{"id":171,"name":"INDIA-1 AIRCRAFT GATE"},{"id":172,"name":"HOTEL-1 AIRCRAFT GATE"},{"id":173,"name":"V-9 VEHICLE GATE"},{"id":174,"name":"COOPS VEHICLE GATE"},{"id":175,"name":"INDIA-13 AIRCRAFT GATE"},{"id":245,"name":"merve"},{"id":246,"name":"deneme"},{"id":252,"name":"K1_"},{"id":285,"name":"K2_"},{"id":286,"name":"K3_"},{"id":287,"name":"K4_"},{"id":288,"name":"K5_"},{"id":289,"name":"K6_"},{"id":290,"name":"K7_"},{"id":291,"name":"K8_"},{"id":292,"name":"K9_"},{"id":293,"name":"K10_"},{"id":295,"name":"K12_"},{"id":298,"name":"K13_"},{"id":299,"name":"K14_"},{"id":300,"name":"K15_"},{"id":301,"name":"K16_"},{"id":306,"name":"54A_son"},{"id":307,"name":"57A_son"},{"id":308,"name":"eren1"},{"id":310,"name":"47_TG"},{"id":311,"name":"47_Cit"},{"id":314,"name":"üs_2016"},{"id":315,"name":"AK1-1"},{"id":317,"name":"AK1-2"},{"id":320,"name":"sil2"},{"id":321,"name":"sil3"},{"id":322,"name":"sil4"},{"id":323,"name":"sil"},{"id":324,"name":"merve"},{"id":327,"name":"deneme"},{"id":328,"name":"mer"},{"id":330,"name":"deneme-1"},{"id":331,"name":"sed"},{"id":332,"name":"sed"},{"id":335,"name":"K_new"},{"id":336,"name":"K-hesap"},{"id":337,"name":"poly5.3"},{"id":338,"name":"devriye2"},{"id":339,"name":"devriye3"},{"id":340,"name":"VG2_1"},{"id":341,"name":"devriye4"},{"id":342,"name":"devriye5"},{"id":343,"name":"devriye6"},{"id":344,"name":"devriye7"},{"id":345,"name":"devriye8"},{"id":346,"name":"devriye9"},{"id":347,"name":"devriye10"},{"id":348,"name":"devriye11"},{"id":349,"name":"p1"},{"id":350,"name":"p2"},{"id":351,"name":"VG2_2"},{"id":359,"name":"üs1"},{"id":361,"name":"üs2"},{"id":362,"name":"üs3"},{"id":363,"name":"üs4"},{"id":364,"name":"üs5"},{"id":365,"name":"üs6"},{"id":366,"name":"üs7"},{"id":367,"name":"AG1_1"},{"id":368,"name":"santiye"},{"id":369,"name":"üs8"},{"id":370,"name":"üs9"},{"id":371,"name":"üs10"},{"id":405,"name":"C1_LVSB13"},{"id":406,"name":"C2_LVSB7"},{"id":407,"name":"C3_LVSB13"},{"id":410,"name":"C4_LVSB46"},{"id":411,"name":"C5_LVSB43"},{"id":413,"name":"üs11"},{"id":414,"name":"AG1_2"},{"id":415,"name":"C1"},{"id":416,"name":"S1_LVSB53"},{"id":417,"name":"S1_LVSB51"},{"id":418,"name":"S1_LVSB46"},{"id":419,"name":"S1_LVSB5"},{"id":420,"name":"tel"},{"id":456,"name":"D13"},{"id":457,"name":"K13"},{"id":458,"name":"K12"},{"id":459,"name":"eren1"},{"id":460,"name":"2209sagust"},{"id":461,"name":"K21"},{"id":462,"name":"K.111"},{"id":463,"name":"K.10"},{"id":464,"name":"K.9"},{"id":465,"name":"K.8"},{"id":466,"name":"K.7"},{"id":467,"name":"K.6"},{"id":468,"name":"K.5"},{"id":469,"name":"K.4"},{"id":470,"name":"K.3"},{"id":471,"name":"K.2"},{"id":472,"name":"K.1"},{"id":473,"name":"K.19"},{"id":474,"name":"K.18"},{"id":475,"name":"K.161"},{"id":476,"name":"K.15"},{"id":477,"name":"K.14"},{"id":478,"name":"K.20"},{"id":479,"name":"K.21"},{"id":480,"name":"K.221"},{"id":481,"name":"K.233"},{"id":482,"name":"K.244"},{"id":483,"name":"cit2016"},{"id":484,"name":"LVSB45"},{"id":485,"name":"LVSB47"},{"id":486,"name":"LVSB49"},{"id":487,"name":"LVSB50"},{"id":488,"name":"LVSB52"},{"id":489,"name":"LVSB54"},{"id":490,"name":"LVSB55"},{"id":491,"name":"LVSB57"},{"id":492,"name":"LVSB4"},{"id":493,"name":"LVSB6"},{"id":494,"name":"LVSB12"},{"id":495,"name":"LVSB17"},{"id":496,"name":"LVSB19"},{"id":497,"name":"LVSB24"},{"id":498,"name":"LVSB21"},{"id":499,"name":"LVSB29"},{"id":500,"name":"LVSB32"},{"id":501,"name":"LVSB31"},{"id":502,"name":"LVSB34"},{"id":503,"name":"2209_sagust"},{"id":504,"name":"LVSB37"},{"id":505,"name":"LVSB36"},{"id":506,"name":"LVSB42"},{"id":507,"name":"LVSB44"},{"id":508,"name":"VG2_1"},{"id":509,"name":"VG2_2"},{"id":510,"name":"AG1_1"},{"id":511,"name":"AG1_2"},{"id":512,"name":"AG2_1"},{"id":513,"name":"AG2_2"},{"id":514,"name":"AG3_1"},{"id":515,"name":"AG3_2"},{"id":516,"name":"VG1_1"},{"id":517,"name":"VG1_2"},{"id":518,"name":"LVSB12_new"},{"id":519,"name":"LVSB19_new"},{"id":520,"name":"LVSB29_new"},{"id":668,"name":"LVSB19_28Mart"},{"id":670,"name":"Sector-01"},{"id":671,"name":"Sector-02"},{"id":672,"name":"Sector-03"},{"id":674,"name":"Sector-04"},{"id":675,"name":"Sector-05"},{"id":676,"name":"Sector-06"},{"id":677,"name":"Sector-07"},{"id":678,"name":"Sector-08"},{"id":679,"name":"Sector-09"},{"id":681,"name":"Sector-11"},{"id":682,"name":"Sector-12"},{"id":683,"name":"Sector-13"},{"id":684,"name":"Sector-14"},{"id":686,"name":"Sector-15"},{"id":687,"name":"Sector-16"},{"id":688,"name":"Sector-17"},{"id":689,"name":"Sector-18"},{"id":690,"name":"Sector-19"},{"id":691,"name":"Sector-20"},{"id":692,"name":"Sector-21"},{"id":693,"name":"Sector-22"},{"id":694,"name":"Sector-23"},{"id":695,"name":"I-13 Gate"},{"id":696,"name":"I-1 Gate"},{"id":698,"name":"H-1 Gate"},{"id":699,"name":"V-9 Gate"},{"id":701,"name":"Coops Gate"},{"id":705,"name":"Sector-10"},{"id":708,"name":"S01F-S02S"},{"id":709,"name":"S02F"},{"id":710,"name":"S03S"},{"id":711,"name":"S03F"},{"id":712,"name":"S04S"},{"id":713,"name":"S04F-S05S"},{"id":714,"name":"S05F-S06S"},{"id":715,"name":"S06F-S07S"},{"id":716,"name":"S07F"},{"id":717,"name":"S08S"},{"id":718,"name":"S08F-S09S"},{"id":719,"name":"S09F-S10S"},{"id":720,"name":"S10F-S11S"},{"id":721,"name":"S11F-S12S"},{"id":722,"name":"S12F-S13S"},{"id":723,"name":"S13F"},{"id":724,"name":"S14S"},{"id":725,"name":"S14F-S15S"},{"id":726,"name":"S15F-S16S"},{"id":727,"name":"S16F-S17S"},{"id":728,"name":"S17F-S18S"},{"id":729,"name":"S18F-S19S"},{"id":730,"name":"S19F-S20S"},{"id":731,"name":"S20F-S21S"},{"id":732,"name":"S21F-S22S"},{"id":733,"name":"S22F-S23S"},{"id":734,"name":"S23F"},{"id":735,"name":"S01S"},{"id":736,"name":"S04M"},{"id":737,"name":"S07M"},{"id":738,"name":"Nizamiye"},{"id":739,"name":"Ana yol"},{"id":740,"name":"Otopark Çıkış"},{"id":741,"name":"Yan Yol"},{"id":742,"name":"deneme tulın"},{"id":743,"name":"test"},{"id":744,"name":"asd"},{"id":745,"name":"tmm"},{"id":746,"name":"tmm2"},{"id":765,"name":"mert1"},{"id":767,"name":"Kamera-1"},{"id":768,"name":"Kamera-4"},{"id":769,"name":"Kamera-2"},{"id":770,"name":"Kamera-3"}]
2024-12-05 17:07:05.804 [main] INFO  com.apiTests.requests.serviceRequests.zone_controller.ZonesTests - Status Code: 200
2024-12-05 17:07:05.807 [main] INFO  com.apiTests.requests.serviceRequests.zone_controller.ZonesTests - 0. Zone: K11_
2024-12-05 17:07:05.807 [main] INFO  com.apiTests.requests.serviceRequests.zone_controller.ZonesTests - 1. Zone: Üs
2024-12-05 17:07:05.807 [main] INFO  com.apiTests.requests.serviceRequests.zone_controller.ZonesTests - 2. Zone: Hotel Loop
2024-12-05 17:07:05.807 [main] INFO  com.apiTests.requests.serviceRequests.zone_controller.ZonesTests - Zone found: Hotel Loop
2024-12-05 17:07:06.162 [main] INFO  com.apiTests.requests.serviceRequests.detection_controller.GetDetectionsTests - Response received: []
2024-12-05 17:07:06.162 [main] INFO  com.apiTests.requests.serviceRequests.detection_controller.GetDetectionsTests - Status Code: 200
2024-12-05 17:07:06.166 [main] ERROR com.apiTests.requests.serviceRequests.detection_controller.GetDetectionsTests - Detection List is empty!
]]></system-out>
  </testcase>
  <testcase name="Detection controller service, filter zone #4" classname="Get Detections" time="1.017">
    <system-out><![CDATA[2024-12-05 17:07:06.442 [main] INFO  com.apiTests.requests.serviceRequests.user_controller.LoginTests - Response received: {"user":{"name":"Sistem Yöneticisi","surname":"ASELSAN","username":"aselsan","detail":{"identityNumber":null,"email":null,"phoneNumber":null,"rank":null,"profilePicture":null,"supervisor":{"name":null,"surname":null}},"pushToken":null,"userLevelId":5,"userLevelName":"Aselsan","id":10},"tokenDetails":{"accessToken":"eyJ0eXAiOiJKV1QiLCJhbGciOiJIUzUxMiJ9.eyJzdWIiOiIxOSIsImF1ZCI6ImFjY2VzcyIsInVzciI6IlNpc3RlbSBZw7ZuZXRpY2lzaSBBU0VMU0FOIiwiaXNzIjoiYXNlbHNhbi5rYXJkZWxlbiIsInJqdGkiOiIyZGE1MGU1Ni05MjNiLTQ4YjctOTUzYy1mYzRhMmYwZThkYzAiLCJleHAiOjE3MzM0MDgyMjUsImlhdCI6MTczMzQwNzYyNSwianRpIjoiMDg2YzJlMGItOGI1Ny00NmMzLTllOWItNDhiYjFhZTIxY2I5In0.aUI3rjNFqllUKu504pjT43W2h2QiYiV0Eu99uN8cSFLkOM3Ucw-MoaXK0sk3_5iUx8UK3XKegS3lnRcfn894rg","refreshToken":"eyJ0eXAiOiJKV1QiLCJhbGciOiJIUzUxMiJ9.eyJzdWIiOiIxOSIsImF1ZCI6InJlZnJlc2giLCJpc3MiOiJhc2Vsc2FuLmthcmRlbGVuIiwiZXhwIjoxNzMzNDQzNjI1LCJpYXQiOjE3MzM0MDc2MjUsImp0aSI6IjJkYTUwZTU2LTkyM2ItNDhiNy05NTNjLWZjNGEyZjBlOGRjMCJ9.QdeEbf1sOwO37r3eSu5NQQl1B88GnfVh6bT0TPiNr7zxqqVEWyH320f4jmkkJ-SZqPLnfONaiBAGtINpY0ByPw"},"authorities":["right.detection.createdetection","right.detection.map","right.detection.detail","right.detection.detail.read","right.detection.detail.update","right.detection.filter","right.detection.sort","right.detection.sosmessage","right.task.filter","right.task.sort","right.task.detail","right.task.detail.read","right.task.detail.starttask","right.sensor.list","right.sensor.map","right.sensor.filter","right.sensor.sort","right.profile.read","right.detection","right.task","right.sensor","right.profile","right.detection.incominglist","right.task.outgoinglist","right.detection.outgoinglist","right.task.incominglist","right.task.attachments.list","right.alarm","right.alarm.list","right.alarm.map","right.alarm.filter","right.profile.usermanagement","right.profile.usermanagement.groupauthorization","right.profile.usermanagement.usergroup","right.sensor.detail","right.sensor.detail.read","right.sensor.detail.livestream"]}
2024-12-05 17:07:06.442 [main] INFO  com.apiTests.requests.serviceRequests.user_controller.LoginTests - Status Code: 200
2024-12-05 17:07:06.458 [main] INFO  com.apiTests.serviceSteps.serviceTestSteps.userController.LoginSteps - The system has been logged in with a valid username and password
2024-12-05 17:07:06.459 [main] INFO  com.apiTests.serviceSteps.serviceTestSteps.userController.LoginSteps - The username in the response matches the request
2024-12-05 17:07:06.465 [main] INFO  com.apiTests.requests.HelperMethod - The content was successfully written to the file: src/test/resources/txtFiles/accessToken.txt
2024-12-05 17:07:06.466 [main] INFO  com.apiTests.serviceSteps.serviceTestSteps.userController.LoginSteps - The Access Token has been saved: eyJ0eXAiOiJKV1QiLCJhbGciOiJIUzUxMiJ9.eyJzdWIiOiIxOSIsImF1ZCI6ImFjY2VzcyIsInVzciI6IlNpc3RlbSBZw7ZuZXRpY2lzaSBBU0VMU0FOIiwiaXNzIjoiYXNlbHNhbi5rYXJkZWxlbiIsInJqdGkiOiIyZGE1MGU1Ni05MjNiLTQ4YjctOTUzYy1mYzRhMmYwZThkYzAiLCJleHAiOjE3MzM0MDgyMjUsImlhdCI6MTczMzQwNzYyNSwianRpIjoiMDg2YzJlMGItOGI1Ny00NmMzLTllOWItNDhiYjFhZTIxY2I5In0.aUI3rjNFqllUKu504pjT43W2h2QiYiV0Eu99uN8cSFLkOM3Ucw-MoaXK0sk3_5iUx8UK3XKegS3lnRcfn894rg
2024-12-05 17:07:06.751 [main] INFO  com.apiTests.requests.serviceRequests.zone_controller.ZonesTests - Response received: [{"id":-1,"name":"K11_"},{"id":22,"name":"Üs"},{"id":28,"name":"Hotel Loop"},{"id":29,"name":"India Loop"},{"id":140,"name":"2125"},{"id":141,"name":"2123"},{"id":142,"name":"2121"},{"id":143,"name":"2119"},{"id":144,"name":"2111"},{"id":145,"name":"2109"},{"id":146,"name":"2107"},{"id":147,"name":"2108"},{"id":148,"name":"2101"},{"id":149,"name":"2100"},{"id":150,"name":"2102"},{"id":151,"name":"2112"},{"id":152,"name":"2116"},{"id":153,"name":"2118"},{"id":154,"name":"2120"},{"id":155,"name":"2122"},{"id":156,"name":"2124"},{"id":157,"name":"2126"},{"id":158,"name":"2131"},{"id":159,"name":"2129"},{"id":160,"name":"2127"},{"id":165,"name":"2209"},{"id":171,"name":"INDIA-1 AIRCRAFT GATE"},{"id":172,"name":"HOTEL-1 AIRCRAFT GATE"},{"id":173,"name":"V-9 VEHICLE GATE"},{"id":174,"name":"COOPS VEHICLE GATE"},{"id":175,"name":"INDIA-13 AIRCRAFT GATE"},{"id":245,"name":"merve"},{"id":246,"name":"deneme"},{"id":252,"name":"K1_"},{"id":285,"name":"K2_"},{"id":286,"name":"K3_"},{"id":287,"name":"K4_"},{"id":288,"name":"K5_"},{"id":289,"name":"K6_"},{"id":290,"name":"K7_"},{"id":291,"name":"K8_"},{"id":292,"name":"K9_"},{"id":293,"name":"K10_"},{"id":295,"name":"K12_"},{"id":298,"name":"K13_"},{"id":299,"name":"K14_"},{"id":300,"name":"K15_"},{"id":301,"name":"K16_"},{"id":306,"name":"54A_son"},{"id":307,"name":"57A_son"},{"id":308,"name":"eren1"},{"id":310,"name":"47_TG"},{"id":311,"name":"47_Cit"},{"id":314,"name":"üs_2016"},{"id":315,"name":"AK1-1"},{"id":317,"name":"AK1-2"},{"id":320,"name":"sil2"},{"id":321,"name":"sil3"},{"id":322,"name":"sil4"},{"id":323,"name":"sil"},{"id":324,"name":"merve"},{"id":327,"name":"deneme"},{"id":328,"name":"mer"},{"id":330,"name":"deneme-1"},{"id":331,"name":"sed"},{"id":332,"name":"sed"},{"id":335,"name":"K_new"},{"id":336,"name":"K-hesap"},{"id":337,"name":"poly5.3"},{"id":338,"name":"devriye2"},{"id":339,"name":"devriye3"},{"id":340,"name":"VG2_1"},{"id":341,"name":"devriye4"},{"id":342,"name":"devriye5"},{"id":343,"name":"devriye6"},{"id":344,"name":"devriye7"},{"id":345,"name":"devriye8"},{"id":346,"name":"devriye9"},{"id":347,"name":"devriye10"},{"id":348,"name":"devriye11"},{"id":349,"name":"p1"},{"id":350,"name":"p2"},{"id":351,"name":"VG2_2"},{"id":359,"name":"üs1"},{"id":361,"name":"üs2"},{"id":362,"name":"üs3"},{"id":363,"name":"üs4"},{"id":364,"name":"üs5"},{"id":365,"name":"üs6"},{"id":366,"name":"üs7"},{"id":367,"name":"AG1_1"},{"id":368,"name":"santiye"},{"id":369,"name":"üs8"},{"id":370,"name":"üs9"},{"id":371,"name":"üs10"},{"id":405,"name":"C1_LVSB13"},{"id":406,"name":"C2_LVSB7"},{"id":407,"name":"C3_LVSB13"},{"id":410,"name":"C4_LVSB46"},{"id":411,"name":"C5_LVSB43"},{"id":413,"name":"üs11"},{"id":414,"name":"AG1_2"},{"id":415,"name":"C1"},{"id":416,"name":"S1_LVSB53"},{"id":417,"name":"S1_LVSB51"},{"id":418,"name":"S1_LVSB46"},{"id":419,"name":"S1_LVSB5"},{"id":420,"name":"tel"},{"id":456,"name":"D13"},{"id":457,"name":"K13"},{"id":458,"name":"K12"},{"id":459,"name":"eren1"},{"id":460,"name":"2209sagust"},{"id":461,"name":"K21"},{"id":462,"name":"K.111"},{"id":463,"name":"K.10"},{"id":464,"name":"K.9"},{"id":465,"name":"K.8"},{"id":466,"name":"K.7"},{"id":467,"name":"K.6"},{"id":468,"name":"K.5"},{"id":469,"name":"K.4"},{"id":470,"name":"K.3"},{"id":471,"name":"K.2"},{"id":472,"name":"K.1"},{"id":473,"name":"K.19"},{"id":474,"name":"K.18"},{"id":475,"name":"K.161"},{"id":476,"name":"K.15"},{"id":477,"name":"K.14"},{"id":478,"name":"K.20"},{"id":479,"name":"K.21"},{"id":480,"name":"K.221"},{"id":481,"name":"K.233"},{"id":482,"name":"K.244"},{"id":483,"name":"cit2016"},{"id":484,"name":"LVSB45"},{"id":485,"name":"LVSB47"},{"id":486,"name":"LVSB49"},{"id":487,"name":"LVSB50"},{"id":488,"name":"LVSB52"},{"id":489,"name":"LVSB54"},{"id":490,"name":"LVSB55"},{"id":491,"name":"LVSB57"},{"id":492,"name":"LVSB4"},{"id":493,"name":"LVSB6"},{"id":494,"name":"LVSB12"},{"id":495,"name":"LVSB17"},{"id":496,"name":"LVSB19"},{"id":497,"name":"LVSB24"},{"id":498,"name":"LVSB21"},{"id":499,"name":"LVSB29"},{"id":500,"name":"LVSB32"},{"id":501,"name":"LVSB31"},{"id":502,"name":"LVSB34"},{"id":503,"name":"2209_sagust"},{"id":504,"name":"LVSB37"},{"id":505,"name":"LVSB36"},{"id":506,"name":"LVSB42"},{"id":507,"name":"LVSB44"},{"id":508,"name":"VG2_1"},{"id":509,"name":"VG2_2"},{"id":510,"name":"AG1_1"},{"id":511,"name":"AG1_2"},{"id":512,"name":"AG2_1"},{"id":513,"name":"AG2_2"},{"id":514,"name":"AG3_1"},{"id":515,"name":"AG3_2"},{"id":516,"name":"VG1_1"},{"id":517,"name":"VG1_2"},{"id":518,"name":"LVSB12_new"},{"id":519,"name":"LVSB19_new"},{"id":520,"name":"LVSB29_new"},{"id":668,"name":"LVSB19_28Mart"},{"id":670,"name":"Sector-01"},{"id":671,"name":"Sector-02"},{"id":672,"name":"Sector-03"},{"id":674,"name":"Sector-04"},{"id":675,"name":"Sector-05"},{"id":676,"name":"Sector-06"},{"id":677,"name":"Sector-07"},{"id":678,"name":"Sector-08"},{"id":679,"name":"Sector-09"},{"id":681,"name":"Sector-11"},{"id":682,"name":"Sector-12"},{"id":683,"name":"Sector-13"},{"id":684,"name":"Sector-14"},{"id":686,"name":"Sector-15"},{"id":687,"name":"Sector-16"},{"id":688,"name":"Sector-17"},{"id":689,"name":"Sector-18"},{"id":690,"name":"Sector-19"},{"id":691,"name":"Sector-20"},{"id":692,"name":"Sector-21"},{"id":693,"name":"Sector-22"},{"id":694,"name":"Sector-23"},{"id":695,"name":"I-13 Gate"},{"id":696,"name":"I-1 Gate"},{"id":698,"name":"H-1 Gate"},{"id":699,"name":"V-9 Gate"},{"id":701,"name":"Coops Gate"},{"id":705,"name":"Sector-10"},{"id":708,"name":"S01F-S02S"},{"id":709,"name":"S02F"},{"id":710,"name":"S03S"},{"id":711,"name":"S03F"},{"id":712,"name":"S04S"},{"id":713,"name":"S04F-S05S"},{"id":714,"name":"S05F-S06S"},{"id":715,"name":"S06F-S07S"},{"id":716,"name":"S07F"},{"id":717,"name":"S08S"},{"id":718,"name":"S08F-S09S"},{"id":719,"name":"S09F-S10S"},{"id":720,"name":"S10F-S11S"},{"id":721,"name":"S11F-S12S"},{"id":722,"name":"S12F-S13S"},{"id":723,"name":"S13F"},{"id":724,"name":"S14S"},{"id":725,"name":"S14F-S15S"},{"id":726,"name":"S15F-S16S"},{"id":727,"name":"S16F-S17S"},{"id":728,"name":"S17F-S18S"},{"id":729,"name":"S18F-S19S"},{"id":730,"name":"S19F-S20S"},{"id":731,"name":"S20F-S21S"},{"id":732,"name":"S21F-S22S"},{"id":733,"name":"S22F-S23S"},{"id":734,"name":"S23F"},{"id":735,"name":"S01S"},{"id":736,"name":"S04M"},{"id":737,"name":"S07M"},{"id":738,"name":"Nizamiye"},{"id":739,"name":"Ana yol"},{"id":740,"name":"Otopark Çıkış"},{"id":741,"name":"Yan Yol"},{"id":742,"name":"deneme tulın"},{"id":743,"name":"test"},{"id":744,"name":"asd"},{"id":745,"name":"tmm"},{"id":746,"name":"tmm2"},{"id":765,"name":"mert1"},{"id":767,"name":"Kamera-1"},{"id":768,"name":"Kamera-4"},{"id":769,"name":"Kamera-2"},{"id":770,"name":"Kamera-3"}]
2024-12-05 17:07:06.752 [main] INFO  com.apiTests.requests.serviceRequests.zone_controller.ZonesTests - Status Code: 200
2024-12-05 17:07:06.755 [main] INFO  com.apiTests.requests.serviceRequests.zone_controller.ZonesTests - 0. Zone: K11_
2024-12-05 17:07:06.755 [main] INFO  com.apiTests.requests.serviceRequests.zone_controller.ZonesTests - 1. Zone: Üs
2024-12-05 17:07:06.755 [main] INFO  com.apiTests.requests.serviceRequests.zone_controller.ZonesTests - 2. Zone: Hotel Loop
2024-12-05 17:07:06.755 [main] INFO  com.apiTests.requests.serviceRequests.zone_controller.ZonesTests - 3. Zone: India Loop
2024-12-05 17:07:06.755 [main] INFO  com.apiTests.requests.serviceRequests.zone_controller.ZonesTests - Zone found: India Loop
2024-12-05 17:07:07.172 [main] INFO  com.apiTests.requests.serviceRequests.detection_controller.GetDetectionsTests - Response received: []
2024-12-05 17:07:07.172 [main] INFO  com.apiTests.requests.serviceRequests.detection_controller.GetDetectionsTests - Status Code: 200
2024-12-05 17:07:07.188 [main] ERROR com.apiTests.requests.serviceRequests.detection_controller.GetDetectionsTests - Detection List is empty!
]]></system-out>
  </testcase>
  <testcase name="Detection controller service, filter zone #5" classname="Get Detections" time="1.042">
    <system-out><![CDATA[2024-12-05 17:07:07.486 [main] INFO  com.apiTests.requests.serviceRequests.user_controller.LoginTests - Response received: {"user":{"name":"Sistem Yöneticisi","surname":"ASELSAN","username":"aselsan","detail":{"identityNumber":null,"email":null,"phoneNumber":null,"rank":null,"profilePicture":null,"supervisor":{"name":null,"surname":null}},"pushToken":null,"userLevelId":5,"userLevelName":"Aselsan","id":10},"tokenDetails":{"accessToken":"eyJ0eXAiOiJKV1QiLCJhbGciOiJIUzUxMiJ9.eyJzdWIiOiIxOSIsImF1ZCI6ImFjY2VzcyIsInVzciI6IlNpc3RlbSBZw7ZuZXRpY2lzaSBBU0VMU0FOIiwiaXNzIjoiYXNlbHNhbi5rYXJkZWxlbiIsInJqdGkiOiI3OTg2ZDc1NS0zMjgwLTRiOWYtODhjZC1hODNjZGFmMjZjNmEiLCJleHAiOjE3MzM0MDgyMjYsImlhdCI6MTczMzQwNzYyNiwianRpIjoiMWVlNTIwZjctODIzYi00YWY4LTlmODMtMDg1OWEyOGU3YjMxIn0.iZY5I1qGVfupXT_2TPoGI4Vw7SDBheaRme3uaFP5wffGtGnWzwNYWrAKrH7IPTohJw3vK-YVizurktHRe2jWoA","refreshToken":"eyJ0eXAiOiJKV1QiLCJhbGciOiJIUzUxMiJ9.eyJzdWIiOiIxOSIsImF1ZCI6InJlZnJlc2giLCJpc3MiOiJhc2Vsc2FuLmthcmRlbGVuIiwiZXhwIjoxNzMzNDQzNjI2LCJpYXQiOjE3MzM0MDc2MjYsImp0aSI6Ijc5ODZkNzU1LTMyODAtNGI5Zi04OGNkLWE4M2NkYWYyNmM2YSJ9.FzzvPDMxArI1ilha48PMLuYbJz8neDPb_l_M3umoIfYDmT4pRZ-BSKe21-rNWGw2smvtUIAV7HrwlEpddwOkMg"},"authorities":["right.detection.createdetection","right.detection.map","right.detection.detail","right.detection.detail.read","right.detection.detail.update","right.detection.filter","right.detection.sort","right.detection.sosmessage","right.task.filter","right.task.sort","right.task.detail","right.task.detail.read","right.task.detail.starttask","right.sensor.list","right.sensor.map","right.sensor.filter","right.sensor.sort","right.profile.read","right.detection","right.task","right.sensor","right.profile","right.detection.incominglist","right.task.outgoinglist","right.detection.outgoinglist","right.task.incominglist","right.task.attachments.list","right.alarm","right.alarm.list","right.alarm.map","right.alarm.filter","right.profile.usermanagement","right.profile.usermanagement.groupauthorization","right.profile.usermanagement.usergroup","right.sensor.detail","right.sensor.detail.read","right.sensor.detail.livestream"]}
2024-12-05 17:07:07.486 [main] INFO  com.apiTests.requests.serviceRequests.user_controller.LoginTests - Status Code: 200
2024-12-05 17:07:07.499 [main] INFO  com.apiTests.serviceSteps.serviceTestSteps.userController.LoginSteps - The system has been logged in with a valid username and password
2024-12-05 17:07:07.501 [main] INFO  com.apiTests.serviceSteps.serviceTestSteps.userController.LoginSteps - The username in the response matches the request
2024-12-05 17:07:07.502 [main] INFO  com.apiTests.requests.HelperMethod - The content was successfully written to the file: src/test/resources/txtFiles/accessToken.txt
2024-12-05 17:07:07.503 [main] INFO  com.apiTests.serviceSteps.serviceTestSteps.userController.LoginSteps - The Access Token has been saved: eyJ0eXAiOiJKV1QiLCJhbGciOiJIUzUxMiJ9.eyJzdWIiOiIxOSIsImF1ZCI6ImFjY2VzcyIsInVzciI6IlNpc3RlbSBZw7ZuZXRpY2lzaSBBU0VMU0FOIiwiaXNzIjoiYXNlbHNhbi5rYXJkZWxlbiIsInJqdGkiOiI3OTg2ZDc1NS0zMjgwLTRiOWYtODhjZC1hODNjZGFmMjZjNmEiLCJleHAiOjE3MzM0MDgyMjYsImlhdCI6MTczMzQwNzYyNiwianRpIjoiMWVlNTIwZjctODIzYi00YWY4LTlmODMtMDg1OWEyOGU3YjMxIn0.iZY5I1qGVfupXT_2TPoGI4Vw7SDBheaRme3uaFP5wffGtGnWzwNYWrAKrH7IPTohJw3vK-YVizurktHRe2jWoA
2024-12-05 17:07:07.801 [main] INFO  com.apiTests.requests.serviceRequests.zone_controller.ZonesTests - Response received: [{"id":-1,"name":"K11_"},{"id":22,"name":"Üs"},{"id":28,"name":"Hotel Loop"},{"id":29,"name":"India Loop"},{"id":140,"name":"2125"},{"id":141,"name":"2123"},{"id":142,"name":"2121"},{"id":143,"name":"2119"},{"id":144,"name":"2111"},{"id":145,"name":"2109"},{"id":146,"name":"2107"},{"id":147,"name":"2108"},{"id":148,"name":"2101"},{"id":149,"name":"2100"},{"id":150,"name":"2102"},{"id":151,"name":"2112"},{"id":152,"name":"2116"},{"id":153,"name":"2118"},{"id":154,"name":"2120"},{"id":155,"name":"2122"},{"id":156,"name":"2124"},{"id":157,"name":"2126"},{"id":158,"name":"2131"},{"id":159,"name":"2129"},{"id":160,"name":"2127"},{"id":165,"name":"2209"},{"id":171,"name":"INDIA-1 AIRCRAFT GATE"},{"id":172,"name":"HOTEL-1 AIRCRAFT GATE"},{"id":173,"name":"V-9 VEHICLE GATE"},{"id":174,"name":"COOPS VEHICLE GATE"},{"id":175,"name":"INDIA-13 AIRCRAFT GATE"},{"id":245,"name":"merve"},{"id":246,"name":"deneme"},{"id":252,"name":"K1_"},{"id":285,"name":"K2_"},{"id":286,"name":"K3_"},{"id":287,"name":"K4_"},{"id":288,"name":"K5_"},{"id":289,"name":"K6_"},{"id":290,"name":"K7_"},{"id":291,"name":"K8_"},{"id":292,"name":"K9_"},{"id":293,"name":"K10_"},{"id":295,"name":"K12_"},{"id":298,"name":"K13_"},{"id":299,"name":"K14_"},{"id":300,"name":"K15_"},{"id":301,"name":"K16_"},{"id":306,"name":"54A_son"},{"id":307,"name":"57A_son"},{"id":308,"name":"eren1"},{"id":310,"name":"47_TG"},{"id":311,"name":"47_Cit"},{"id":314,"name":"üs_2016"},{"id":315,"name":"AK1-1"},{"id":317,"name":"AK1-2"},{"id":320,"name":"sil2"},{"id":321,"name":"sil3"},{"id":322,"name":"sil4"},{"id":323,"name":"sil"},{"id":324,"name":"merve"},{"id":327,"name":"deneme"},{"id":328,"name":"mer"},{"id":330,"name":"deneme-1"},{"id":331,"name":"sed"},{"id":332,"name":"sed"},{"id":335,"name":"K_new"},{"id":336,"name":"K-hesap"},{"id":337,"name":"poly5.3"},{"id":338,"name":"devriye2"},{"id":339,"name":"devriye3"},{"id":340,"name":"VG2_1"},{"id":341,"name":"devriye4"},{"id":342,"name":"devriye5"},{"id":343,"name":"devriye6"},{"id":344,"name":"devriye7"},{"id":345,"name":"devriye8"},{"id":346,"name":"devriye9"},{"id":347,"name":"devriye10"},{"id":348,"name":"devriye11"},{"id":349,"name":"p1"},{"id":350,"name":"p2"},{"id":351,"name":"VG2_2"},{"id":359,"name":"üs1"},{"id":361,"name":"üs2"},{"id":362,"name":"üs3"},{"id":363,"name":"üs4"},{"id":364,"name":"üs5"},{"id":365,"name":"üs6"},{"id":366,"name":"üs7"},{"id":367,"name":"AG1_1"},{"id":368,"name":"santiye"},{"id":369,"name":"üs8"},{"id":370,"name":"üs9"},{"id":371,"name":"üs10"},{"id":405,"name":"C1_LVSB13"},{"id":406,"name":"C2_LVSB7"},{"id":407,"name":"C3_LVSB13"},{"id":410,"name":"C4_LVSB46"},{"id":411,"name":"C5_LVSB43"},{"id":413,"name":"üs11"},{"id":414,"name":"AG1_2"},{"id":415,"name":"C1"},{"id":416,"name":"S1_LVSB53"},{"id":417,"name":"S1_LVSB51"},{"id":418,"name":"S1_LVSB46"},{"id":419,"name":"S1_LVSB5"},{"id":420,"name":"tel"},{"id":456,"name":"D13"},{"id":457,"name":"K13"},{"id":458,"name":"K12"},{"id":459,"name":"eren1"},{"id":460,"name":"2209sagust"},{"id":461,"name":"K21"},{"id":462,"name":"K.111"},{"id":463,"name":"K.10"},{"id":464,"name":"K.9"},{"id":465,"name":"K.8"},{"id":466,"name":"K.7"},{"id":467,"name":"K.6"},{"id":468,"name":"K.5"},{"id":469,"name":"K.4"},{"id":470,"name":"K.3"},{"id":471,"name":"K.2"},{"id":472,"name":"K.1"},{"id":473,"name":"K.19"},{"id":474,"name":"K.18"},{"id":475,"name":"K.161"},{"id":476,"name":"K.15"},{"id":477,"name":"K.14"},{"id":478,"name":"K.20"},{"id":479,"name":"K.21"},{"id":480,"name":"K.221"},{"id":481,"name":"K.233"},{"id":482,"name":"K.244"},{"id":483,"name":"cit2016"},{"id":484,"name":"LVSB45"},{"id":485,"name":"LVSB47"},{"id":486,"name":"LVSB49"},{"id":487,"name":"LVSB50"},{"id":488,"name":"LVSB52"},{"id":489,"name":"LVSB54"},{"id":490,"name":"LVSB55"},{"id":491,"name":"LVSB57"},{"id":492,"name":"LVSB4"},{"id":493,"name":"LVSB6"},{"id":494,"name":"LVSB12"},{"id":495,"name":"LVSB17"},{"id":496,"name":"LVSB19"},{"id":497,"name":"LVSB24"},{"id":498,"name":"LVSB21"},{"id":499,"name":"LVSB29"},{"id":500,"name":"LVSB32"},{"id":501,"name":"LVSB31"},{"id":502,"name":"LVSB34"},{"id":503,"name":"2209_sagust"},{"id":504,"name":"LVSB37"},{"id":505,"name":"LVSB36"},{"id":506,"name":"LVSB42"},{"id":507,"name":"LVSB44"},{"id":508,"name":"VG2_1"},{"id":509,"name":"VG2_2"},{"id":510,"name":"AG1_1"},{"id":511,"name":"AG1_2"},{"id":512,"name":"AG2_1"},{"id":513,"name":"AG2_2"},{"id":514,"name":"AG3_1"},{"id":515,"name":"AG3_2"},{"id":516,"name":"VG1_1"},{"id":517,"name":"VG1_2"},{"id":518,"name":"LVSB12_new"},{"id":519,"name":"LVSB19_new"},{"id":520,"name":"LVSB29_new"},{"id":668,"name":"LVSB19_28Mart"},{"id":670,"name":"Sector-01"},{"id":671,"name":"Sector-02"},{"id":672,"name":"Sector-03"},{"id":674,"name":"Sector-04"},{"id":675,"name":"Sector-05"},{"id":676,"name":"Sector-06"},{"id":677,"name":"Sector-07"},{"id":678,"name":"Sector-08"},{"id":679,"name":"Sector-09"},{"id":681,"name":"Sector-11"},{"id":682,"name":"Sector-12"},{"id":683,"name":"Sector-13"},{"id":684,"name":"Sector-14"},{"id":686,"name":"Sector-15"},{"id":687,"name":"Sector-16"},{"id":688,"name":"Sector-17"},{"id":689,"name":"Sector-18"},{"id":690,"name":"Sector-19"},{"id":691,"name":"Sector-20"},{"id":692,"name":"Sector-21"},{"id":693,"name":"Sector-22"},{"id":694,"name":"Sector-23"},{"id":695,"name":"I-13 Gate"},{"id":696,"name":"I-1 Gate"},{"id":698,"name":"H-1 Gate"},{"id":699,"name":"V-9 Gate"},{"id":701,"name":"Coops Gate"},{"id":705,"name":"Sector-10"},{"id":708,"name":"S01F-S02S"},{"id":709,"name":"S02F"},{"id":710,"name":"S03S"},{"id":711,"name":"S03F"},{"id":712,"name":"S04S"},{"id":713,"name":"S04F-S05S"},{"id":714,"name":"S05F-S06S"},{"id":715,"name":"S06F-S07S"},{"id":716,"name":"S07F"},{"id":717,"name":"S08S"},{"id":718,"name":"S08F-S09S"},{"id":719,"name":"S09F-S10S"},{"id":720,"name":"S10F-S11S"},{"id":721,"name":"S11F-S12S"},{"id":722,"name":"S12F-S13S"},{"id":723,"name":"S13F"},{"id":724,"name":"S14S"},{"id":725,"name":"S14F-S15S"},{"id":726,"name":"S15F-S16S"},{"id":727,"name":"S16F-S17S"},{"id":728,"name":"S17F-S18S"},{"id":729,"name":"S18F-S19S"},{"id":730,"name":"S19F-S20S"},{"id":731,"name":"S20F-S21S"},{"id":732,"name":"S21F-S22S"},{"id":733,"name":"S22F-S23S"},{"id":734,"name":"S23F"},{"id":735,"name":"S01S"},{"id":736,"name":"S04M"},{"id":737,"name":"S07M"},{"id":738,"name":"Nizamiye"},{"id":739,"name":"Ana yol"},{"id":740,"name":"Otopark Çıkış"},{"id":741,"name":"Yan Yol"},{"id":742,"name":"deneme tulın"},{"id":743,"name":"test"},{"id":744,"name":"asd"},{"id":745,"name":"tmm"},{"id":746,"name":"tmm2"},{"id":765,"name":"mert1"},{"id":767,"name":"Kamera-1"},{"id":768,"name":"Kamera-4"},{"id":769,"name":"Kamera-2"},{"id":770,"name":"Kamera-3"}]
2024-12-05 17:07:07.801 [main] INFO  com.apiTests.requests.serviceRequests.zone_controller.ZonesTests - Status Code: 200
2024-12-05 17:07:07.801 [main] INFO  com.apiTests.requests.serviceRequests.zone_controller.ZonesTests - 0. Zone: K11_
2024-12-05 17:07:07.801 [main] INFO  com.apiTests.requests.serviceRequests.zone_controller.ZonesTests - 1. Zone: Üs
2024-12-05 17:07:07.801 [main] INFO  com.apiTests.requests.serviceRequests.zone_controller.ZonesTests - 2. Zone: Hotel Loop
2024-12-05 17:07:07.801 [main] INFO  com.apiTests.requests.serviceRequests.zone_controller.ZonesTests - 3. Zone: India Loop
2024-12-05 17:07:07.801 [main] INFO  com.apiTests.requests.serviceRequests.zone_controller.ZonesTests - 4. Zone: 2125
2024-12-05 17:07:07.801 [main] INFO  com.apiTests.requests.serviceRequests.zone_controller.ZonesTests - Zone found: 2125
2024-12-05 17:07:08.227 [main] INFO  com.apiTests.requests.serviceRequests.detection_controller.GetDetectionsTests - Response received: []
2024-12-05 17:07:08.228 [main] INFO  com.apiTests.requests.serviceRequests.detection_controller.GetDetectionsTests - Status Code: 200
2024-12-05 17:07:08.233 [main] ERROR com.apiTests.requests.serviceRequests.detection_controller.GetDetectionsTests - Detection List is empty!
]]></system-out>
  </testcase>
  <testcase name="Detection controller service, filter zone #6" classname="Get Detections" time="1.201">
    <system-out><![CDATA[2024-12-05 17:07:08.531 [main] INFO  com.apiTests.requests.serviceRequests.user_controller.LoginTests - Response received: {"user":{"name":"Sistem Yöneticisi","surname":"ASELSAN","username":"aselsan","detail":{"identityNumber":null,"email":null,"phoneNumber":null,"rank":null,"profilePicture":null,"supervisor":{"name":null,"surname":null}},"pushToken":null,"userLevelId":5,"userLevelName":"Aselsan","id":10},"tokenDetails":{"accessToken":"eyJ0eXAiOiJKV1QiLCJhbGciOiJIUzUxMiJ9.eyJzdWIiOiIxOSIsImF1ZCI6ImFjY2VzcyIsInVzciI6IlNpc3RlbSBZw7ZuZXRpY2lzaSBBU0VMU0FOIiwiaXNzIjoiYXNlbHNhbi5rYXJkZWxlbiIsInJqdGkiOiI5MzIzMGRkZS1kYmQxLTQ0ZDYtOThjZC0wZDY3NzFlNjE4ZDMiLCJleHAiOjE3MzM0MDgyMjcsImlhdCI6MTczMzQwNzYyNywianRpIjoiMjkyM2ZhY2UtMWEwZC00NzBhLWIwYjAtZjE0ZTFhOWEwYmQ2In0.OdCUor_hk_4Lw4YojYLpNEHkJQ212zcllmGzVzEMJ93kl1e118UMbKRC2mtIGx7nD2XtkHQ7OZnEyVin27bu7Q","refreshToken":"eyJ0eXAiOiJKV1QiLCJhbGciOiJIUzUxMiJ9.eyJzdWIiOiIxOSIsImF1ZCI6InJlZnJlc2giLCJpc3MiOiJhc2Vsc2FuLmthcmRlbGVuIiwiZXhwIjoxNzMzNDQzNjI3LCJpYXQiOjE3MzM0MDc2MjcsImp0aSI6IjkzMjMwZGRlLWRiZDEtNDRkNi05OGNkLTBkNjc3MWU2MThkMyJ9.P-mJCHied7P3TpJ0mMoNXPJlJxg9GbmD3Buvj5P76SlDoRA4lawy1kMzwVXZDqAffSBgy5ijKqmsxB1eU9vz9Q"},"authorities":["right.detection.createdetection","right.detection.map","right.detection.detail","right.detection.detail.read","right.detection.detail.update","right.detection.filter","right.detection.sort","right.detection.sosmessage","right.task.filter","right.task.sort","right.task.detail","right.task.detail.read","right.task.detail.starttask","right.sensor.list","right.sensor.map","right.sensor.filter","right.sensor.sort","right.profile.read","right.detection","right.task","right.sensor","right.profile","right.detection.incominglist","right.task.outgoinglist","right.detection.outgoinglist","right.task.incominglist","right.task.attachments.list","right.alarm","right.alarm.list","right.alarm.map","right.alarm.filter","right.profile.usermanagement","right.profile.usermanagement.groupauthorization","right.profile.usermanagement.usergroup","right.sensor.detail","right.sensor.detail.read","right.sensor.detail.livestream"]}
2024-12-05 17:07:08.531 [main] INFO  com.apiTests.requests.serviceRequests.user_controller.LoginTests - Status Code: 200
2024-12-05 17:07:08.547 [main] INFO  com.apiTests.serviceSteps.serviceTestSteps.userController.LoginSteps - The system has been logged in with a valid username and password
2024-12-05 17:07:08.547 [main] INFO  com.apiTests.serviceSteps.serviceTestSteps.userController.LoginSteps - The username in the response matches the request
2024-12-05 17:07:08.563 [main] INFO  com.apiTests.requests.HelperMethod - The content was successfully written to the file: src/test/resources/txtFiles/accessToken.txt
2024-12-05 17:07:08.563 [main] INFO  com.apiTests.serviceSteps.serviceTestSteps.userController.LoginSteps - The Access Token has been saved: eyJ0eXAiOiJKV1QiLCJhbGciOiJIUzUxMiJ9.eyJzdWIiOiIxOSIsImF1ZCI6ImFjY2VzcyIsInVzciI6IlNpc3RlbSBZw7ZuZXRpY2lzaSBBU0VMU0FOIiwiaXNzIjoiYXNlbHNhbi5rYXJkZWxlbiIsInJqdGkiOiI5MzIzMGRkZS1kYmQxLTQ0ZDYtOThjZC0wZDY3NzFlNjE4ZDMiLCJleHAiOjE3MzM0MDgyMjcsImlhdCI6MTczMzQwNzYyNywianRpIjoiMjkyM2ZhY2UtMWEwZC00NzBhLWIwYjAtZjE0ZTFhOWEwYmQ2In0.OdCUor_hk_4Lw4YojYLpNEHkJQ212zcllmGzVzEMJ93kl1e118UMbKRC2mtIGx7nD2XtkHQ7OZnEyVin27bu7Q
2024-12-05 17:07:08.950 [main] INFO  com.apiTests.requests.serviceRequests.zone_controller.ZonesTests - Response received: [{"id":-1,"name":"K11_"},{"id":22,"name":"Üs"},{"id":28,"name":"Hotel Loop"},{"id":29,"name":"India Loop"},{"id":140,"name":"2125"},{"id":141,"name":"2123"},{"id":142,"name":"2121"},{"id":143,"name":"2119"},{"id":144,"name":"2111"},{"id":145,"name":"2109"},{"id":146,"name":"2107"},{"id":147,"name":"2108"},{"id":148,"name":"2101"},{"id":149,"name":"2100"},{"id":150,"name":"2102"},{"id":151,"name":"2112"},{"id":152,"name":"2116"},{"id":153,"name":"2118"},{"id":154,"name":"2120"},{"id":155,"name":"2122"},{"id":156,"name":"2124"},{"id":157,"name":"2126"},{"id":158,"name":"2131"},{"id":159,"name":"2129"},{"id":160,"name":"2127"},{"id":165,"name":"2209"},{"id":171,"name":"INDIA-1 AIRCRAFT GATE"},{"id":172,"name":"HOTEL-1 AIRCRAFT GATE"},{"id":173,"name":"V-9 VEHICLE GATE"},{"id":174,"name":"COOPS VEHICLE GATE"},{"id":175,"name":"INDIA-13 AIRCRAFT GATE"},{"id":245,"name":"merve"},{"id":246,"name":"deneme"},{"id":252,"name":"K1_"},{"id":285,"name":"K2_"},{"id":286,"name":"K3_"},{"id":287,"name":"K4_"},{"id":288,"name":"K5_"},{"id":289,"name":"K6_"},{"id":290,"name":"K7_"},{"id":291,"name":"K8_"},{"id":292,"name":"K9_"},{"id":293,"name":"K10_"},{"id":295,"name":"K12_"},{"id":298,"name":"K13_"},{"id":299,"name":"K14_"},{"id":300,"name":"K15_"},{"id":301,"name":"K16_"},{"id":306,"name":"54A_son"},{"id":307,"name":"57A_son"},{"id":308,"name":"eren1"},{"id":310,"name":"47_TG"},{"id":311,"name":"47_Cit"},{"id":314,"name":"üs_2016"},{"id":315,"name":"AK1-1"},{"id":317,"name":"AK1-2"},{"id":320,"name":"sil2"},{"id":321,"name":"sil3"},{"id":322,"name":"sil4"},{"id":323,"name":"sil"},{"id":324,"name":"merve"},{"id":327,"name":"deneme"},{"id":328,"name":"mer"},{"id":330,"name":"deneme-1"},{"id":331,"name":"sed"},{"id":332,"name":"sed"},{"id":335,"name":"K_new"},{"id":336,"name":"K-hesap"},{"id":337,"name":"poly5.3"},{"id":338,"name":"devriye2"},{"id":339,"name":"devriye3"},{"id":340,"name":"VG2_1"},{"id":341,"name":"devriye4"},{"id":342,"name":"devriye5"},{"id":343,"name":"devriye6"},{"id":344,"name":"devriye7"},{"id":345,"name":"devriye8"},{"id":346,"name":"devriye9"},{"id":347,"name":"devriye10"},{"id":348,"name":"devriye11"},{"id":349,"name":"p1"},{"id":350,"name":"p2"},{"id":351,"name":"VG2_2"},{"id":359,"name":"üs1"},{"id":361,"name":"üs2"},{"id":362,"name":"üs3"},{"id":363,"name":"üs4"},{"id":364,"name":"üs5"},{"id":365,"name":"üs6"},{"id":366,"name":"üs7"},{"id":367,"name":"AG1_1"},{"id":368,"name":"santiye"},{"id":369,"name":"üs8"},{"id":370,"name":"üs9"},{"id":371,"name":"üs10"},{"id":405,"name":"C1_LVSB13"},{"id":406,"name":"C2_LVSB7"},{"id":407,"name":"C3_LVSB13"},{"id":410,"name":"C4_LVSB46"},{"id":411,"name":"C5_LVSB43"},{"id":413,"name":"üs11"},{"id":414,"name":"AG1_2"},{"id":415,"name":"C1"},{"id":416,"name":"S1_LVSB53"},{"id":417,"name":"S1_LVSB51"},{"id":418,"name":"S1_LVSB46"},{"id":419,"name":"S1_LVSB5"},{"id":420,"name":"tel"},{"id":456,"name":"D13"},{"id":457,"name":"K13"},{"id":458,"name":"K12"},{"id":459,"name":"eren1"},{"id":460,"name":"2209sagust"},{"id":461,"name":"K21"},{"id":462,"name":"K.111"},{"id":463,"name":"K.10"},{"id":464,"name":"K.9"},{"id":465,"name":"K.8"},{"id":466,"name":"K.7"},{"id":467,"name":"K.6"},{"id":468,"name":"K.5"},{"id":469,"name":"K.4"},{"id":470,"name":"K.3"},{"id":471,"name":"K.2"},{"id":472,"name":"K.1"},{"id":473,"name":"K.19"},{"id":474,"name":"K.18"},{"id":475,"name":"K.161"},{"id":476,"name":"K.15"},{"id":477,"name":"K.14"},{"id":478,"name":"K.20"},{"id":479,"name":"K.21"},{"id":480,"name":"K.221"},{"id":481,"name":"K.233"},{"id":482,"name":"K.244"},{"id":483,"name":"cit2016"},{"id":484,"name":"LVSB45"},{"id":485,"name":"LVSB47"},{"id":486,"name":"LVSB49"},{"id":487,"name":"LVSB50"},{"id":488,"name":"LVSB52"},{"id":489,"name":"LVSB54"},{"id":490,"name":"LVSB55"},{"id":491,"name":"LVSB57"},{"id":492,"name":"LVSB4"},{"id":493,"name":"LVSB6"},{"id":494,"name":"LVSB12"},{"id":495,"name":"LVSB17"},{"id":496,"name":"LVSB19"},{"id":497,"name":"LVSB24"},{"id":498,"name":"LVSB21"},{"id":499,"name":"LVSB29"},{"id":500,"name":"LVSB32"},{"id":501,"name":"LVSB31"},{"id":502,"name":"LVSB34"},{"id":503,"name":"2209_sagust"},{"id":504,"name":"LVSB37"},{"id":505,"name":"LVSB36"},{"id":506,"name":"LVSB42"},{"id":507,"name":"LVSB44"},{"id":508,"name":"VG2_1"},{"id":509,"name":"VG2_2"},{"id":510,"name":"AG1_1"},{"id":511,"name":"AG1_2"},{"id":512,"name":"AG2_1"},{"id":513,"name":"AG2_2"},{"id":514,"name":"AG3_1"},{"id":515,"name":"AG3_2"},{"id":516,"name":"VG1_1"},{"id":517,"name":"VG1_2"},{"id":518,"name":"LVSB12_new"},{"id":519,"name":"LVSB19_new"},{"id":520,"name":"LVSB29_new"},{"id":668,"name":"LVSB19_28Mart"},{"id":670,"name":"Sector-01"},{"id":671,"name":"Sector-02"},{"id":672,"name":"Sector-03"},{"id":674,"name":"Sector-04"},{"id":675,"name":"Sector-05"},{"id":676,"name":"Sector-06"},{"id":677,"name":"Sector-07"},{"id":678,"name":"Sector-08"},{"id":679,"name":"Sector-09"},{"id":681,"name":"Sector-11"},{"id":682,"name":"Sector-12"},{"id":683,"name":"Sector-13"},{"id":684,"name":"Sector-14"},{"id":686,"name":"Sector-15"},{"id":687,"name":"Sector-16"},{"id":688,"name":"Sector-17"},{"id":689,"name":"Sector-18"},{"id":690,"name":"Sector-19"},{"id":691,"name":"Sector-20"},{"id":692,"name":"Sector-21"},{"id":693,"name":"Sector-22"},{"id":694,"name":"Sector-23"},{"id":695,"name":"I-13 Gate"},{"id":696,"name":"I-1 Gate"},{"id":698,"name":"H-1 Gate"},{"id":699,"name":"V-9 Gate"},{"id":701,"name":"Coops Gate"},{"id":705,"name":"Sector-10"},{"id":708,"name":"S01F-S02S"},{"id":709,"name":"S02F"},{"id":710,"name":"S03S"},{"id":711,"name":"S03F"},{"id":712,"name":"S04S"},{"id":713,"name":"S04F-S05S"},{"id":714,"name":"S05F-S06S"},{"id":715,"name":"S06F-S07S"},{"id":716,"name":"S07F"},{"id":717,"name":"S08S"},{"id":718,"name":"S08F-S09S"},{"id":719,"name":"S09F-S10S"},{"id":720,"name":"S10F-S11S"},{"id":721,"name":"S11F-S12S"},{"id":722,"name":"S12F-S13S"},{"id":723,"name":"S13F"},{"id":724,"name":"S14S"},{"id":725,"name":"S14F-S15S"},{"id":726,"name":"S15F-S16S"},{"id":727,"name":"S16F-S17S"},{"id":728,"name":"S17F-S18S"},{"id":729,"name":"S18F-S19S"},{"id":730,"name":"S19F-S20S"},{"id":731,"name":"S20F-S21S"},{"id":732,"name":"S21F-S22S"},{"id":733,"name":"S22F-S23S"},{"id":734,"name":"S23F"},{"id":735,"name":"S01S"},{"id":736,"name":"S04M"},{"id":737,"name":"S07M"},{"id":738,"name":"Nizamiye"},{"id":739,"name":"Ana yol"},{"id":740,"name":"Otopark Çıkış"},{"id":741,"name":"Yan Yol"},{"id":742,"name":"deneme tulın"},{"id":743,"name":"test"},{"id":744,"name":"asd"},{"id":745,"name":"tmm"},{"id":746,"name":"tmm2"},{"id":765,"name":"mert1"},{"id":767,"name":"Kamera-1"},{"id":768,"name":"Kamera-4"},{"id":769,"name":"Kamera-2"},{"id":770,"name":"Kamera-3"}]
2024-12-05 17:07:08.950 [main] INFO  com.apiTests.requests.serviceRequests.zone_controller.ZonesTests - Status Code: 200
2024-12-05 17:07:08.950 [main] INFO  com.apiTests.requests.serviceRequests.zone_controller.ZonesTests - 0. Zone: K11_
2024-12-05 17:07:08.950 [main] INFO  com.apiTests.requests.serviceRequests.zone_controller.ZonesTests - 1. Zone: Üs
2024-12-05 17:07:08.966 [main] INFO  com.apiTests.requests.serviceRequests.zone_controller.ZonesTests - 2. Zone: Hotel Loop
2024-12-05 17:07:08.966 [main] INFO  com.apiTests.requests.serviceRequests.zone_controller.ZonesTests - 3. Zone: India Loop
2024-12-05 17:07:08.966 [main] INFO  com.apiTests.requests.serviceRequests.zone_controller.ZonesTests - 4. Zone: 2125
2024-12-05 17:07:08.966 [main] INFO  com.apiTests.requests.serviceRequests.zone_controller.ZonesTests - 5. Zone: 2123
2024-12-05 17:07:08.967 [main] INFO  com.apiTests.requests.serviceRequests.zone_controller.ZonesTests - Zone found: 2123
2024-12-05 17:07:09.432 [main] INFO  com.apiTests.requests.serviceRequests.detection_controller.GetDetectionsTests - Response received: []
2024-12-05 17:07:09.432 [main] INFO  com.apiTests.requests.serviceRequests.detection_controller.GetDetectionsTests - Status Code: 200
2024-12-05 17:07:09.432 [main] ERROR com.apiTests.requests.serviceRequests.detection_controller.GetDetectionsTests - Detection List is empty!
]]></system-out>
  </testcase>
  <testcase name="Detection controller service, filter zone #7" classname="Get Detections" time="1">
    <system-out><![CDATA[2024-12-05 17:07:09.731 [main] INFO  com.apiTests.requests.serviceRequests.user_controller.LoginTests - Response received: {"user":{"name":"Sistem Yöneticisi","surname":"ASELSAN","username":"aselsan","detail":{"identityNumber":null,"email":null,"phoneNumber":null,"rank":null,"profilePicture":null,"supervisor":{"name":null,"surname":null}},"pushToken":null,"userLevelId":5,"userLevelName":"Aselsan","id":10},"tokenDetails":{"accessToken":"eyJ0eXAiOiJKV1QiLCJhbGciOiJIUzUxMiJ9.eyJzdWIiOiIxOSIsImF1ZCI6ImFjY2VzcyIsInVzciI6IlNpc3RlbSBZw7ZuZXRpY2lzaSBBU0VMU0FOIiwiaXNzIjoiYXNlbHNhbi5rYXJkZWxlbiIsInJqdGkiOiI5NjcxYTU3ZC1lNTA5LTQ0OTctODkyOC1iYzM4ODE1MTc5YmIiLCJleHAiOjE3MzM0MDgyMjgsImlhdCI6MTczMzQwNzYyOCwianRpIjoiY2I3YTM5NGUtZTJiMi00ZjMzLTk0OWUtMTYwOTJhZGU2MzdlIn0.fTIEsbv97m-tXe2XVnF7zbUPch3f-JKTzBA9hve8512L0asQmr9rq2SsJbEv6EmUK3bviC5WYBQuF7vhZn_2_Q","refreshToken":"eyJ0eXAiOiJKV1QiLCJhbGciOiJIUzUxMiJ9.eyJzdWIiOiIxOSIsImF1ZCI6InJlZnJlc2giLCJpc3MiOiJhc2Vsc2FuLmthcmRlbGVuIiwiZXhwIjoxNzMzNDQzNjI4LCJpYXQiOjE3MzM0MDc2MjgsImp0aSI6Ijk2NzFhNTdkLWU1MDktNDQ5Ny04OTI4LWJjMzg4MTUxNzliYiJ9.Sc8Rdh1aZSRJGh4DGRfJJwj3Kol4IMH6DahVPnwgz7lkiJU2h3eO0oN3zGOEn_qvMxO0zj5GJvkpy_K1HiMeBw"},"authorities":["right.detection.createdetection","right.detection.map","right.detection.detail","right.detection.detail.read","right.detection.detail.update","right.detection.filter","right.detection.sort","right.detection.sosmessage","right.task.filter","right.task.sort","right.task.detail","right.task.detail.read","right.task.detail.starttask","right.sensor.list","right.sensor.map","right.sensor.filter","right.sensor.sort","right.profile.read","right.detection","right.task","right.sensor","right.profile","right.detection.incominglist","right.task.outgoinglist","right.detection.outgoinglist","right.task.incominglist","right.task.attachments.list","right.alarm","right.alarm.list","right.alarm.map","right.alarm.filter","right.profile.usermanagement","right.profile.usermanagement.groupauthorization","right.profile.usermanagement.usergroup","right.sensor.detail","right.sensor.detail.read","right.sensor.detail.livestream"]}
2024-12-05 17:07:09.731 [main] INFO  com.apiTests.requests.serviceRequests.user_controller.LoginTests - Status Code: 200
2024-12-05 17:07:09.741 [main] INFO  com.apiTests.serviceSteps.serviceTestSteps.userController.LoginSteps - The system has been logged in with a valid username and password
2024-12-05 17:07:09.742 [main] INFO  com.apiTests.serviceSteps.serviceTestSteps.userController.LoginSteps - The username in the response matches the request
2024-12-05 17:07:09.744 [main] INFO  com.apiTests.requests.HelperMethod - The content was successfully written to the file: src/test/resources/txtFiles/accessToken.txt
2024-12-05 17:07:09.744 [main] INFO  com.apiTests.serviceSteps.serviceTestSteps.userController.LoginSteps - The Access Token has been saved: eyJ0eXAiOiJKV1QiLCJhbGciOiJIUzUxMiJ9.eyJzdWIiOiIxOSIsImF1ZCI6ImFjY2VzcyIsInVzciI6IlNpc3RlbSBZw7ZuZXRpY2lzaSBBU0VMU0FOIiwiaXNzIjoiYXNlbHNhbi5rYXJkZWxlbiIsInJqdGkiOiI5NjcxYTU3ZC1lNTA5LTQ0OTctODkyOC1iYzM4ODE1MTc5YmIiLCJleHAiOjE3MzM0MDgyMjgsImlhdCI6MTczMzQwNzYyOCwianRpIjoiY2I3YTM5NGUtZTJiMi00ZjMzLTk0OWUtMTYwOTJhZGU2MzdlIn0.fTIEsbv97m-tXe2XVnF7zbUPch3f-JKTzBA9hve8512L0asQmr9rq2SsJbEv6EmUK3bviC5WYBQuF7vhZn_2_Q
2024-12-05 17:07:10.083 [main] INFO  com.apiTests.requests.serviceRequests.zone_controller.ZonesTests - Response received: [{"id":-1,"name":"K11_"},{"id":22,"name":"Üs"},{"id":28,"name":"Hotel Loop"},{"id":29,"name":"India Loop"},{"id":140,"name":"2125"},{"id":141,"name":"2123"},{"id":142,"name":"2121"},{"id":143,"name":"2119"},{"id":144,"name":"2111"},{"id":145,"name":"2109"},{"id":146,"name":"2107"},{"id":147,"name":"2108"},{"id":148,"name":"2101"},{"id":149,"name":"2100"},{"id":150,"name":"2102"},{"id":151,"name":"2112"},{"id":152,"name":"2116"},{"id":153,"name":"2118"},{"id":154,"name":"2120"},{"id":155,"name":"2122"},{"id":156,"name":"2124"},{"id":157,"name":"2126"},{"id":158,"name":"2131"},{"id":159,"name":"2129"},{"id":160,"name":"2127"},{"id":165,"name":"2209"},{"id":171,"name":"INDIA-1 AIRCRAFT GATE"},{"id":172,"name":"HOTEL-1 AIRCRAFT GATE"},{"id":173,"name":"V-9 VEHICLE GATE"},{"id":174,"name":"COOPS VEHICLE GATE"},{"id":175,"name":"INDIA-13 AIRCRAFT GATE"},{"id":245,"name":"merve"},{"id":246,"name":"deneme"},{"id":252,"name":"K1_"},{"id":285,"name":"K2_"},{"id":286,"name":"K3_"},{"id":287,"name":"K4_"},{"id":288,"name":"K5_"},{"id":289,"name":"K6_"},{"id":290,"name":"K7_"},{"id":291,"name":"K8_"},{"id":292,"name":"K9_"},{"id":293,"name":"K10_"},{"id":295,"name":"K12_"},{"id":298,"name":"K13_"},{"id":299,"name":"K14_"},{"id":300,"name":"K15_"},{"id":301,"name":"K16_"},{"id":306,"name":"54A_son"},{"id":307,"name":"57A_son"},{"id":308,"name":"eren1"},{"id":310,"name":"47_TG"},{"id":311,"name":"47_Cit"},{"id":314,"name":"üs_2016"},{"id":315,"name":"AK1-1"},{"id":317,"name":"AK1-2"},{"id":320,"name":"sil2"},{"id":321,"name":"sil3"},{"id":322,"name":"sil4"},{"id":323,"name":"sil"},{"id":324,"name":"merve"},{"id":327,"name":"deneme"},{"id":328,"name":"mer"},{"id":330,"name":"deneme-1"},{"id":331,"name":"sed"},{"id":332,"name":"sed"},{"id":335,"name":"K_new"},{"id":336,"name":"K-hesap"},{"id":337,"name":"poly5.3"},{"id":338,"name":"devriye2"},{"id":339,"name":"devriye3"},{"id":340,"name":"VG2_1"},{"id":341,"name":"devriye4"},{"id":342,"name":"devriye5"},{"id":343,"name":"devriye6"},{"id":344,"name":"devriye7"},{"id":345,"name":"devriye8"},{"id":346,"name":"devriye9"},{"id":347,"name":"devriye10"},{"id":348,"name":"devriye11"},{"id":349,"name":"p1"},{"id":350,"name":"p2"},{"id":351,"name":"VG2_2"},{"id":359,"name":"üs1"},{"id":361,"name":"üs2"},{"id":362,"name":"üs3"},{"id":363,"name":"üs4"},{"id":364,"name":"üs5"},{"id":365,"name":"üs6"},{"id":366,"name":"üs7"},{"id":367,"name":"AG1_1"},{"id":368,"name":"santiye"},{"id":369,"name":"üs8"},{"id":370,"name":"üs9"},{"id":371,"name":"üs10"},{"id":405,"name":"C1_LVSB13"},{"id":406,"name":"C2_LVSB7"},{"id":407,"name":"C3_LVSB13"},{"id":410,"name":"C4_LVSB46"},{"id":411,"name":"C5_LVSB43"},{"id":413,"name":"üs11"},{"id":414,"name":"AG1_2"},{"id":415,"name":"C1"},{"id":416,"name":"S1_LVSB53"},{"id":417,"name":"S1_LVSB51"},{"id":418,"name":"S1_LVSB46"},{"id":419,"name":"S1_LVSB5"},{"id":420,"name":"tel"},{"id":456,"name":"D13"},{"id":457,"name":"K13"},{"id":458,"name":"K12"},{"id":459,"name":"eren1"},{"id":460,"name":"2209sagust"},{"id":461,"name":"K21"},{"id":462,"name":"K.111"},{"id":463,"name":"K.10"},{"id":464,"name":"K.9"},{"id":465,"name":"K.8"},{"id":466,"name":"K.7"},{"id":467,"name":"K.6"},{"id":468,"name":"K.5"},{"id":469,"name":"K.4"},{"id":470,"name":"K.3"},{"id":471,"name":"K.2"},{"id":472,"name":"K.1"},{"id":473,"name":"K.19"},{"id":474,"name":"K.18"},{"id":475,"name":"K.161"},{"id":476,"name":"K.15"},{"id":477,"name":"K.14"},{"id":478,"name":"K.20"},{"id":479,"name":"K.21"},{"id":480,"name":"K.221"},{"id":481,"name":"K.233"},{"id":482,"name":"K.244"},{"id":483,"name":"cit2016"},{"id":484,"name":"LVSB45"},{"id":485,"name":"LVSB47"},{"id":486,"name":"LVSB49"},{"id":487,"name":"LVSB50"},{"id":488,"name":"LVSB52"},{"id":489,"name":"LVSB54"},{"id":490,"name":"LVSB55"},{"id":491,"name":"LVSB57"},{"id":492,"name":"LVSB4"},{"id":493,"name":"LVSB6"},{"id":494,"name":"LVSB12"},{"id":495,"name":"LVSB17"},{"id":496,"name":"LVSB19"},{"id":497,"name":"LVSB24"},{"id":498,"name":"LVSB21"},{"id":499,"name":"LVSB29"},{"id":500,"name":"LVSB32"},{"id":501,"name":"LVSB31"},{"id":502,"name":"LVSB34"},{"id":503,"name":"2209_sagust"},{"id":504,"name":"LVSB37"},{"id":505,"name":"LVSB36"},{"id":506,"name":"LVSB42"},{"id":507,"name":"LVSB44"},{"id":508,"name":"VG2_1"},{"id":509,"name":"VG2_2"},{"id":510,"name":"AG1_1"},{"id":511,"name":"AG1_2"},{"id":512,"name":"AG2_1"},{"id":513,"name":"AG2_2"},{"id":514,"name":"AG3_1"},{"id":515,"name":"AG3_2"},{"id":516,"name":"VG1_1"},{"id":517,"name":"VG1_2"},{"id":518,"name":"LVSB12_new"},{"id":519,"name":"LVSB19_new"},{"id":520,"name":"LVSB29_new"},{"id":668,"name":"LVSB19_28Mart"},{"id":670,"name":"Sector-01"},{"id":671,"name":"Sector-02"},{"id":672,"name":"Sector-03"},{"id":674,"name":"Sector-04"},{"id":675,"name":"Sector-05"},{"id":676,"name":"Sector-06"},{"id":677,"name":"Sector-07"},{"id":678,"name":"Sector-08"},{"id":679,"name":"Sector-09"},{"id":681,"name":"Sector-11"},{"id":682,"name":"Sector-12"},{"id":683,"name":"Sector-13"},{"id":684,"name":"Sector-14"},{"id":686,"name":"Sector-15"},{"id":687,"name":"Sector-16"},{"id":688,"name":"Sector-17"},{"id":689,"name":"Sector-18"},{"id":690,"name":"Sector-19"},{"id":691,"name":"Sector-20"},{"id":692,"name":"Sector-21"},{"id":693,"name":"Sector-22"},{"id":694,"name":"Sector-23"},{"id":695,"name":"I-13 Gate"},{"id":696,"name":"I-1 Gate"},{"id":698,"name":"H-1 Gate"},{"id":699,"name":"V-9 Gate"},{"id":701,"name":"Coops Gate"},{"id":705,"name":"Sector-10"},{"id":708,"name":"S01F-S02S"},{"id":709,"name":"S02F"},{"id":710,"name":"S03S"},{"id":711,"name":"S03F"},{"id":712,"name":"S04S"},{"id":713,"name":"S04F-S05S"},{"id":714,"name":"S05F-S06S"},{"id":715,"name":"S06F-S07S"},{"id":716,"name":"S07F"},{"id":717,"name":"S08S"},{"id":718,"name":"S08F-S09S"},{"id":719,"name":"S09F-S10S"},{"id":720,"name":"S10F-S11S"},{"id":721,"name":"S11F-S12S"},{"id":722,"name":"S12F-S13S"},{"id":723,"name":"S13F"},{"id":724,"name":"S14S"},{"id":725,"name":"S14F-S15S"},{"id":726,"name":"S15F-S16S"},{"id":727,"name":"S16F-S17S"},{"id":728,"name":"S17F-S18S"},{"id":729,"name":"S18F-S19S"},{"id":730,"name":"S19F-S20S"},{"id":731,"name":"S20F-S21S"},{"id":732,"name":"S21F-S22S"},{"id":733,"name":"S22F-S23S"},{"id":734,"name":"S23F"},{"id":735,"name":"S01S"},{"id":736,"name":"S04M"},{"id":737,"name":"S07M"},{"id":738,"name":"Nizamiye"},{"id":739,"name":"Ana yol"},{"id":740,"name":"Otopark Çıkış"},{"id":741,"name":"Yan Yol"},{"id":742,"name":"deneme tulın"},{"id":743,"name":"test"},{"id":744,"name":"asd"},{"id":745,"name":"tmm"},{"id":746,"name":"tmm2"},{"id":765,"name":"mert1"},{"id":767,"name":"Kamera-1"},{"id":768,"name":"Kamera-4"},{"id":769,"name":"Kamera-2"},{"id":770,"name":"Kamera-3"}]
2024-12-05 17:07:10.083 [main] INFO  com.apiTests.requests.serviceRequests.zone_controller.ZonesTests - Status Code: 200
2024-12-05 17:07:10.083 [main] INFO  com.apiTests.requests.serviceRequests.zone_controller.ZonesTests - 0. Zone: K11_
2024-12-05 17:07:10.083 [main] INFO  com.apiTests.requests.serviceRequests.zone_controller.ZonesTests - 1. Zone: Üs
2024-12-05 17:07:10.083 [main] INFO  com.apiTests.requests.serviceRequests.zone_controller.ZonesTests - 2. Zone: Hotel Loop
2024-12-05 17:07:10.083 [main] INFO  com.apiTests.requests.serviceRequests.zone_controller.ZonesTests - 3. Zone: India Loop
2024-12-05 17:07:10.083 [main] INFO  com.apiTests.requests.serviceRequests.zone_controller.ZonesTests - 4. Zone: 2125
2024-12-05 17:07:10.083 [main] INFO  com.apiTests.requests.serviceRequests.zone_controller.ZonesTests - 5. Zone: 2123
2024-12-05 17:07:10.083 [main] INFO  com.apiTests.requests.serviceRequests.zone_controller.ZonesTests - 6. Zone: 2121
2024-12-05 17:07:10.083 [main] INFO  com.apiTests.requests.serviceRequests.zone_controller.ZonesTests - Zone found: 2121
2024-12-05 17:07:10.443 [main] INFO  com.apiTests.requests.serviceRequests.detection_controller.GetDetectionsTests - Response received: []
2024-12-05 17:07:10.443 [main] INFO  com.apiTests.requests.serviceRequests.detection_controller.GetDetectionsTests - Status Code: 200
2024-12-05 17:07:10.447 [main] ERROR com.apiTests.requests.serviceRequests.detection_controller.GetDetectionsTests - Detection List is empty!
]]></system-out>
  </testcase>
  <testcase name="Detection controller service, filter zone #8" classname="Get Detections" time="1.067">
    <system-out><![CDATA[2024-12-05 17:07:10.761 [main] INFO  com.apiTests.requests.serviceRequests.user_controller.LoginTests - Response received: {"user":{"name":"Sistem Yöneticisi","surname":"ASELSAN","username":"aselsan","detail":{"identityNumber":null,"email":null,"phoneNumber":null,"rank":null,"profilePicture":null,"supervisor":{"name":null,"surname":null}},"pushToken":null,"userLevelId":5,"userLevelName":"Aselsan","id":10},"tokenDetails":{"accessToken":"eyJ0eXAiOiJKV1QiLCJhbGciOiJIUzUxMiJ9.eyJzdWIiOiIxOSIsImF1ZCI6ImFjY2VzcyIsInVzciI6IlNpc3RlbSBZw7ZuZXRpY2lzaSBBU0VMU0FOIiwiaXNzIjoiYXNlbHNhbi5rYXJkZWxlbiIsInJqdGkiOiJkNjVjNWZkYi02NGZiLTRhYjktOWJmMC0yODMxNDEzN2IyYTkiLCJleHAiOjE3MzM0MDgyMjksImlhdCI6MTczMzQwNzYyOSwianRpIjoiMjg3MzE1ODQtZmY1ZS00YTc2LWExOTMtMjZlYmUxN2QxYjBkIn0._orW2V8HjJXp3jVqb6Sk4IAreXtYli0HjTAZBa8UbAM4TMDFj1IDQCvT5VGJn-xKr4aTho0KDeOOrFcbC3INRA","refreshToken":"eyJ0eXAiOiJKV1QiLCJhbGciOiJIUzUxMiJ9.eyJzdWIiOiIxOSIsImF1ZCI6InJlZnJlc2giLCJpc3MiOiJhc2Vsc2FuLmthcmRlbGVuIiwiZXhwIjoxNzMzNDQzNjI5LCJpYXQiOjE3MzM0MDc2MjksImp0aSI6ImQ2NWM1ZmRiLTY0ZmItNGFiOS05YmYwLTI4MzE0MTM3YjJhOSJ9.hDrIfykjvb4l8m7Re71mtBUTROoWPZ0C6g2jjcl8TtKJ2ZjUAvDEg_tGMv5NfaEoxeKQ4CG5w_PZf7UvVAUUVw"},"authorities":["right.detection.createdetection","right.detection.map","right.detection.detail","right.detection.detail.read","right.detection.detail.update","right.detection.filter","right.detection.sort","right.detection.sosmessage","right.task.filter","right.task.sort","right.task.detail","right.task.detail.read","right.task.detail.starttask","right.sensor.list","right.sensor.map","right.sensor.filter","right.sensor.sort","right.profile.read","right.detection","right.task","right.sensor","right.profile","right.detection.incominglist","right.task.outgoinglist","right.detection.outgoinglist","right.task.incominglist","right.task.attachments.list","right.alarm","right.alarm.list","right.alarm.map","right.alarm.filter","right.profile.usermanagement","right.profile.usermanagement.groupauthorization","right.profile.usermanagement.usergroup","right.sensor.detail","right.sensor.detail.read","right.sensor.detail.livestream"]}
2024-12-05 17:07:10.761 [main] INFO  com.apiTests.requests.serviceRequests.user_controller.LoginTests - Status Code: 200
2024-12-05 17:07:10.771 [main] INFO  com.apiTests.serviceSteps.serviceTestSteps.userController.LoginSteps - The system has been logged in with a valid username and password
2024-12-05 17:07:10.772 [main] INFO  com.apiTests.serviceSteps.serviceTestSteps.userController.LoginSteps - The username in the response matches the request
2024-12-05 17:07:10.774 [main] INFO  com.apiTests.requests.HelperMethod - The content was successfully written to the file: src/test/resources/txtFiles/accessToken.txt
2024-12-05 17:07:10.774 [main] INFO  com.apiTests.serviceSteps.serviceTestSteps.userController.LoginSteps - The Access Token has been saved: eyJ0eXAiOiJKV1QiLCJhbGciOiJIUzUxMiJ9.eyJzdWIiOiIxOSIsImF1ZCI6ImFjY2VzcyIsInVzciI6IlNpc3RlbSBZw7ZuZXRpY2lzaSBBU0VMU0FOIiwiaXNzIjoiYXNlbHNhbi5rYXJkZWxlbiIsInJqdGkiOiJkNjVjNWZkYi02NGZiLTRhYjktOWJmMC0yODMxNDEzN2IyYTkiLCJleHAiOjE3MzM0MDgyMjksImlhdCI6MTczMzQwNzYyOSwianRpIjoiMjg3MzE1ODQtZmY1ZS00YTc2LWExOTMtMjZlYmUxN2QxYjBkIn0._orW2V8HjJXp3jVqb6Sk4IAreXtYli0HjTAZBa8UbAM4TMDFj1IDQCvT5VGJn-xKr4aTho0KDeOOrFcbC3INRA
2024-12-05 17:07:11.102 [main] INFO  com.apiTests.requests.serviceRequests.zone_controller.ZonesTests - Response received: [{"id":-1,"name":"K11_"},{"id":22,"name":"Üs"},{"id":28,"name":"Hotel Loop"},{"id":29,"name":"India Loop"},{"id":140,"name":"2125"},{"id":141,"name":"2123"},{"id":142,"name":"2121"},{"id":143,"name":"2119"},{"id":144,"name":"2111"},{"id":145,"name":"2109"},{"id":146,"name":"2107"},{"id":147,"name":"2108"},{"id":148,"name":"2101"},{"id":149,"name":"2100"},{"id":150,"name":"2102"},{"id":151,"name":"2112"},{"id":152,"name":"2116"},{"id":153,"name":"2118"},{"id":154,"name":"2120"},{"id":155,"name":"2122"},{"id":156,"name":"2124"},{"id":157,"name":"2126"},{"id":158,"name":"2131"},{"id":159,"name":"2129"},{"id":160,"name":"2127"},{"id":165,"name":"2209"},{"id":171,"name":"INDIA-1 AIRCRAFT GATE"},{"id":172,"name":"HOTEL-1 AIRCRAFT GATE"},{"id":173,"name":"V-9 VEHICLE GATE"},{"id":174,"name":"COOPS VEHICLE GATE"},{"id":175,"name":"INDIA-13 AIRCRAFT GATE"},{"id":245,"name":"merve"},{"id":246,"name":"deneme"},{"id":252,"name":"K1_"},{"id":285,"name":"K2_"},{"id":286,"name":"K3_"},{"id":287,"name":"K4_"},{"id":288,"name":"K5_"},{"id":289,"name":"K6_"},{"id":290,"name":"K7_"},{"id":291,"name":"K8_"},{"id":292,"name":"K9_"},{"id":293,"name":"K10_"},{"id":295,"name":"K12_"},{"id":298,"name":"K13_"},{"id":299,"name":"K14_"},{"id":300,"name":"K15_"},{"id":301,"name":"K16_"},{"id":306,"name":"54A_son"},{"id":307,"name":"57A_son"},{"id":308,"name":"eren1"},{"id":310,"name":"47_TG"},{"id":311,"name":"47_Cit"},{"id":314,"name":"üs_2016"},{"id":315,"name":"AK1-1"},{"id":317,"name":"AK1-2"},{"id":320,"name":"sil2"},{"id":321,"name":"sil3"},{"id":322,"name":"sil4"},{"id":323,"name":"sil"},{"id":324,"name":"merve"},{"id":327,"name":"deneme"},{"id":328,"name":"mer"},{"id":330,"name":"deneme-1"},{"id":331,"name":"sed"},{"id":332,"name":"sed"},{"id":335,"name":"K_new"},{"id":336,"name":"K-hesap"},{"id":337,"name":"poly5.3"},{"id":338,"name":"devriye2"},{"id":339,"name":"devriye3"},{"id":340,"name":"VG2_1"},{"id":341,"name":"devriye4"},{"id":342,"name":"devriye5"},{"id":343,"name":"devriye6"},{"id":344,"name":"devriye7"},{"id":345,"name":"devriye8"},{"id":346,"name":"devriye9"},{"id":347,"name":"devriye10"},{"id":348,"name":"devriye11"},{"id":349,"name":"p1"},{"id":350,"name":"p2"},{"id":351,"name":"VG2_2"},{"id":359,"name":"üs1"},{"id":361,"name":"üs2"},{"id":362,"name":"üs3"},{"id":363,"name":"üs4"},{"id":364,"name":"üs5"},{"id":365,"name":"üs6"},{"id":366,"name":"üs7"},{"id":367,"name":"AG1_1"},{"id":368,"name":"santiye"},{"id":369,"name":"üs8"},{"id":370,"name":"üs9"},{"id":371,"name":"üs10"},{"id":405,"name":"C1_LVSB13"},{"id":406,"name":"C2_LVSB7"},{"id":407,"name":"C3_LVSB13"},{"id":410,"name":"C4_LVSB46"},{"id":411,"name":"C5_LVSB43"},{"id":413,"name":"üs11"},{"id":414,"name":"AG1_2"},{"id":415,"name":"C1"},{"id":416,"name":"S1_LVSB53"},{"id":417,"name":"S1_LVSB51"},{"id":418,"name":"S1_LVSB46"},{"id":419,"name":"S1_LVSB5"},{"id":420,"name":"tel"},{"id":456,"name":"D13"},{"id":457,"name":"K13"},{"id":458,"name":"K12"},{"id":459,"name":"eren1"},{"id":460,"name":"2209sagust"},{"id":461,"name":"K21"},{"id":462,"name":"K.111"},{"id":463,"name":"K.10"},{"id":464,"name":"K.9"},{"id":465,"name":"K.8"},{"id":466,"name":"K.7"},{"id":467,"name":"K.6"},{"id":468,"name":"K.5"},{"id":469,"name":"K.4"},{"id":470,"name":"K.3"},{"id":471,"name":"K.2"},{"id":472,"name":"K.1"},{"id":473,"name":"K.19"},{"id":474,"name":"K.18"},{"id":475,"name":"K.161"},{"id":476,"name":"K.15"},{"id":477,"name":"K.14"},{"id":478,"name":"K.20"},{"id":479,"name":"K.21"},{"id":480,"name":"K.221"},{"id":481,"name":"K.233"},{"id":482,"name":"K.244"},{"id":483,"name":"cit2016"},{"id":484,"name":"LVSB45"},{"id":485,"name":"LVSB47"},{"id":486,"name":"LVSB49"},{"id":487,"name":"LVSB50"},{"id":488,"name":"LVSB52"},{"id":489,"name":"LVSB54"},{"id":490,"name":"LVSB55"},{"id":491,"name":"LVSB57"},{"id":492,"name":"LVSB4"},{"id":493,"name":"LVSB6"},{"id":494,"name":"LVSB12"},{"id":495,"name":"LVSB17"},{"id":496,"name":"LVSB19"},{"id":497,"name":"LVSB24"},{"id":498,"name":"LVSB21"},{"id":499,"name":"LVSB29"},{"id":500,"name":"LVSB32"},{"id":501,"name":"LVSB31"},{"id":502,"name":"LVSB34"},{"id":503,"name":"2209_sagust"},{"id":504,"name":"LVSB37"},{"id":505,"name":"LVSB36"},{"id":506,"name":"LVSB42"},{"id":507,"name":"LVSB44"},{"id":508,"name":"VG2_1"},{"id":509,"name":"VG2_2"},{"id":510,"name":"AG1_1"},{"id":511,"name":"AG1_2"},{"id":512,"name":"AG2_1"},{"id":513,"name":"AG2_2"},{"id":514,"name":"AG3_1"},{"id":515,"name":"AG3_2"},{"id":516,"name":"VG1_1"},{"id":517,"name":"VG1_2"},{"id":518,"name":"LVSB12_new"},{"id":519,"name":"LVSB19_new"},{"id":520,"name":"LVSB29_new"},{"id":668,"name":"LVSB19_28Mart"},{"id":670,"name":"Sector-01"},{"id":671,"name":"Sector-02"},{"id":672,"name":"Sector-03"},{"id":674,"name":"Sector-04"},{"id":675,"name":"Sector-05"},{"id":676,"name":"Sector-06"},{"id":677,"name":"Sector-07"},{"id":678,"name":"Sector-08"},{"id":679,"name":"Sector-09"},{"id":681,"name":"Sector-11"},{"id":682,"name":"Sector-12"},{"id":683,"name":"Sector-13"},{"id":684,"name":"Sector-14"},{"id":686,"name":"Sector-15"},{"id":687,"name":"Sector-16"},{"id":688,"name":"Sector-17"},{"id":689,"name":"Sector-18"},{"id":690,"name":"Sector-19"},{"id":691,"name":"Sector-20"},{"id":692,"name":"Sector-21"},{"id":693,"name":"Sector-22"},{"id":694,"name":"Sector-23"},{"id":695,"name":"I-13 Gate"},{"id":696,"name":"I-1 Gate"},{"id":698,"name":"H-1 Gate"},{"id":699,"name":"V-9 Gate"},{"id":701,"name":"Coops Gate"},{"id":705,"name":"Sector-10"},{"id":708,"name":"S01F-S02S"},{"id":709,"name":"S02F"},{"id":710,"name":"S03S"},{"id":711,"name":"S03F"},{"id":712,"name":"S04S"},{"id":713,"name":"S04F-S05S"},{"id":714,"name":"S05F-S06S"},{"id":715,"name":"S06F-S07S"},{"id":716,"name":"S07F"},{"id":717,"name":"S08S"},{"id":718,"name":"S08F-S09S"},{"id":719,"name":"S09F-S10S"},{"id":720,"name":"S10F-S11S"},{"id":721,"name":"S11F-S12S"},{"id":722,"name":"S12F-S13S"},{"id":723,"name":"S13F"},{"id":724,"name":"S14S"},{"id":725,"name":"S14F-S15S"},{"id":726,"name":"S15F-S16S"},{"id":727,"name":"S16F-S17S"},{"id":728,"name":"S17F-S18S"},{"id":729,"name":"S18F-S19S"},{"id":730,"name":"S19F-S20S"},{"id":731,"name":"S20F-S21S"},{"id":732,"name":"S21F-S22S"},{"id":733,"name":"S22F-S23S"},{"id":734,"name":"S23F"},{"id":735,"name":"S01S"},{"id":736,"name":"S04M"},{"id":737,"name":"S07M"},{"id":738,"name":"Nizamiye"},{"id":739,"name":"Ana yol"},{"id":740,"name":"Otopark Çıkış"},{"id":741,"name":"Yan Yol"},{"id":742,"name":"deneme tulın"},{"id":743,"name":"test"},{"id":744,"name":"asd"},{"id":745,"name":"tmm"},{"id":746,"name":"tmm2"},{"id":765,"name":"mert1"},{"id":767,"name":"Kamera-1"},{"id":768,"name":"Kamera-4"},{"id":769,"name":"Kamera-2"},{"id":770,"name":"Kamera-3"}]
2024-12-05 17:07:11.103 [main] INFO  com.apiTests.requests.serviceRequests.zone_controller.ZonesTests - Status Code: 200
2024-12-05 17:07:11.105 [main] INFO  com.apiTests.requests.serviceRequests.zone_controller.ZonesTests - 0. Zone: K11_
2024-12-05 17:07:11.105 [main] INFO  com.apiTests.requests.serviceRequests.zone_controller.ZonesTests - 1. Zone: Üs
2024-12-05 17:07:11.105 [main] INFO  com.apiTests.requests.serviceRequests.zone_controller.ZonesTests - 2. Zone: Hotel Loop
2024-12-05 17:07:11.105 [main] INFO  com.apiTests.requests.serviceRequests.zone_controller.ZonesTests - 3. Zone: India Loop
2024-12-05 17:07:11.105 [main] INFO  com.apiTests.requests.serviceRequests.zone_controller.ZonesTests - 4. Zone: 2125
2024-12-05 17:07:11.105 [main] INFO  com.apiTests.requests.serviceRequests.zone_controller.ZonesTests - 5. Zone: 2123
2024-12-05 17:07:11.106 [main] INFO  com.apiTests.requests.serviceRequests.zone_controller.ZonesTests - 6. Zone: 2121
2024-12-05 17:07:11.106 [main] INFO  com.apiTests.requests.serviceRequests.zone_controller.ZonesTests - 7. Zone: 2119
2024-12-05 17:07:11.106 [main] INFO  com.apiTests.requests.serviceRequests.zone_controller.ZonesTests - Zone found: 2119
2024-12-05 17:07:11.501 [main] INFO  com.apiTests.requests.serviceRequests.detection_controller.GetDetectionsTests - Response received: []
2024-12-05 17:07:11.501 [main] INFO  com.apiTests.requests.serviceRequests.detection_controller.GetDetectionsTests - Status Code: 200
2024-12-05 17:07:11.517 [main] ERROR com.apiTests.requests.serviceRequests.detection_controller.GetDetectionsTests - Detection List is empty!
]]></system-out>
  </testcase>
  <testcase name="Detection controller service, filter zone #9" classname="Get Detections" time="1.235">
    <system-out><![CDATA[2024-12-05 17:07:11.805 [main] INFO  com.apiTests.requests.serviceRequests.user_controller.LoginTests - Response received: {"user":{"name":"Sistem Yöneticisi","surname":"ASELSAN","username":"aselsan","detail":{"identityNumber":null,"email":null,"phoneNumber":null,"rank":null,"profilePicture":null,"supervisor":{"name":null,"surname":null}},"pushToken":null,"userLevelId":5,"userLevelName":"Aselsan","id":10},"tokenDetails":{"accessToken":"eyJ0eXAiOiJKV1QiLCJhbGciOiJIUzUxMiJ9.eyJzdWIiOiIxOSIsImF1ZCI6ImFjY2VzcyIsInVzciI6IlNpc3RlbSBZw7ZuZXRpY2lzaSBBU0VMU0FOIiwiaXNzIjoiYXNlbHNhbi5rYXJkZWxlbiIsInJqdGkiOiJlNzg1MzFmMS04ODA1LTRlYTctYTVlZS03MzAyNDI3Zjc0NzciLCJleHAiOjE3MzM0MDgyMzAsImlhdCI6MTczMzQwNzYzMCwianRpIjoiZDAwNjg5ZWEtZjljNC00MDZmLTliMzEtZmVjNGM1ZDU1ZDljIn0.oeXh7ojTlXCprrx6pXeZsVzj7qMhpH6nNHrwM6x6fmmm5mr7-MzPwJbyTmNAHcKQYDeuty4CZwNT98AD-OlNXQ","refreshToken":"eyJ0eXAiOiJKV1QiLCJhbGciOiJIUzUxMiJ9.eyJzdWIiOiIxOSIsImF1ZCI6InJlZnJlc2giLCJpc3MiOiJhc2Vsc2FuLmthcmRlbGVuIiwiZXhwIjoxNzMzNDQzNjMwLCJpYXQiOjE3MzM0MDc2MzAsImp0aSI6ImU3ODUzMWYxLTg4MDUtNGVhNy1hNWVlLTczMDI0MjdmNzQ3NyJ9.9RMLZEB1aVSQEAeaVEcy2H9fQCThGQ4eeButyoLX_7RqKORLHDYRS12YJMhshxGXfEPXqz8IAoWaIn-54Acbvw"},"authorities":["right.detection.createdetection","right.detection.map","right.detection.detail","right.detection.detail.read","right.detection.detail.update","right.detection.filter","right.detection.sort","right.detection.sosmessage","right.task.filter","right.task.sort","right.task.detail","right.task.detail.read","right.task.detail.starttask","right.sensor.list","right.sensor.map","right.sensor.filter","right.sensor.sort","right.profile.read","right.detection","right.task","right.sensor","right.profile","right.detection.incominglist","right.task.outgoinglist","right.detection.outgoinglist","right.task.incominglist","right.task.attachments.list","right.alarm","right.alarm.list","right.alarm.map","right.alarm.filter","right.profile.usermanagement","right.profile.usermanagement.groupauthorization","right.profile.usermanagement.usergroup","right.sensor.detail","right.sensor.detail.read","right.sensor.detail.livestream"]}
2024-12-05 17:07:11.806 [main] INFO  com.apiTests.requests.serviceRequests.user_controller.LoginTests - Status Code: 200
2024-12-05 17:07:11.822 [main] INFO  com.apiTests.serviceSteps.serviceTestSteps.userController.LoginSteps - The system has been logged in with a valid username and password
2024-12-05 17:07:11.823 [main] INFO  com.apiTests.serviceSteps.serviceTestSteps.userController.LoginSteps - The username in the response matches the request
2024-12-05 17:07:11.824 [main] INFO  com.apiTests.requests.HelperMethod - The content was successfully written to the file: src/test/resources/txtFiles/accessToken.txt
2024-12-05 17:07:11.824 [main] INFO  com.apiTests.serviceSteps.serviceTestSteps.userController.LoginSteps - The Access Token has been saved: eyJ0eXAiOiJKV1QiLCJhbGciOiJIUzUxMiJ9.eyJzdWIiOiIxOSIsImF1ZCI6ImFjY2VzcyIsInVzciI6IlNpc3RlbSBZw7ZuZXRpY2lzaSBBU0VMU0FOIiwiaXNzIjoiYXNlbHNhbi5rYXJkZWxlbiIsInJqdGkiOiJlNzg1MzFmMS04ODA1LTRlYTctYTVlZS03MzAyNDI3Zjc0NzciLCJleHAiOjE3MzM0MDgyMzAsImlhdCI6MTczMzQwNzYzMCwianRpIjoiZDAwNjg5ZWEtZjljNC00MDZmLTliMzEtZmVjNGM1ZDU1ZDljIn0.oeXh7ojTlXCprrx6pXeZsVzj7qMhpH6nNHrwM6x6fmmm5mr7-MzPwJbyTmNAHcKQYDeuty4CZwNT98AD-OlNXQ
2024-12-05 17:07:12.379 [main] INFO  com.apiTests.requests.serviceRequests.zone_controller.ZonesTests - Response received: [{"id":-1,"name":"K11_"},{"id":22,"name":"Üs"},{"id":28,"name":"Hotel Loop"},{"id":29,"name":"India Loop"},{"id":140,"name":"2125"},{"id":141,"name":"2123"},{"id":142,"name":"2121"},{"id":143,"name":"2119"},{"id":144,"name":"2111"},{"id":145,"name":"2109"},{"id":146,"name":"2107"},{"id":147,"name":"2108"},{"id":148,"name":"2101"},{"id":149,"name":"2100"},{"id":150,"name":"2102"},{"id":151,"name":"2112"},{"id":152,"name":"2116"},{"id":153,"name":"2118"},{"id":154,"name":"2120"},{"id":155,"name":"2122"},{"id":156,"name":"2124"},{"id":157,"name":"2126"},{"id":158,"name":"2131"},{"id":159,"name":"2129"},{"id":160,"name":"2127"},{"id":165,"name":"2209"},{"id":171,"name":"INDIA-1 AIRCRAFT GATE"},{"id":172,"name":"HOTEL-1 AIRCRAFT GATE"},{"id":173,"name":"V-9 VEHICLE GATE"},{"id":174,"name":"COOPS VEHICLE GATE"},{"id":175,"name":"INDIA-13 AIRCRAFT GATE"},{"id":245,"name":"merve"},{"id":246,"name":"deneme"},{"id":252,"name":"K1_"},{"id":285,"name":"K2_"},{"id":286,"name":"K3_"},{"id":287,"name":"K4_"},{"id":288,"name":"K5_"},{"id":289,"name":"K6_"},{"id":290,"name":"K7_"},{"id":291,"name":"K8_"},{"id":292,"name":"K9_"},{"id":293,"name":"K10_"},{"id":295,"name":"K12_"},{"id":298,"name":"K13_"},{"id":299,"name":"K14_"},{"id":300,"name":"K15_"},{"id":301,"name":"K16_"},{"id":306,"name":"54A_son"},{"id":307,"name":"57A_son"},{"id":308,"name":"eren1"},{"id":310,"name":"47_TG"},{"id":311,"name":"47_Cit"},{"id":314,"name":"üs_2016"},{"id":315,"name":"AK1-1"},{"id":317,"name":"AK1-2"},{"id":320,"name":"sil2"},{"id":321,"name":"sil3"},{"id":322,"name":"sil4"},{"id":323,"name":"sil"},{"id":324,"name":"merve"},{"id":327,"name":"deneme"},{"id":328,"name":"mer"},{"id":330,"name":"deneme-1"},{"id":331,"name":"sed"},{"id":332,"name":"sed"},{"id":335,"name":"K_new"},{"id":336,"name":"K-hesap"},{"id":337,"name":"poly5.3"},{"id":338,"name":"devriye2"},{"id":339,"name":"devriye3"},{"id":340,"name":"VG2_1"},{"id":341,"name":"devriye4"},{"id":342,"name":"devriye5"},{"id":343,"name":"devriye6"},{"id":344,"name":"devriye7"},{"id":345,"name":"devriye8"},{"id":346,"name":"devriye9"},{"id":347,"name":"devriye10"},{"id":348,"name":"devriye11"},{"id":349,"name":"p1"},{"id":350,"name":"p2"},{"id":351,"name":"VG2_2"},{"id":359,"name":"üs1"},{"id":361,"name":"üs2"},{"id":362,"name":"üs3"},{"id":363,"name":"üs4"},{"id":364,"name":"üs5"},{"id":365,"name":"üs6"},{"id":366,"name":"üs7"},{"id":367,"name":"AG1_1"},{"id":368,"name":"santiye"},{"id":369,"name":"üs8"},{"id":370,"name":"üs9"},{"id":371,"name":"üs10"},{"id":405,"name":"C1_LVSB13"},{"id":406,"name":"C2_LVSB7"},{"id":407,"name":"C3_LVSB13"},{"id":410,"name":"C4_LVSB46"},{"id":411,"name":"C5_LVSB43"},{"id":413,"name":"üs11"},{"id":414,"name":"AG1_2"},{"id":415,"name":"C1"},{"id":416,"name":"S1_LVSB53"},{"id":417,"name":"S1_LVSB51"},{"id":418,"name":"S1_LVSB46"},{"id":419,"name":"S1_LVSB5"},{"id":420,"name":"tel"},{"id":456,"name":"D13"},{"id":457,"name":"K13"},{"id":458,"name":"K12"},{"id":459,"name":"eren1"},{"id":460,"name":"2209sagust"},{"id":461,"name":"K21"},{"id":462,"name":"K.111"},{"id":463,"name":"K.10"},{"id":464,"name":"K.9"},{"id":465,"name":"K.8"},{"id":466,"name":"K.7"},{"id":467,"name":"K.6"},{"id":468,"name":"K.5"},{"id":469,"name":"K.4"},{"id":470,"name":"K.3"},{"id":471,"name":"K.2"},{"id":472,"name":"K.1"},{"id":473,"name":"K.19"},{"id":474,"name":"K.18"},{"id":475,"name":"K.161"},{"id":476,"name":"K.15"},{"id":477,"name":"K.14"},{"id":478,"name":"K.20"},{"id":479,"name":"K.21"},{"id":480,"name":"K.221"},{"id":481,"name":"K.233"},{"id":482,"name":"K.244"},{"id":483,"name":"cit2016"},{"id":484,"name":"LVSB45"},{"id":485,"name":"LVSB47"},{"id":486,"name":"LVSB49"},{"id":487,"name":"LVSB50"},{"id":488,"name":"LVSB52"},{"id":489,"name":"LVSB54"},{"id":490,"name":"LVSB55"},{"id":491,"name":"LVSB57"},{"id":492,"name":"LVSB4"},{"id":493,"name":"LVSB6"},{"id":494,"name":"LVSB12"},{"id":495,"name":"LVSB17"},{"id":496,"name":"LVSB19"},{"id":497,"name":"LVSB24"},{"id":498,"name":"LVSB21"},{"id":499,"name":"LVSB29"},{"id":500,"name":"LVSB32"},{"id":501,"name":"LVSB31"},{"id":502,"name":"LVSB34"},{"id":503,"name":"2209_sagust"},{"id":504,"name":"LVSB37"},{"id":505,"name":"LVSB36"},{"id":506,"name":"LVSB42"},{"id":507,"name":"LVSB44"},{"id":508,"name":"VG2_1"},{"id":509,"name":"VG2_2"},{"id":510,"name":"AG1_1"},{"id":511,"name":"AG1_2"},{"id":512,"name":"AG2_1"},{"id":513,"name":"AG2_2"},{"id":514,"name":"AG3_1"},{"id":515,"name":"AG3_2"},{"id":516,"name":"VG1_1"},{"id":517,"name":"VG1_2"},{"id":518,"name":"LVSB12_new"},{"id":519,"name":"LVSB19_new"},{"id":520,"name":"LVSB29_new"},{"id":668,"name":"LVSB19_28Mart"},{"id":670,"name":"Sector-01"},{"id":671,"name":"Sector-02"},{"id":672,"name":"Sector-03"},{"id":674,"name":"Sector-04"},{"id":675,"name":"Sector-05"},{"id":676,"name":"Sector-06"},{"id":677,"name":"Sector-07"},{"id":678,"name":"Sector-08"},{"id":679,"name":"Sector-09"},{"id":681,"name":"Sector-11"},{"id":682,"name":"Sector-12"},{"id":683,"name":"Sector-13"},{"id":684,"name":"Sector-14"},{"id":686,"name":"Sector-15"},{"id":687,"name":"Sector-16"},{"id":688,"name":"Sector-17"},{"id":689,"name":"Sector-18"},{"id":690,"name":"Sector-19"},{"id":691,"name":"Sector-20"},{"id":692,"name":"Sector-21"},{"id":693,"name":"Sector-22"},{"id":694,"name":"Sector-23"},{"id":695,"name":"I-13 Gate"},{"id":696,"name":"I-1 Gate"},{"id":698,"name":"H-1 Gate"},{"id":699,"name":"V-9 Gate"},{"id":701,"name":"Coops Gate"},{"id":705,"name":"Sector-10"},{"id":708,"name":"S01F-S02S"},{"id":709,"name":"S02F"},{"id":710,"name":"S03S"},{"id":711,"name":"S03F"},{"id":712,"name":"S04S"},{"id":713,"name":"S04F-S05S"},{"id":714,"name":"S05F-S06S"},{"id":715,"name":"S06F-S07S"},{"id":716,"name":"S07F"},{"id":717,"name":"S08S"},{"id":718,"name":"S08F-S09S"},{"id":719,"name":"S09F-S10S"},{"id":720,"name":"S10F-S11S"},{"id":721,"name":"S11F-S12S"},{"id":722,"name":"S12F-S13S"},{"id":723,"name":"S13F"},{"id":724,"name":"S14S"},{"id":725,"name":"S14F-S15S"},{"id":726,"name":"S15F-S16S"},{"id":727,"name":"S16F-S17S"},{"id":728,"name":"S17F-S18S"},{"id":729,"name":"S18F-S19S"},{"id":730,"name":"S19F-S20S"},{"id":731,"name":"S20F-S21S"},{"id":732,"name":"S21F-S22S"},{"id":733,"name":"S22F-S23S"},{"id":734,"name":"S23F"},{"id":735,"name":"S01S"},{"id":736,"name":"S04M"},{"id":737,"name":"S07M"},{"id":738,"name":"Nizamiye"},{"id":739,"name":"Ana yol"},{"id":740,"name":"Otopark Çıkış"},{"id":741,"name":"Yan Yol"},{"id":742,"name":"deneme tulın"},{"id":743,"name":"test"},{"id":744,"name":"asd"},{"id":745,"name":"tmm"},{"id":746,"name":"tmm2"},{"id":765,"name":"mert1"},{"id":767,"name":"Kamera-1"},{"id":768,"name":"Kamera-4"},{"id":769,"name":"Kamera-2"},{"id":770,"name":"Kamera-3"}]
2024-12-05 17:07:12.379 [main] INFO  com.apiTests.requests.serviceRequests.zone_controller.ZonesTests - Status Code: 200
2024-12-05 17:07:12.379 [main] INFO  com.apiTests.requests.serviceRequests.zone_controller.ZonesTests - 0. Zone: K11_
2024-12-05 17:07:12.379 [main] INFO  com.apiTests.requests.serviceRequests.zone_controller.ZonesTests - 1. Zone: Üs
2024-12-05 17:07:12.379 [main] INFO  com.apiTests.requests.serviceRequests.zone_controller.ZonesTests - 2. Zone: Hotel Loop
2024-12-05 17:07:12.379 [main] INFO  com.apiTests.requests.serviceRequests.zone_controller.ZonesTests - 3. Zone: India Loop
2024-12-05 17:07:12.392 [main] INFO  com.apiTests.requests.serviceRequests.zone_controller.ZonesTests - 4. Zone: 2125
2024-12-05 17:07:12.392 [main] INFO  com.apiTests.requests.serviceRequests.zone_controller.ZonesTests - 5. Zone: 2123
2024-12-05 17:07:12.392 [main] INFO  com.apiTests.requests.serviceRequests.zone_controller.ZonesTests - 6. Zone: 2121
2024-12-05 17:07:12.392 [main] INFO  com.apiTests.requests.serviceRequests.zone_controller.ZonesTests - 7. Zone: 2119
2024-12-05 17:07:12.392 [main] INFO  com.apiTests.requests.serviceRequests.zone_controller.ZonesTests - 8. Zone: 2111
2024-12-05 17:07:12.393 [main] INFO  com.apiTests.requests.serviceRequests.zone_controller.ZonesTests - Zone found: 2111
2024-12-05 17:07:12.733 [main] INFO  com.apiTests.requests.serviceRequests.detection_controller.GetDetectionsTests - Response received: []
2024-12-05 17:07:12.733 [main] INFO  com.apiTests.requests.serviceRequests.detection_controller.GetDetectionsTests - Status Code: 200
2024-12-05 17:07:12.752 [main] ERROR com.apiTests.requests.serviceRequests.detection_controller.GetDetectionsTests - Detection List is empty!
]]></system-out>
  </testcase>
  <testcase name="Detection controller service, filter time parameters" classname="Get Detections" time="0.694">
    <system-out><![CDATA[2024-12-05 17:07:13.038 [main] INFO  com.apiTests.requests.serviceRequests.user_controller.LoginTests - Response received: {"user":{"name":"Sistem Yöneticisi","surname":"ASELSAN","username":"aselsan","detail":{"identityNumber":null,"email":null,"phoneNumber":null,"rank":null,"profilePicture":null,"supervisor":{"name":null,"surname":null}},"pushToken":null,"userLevelId":5,"userLevelName":"Aselsan","id":10},"tokenDetails":{"accessToken":"eyJ0eXAiOiJKV1QiLCJhbGciOiJIUzUxMiJ9.eyJzdWIiOiIxOSIsImF1ZCI6ImFjY2VzcyIsInVzciI6IlNpc3RlbSBZw7ZuZXRpY2lzaSBBU0VMU0FOIiwiaXNzIjoiYXNlbHNhbi5rYXJkZWxlbiIsInJqdGkiOiJkZGY5NzMzOC04OGVhLTRkZmQtOTJlMy0zNDAyYmMxYzM0OGUiLCJleHAiOjE3MzM0MDgyMzEsImlhdCI6MTczMzQwNzYzMSwianRpIjoiYzQ5NDNiOTctN2VjYi00N2IwLTljNjUtODM5MjA2ZjlhY2RkIn0.cmL4IGong-jdTx4bqCHwKAo15d3Lk2p0Ky-FvGb1m3JC7ynGpenfjM4NL7RaIWHlBCfY7l5CnLXASZZ71HmvKw","refreshToken":"eyJ0eXAiOiJKV1QiLCJhbGciOiJIUzUxMiJ9.eyJzdWIiOiIxOSIsImF1ZCI6InJlZnJlc2giLCJpc3MiOiJhc2Vsc2FuLmthcmRlbGVuIiwiZXhwIjoxNzMzNDQzNjMxLCJpYXQiOjE3MzM0MDc2MzEsImp0aSI6ImRkZjk3MzM4LTg4ZWEtNGRmZC05MmUzLTM0MDJiYzFjMzQ4ZSJ9.dUQNskpYujV6LJEB-VathCksmsELiMJ-RmfywGVG-QEldimaVSUqFvAiV_RWZI0Rl_Ebi80VtsIlitL1TQ0I4Q"},"authorities":["right.detection.createdetection","right.detection.map","right.detection.detail","right.detection.detail.read","right.detection.detail.update","right.detection.filter","right.detection.sort","right.detection.sosmessage","right.task.filter","right.task.sort","right.task.detail","right.task.detail.read","right.task.detail.starttask","right.sensor.list","right.sensor.map","right.sensor.filter","right.sensor.sort","right.profile.read","right.detection","right.task","right.sensor","right.profile","right.detection.incominglist","right.task.outgoinglist","right.detection.outgoinglist","right.task.incominglist","right.task.attachments.list","right.alarm","right.alarm.list","right.alarm.map","right.alarm.filter","right.profile.usermanagement","right.profile.usermanagement.groupauthorization","right.profile.usermanagement.usergroup","right.sensor.detail","right.sensor.detail.read","right.sensor.detail.livestream"]}
2024-12-05 17:07:13.039 [main] INFO  com.apiTests.requests.serviceRequests.user_controller.LoginTests - Status Code: 200
2024-12-05 17:07:13.047 [main] INFO  com.apiTests.serviceSteps.serviceTestSteps.userController.LoginSteps - The system has been logged in with a valid username and password
2024-12-05 17:07:13.048 [main] INFO  com.apiTests.serviceSteps.serviceTestSteps.userController.LoginSteps - The username in the response matches the request
2024-12-05 17:07:13.050 [main] INFO  com.apiTests.requests.HelperMethod - The content was successfully written to the file: src/test/resources/txtFiles/accessToken.txt
2024-12-05 17:07:13.050 [main] INFO  com.apiTests.serviceSteps.serviceTestSteps.userController.LoginSteps - The Access Token has been saved: eyJ0eXAiOiJKV1QiLCJhbGciOiJIUzUxMiJ9.eyJzdWIiOiIxOSIsImF1ZCI6ImFjY2VzcyIsInVzciI6IlNpc3RlbSBZw7ZuZXRpY2lzaSBBU0VMU0FOIiwiaXNzIjoiYXNlbHNhbi5rYXJkZWxlbiIsInJqdGkiOiJkZGY5NzMzOC04OGVhLTRkZmQtOTJlMy0zNDAyYmMxYzM0OGUiLCJleHAiOjE3MzM0MDgyMzEsImlhdCI6MTczMzQwNzYzMSwianRpIjoiYzQ5NDNiOTctN2VjYi00N2IwLTljNjUtODM5MjA2ZjlhY2RkIn0.cmL4IGong-jdTx4bqCHwKAo15d3Lk2p0Ky-FvGb1m3JC7ynGpenfjM4NL7RaIWHlBCfY7l5CnLXASZZ71HmvKw
2024-12-05 17:07:13.445 [main] INFO  com.apiTests.requests.serviceRequests.detection_controller.GetDetectionsTests - Response received: [{"id":"00000000-0000-000a-0000-0192ae738ba7","hasImage":false,"description":"upd","detectionCreateTime":1729503660967,"detectionUpdateTime":1731304535112,"location":{"lat":0.0,"lng":0.0},"zone":{"id":-1,"name":"K11_"},"updated":true,"signature":"upt","taskId":null,"taskStatus":null,"type":{"id":71,"name":"Unauthorized"}},{"id":"00000000-0000-000a-0000-019319efe98b","hasImage":false,"description":"twicee","detectionCreateTime":1731306973579,"detectionUpdateTime":1731307112646,"location":{"lat":0.0,"lng":0.0},"zone":{"id":-1,"name":"K11_"},"updated":true,"signature":"twicee","taskId":null,"taskStatus":null,"type":{"id":255,"name":"Emergency"}},{"id":"00000000-0000-000a-0000-01931a1cc36b","hasImage":false,"description":"130","detectionCreateTime":1731309912939,"detectionUpdateTime":null,"location":{"lat":37.754223,"lng":33.569424},"zone":{"id":-1,"name":"K11_"},"updated":false,"signature":"130","taskId":null,"taskStatus":null,"type":{"id":255,"name":"Emergency"}},{"id":"00000000-0000-000a-0000-01931a1edcfd","hasImage":false,"description":"955","detectionCreateTime":1731310050557,"detectionUpdateTime":1731310153382,"location":{"lat":0.0,"lng":0.0},"zone":{"id":-1,"name":"K11_"},"updated":true,"signature":"955","taskId":null,"taskStatus":null,"type":{"id":71,"name":"Unauthorized"}},{"id":"00000000-0000-000a-0000-01931a33b2cd","hasImage":false,"description":"jqueryy","detectionCreateTime":1731311416013,"detectionUpdateTime":1731313234581,"location":{"lat":0.0,"lng":0.0},"zone":{"id":-1,"name":"K11_"},"updated":true,"signature":"jqueryy","taskId":null,"taskStatus":null,"type":{"id":255,"name":"Emergency"}},{"id":"00000000-0000-000a-0000-01931aae317d","hasImage":false,"description":"parent","detectionCreateTime":1731319443837,"detectionUpdateTime":null,"location":{"lat":37.754223,"lng":33.569424},"zone":{"id":-1,"name":"K11_"},"updated":false,"signature":"parent","taskId":null,"taskStatus":null,"type":{"id":255,"name":"Emergency"}},{"id":"00000000-0000-000a-0000-01931ab09296","hasImage":false,"description":"parent","detectionCreateTime":1731319599766,"detectionUpdateTime":null,"location":{"lat":37.754223,"lng":33.569424},"zone":{"id":-1,"name":"K11_"},"updated":false,"signature":"parent","taskId":null,"taskStatus":null,"type":{"id":255,"name":"Emergency"}},{"id":"00000000-0000-000a-0000-01931ed56db1","hasImage":false,"description":"upt","detectionCreateTime":1731389124017,"detectionUpdateTime":1731389124967,"location":{"lat":37.754223,"lng":33.569424},"zone":{"id":-1,"name":"K11_"},"updated":true,"signature":"upt","taskId":null,"taskStatus":null,"type":{"id":255,"name":"Emergency"}},{"id":"00000000-0000-000a-0000-0193244ef1da","hasImage":false,"description":"Acil durum bildirimidir. Lütfen iletişime geçiniz.","detectionCreateTime":1731480973786,"detectionUpdateTime":1731480974803,"location":{"lat":40.7915734,"lng":29.5102751},"zone":{"id":-1,"name":"K11_"},"updated":true,"signature":null,"taskId":null,"taskStatus":null,"type":{"id":255,"name":"Emergency"}},{"id":"00000000-0000-000a-0000-0193244b444c","hasImage":false,"description":"a12","detectionCreateTime":1731480732748,"detectionUpdateTime":1731480933232,"location":{"lat":39.031,"lng":35.252},"zone":{"id":-1,"name":"K11_"},"updated":true,"signature":"a1","taskId":null,"taskStatus":null,"type":{"id":3,"name":"Vehicle"}}]
2024-12-05 17:07:13.445 [main] INFO  com.apiTests.requests.serviceRequests.detection_controller.GetDetectionsTests - Status Code: 200
2024-12-05 17:07:13.449 [main] ERROR com.apiTests.requests.serviceRequests.detection_controller.GetDetectionsTests - The classification type filter does not used!
2024-12-05 17:07:13.450 [main] ERROR com.apiTests.requests.serviceRequests.detection_controller.GetDetectionsTests - The zone filter does not used!
2024-12-05 17:07:13.450 [main] INFO  com.apiTests.requests.serviceRequests.detection_controller.GetDetectionsTests - The start and finish time filter work without any problem!
]]></system-out>
  </testcase>
  <testcase name="Detection controller service, filter startTime" classname="Get Detections" time="0.744">
    <system-out><![CDATA[2024-12-05 17:07:13.753 [main] INFO  com.apiTests.requests.serviceRequests.user_controller.LoginTests - Response received: {"user":{"name":"Sistem Yöneticisi","surname":"ASELSAN","username":"aselsan","detail":{"identityNumber":null,"email":null,"phoneNumber":null,"rank":null,"profilePicture":null,"supervisor":{"name":null,"surname":null}},"pushToken":null,"userLevelId":5,"userLevelName":"Aselsan","id":10},"tokenDetails":{"accessToken":"eyJ0eXAiOiJKV1QiLCJhbGciOiJIUzUxMiJ9.eyJzdWIiOiIxOSIsImF1ZCI6ImFjY2VzcyIsInVzciI6IlNpc3RlbSBZw7ZuZXRpY2lzaSBBU0VMU0FOIiwiaXNzIjoiYXNlbHNhbi5rYXJkZWxlbiIsInJqdGkiOiI2ZTQxOGQ0MC1jMDM4LTQzNDItYTEzOC02YmI0YTQ0ZDk3MDQiLCJleHAiOjE3MzM0MDgyMzIsImlhdCI6MTczMzQwNzYzMiwianRpIjoiY2U2ODdiMDYtZmQzZS00ZjkyLTk3ZTUtNjA4YmVhOTY0YWU3In0.s3BzTprRNJL7Hwd1OArdm5LTWzGQ0vGpadlkShx9lk-eiK-cGjQ_3OBcgTjUXTZvbW9I2tkf0ZMVDvg8NoXCuA","refreshToken":"eyJ0eXAiOiJKV1QiLCJhbGciOiJIUzUxMiJ9.eyJzdWIiOiIxOSIsImF1ZCI6InJlZnJlc2giLCJpc3MiOiJhc2Vsc2FuLmthcmRlbGVuIiwiZXhwIjoxNzMzNDQzNjMyLCJpYXQiOjE3MzM0MDc2MzIsImp0aSI6IjZlNDE4ZDQwLWMwMzgtNDM0Mi1hMTM4LTZiYjRhNDRkOTcwNCJ9.wKx0znqTX5ZTZsnVi0CV3ZVwl1i1ywymmBJjNzAO-yJQTSPrFIC1Cg1A7gg_Box-i7obALT0e1TIAVhJIhPfvA"},"authorities":["right.detection.createdetection","right.detection.map","right.detection.detail","right.detection.detail.read","right.detection.detail.update","right.detection.filter","right.detection.sort","right.detection.sosmessage","right.task.filter","right.task.sort","right.task.detail","right.task.detail.read","right.task.detail.starttask","right.sensor.list","right.sensor.map","right.sensor.filter","right.sensor.sort","right.profile.read","right.detection","right.task","right.sensor","right.profile","right.detection.incominglist","right.task.outgoinglist","right.detection.outgoinglist","right.task.incominglist","right.task.attachments.list","right.alarm","right.alarm.list","right.alarm.map","right.alarm.filter","right.profile.usermanagement","right.profile.usermanagement.groupauthorization","right.profile.usermanagement.usergroup","right.sensor.detail","right.sensor.detail.read","right.sensor.detail.livestream"]}
2024-12-05 17:07:13.753 [main] INFO  com.apiTests.requests.serviceRequests.user_controller.LoginTests - Status Code: 200
2024-12-05 17:07:13.762 [main] INFO  com.apiTests.serviceSteps.serviceTestSteps.userController.LoginSteps - The system has been logged in with a valid username and password
2024-12-05 17:07:13.763 [main] INFO  com.apiTests.serviceSteps.serviceTestSteps.userController.LoginSteps - The username in the response matches the request
2024-12-05 17:07:13.765 [main] INFO  com.apiTests.requests.HelperMethod - The content was successfully written to the file: src/test/resources/txtFiles/accessToken.txt
2024-12-05 17:07:13.766 [main] INFO  com.apiTests.serviceSteps.serviceTestSteps.userController.LoginSteps - The Access Token has been saved: eyJ0eXAiOiJKV1QiLCJhbGciOiJIUzUxMiJ9.eyJzdWIiOiIxOSIsImF1ZCI6ImFjY2VzcyIsInVzciI6IlNpc3RlbSBZw7ZuZXRpY2lzaSBBU0VMU0FOIiwiaXNzIjoiYXNlbHNhbi5rYXJkZWxlbiIsInJqdGkiOiI2ZTQxOGQ0MC1jMDM4LTQzNDItYTEzOC02YmI0YTQ0ZDk3MDQiLCJleHAiOjE3MzM0MDgyMzIsImlhdCI6MTczMzQwNzYzMiwianRpIjoiY2U2ODdiMDYtZmQzZS00ZjkyLTk3ZTUtNjA4YmVhOTY0YWU3In0.s3BzTprRNJL7Hwd1OArdm5LTWzGQ0vGpadlkShx9lk-eiK-cGjQ_3OBcgTjUXTZvbW9I2tkf0ZMVDvg8NoXCuA
2024-12-05 17:07:14.183 [main] INFO  com.apiTests.requests.serviceRequests.detection_controller.GetDetectionsTests - Response received: [{"id":"00000000-0000-000a-0000-0192ae673531","hasImage":false,"description":"test55","detectionCreateTime":1729502852401,"detectionUpdateTime":1729502853582,"location":{"lat":39.57335835949759,"lng":32.16403650439132},"zone":{"id":-1,"name":"K11_"},"updated":true,"signature":"55sss321","taskId":null,"taskStatus":null,"type":{"id":3,"name":"Vehicle"}},{"id":"00000000-0000-000a-0000-0192ae67f0ec","hasImage":false,"description":"Acil durum bildirimidir. Lütfen iletişime geçiniz.","detectionCreateTime":1729502900460,"detectionUpdateTime":1729502901617,"location":{"lat":39.9654642,"lng":32.7665383},"zone":{"id":-1,"name":"K11_"},"updated":true,"signature":null,"taskId":null,"taskStatus":null,"type":{"id":255,"name":"Emergency"}},{"id":"00000000-0000-000a-0000-0192ae6e79f8","hasImage":false,"description":"Acil durum bildirimidir. Lütfen iletişime geçiniz.","detectionCreateTime":1729503328760,"detectionUpdateTime":1729503329926,"location":{"lat":39.9654543,"lng":32.7665293},"zone":{"id":-1,"name":"K11_"},"updated":true,"signature":null,"taskId":null,"taskStatus":null,"type":{"id":255,"name":"Emergency"}},{"id":"00000000-0000-000a-0000-0192ae682ecc","hasImage":false,"description":"Acil durum bildirimidir. Lütfen iletişime geçiniz.","detectionCreateTime":1729502916300,"detectionUpdateTime":1729502917461,"location":{"lat":39.9654559,"lng":32.76653},"zone":{"id":-1,"name":"K11_"},"updated":true,"signature":null,"taskId":null,"taskStatus":null,"type":{"id":255,"name":"Emergency"}},{"id":"00000000-0000-000a-0000-0192ae6897ac","hasImage":false,"description":"Acil durum bildirimidir. Lütfen iletişime geçiniz.","detectionCreateTime":1729502943148,"detectionUpdateTime":1729502944307,"location":{"lat":39.9654564,"lng":32.7665255},"zone":{"id":-1,"name":"K11_"},"updated":true,"signature":null,"taskId":null,"taskStatus":null,"type":{"id":255,"name":"Emergency"}},{"id":"00000000-0000-000a-0000-0192ae68d034","hasImage":false,"description":"Acil durum bildirimidir. Lütfen iletişime geçiniz.","detectionCreateTime":1729502957620,"detectionUpdateTime":1729502958752,"location":{"lat":39.965457,"lng":32.7665221},"zone":{"id":-1,"name":"K11_"},"updated":true,"signature":null,"taskId":null,"taskStatus":null,"type":{"id":255,"name":"Emergency"}},{"id":"00000000-0000-000a-0000-0192ae7236e2","hasImage":false,"description":"Acil durum bildirimidir. Lütfen iletişime geçiniz.","detectionCreateTime":1729503573730,"detectionUpdateTime":1729503574868,"location":{"lat":39.9654607,"lng":32.7665258},"zone":{"id":-1,"name":"K11_"},"updated":true,"signature":null,"taskId":null,"taskStatus":null,"type":{"id":255,"name":"Emergency"}},{"id":"00000000-0000-000a-0000-0192ae7179a7","hasImage":false,"description":"Acil durum bildirimidir. Lütfen iletişime geçiniz.","detectionCreateTime":1729503525287,"detectionUpdateTime":1729503526452,"location":{"lat":39.9654568,"lng":32.766523},"zone":{"id":-1,"name":"K11_"},"updated":true,"signature":null,"taskId":null,"taskStatus":null,"type":{"id":255,"name":"Emergency"}},{"id":"00000000-0000-000a-0000-0192ae74be63","hasImage":false,"description":"kib","detectionCreateTime":1729503739491,"detectionUpdateTime":1729503740669,"location":{"lat":35.268917427926674,"lng":33.85390382433425},"zone":{"id":-1,"name":"K11_"},"updated":true,"signature":"44eee321","taskId":null,"taskStatus":null,"type":{"id":3,"name":"Vehicle"}},{"id":"00000000-0000-000a-0000-0192ae75e7b5","hasImage":false,"description":"84","detectionCreateTime":1729503815605,"detectionUpdateTime":1729503816809,"location":{"lat":36.92503693657357,"lng":37.55276414688582},"zone":{"id":-1,"name":"K11_"},"updated":true,"signature":"88uuu432","taskId":null,"taskStatus":null,"type":{"id":6,"name":"Malfunction"}}]
2024-12-05 17:07:14.183 [main] INFO  com.apiTests.requests.serviceRequests.detection_controller.GetDetectionsTests - Status Code: 200
2024-12-05 17:07:14.183 [main] ERROR com.apiTests.requests.serviceRequests.detection_controller.GetDetectionsTests - The classification type filter does not used!
2024-12-05 17:07:14.183 [main] ERROR com.apiTests.requests.serviceRequests.detection_controller.GetDetectionsTests - The zone filter does not used!
2024-12-05 17:07:14.183 [main] INFO  com.apiTests.requests.serviceRequests.detection_controller.GetDetectionsTests - The start time filter work without any problem!
]]></system-out>
  </testcase>
  <testcase name="Detection controller service, filter finishTime" classname="Get Detections" time="0.757">
    <failure message="The start time is null but the finish time is not null: This situation is not possible!" type="org.opentest4j.AssertionFailedError"><![CDATA[org.opentest4j.AssertionFailedError: The start time is null but the finish time is not null: This situation is not possible!
	at org.junit.jupiter.api.AssertionUtils.fail(AssertionUtils.java:38)
	at org.junit.jupiter.api.Assertions.fail(Assertions.java:135)
	at com.apiTests.requests.serviceRequests.detection_controller.GetDetectionsTests.filterTime(GetDetectionsTests.java:294)
	at com.apiTests.requests.serviceRequests.detection_controller.GetDetectionsTests.GetDetections(GetDetectionsTests.java:108)
	at com.apiTests.serviceSteps.serviceTestSteps.detectionController.GetDetectionsSteps.getDetections(GetDetectionsSteps.java:80)
	at ✽.the user gets Detections for "0" and "10"(file:///C:/Users/ALIRIZA/Desktop/api-test-otomasyonu/src/test/resources/features/02-detection-controller/01_GetDetections.feature:84)
]]></failure>
    <system-out><![CDATA[2024-12-05 17:07:14.476 [main] INFO  com.apiTests.requests.serviceRequests.user_controller.LoginTests - Response received: {"user":{"name":"Sistem Yöneticisi","surname":"ASELSAN","username":"aselsan","detail":{"identityNumber":null,"email":null,"phoneNumber":null,"rank":null,"profilePicture":null,"supervisor":{"name":null,"surname":null}},"pushToken":null,"userLevelId":5,"userLevelName":"Aselsan","id":10},"tokenDetails":{"accessToken":"eyJ0eXAiOiJKV1QiLCJhbGciOiJIUzUxMiJ9.eyJzdWIiOiIxOSIsImF1ZCI6ImFjY2VzcyIsInVzciI6IlNpc3RlbSBZw7ZuZXRpY2lzaSBBU0VMU0FOIiwiaXNzIjoiYXNlbHNhbi5rYXJkZWxlbiIsInJqdGkiOiJhZDdjMTgxMS04NGQ1LTRjODMtYjUyYi0wNGVjNzA3M2NjNWQiLCJleHAiOjE3MzM0MDgyMzMsImlhdCI6MTczMzQwNzYzMywianRpIjoiZmYxOWJiYWUtN2NkZS00OGQxLTgxY2EtMzdiY2ZiNTQwYjY4In0.AxmxVCTwViBDoUULrqdkl5KyIGpJnWHIzvPJOYDuWu7shhj4JqobEzJzDQ-IrTBqGwJYaeVZwbUK0WpVyZpLQg","refreshToken":"eyJ0eXAiOiJKV1QiLCJhbGciOiJIUzUxMiJ9.eyJzdWIiOiIxOSIsImF1ZCI6InJlZnJlc2giLCJpc3MiOiJhc2Vsc2FuLmthcmRlbGVuIiwiZXhwIjoxNzMzNDQzNjMzLCJpYXQiOjE3MzM0MDc2MzMsImp0aSI6ImFkN2MxODExLTg0ZDUtNGM4My1iNTJiLTA0ZWM3MDczY2M1ZCJ9.eFTDpDByHUVOhKhVD-UyT281bVuDlvACs3nMF5q-ee8QuBfPrKl1RBW2SWb7wpbVPbcPsQ1x6b4j4W3lCHltOQ"},"authorities":["right.detection.createdetection","right.detection.map","right.detection.detail","right.detection.detail.read","right.detection.detail.update","right.detection.filter","right.detection.sort","right.detection.sosmessage","right.task.filter","right.task.sort","right.task.detail","right.task.detail.read","right.task.detail.starttask","right.sensor.list","right.sensor.map","right.sensor.filter","right.sensor.sort","right.profile.read","right.detection","right.task","right.sensor","right.profile","right.detection.incominglist","right.task.outgoinglist","right.detection.outgoinglist","right.task.incominglist","right.task.attachments.list","right.alarm","right.alarm.list","right.alarm.map","right.alarm.filter","right.profile.usermanagement","right.profile.usermanagement.groupauthorization","right.profile.usermanagement.usergroup","right.sensor.detail","right.sensor.detail.read","right.sensor.detail.livestream"]}
2024-12-05 17:07:14.476 [main] INFO  com.apiTests.requests.serviceRequests.user_controller.LoginTests - Status Code: 200
2024-12-05 17:07:14.508 [main] INFO  com.apiTests.serviceSteps.serviceTestSteps.userController.LoginSteps - The system has been logged in with a valid username and password
2024-12-05 17:07:14.508 [main] INFO  com.apiTests.serviceSteps.serviceTestSteps.userController.LoginSteps - The username in the response matches the request
2024-12-05 17:07:14.508 [main] INFO  com.apiTests.requests.HelperMethod - The content was successfully written to the file: src/test/resources/txtFiles/accessToken.txt
2024-12-05 17:07:14.508 [main] INFO  com.apiTests.serviceSteps.serviceTestSteps.userController.LoginSteps - The Access Token has been saved: eyJ0eXAiOiJKV1QiLCJhbGciOiJIUzUxMiJ9.eyJzdWIiOiIxOSIsImF1ZCI6ImFjY2VzcyIsInVzciI6IlNpc3RlbSBZw7ZuZXRpY2lzaSBBU0VMU0FOIiwiaXNzIjoiYXNlbHNhbi5rYXJkZWxlbiIsInJqdGkiOiJhZDdjMTgxMS04NGQ1LTRjODMtYjUyYi0wNGVjNzA3M2NjNWQiLCJleHAiOjE3MzM0MDgyMzMsImlhdCI6MTczMzQwNzYzMywianRpIjoiZmYxOWJiYWUtN2NkZS00OGQxLTgxY2EtMzdiY2ZiNTQwYjY4In0.AxmxVCTwViBDoUULrqdkl5KyIGpJnWHIzvPJOYDuWu7shhj4JqobEzJzDQ-IrTBqGwJYaeVZwbUK0WpVyZpLQg
2024-12-05 17:07:14.944 [main] INFO  com.apiTests.requests.serviceRequests.detection_controller.GetDetectionsTests - Response received: [{"id":"00000000-0000-000a-0000-0192f605e9db","hasImage":false,"description":"upp","detectionCreateTime":1730704435675,"detectionUpdateTime":1730804907029,"location":{"lat":0.0,"lng":0.0},"zone":{"id":-1,"name":"K11_"},"updated":true,"signature":"upp","taskId":null,"taskStatus":null,"type":{"id":71,"name":"Unauthorized"}},{"id":"00000000-0000-000a-0000-0192b45e1551","hasImage":true,"description":"car58","detectionCreateTime":1729602917713,"detectionUpdateTime":1731060347446,"location":{"lat":44.62059838491688,"lng":33.761569193133305},"zone":{"id":-1,"name":"K11_"},"updated":true,"signature":"06uu321","taskId":null,"taskStatus":null,"type":{"id":3,"name":"Vehicle"}},{"id":"00000000-0000-000a-0000-01930b45f2a9","hasImage":false,"description":"da","detectionCreateTime":1731060953769,"detectionUpdateTime":1731060954753,"location":{"lat":39.96669068994513,"lng":32.76807441194585},"zone":{"id":-1,"name":"K11_"},"updated":true,"signature":"da","taskId":null,"taskStatus":null,"type":{"id":193,"name":"Alarm"}},{"id":"00000000-0000-000a-0000-01930b55fece","hasImage":false,"description":"y","detectionCreateTime":1731062005454,"detectionUpdateTime":null,"location":{"lat":39.031,"lng":35.252},"zone":{"id":-1,"name":"K11_"},"updated":false,"signature":"x","taskId":"957aa425-34a7-4889-8f01-37065a60a7fb","taskStatus":6,"type":{"id":193,"name":"Alarm"}},{"id":"00000000-0000-000a-0000-019319efe98b","hasImage":false,"description":"twicee","detectionCreateTime":1731306973579,"detectionUpdateTime":1731307112646,"location":{"lat":0.0,"lng":0.0},"zone":{"id":-1,"name":"K11_"},"updated":true,"signature":"twicee","taskId":null,"taskStatus":null,"type":{"id":255,"name":"Emergency"}},{"id":"00000000-0000-000a-0000-01931a1cc36b","hasImage":false,"description":"130","detectionCreateTime":1731309912939,"detectionUpdateTime":null,"location":{"lat":37.754223,"lng":33.569424},"zone":{"id":-1,"name":"K11_"},"updated":false,"signature":"130","taskId":null,"taskStatus":null,"type":{"id":255,"name":"Emergency"}},{"id":"00000000-0000-000a-0000-01931a1edcfd","hasImage":false,"description":"955","detectionCreateTime":1731310050557,"detectionUpdateTime":1731310153382,"location":{"lat":0.0,"lng":0.0},"zone":{"id":-1,"name":"K11_"},"updated":true,"signature":"955","taskId":null,"taskStatus":null,"type":{"id":71,"name":"Unauthorized"}},{"id":"00000000-0000-000a-0000-01931a33b2cd","hasImage":false,"description":"jqueryy","detectionCreateTime":1731311416013,"detectionUpdateTime":1731313234581,"location":{"lat":0.0,"lng":0.0},"zone":{"id":-1,"name":"K11_"},"updated":true,"signature":"jqueryy","taskId":null,"taskStatus":null,"type":{"id":255,"name":"Emergency"}},{"id":"00000000-0000-000a-0000-01931aae317d","hasImage":false,"description":"parent","detectionCreateTime":1731319443837,"detectionUpdateTime":null,"location":{"lat":37.754223,"lng":33.569424},"zone":{"id":-1,"name":"K11_"},"updated":false,"signature":"parent","taskId":null,"taskStatus":null,"type":{"id":255,"name":"Emergency"}},{"id":"00000000-0000-000a-0000-01931ab09296","hasImage":false,"description":"parent","detectionCreateTime":1731319599766,"detectionUpdateTime":null,"location":{"lat":37.754223,"lng":33.569424},"zone":{"id":-1,"name":"K11_"},"updated":false,"signature":"parent","taskId":null,"taskStatus":null,"type":{"id":255,"name":"Emergency"}}]
2024-12-05 17:07:14.944 [main] INFO  com.apiTests.requests.serviceRequests.detection_controller.GetDetectionsTests - Status Code: 200
2024-12-05 17:07:14.948 [main] ERROR com.apiTests.requests.serviceRequests.detection_controller.GetDetectionsTests - The classification type filter does not used!
2024-12-05 17:07:14.948 [main] ERROR com.apiTests.requests.serviceRequests.detection_controller.GetDetectionsTests - The zone filter does not used!
2024-12-05 17:07:14.948 [main] ERROR com.apiTests.requests.serviceRequests.detection_controller.GetDetectionsTests - The start time is null but the finish time is not null: This situation is not possible!
]]></system-out>
  </testcase>
  <testcase name="Detection controller service, filter createdByMe #1" classname="Get Detections" time="0.793">
    <system-out><![CDATA[2024-12-05 17:07:15.236 [main] INFO  com.apiTests.requests.serviceRequests.user_controller.LoginTests - Response received: {"user":{"name":"Sistem Yöneticisi","surname":"ASELSAN","username":"aselsan","detail":{"identityNumber":null,"email":null,"phoneNumber":null,"rank":null,"profilePicture":null,"supervisor":{"name":null,"surname":null}},"pushToken":null,"userLevelId":5,"userLevelName":"Aselsan","id":10},"tokenDetails":{"accessToken":"eyJ0eXAiOiJKV1QiLCJhbGciOiJIUzUxMiJ9.eyJzdWIiOiIxOSIsImF1ZCI6ImFjY2VzcyIsInVzciI6IlNpc3RlbSBZw7ZuZXRpY2lzaSBBU0VMU0FOIiwiaXNzIjoiYXNlbHNhbi5rYXJkZWxlbiIsInJqdGkiOiI5NGJhYjVmZS0xYmM3LTQzNjYtOTM3MS1mM2YzMjc4ZTNjNDEiLCJleHAiOjE3MzM0MDgyMzQsImlhdCI6MTczMzQwNzYzNCwianRpIjoiMDk1MTM3YjItYzUzOS00YTEwLWI4OGMtOTI4ZjI2NDY3MWMyIn0.NhO56LMH76qo0sXbKqwOVa_GA4Zb3VZV5w7ZGwxWg3TV7fY-i5Zm3soIVEhBG5p9SSHOqsKPDCLDnGzGz5fUYw","refreshToken":"eyJ0eXAiOiJKV1QiLCJhbGciOiJIUzUxMiJ9.eyJzdWIiOiIxOSIsImF1ZCI6InJlZnJlc2giLCJpc3MiOiJhc2Vsc2FuLmthcmRlbGVuIiwiZXhwIjoxNzMzNDQzNjM0LCJpYXQiOjE3MzM0MDc2MzQsImp0aSI6Ijk0YmFiNWZlLTFiYzctNDM2Ni05MzcxLWYzZjMyNzhlM2M0MSJ9.l0nb0PowdIzN1CqmCAhhR-q-6dPFxbSADFsRZZNrYTJgxY2ov_r9eGmABH-Ze8xmNLTx5Pd4kNJcTIlJvpO1Dg"},"authorities":["right.detection.createdetection","right.detection.map","right.detection.detail","right.detection.detail.read","right.detection.detail.update","right.detection.filter","right.detection.sort","right.detection.sosmessage","right.task.filter","right.task.sort","right.task.detail","right.task.detail.read","right.task.detail.starttask","right.sensor.list","right.sensor.map","right.sensor.filter","right.sensor.sort","right.profile.read","right.detection","right.task","right.sensor","right.profile","right.detection.incominglist","right.task.outgoinglist","right.detection.outgoinglist","right.task.incominglist","right.task.attachments.list","right.alarm","right.alarm.list","right.alarm.map","right.alarm.filter","right.profile.usermanagement","right.profile.usermanagement.groupauthorization","right.profile.usermanagement.usergroup","right.sensor.detail","right.sensor.detail.read","right.sensor.detail.livestream"]}
2024-12-05 17:07:15.236 [main] INFO  com.apiTests.requests.serviceRequests.user_controller.LoginTests - Status Code: 200
2024-12-05 17:07:15.250 [main] INFO  com.apiTests.serviceSteps.serviceTestSteps.userController.LoginSteps - The system has been logged in with a valid username and password
2024-12-05 17:07:15.251 [main] INFO  com.apiTests.serviceSteps.serviceTestSteps.userController.LoginSteps - The username in the response matches the request
2024-12-05 17:07:15.251 [main] INFO  com.apiTests.requests.HelperMethod - The content was successfully written to the file: src/test/resources/txtFiles/accessToken.txt
2024-12-05 17:07:15.251 [main] INFO  com.apiTests.serviceSteps.serviceTestSteps.userController.LoginSteps - The Access Token has been saved: eyJ0eXAiOiJKV1QiLCJhbGciOiJIUzUxMiJ9.eyJzdWIiOiIxOSIsImF1ZCI6ImFjY2VzcyIsInVzciI6IlNpc3RlbSBZw7ZuZXRpY2lzaSBBU0VMU0FOIiwiaXNzIjoiYXNlbHNhbi5rYXJkZWxlbiIsInJqdGkiOiI5NGJhYjVmZS0xYmM3LTQzNjYtOTM3MS1mM2YzMjc4ZTNjNDEiLCJleHAiOjE3MzM0MDgyMzQsImlhdCI6MTczMzQwNzYzNCwianRpIjoiMDk1MTM3YjItYzUzOS00YTEwLWI4OGMtOTI4ZjI2NDY3MWMyIn0.NhO56LMH76qo0sXbKqwOVa_GA4Zb3VZV5w7ZGwxWg3TV7fY-i5Zm3soIVEhBG5p9SSHOqsKPDCLDnGzGz5fUYw
2024-12-05 17:07:15.736 [main] INFO  com.apiTests.requests.serviceRequests.detection_controller.GetDetectionsTests - Response received: [{"id":"00000000-0000-000a-0000-0192f605e9db","hasImage":false,"description":"upp","detectionCreateTime":1730704435675,"detectionUpdateTime":1730804907029,"location":{"lat":0.0,"lng":0.0},"zone":{"id":-1,"name":"K11_"},"updated":true,"signature":"upp","taskId":null,"taskStatus":null,"type":{"id":71,"name":"Unauthorized"}},{"id":"00000000-0000-000a-0000-0192b45e1551","hasImage":true,"description":"car58","detectionCreateTime":1729602917713,"detectionUpdateTime":1731060347446,"location":{"lat":44.62059838491688,"lng":33.761569193133305},"zone":{"id":-1,"name":"K11_"},"updated":true,"signature":"06uu321","taskId":null,"taskStatus":null,"type":{"id":3,"name":"Vehicle"}},{"id":"00000000-0000-000a-0000-01930b45f2a9","hasImage":false,"description":"da","detectionCreateTime":1731060953769,"detectionUpdateTime":1731060954753,"location":{"lat":39.96669068994513,"lng":32.76807441194585},"zone":{"id":-1,"name":"K11_"},"updated":true,"signature":"da","taskId":null,"taskStatus":null,"type":{"id":193,"name":"Alarm"}},{"id":"00000000-0000-000a-0000-01930b55fece","hasImage":false,"description":"y","detectionCreateTime":1731062005454,"detectionUpdateTime":null,"location":{"lat":39.031,"lng":35.252},"zone":{"id":-1,"name":"K11_"},"updated":false,"signature":"x","taskId":"957aa425-34a7-4889-8f01-37065a60a7fb","taskStatus":6,"type":{"id":193,"name":"Alarm"}},{"id":"00000000-0000-000a-0000-019319efe98b","hasImage":false,"description":"twicee","detectionCreateTime":1731306973579,"detectionUpdateTime":1731307112646,"location":{"lat":0.0,"lng":0.0},"zone":{"id":-1,"name":"K11_"},"updated":true,"signature":"twicee","taskId":null,"taskStatus":null,"type":{"id":255,"name":"Emergency"}},{"id":"00000000-0000-000a-0000-01931a1cc36b","hasImage":false,"description":"130","detectionCreateTime":1731309912939,"detectionUpdateTime":null,"location":{"lat":37.754223,"lng":33.569424},"zone":{"id":-1,"name":"K11_"},"updated":false,"signature":"130","taskId":null,"taskStatus":null,"type":{"id":255,"name":"Emergency"}},{"id":"00000000-0000-000a-0000-01931a1edcfd","hasImage":false,"description":"955","detectionCreateTime":1731310050557,"detectionUpdateTime":1731310153382,"location":{"lat":0.0,"lng":0.0},"zone":{"id":-1,"name":"K11_"},"updated":true,"signature":"955","taskId":null,"taskStatus":null,"type":{"id":71,"name":"Unauthorized"}},{"id":"00000000-0000-000a-0000-01931a33b2cd","hasImage":false,"description":"jqueryy","detectionCreateTime":1731311416013,"detectionUpdateTime":1731313234581,"location":{"lat":0.0,"lng":0.0},"zone":{"id":-1,"name":"K11_"},"updated":true,"signature":"jqueryy","taskId":null,"taskStatus":null,"type":{"id":255,"name":"Emergency"}},{"id":"00000000-0000-000a-0000-01931aae317d","hasImage":false,"description":"parent","detectionCreateTime":1731319443837,"detectionUpdateTime":null,"location":{"lat":37.754223,"lng":33.569424},"zone":{"id":-1,"name":"K11_"},"updated":false,"signature":"parent","taskId":null,"taskStatus":null,"type":{"id":255,"name":"Emergency"}},{"id":"00000000-0000-000a-0000-01931ab09296","hasImage":false,"description":"parent","detectionCreateTime":1731319599766,"detectionUpdateTime":null,"location":{"lat":37.754223,"lng":33.569424},"zone":{"id":-1,"name":"K11_"},"updated":false,"signature":"parent","taskId":null,"taskStatus":null,"type":{"id":255,"name":"Emergency"}}]
2024-12-05 17:07:15.736 [main] INFO  com.apiTests.requests.serviceRequests.detection_controller.GetDetectionsTests - Status Code: 200
2024-12-05 17:07:15.750 [main] ERROR com.apiTests.requests.serviceRequests.detection_controller.GetDetectionsTests - The classification type filter does not used!
2024-12-05 17:07:15.750 [main] ERROR com.apiTests.requests.serviceRequests.detection_controller.GetDetectionsTests - The zone filter does not used!
2024-12-05 17:07:15.750 [main] INFO  com.apiTests.requests.serviceRequests.detection_controller.GetDetectionsTests - The start time and the finish time filter do not used!
]]></system-out>
  </testcase>
  <testcase name="Detection controller service, filter createdByMe #2" classname="Get Detections" time="1.279">
    <system-out><![CDATA[2024-12-05 17:07:16.255 [main] INFO  com.apiTests.requests.serviceRequests.user_controller.LoginTests - Response received: {"user":{"name":"Sistem Yöneticisi","surname":"ASELSAN","username":"aselsan","detail":{"identityNumber":null,"email":null,"phoneNumber":null,"rank":null,"profilePicture":null,"supervisor":{"name":null,"surname":null}},"pushToken":null,"userLevelId":5,"userLevelName":"Aselsan","id":10},"tokenDetails":{"accessToken":"eyJ0eXAiOiJKV1QiLCJhbGciOiJIUzUxMiJ9.eyJzdWIiOiIxOSIsImF1ZCI6ImFjY2VzcyIsInVzciI6IlNpc3RlbSBZw7ZuZXRpY2lzaSBBU0VMU0FOIiwiaXNzIjoiYXNlbHNhbi5rYXJkZWxlbiIsInJqdGkiOiI1MTdlNWI5YS1mMjA2LTRjNmYtOWY5Ny0xZWM5NDZhZWY5MzUiLCJleHAiOjE3MzM0MDgyMzUsImlhdCI6MTczMzQwNzYzNSwianRpIjoiYTU3YTU5MWYtNGZiOC00N2E2LWFhMmEtZWVlYjJlOTg1ODgzIn0.4nI9R4VZ-Bt7AgZMGj6eihMBVp4ipHa22dWIF1DUDdGEimlneCy1CMqKrNaxrasAd1fOyMWb1D1flnMcS1Q3bA","refreshToken":"eyJ0eXAiOiJKV1QiLCJhbGciOiJIUzUxMiJ9.eyJzdWIiOiIxOSIsImF1ZCI6InJlZnJlc2giLCJpc3MiOiJhc2Vsc2FuLmthcmRlbGVuIiwiZXhwIjoxNzMzNDQzNjM1LCJpYXQiOjE3MzM0MDc2MzUsImp0aSI6IjUxN2U1YjlhLWYyMDYtNGM2Zi05Zjk3LTFlYzk0NmFlZjkzNSJ9.HejJm8kTO46hs_zYlxVSxvKTIMUP2_rLhORVMeeMAgJ_8OEzAW8HDMhwBAg-HDx6CPS-3ECJSnUH9QppkyY9aA"},"authorities":["right.detection.createdetection","right.detection.map","right.detection.detail","right.detection.detail.read","right.detection.detail.update","right.detection.filter","right.detection.sort","right.detection.sosmessage","right.task.filter","right.task.sort","right.task.detail","right.task.detail.read","right.task.detail.starttask","right.sensor.list","right.sensor.map","right.sensor.filter","right.sensor.sort","right.profile.read","right.detection","right.task","right.sensor","right.profile","right.detection.incominglist","right.task.outgoinglist","right.detection.outgoinglist","right.task.incominglist","right.task.attachments.list","right.alarm","right.alarm.list","right.alarm.map","right.alarm.filter","right.profile.usermanagement","right.profile.usermanagement.groupauthorization","right.profile.usermanagement.usergroup","right.sensor.detail","right.sensor.detail.read","right.sensor.detail.livestream"]}
2024-12-05 17:07:16.255 [main] INFO  com.apiTests.requests.serviceRequests.user_controller.LoginTests - Status Code: 200
2024-12-05 17:07:16.263 [main] INFO  com.apiTests.serviceSteps.serviceTestSteps.userController.LoginSteps - The system has been logged in with a valid username and password
2024-12-05 17:07:16.264 [main] INFO  com.apiTests.serviceSteps.serviceTestSteps.userController.LoginSteps - The username in the response matches the request
2024-12-05 17:07:16.267 [main] INFO  com.apiTests.requests.HelperMethod - The content was successfully written to the file: src/test/resources/txtFiles/accessToken.txt
2024-12-05 17:07:16.267 [main] INFO  com.apiTests.serviceSteps.serviceTestSteps.userController.LoginSteps - The Access Token has been saved: eyJ0eXAiOiJKV1QiLCJhbGciOiJIUzUxMiJ9.eyJzdWIiOiIxOSIsImF1ZCI6ImFjY2VzcyIsInVzciI6IlNpc3RlbSBZw7ZuZXRpY2lzaSBBU0VMU0FOIiwiaXNzIjoiYXNlbHNhbi5rYXJkZWxlbiIsInJqdGkiOiI1MTdlNWI5YS1mMjA2LTRjNmYtOWY5Ny0xZWM5NDZhZWY5MzUiLCJleHAiOjE3MzM0MDgyMzUsImlhdCI6MTczMzQwNzYzNSwianRpIjoiYTU3YTU5MWYtNGZiOC00N2E2LWFhMmEtZWVlYjJlOTg1ODgzIn0.4nI9R4VZ-Bt7AgZMGj6eihMBVp4ipHa22dWIF1DUDdGEimlneCy1CMqKrNaxrasAd1fOyMWb1D1flnMcS1Q3bA
2024-12-05 17:07:17.013 [main] INFO  com.apiTests.requests.serviceRequests.detection_controller.GetDetectionsTests - Response received: [{"id":"00000000-0000-014e-0000-019329b4357b","hasImage":false,"description":"as1","detectionCreateTime":1731571496315,"detectionUpdateTime":1732512748171,"location":{"lat":35.27656534881209,"lng":33.75090808649716},"zone":{"id":-1,"name":"K11_"},"updated":true,"signature":"112233","taskId":null,"taskStatus":null,"username":"opName opSurname","type":{"id":6,"name":"Malfunction"}},{"id":"00000000-0000-014e-0000-019362c39596","hasImage":true,"description":"test5","detectionCreateTime":1732528805270,"detectionUpdateTime":1732529014381,"location":{"lat":39.9654588,"lng":32.766511},"zone":{"id":-1,"name":"K11_"},"updated":true,"signature":"980","taskId":null,"taskStatus":null,"username":"opName opSurname","type":{"id":6,"name":"Malfunction"}},{"id":"00000000-0000-014e-0000-019362c5044b","hasImage":false,"description":"Acil durum bildirimidir. Lütfen iletişime geçiniz.","detectionCreateTime":1732528899147,"detectionUpdateTime":null,"location":{"lat":39.9654552,"lng":32.7665132},"zone":{"id":-1,"name":"K11_"},"updated":false,"signature":null,"taskId":null,"taskStatus":null,"username":"opName opSurname","type":{"id":255,"name":"Emergency"}},{"id":"00000000-0000-014e-0000-019362e5148a","hasImage":false,"description":"tamamlandi","detectionCreateTime":1732531000458,"detectionUpdateTime":null,"location":{"lat":39.0773395455855,"lng":35.128744189245396},"zone":{"id":-1,"name":"K11_"},"updated":false,"signature":"13","taskId":"e09ff23b-0e30-4a57-bee8-ef8f592cdcd5","taskStatus":5,"username":"opName opSurname","type":{"id":193,"name":"Alarm"}},{"id":"00000000-0000-014e-0000-01936354f10f","hasImage":false,"description":"Acil durum bildirimidir. Lütfen iletişime geçiniz.","detectionCreateTime":1732538331407,"detectionUpdateTime":null,"location":{"lat":39.9654567,"lng":32.7665244},"zone":{"id":-1,"name":"K11_"},"updated":false,"signature":null,"taskId":null,"taskStatus":null,"username":"opName opSurname","type":{"id":255,"name":"Emergency"}},{"id":"00000000-0000-014e-0000-0193630252f5","hasImage":true,"description":"ubub","detectionCreateTime":1732532916981,"detectionUpdateTime":null,"location":{"lat":37.754223,"lng":33.569424},"zone":{"id":-1,"name":"K11_"},"updated":false,"signature":"tvvy","taskId":null,"taskStatus":null,"username":"opName opSurname","type":{"id":6,"name":"Malfunction"}},{"id":"00000000-0000-014e-0000-01936305326f","hasImage":false,"description":"Acil durum bildirimidir. Lütfen iletişime geçiniz.","detectionCreateTime":1732533105263,"detectionUpdateTime":null,"location":{"lat":39.9654501,"lng":32.766522},"zone":{"id":-1,"name":"K11_"},"updated":false,"signature":null,"taskId":null,"taskStatus":null,"username":"opName opSurname","type":{"id":255,"name":"Emergency"}},{"id":"00000000-0000-014e-0000-01936354b503","hasImage":false,"description":"Acil durum bildirimidir. Lütfen iletişime geçiniz.","detectionCreateTime":1732538316035,"detectionUpdateTime":null,"location":{"lat":39.9654559,"lng":32.7665223},"zone":{"id":-1,"name":"K11_"},"updated":false,"signature":null,"taskId":null,"taskStatus":null,"username":"opName opSurname","type":{"id":255,"name":"Emergency"}},{"id":"00000000-0000-014e-0000-0193635441a8","hasImage":false,"description":"Acil durum bildirimidir. Lütfen iletişime geçiniz.","detectionCreateTime":1732538286504,"detectionUpdateTime":null,"location":{"lat":39.9654572,"lng":32.7665111},"zone":{"id":-1,"name":"K11_"},"updated":false,"signature":null,"taskId":null,"taskStatus":null,"username":"opName opSurname","type":{"id":255,"name":"Emergency"}},{"id":"00000000-0000-014e-0000-01936355a40d","hasImage":false,"description":"Acil durum bildirimidir. Lütfen iletişime geçiniz.","detectionCreateTime":1732538377229,"detectionUpdateTime":null,"location":{"lat":39.96546,"lng":32.7665173},"zone":{"id":-1,"name":"K11_"},"updated":false,"signature":null,"taskId":null,"taskStatus":null,"username":"opName opSurname","type":{"id":255,"name":"Emergency"}}]
2024-12-05 17:07:17.013 [main] INFO  com.apiTests.requests.serviceRequests.detection_controller.GetDetectionsTests - Status Code: 200
2024-12-05 17:07:17.029 [main] ERROR com.apiTests.requests.serviceRequests.detection_controller.GetDetectionsTests - The classification type filter does not used!
2024-12-05 17:07:17.029 [main] ERROR com.apiTests.requests.serviceRequests.detection_controller.GetDetectionsTests - The zone filter does not used!
2024-12-05 17:07:17.029 [main] INFO  com.apiTests.requests.serviceRequests.detection_controller.GetDetectionsTests - The start time and the finish time filter do not used!
2024-12-05 17:07:17.029 [main] INFO  com.apiTests.requests.serviceRequests.detection_controller.GetDetectionsTests -  createdByMe = false and username is not null and detections created by another user
2024-12-05 17:07:17.029 [main] INFO  com.apiTests.requests.serviceRequests.detection_controller.GetDetectionsTests -  createdByMe = false and username is not null and detections created by another user
2024-12-05 17:07:17.029 [main] INFO  com.apiTests.requests.serviceRequests.detection_controller.GetDetectionsTests -  createdByMe = false and username is not null and detections created by another user
2024-12-05 17:07:17.029 [main] INFO  com.apiTests.requests.serviceRequests.detection_controller.GetDetectionsTests -  createdByMe = false and username is not null and detections created by another user
2024-12-05 17:07:17.029 [main] INFO  com.apiTests.requests.serviceRequests.detection_controller.GetDetectionsTests -  createdByMe = false and username is not null and detections created by another user
2024-12-05 17:07:17.029 [main] INFO  com.apiTests.requests.serviceRequests.detection_controller.GetDetectionsTests -  createdByMe = false and username is not null and detections created by another user
2024-12-05 17:07:17.029 [main] INFO  com.apiTests.requests.serviceRequests.detection_controller.GetDetectionsTests -  createdByMe = false and username is not null and detections created by another user
2024-12-05 17:07:17.029 [main] INFO  com.apiTests.requests.serviceRequests.detection_controller.GetDetectionsTests -  createdByMe = false and username is not null and detections created by another user
2024-12-05 17:07:17.029 [main] INFO  com.apiTests.requests.serviceRequests.detection_controller.GetDetectionsTests -  createdByMe = false and username is not null and detections created by another user
2024-12-05 17:07:17.029 [main] INFO  com.apiTests.requests.serviceRequests.detection_controller.GetDetectionsTests -  createdByMe = false and username is not null and detections created by another user
]]></system-out>
  </testcase>
</testsuite>